[2020/01/20 10:27:26] - Namespace(attack='pgd', attack_iters=10, batch_size=128, cutout=False, cutout_len=None, data_dir='../cifar-data', epochs=200, epsilon=8, fgsm_alpha=1, fgsm_init='random', fname='experiments/cifar10_mixup/preactresnet18_0.2', half=False, l1=0, l2=0, lr_max=0.1, lr_schedule='piecewise', mixup=True, mixup_alpha=0.2, model='PreActResNet18', norm='l_inf', pgd_alpha=2, restarts=1, resume=0, seed=0, width_factor=10)
[2020/01/20 10:27:44] - Epoch 	 Train Time 	 Test Time 	 LR 	 	 Train Loss 	 Train Acc 	 Train Robust Loss 	 Train Robust Acc 	 Test Loss 	 Test Acc 	 Test Robust Loss 	 Test Robust Acc
[2020/01/20 10:35:45] - 0 	 418.5 	 	 62.6 	 	 0.1000 	 2.0900 	 0.1813 	 2.2281 	 	 0.1414 	 	 1.8937 	 0.3176 	 2.0641 	 	 0.2463
[2020/01/20 10:43:50] - 1 	 421.9 	 	 61.5 	 	 0.1000 	 1.9126 	 0.2319 	 2.1067 	 	 0.1699 	 	 1.6930 	 0.3988 	 1.9266 	 	 0.2807
[2020/01/20 10:51:54] - 2 	 420.7 	 	 62.9 	 	 0.1000 	 1.8045 	 0.2497 	 2.0416 	 	 0.1808 	 	 1.6716 	 0.4365 	 1.8788 	 	 0.3081
[2020/01/20 10:59:58] - 3 	 420.7 	 	 62.3 	 	 0.1000 	 1.7678 	 0.2803 	 2.0220 	 	 0.1942 	 	 1.5491 	 0.4596 	 1.8177 	 	 0.3214
[2020/01/20 11:06:00] - 4 	 320.6 	 	 41.0 	 	 0.1000 	 1.7262 	 0.2737 	 1.9987 	 	 0.1897 	 	 1.5269 	 0.4698 	 1.8299 	 	 0.3152
[2020/01/20 11:12:56] - 5 	 352.7 	 	 62.5 	 	 0.1000 	 1.6727 	 0.2874 	 1.9677 	 	 0.1933 	 	 1.4601 	 0.4999 	 1.7735 	 	 0.3307
[2020/01/20 11:21:00] - 6 	 420.4 	 	 62.3 	 	 0.1000 	 1.6280 	 0.2909 	 1.9427 	 	 0.1954 	 	 1.4999 	 0.5130 	 1.7714 	 	 0.3576
[2020/01/20 11:29:03] - 7 	 419.6 	 	 62.9 	 	 0.1000 	 1.5886 	 0.3105 	 1.9206 	 	 0.2061 	 	 1.3740 	 0.5249 	 1.7663 	 	 0.3341
[2020/01/20 11:37:07] - 8 	 419.9 	 	 62.8 	 	 0.1000 	 1.5639 	 0.3459 	 1.9064 	 	 0.2240 	 	 1.2945 	 0.5720 	 1.6680 	 	 0.3774
[2020/01/20 11:45:09] - 9 	 418.9 	 	 62.2 	 	 0.1000 	 1.5256 	 0.3422 	 1.8839 	 	 0.2246 	 	 1.2428 	 0.5730 	 1.6623 	 	 0.3737
[2020/01/20 11:53:11] - 10 	 418.1 	 	 62.5 	 	 0.1000 	 1.4840 	 0.3583 	 1.8581 	 	 0.2315 	 	 1.2674 	 0.6029 	 1.6488 	 	 0.3833
[2020/01/20 12:01:16] - 11 	 421.5 	 	 62.6 	 	 0.1000 	 1.4832 	 0.3488 	 1.8618 	 	 0.2242 	 	 1.2112 	 0.5962 	 1.5993 	 	 0.3942
[2020/01/20 12:09:22] - 12 	 422.8 	 	 62.6 	 	 0.1000 	 1.4500 	 0.3388 	 1.8387 	 	 0.2198 	 	 1.1371 	 0.6224 	 1.5690 	 	 0.4047
[2020/01/20 12:17:25] - 13 	 419.7 	 	 62.8 	 	 0.1000 	 1.4174 	 0.3615 	 1.8169 	 	 0.2342 	 	 1.0990 	 0.6181 	 1.6454 	 	 0.3668
[2020/01/20 12:25:30] - 14 	 420.5 	 	 63.1 	 	 0.1000 	 1.4063 	 0.3766 	 1.8128 	 	 0.2395 	 	 1.2694 	 0.6393 	 1.6055 	 	 0.4382
[2020/01/20 12:33:33] - 15 	 420.5 	 	 61.8 	 	 0.1000 	 1.3691 	 0.3798 	 1.7866 	 	 0.2443 	 	 1.2184 	 0.6206 	 1.5992 	 	 0.4215
[2020/01/20 12:41:38] - 16 	 421.2 	 	 62.6 	 	 0.1000 	 1.3448 	 0.3657 	 1.7698 	 	 0.2363 	 	 1.0454 	 0.6610 	 1.5662 	 	 0.3973
[2020/01/20 12:49:40] - 17 	 420.2 	 	 61.4 	 	 0.1000 	 1.3005 	 0.3909 	 1.7378 	 	 0.2484 	 	 1.0546 	 0.6747 	 1.5152 	 	 0.4215
[2020/01/20 12:57:40] - 18 	 416.8 	 	 61.6 	 	 0.1000 	 1.2918 	 0.3765 	 1.7333 	 	 0.2411 	 	 1.1335 	 0.6549 	 1.5375 	 	 0.4363
[2020/01/20 13:05:43] - 19 	 420.9 	 	 62.1 	 	 0.1000 	 1.2954 	 0.3663 	 1.7367 	 	 0.2357 	 	 1.0134 	 0.6774 	 1.4771 	 	 0.4467
[2020/01/20 13:13:45] - 20 	 418.9 	 	 61.9 	 	 0.1000 	 1.2753 	 0.3776 	 1.7214 	 	 0.2409 	 	 1.0012 	 0.6747 	 1.4892 	 	 0.4387
[2020/01/20 13:21:48] - 21 	 420.3 	 	 61.7 	 	 0.1000 	 1.2665 	 0.3714 	 1.7173 	 	 0.2387 	 	 1.1394 	 0.6541 	 1.5405 	 	 0.4426
[2020/01/20 13:29:52] - 22 	 422.3 	 	 61.0 	 	 0.1000 	 1.2366 	 0.3823 	 1.6949 	 	 0.2485 	 	 1.0469 	 0.6867 	 1.4901 	 	 0.4390
[2020/01/20 13:37:07] - 23 	 392.8 	 	 40.9 	 	 0.1000 	 1.2131 	 0.3903 	 1.6799 	 	 0.2490 	 	 1.2851 	 0.6283 	 1.6233 	 	 0.4368
[2020/01/20 13:42:56] - 24 	 285.6 	 	 62.3 	 	 0.1000 	 1.2248 	 0.4029 	 1.6861 	 	 0.2569 	 	 1.0243 	 0.6959 	 1.4750 	 	 0.4516
[2020/01/20 13:50:58] - 25 	 419.1 	 	 62.9 	 	 0.1000 	 1.1932 	 0.4048 	 1.6603 	 	 0.2593 	 	 0.9497 	 0.7142 	 1.4309 	 	 0.4605
[2020/01/20 13:59:03] - 26 	 421.3 	 	 62.3 	 	 0.1000 	 1.1991 	 0.3928 	 1.6654 	 	 0.2487 	 	 0.9452 	 0.7088 	 1.4706 	 	 0.4437
[2020/01/20 14:07:08] - 27 	 422.0 	 	 62.3 	 	 0.1000 	 1.1510 	 0.4049 	 1.6293 	 	 0.2615 	 	 0.8869 	 0.7200 	 1.4220 	 	 0.4603
[2020/01/20 14:15:11] - 28 	 419.7 	 	 62.3 	 	 0.1000 	 1.1460 	 0.4203 	 1.6273 	 	 0.2684 	 	 1.4427 	 0.6249 	 1.7289 	 	 0.4288
[2020/01/20 14:23:16] - 29 	 421.7 	 	 62.7 	 	 0.1000 	 1.1644 	 0.4160 	 1.6429 	 	 0.2652 	 	 0.8917 	 0.7362 	 1.4081 	 	 0.4653
[2020/01/20 14:31:22] - 30 	 421.7 	 	 62.5 	 	 0.1000 	 1.1492 	 0.3778 	 1.6295 	 	 0.2450 	 	 1.1190 	 0.7095 	 1.5083 	 	 0.4773
[2020/01/20 14:39:26] - 31 	 420.7 	 	 62.5 	 	 0.1000 	 1.1027 	 0.4493 	 1.5942 	 	 0.2880 	 	 0.8433 	 0.7367 	 1.4013 	 	 0.4683
[2020/01/20 14:47:33] - 32 	 423.9 	 	 62.9 	 	 0.1000 	 1.1404 	 0.4213 	 1.6258 	 	 0.2693 	 	 0.8411 	 0.7383 	 1.4022 	 	 0.4659
[2020/01/20 14:55:37] - 33 	 420.4 	 	 62.5 	 	 0.1000 	 1.0835 	 0.4213 	 1.5775 	 	 0.2719 	 	 1.4305 	 0.6554 	 1.7156 	 	 0.4518
[2020/01/20 15:03:44] - 34 	 423.0 	 	 62.8 	 	 0.1000 	 1.1164 	 0.4303 	 1.6065 	 	 0.2721 	 	 0.9888 	 0.7176 	 1.4369 	 	 0.4799
[2020/01/20 15:11:47] - 35 	 419.4 	 	 62.5 	 	 0.1000 	 1.1136 	 0.4224 	 1.6025 	 	 0.2707 	 	 0.7911 	 0.7495 	 1.3902 	 	 0.4688
[2020/01/20 15:19:49] - 36 	 419.6 	 	 61.4 	 	 0.1000 	 1.0700 	 0.4488 	 1.5683 	 	 0.2867 	 	 0.8034 	 0.7572 	 1.3895 	 	 0.4642
[2020/01/20 15:27:52] - 37 	 420.2 	 	 62.6 	 	 0.1000 	 1.0916 	 0.4242 	 1.5821 	 	 0.2721 	 	 0.8082 	 0.7615 	 1.3992 	 	 0.4638
[2020/01/20 15:35:56] - 38 	 420.0 	 	 62.7 	 	 0.1000 	 1.0457 	 0.4091 	 1.5511 	 	 0.2638 	 	 0.8069 	 0.7576 	 1.3911 	 	 0.4723
[2020/01/20 15:44:02] - 39 	 422.4 	 	 62.9 	 	 0.1000 	 1.1009 	 0.4596 	 1.5898 	 	 0.2894 	 	 0.8302 	 0.7559 	 1.3757 	 	 0.4753
[2020/01/20 15:52:05] - 40 	 420.3 	 	 62.1 	 	 0.1000 	 1.0740 	 0.4218 	 1.5724 	 	 0.2714 	 	 0.8107 	 0.7610 	 1.3680 	 	 0.4805
[2020/01/20 16:00:09] - 41 	 420.6 	 	 62.1 	 	 0.1000 	 1.0439 	 0.4254 	 1.5458 	 	 0.2737 	 	 0.8163 	 0.7466 	 1.3683 	 	 0.4795
[2020/01/20 16:08:10] - 42 	 418.8 	 	 61.8 	 	 0.1000 	 1.0447 	 0.4133 	 1.5453 	 	 0.2662 	 	 0.8354 	 0.7483 	 1.3906 	 	 0.4754
[2020/01/20 16:15:29] - 43 	 381.6 	 	 55.9 	 	 0.1000 	 1.0113 	 0.4508 	 1.5204 	 	 0.2873 	 	 0.8001 	 0.7690 	 1.3885 	 	 0.4775
[2020/01/20 16:22:58] - 44 	 391.1 	 	 57.4 	 	 0.1000 	 1.0098 	 0.4371 	 1.5188 	 	 0.2838 	 	 0.9333 	 0.7484 	 1.4123 	 	 0.4927
[2020/01/20 16:30:19] - 45 	 377.5 	 	 62.0 	 	 0.1000 	 1.0062 	 0.4453 	 1.5138 	 	 0.2899 	 	 0.8264 	 0.7696 	 1.3770 	 	 0.4800
[2020/01/20 16:38:22] - 46 	 420.1 	 	 62.6 	 	 0.1000 	 1.0466 	 0.4997 	 1.5501 	 	 0.3205 	 	 0.8942 	 0.7639 	 1.3804 	 	 0.4953
[2020/01/20 16:46:26] - 47 	 421.9 	 	 61.3 	 	 0.1000 	 0.9875 	 0.4672 	 1.4948 	 	 0.3004 	 	 0.7778 	 0.7774 	 1.3468 	 	 0.4902
[2020/01/20 16:54:33] - 48 	 422.6 	 	 62.7 	 	 0.1000 	 1.0121 	 0.4541 	 1.5172 	 	 0.2932 	 	 0.8677 	 0.7598 	 1.3644 	 	 0.4973
[2020/01/20 17:02:37] - 49 	 421.5 	 	 61.8 	 	 0.1000 	 0.9892 	 0.4680 	 1.5021 	 	 0.3027 	 	 0.7390 	 0.7712 	 1.3499 	 	 0.4904
[2020/01/20 17:10:39] - 50 	 419.3 	 	 61.8 	 	 0.1000 	 1.0794 	 0.4227 	 1.5722 	 	 0.2738 	 	 0.7529 	 0.7684 	 1.3623 	 	 0.4850
[2020/01/20 17:18:42] - 51 	 420.0 	 	 62.2 	 	 0.1000 	 0.9838 	 0.4393 	 1.4951 	 	 0.2813 	 	 0.7169 	 0.7832 	 1.3680 	 	 0.4740
[2020/01/20 17:26:44] - 52 	 419.3 	 	 61.4 	 	 0.1000 	 0.9718 	 0.4687 	 1.4820 	 	 0.3015 	 	 0.9240 	 0.7557 	 1.4258 	 	 0.4858
[2020/01/20 17:34:45] - 53 	 418.5 	 	 61.8 	 	 0.1000 	 0.9618 	 0.4844 	 1.4767 	 	 0.3124 	 	 0.8584 	 0.7574 	 1.4099 	 	 0.4771
[2020/01/20 17:42:48] - 54 	 419.8 	 	 62.4 	 	 0.1000 	 0.9713 	 0.4442 	 1.4817 	 	 0.2875 	 	 0.6850 	 0.7908 	 1.3640 	 	 0.4839
[2020/01/20 17:50:54] - 55 	 422.3 	 	 62.7 	 	 0.1000 	 0.9758 	 0.4811 	 1.4882 	 	 0.3105 	 	 1.0286 	 0.7482 	 1.5010 	 	 0.4753
[2020/01/20 17:58:58] - 56 	 421.0 	 	 61.9 	 	 0.1000 	 0.9674 	 0.4560 	 1.4780 	 	 0.2969 	 	 0.8458 	 0.7756 	 1.3650 	 	 0.5065
[2020/01/20 18:07:01] - 57 	 420.3 	 	 62.6 	 	 0.1000 	 0.9734 	 0.4741 	 1.4797 	 	 0.3085 	 	 0.8516 	 0.7726 	 1.3816 	 	 0.4953
[2020/01/20 18:15:05] - 58 	 421.7 	 	 61.6 	 	 0.1000 	 0.9283 	 0.4764 	 1.4471 	 	 0.3074 	 	 0.7674 	 0.7867 	 1.3698 	 	 0.4906
[2020/01/20 18:23:10] - 59 	 422.6 	 	 60.9 	 	 0.1000 	 0.8804 	 0.4576 	 1.4073 	 	 0.3019 	 	 0.7121 	 0.7834 	 1.3498 	 	 0.4910
[2020/01/20 18:31:14] - 60 	 421.6 	 	 62.0 	 	 0.1000 	 1.0047 	 0.4458 	 1.5053 	 	 0.2860 	 	 0.9872 	 0.7548 	 1.4670 	 	 0.4910
[2020/01/20 18:39:17] - 61 	 420.5 	 	 61.8 	 	 0.1000 	 0.9453 	 0.4761 	 1.4605 	 	 0.3053 	 	 1.1812 	 0.7268 	 1.5602 	 	 0.4888
[2020/01/20 18:47:22] - 62 	 422.6 	 	 61.5 	 	 0.1000 	 0.9015 	 0.4883 	 1.4217 	 	 0.3172 	 	 0.7629 	 0.7855 	 1.3499 	 	 0.4967
[2020/01/20 18:55:26] - 63 	 420.1 	 	 62.5 	 	 0.1000 	 0.9774 	 0.4948 	 1.4823 	 	 0.3162 	 	 0.7109 	 0.7892 	 1.3512 	 	 0.4908
[2020/01/20 19:00:44] - 64 	 276.3 	 	 41.0 	 	 0.1000 	 0.9190 	 0.4737 	 1.4395 	 	 0.3074 	 	 1.1503 	 0.7375 	 1.5493 	 	 0.4973
[2020/01/20 19:08:27] - 65 	 399.7 	 	 62.2 	 	 0.1000 	 0.8772 	 0.4791 	 1.3974 	 	 0.3131 	 	 1.0555 	 0.7445 	 1.5148 	 	 0.4811
[2020/01/20 19:16:29] - 66 	 419.3 	 	 61.7 	 	 0.1000 	 0.9107 	 0.4482 	 1.4245 	 	 0.2930 	 	 0.6957 	 0.7961 	 1.3560 	 	 0.4961
[2020/01/20 19:24:32] - 67 	 421.2 	 	 61.5 	 	 0.1000 	 0.8783 	 0.4422 	 1.3991 	 	 0.2929 	 	 0.6821 	 0.7977 	 1.3663 	 	 0.4850
[2020/01/20 19:32:37] - 68 	 421.3 	 	 62.4 	 	 0.1000 	 0.8633 	 0.4623 	 1.3908 	 	 0.3062 	 	 0.7065 	 0.7973 	 1.3508 	 	 0.4894
[2020/01/20 19:40:42] - 69 	 421.7 	 	 62.4 	 	 0.1000 	 0.9002 	 0.4839 	 1.4137 	 	 0.3193 	 	 0.6770 	 0.7840 	 1.4537 	 	 0.4713
[2020/01/20 19:48:46] - 70 	 421.0 	 	 62.4 	 	 0.1000 	 0.8774 	 0.4647 	 1.3893 	 	 0.3073 	 	 0.7051 	 0.7972 	 1.3701 	 	 0.4861
[2020/01/20 19:56:49] - 71 	 419.6 	 	 62.2 	 	 0.1000 	 0.8723 	 0.4748 	 1.3930 	 	 0.3170 	 	 0.6402 	 0.8060 	 1.3681 	 	 0.4910
[2020/01/20 20:04:51] - 72 	 420.3 	 	 61.3 	 	 0.1000 	 0.8403 	 0.4884 	 1.3676 	 	 0.3225 	 	 0.7249 	 0.7793 	 1.3601 	 	 0.4934
[2020/01/20 20:12:52] - 73 	 418.8 	 	 61.5 	 	 0.1000 	 0.8196 	 0.4863 	 1.3531 	 	 0.3230 	 	 0.8256 	 0.7899 	 1.4549 	 	 0.4748
[2020/01/20 20:20:55] - 74 	 418.3 	 	 63.0 	 	 0.1000 	 0.8335 	 0.5269 	 1.3582 	 	 0.3466 	 	 0.9208 	 0.7783 	 1.4670 	 	 0.4856
[2020/01/20 20:29:00] - 75 	 421.6 	 	 62.7 	 	 0.1000 	 0.8388 	 0.4390 	 1.3590 	 	 0.2945 	 	 0.6771 	 0.7941 	 1.3668 	 	 0.4859
[2020/01/20 20:37:04] - 76 	 422.3 	 	 61.1 	 	 0.1000 	 0.8307 	 0.4833 	 1.3547 	 	 0.3212 	 	 0.6365 	 0.8102 	 1.3785 	 	 0.4863
[2020/01/20 20:45:06] - 77 	 419.8 	 	 61.4 	 	 0.1000 	 0.8427 	 0.4800 	 1.3581 	 	 0.3171 	 	 0.6711 	 0.7921 	 1.3973 	 	 0.4822
[2020/01/20 20:53:09] - 78 	 419.0 	 	 62.7 	 	 0.1000 	 0.8321 	 0.4918 	 1.3544 	 	 0.3281 	 	 0.6778 	 0.7906 	 1.3907 	 	 0.4813
[2020/01/20 21:01:10] - 79 	 418.4 	 	 62.2 	 	 0.1000 	 0.8002 	 0.5130 	 1.3288 	 	 0.3415 	 	 0.6466 	 0.8072 	 1.4036 	 	 0.4792
[2020/01/20 21:09:14] - 80 	 420.0 	 	 62.6 	 	 0.1000 	 0.8351 	 0.4753 	 1.3489 	 	 0.3148 	 	 0.6937 	 0.8035 	 1.4078 	 	 0.4781
[2020/01/20 21:17:17] - 81 	 419.2 	 	 62.8 	 	 0.1000 	 0.8126 	 0.4524 	 1.3274 	 	 0.3036 	 	 0.7157 	 0.8016 	 1.3601 	 	 0.4962
[2020/01/20 21:25:17] - 82 	 417.1 	 	 62.6 	 	 0.1000 	 0.8139 	 0.5097 	 1.3410 	 	 0.3355 	 	 0.6122 	 0.8093 	 1.4780 	 	 0.4672
[2020/01/20 21:31:45] - 83 	 346.2 	 	 41.1 	 	 0.1000 	 0.7738 	 0.4767 	 1.3006 	 	 0.3181 	 	 0.6529 	 0.8074 	 1.4178 	 	 0.4798
[2020/01/20 21:38:18] - 84 	 329.6 	 	 62.5 	 	 0.1000 	 0.8027 	 0.5085 	 1.3228 	 	 0.3399 	 	 0.6351 	 0.8044 	 1.4545 	 	 0.4710
[2020/01/20 21:46:23] - 85 	 422.3 	 	 61.5 	 	 0.1000 	 0.8522 	 0.4788 	 1.3797 	 	 0.3183 	 	 0.8182 	 0.7795 	 1.5220 	 	 0.4505
[2020/01/20 21:54:30] - 86 	 423.2 	 	 62.4 	 	 0.1000 	 0.8040 	 0.5063 	 1.3234 	 	 0.3363 	 	 0.6574 	 0.8026 	 1.4227 	 	 0.4746
[2020/01/20 22:02:36] - 87 	 422.8 	 	 62.6 	 	 0.1000 	 0.8263 	 0.4688 	 1.3439 	 	 0.3152 	 	 0.6245 	 0.8137 	 1.4569 	 	 0.4698
[2020/01/20 22:10:41] - 88 	 421.8 	 	 62.7 	 	 0.1000 	 0.7763 	 0.4788 	 1.2992 	 	 0.3212 	 	 0.9311 	 0.7798 	 1.4426 	 	 0.5017
[2020/01/20 22:18:47] - 89 	 423.4 	 	 61.8 	 	 0.1000 	 0.7832 	 0.4799 	 1.3027 	 	 0.3227 	 	 0.6521 	 0.8004 	 1.4318 	 	 0.4771
[2020/01/20 22:26:50] - 90 	 420.2 	 	 61.7 	 	 0.1000 	 0.7630 	 0.4965 	 1.2760 	 	 0.3318 	 	 0.6207 	 0.8046 	 1.4607 	 	 0.4727
[2020/01/20 22:34:53] - 91 	 419.7 	 	 62.1 	 	 0.1000 	 0.8107 	 0.4993 	 1.3263 	 	 0.3366 	 	 0.5983 	 0.8078 	 1.5312 	 	 0.4643
[2020/01/20 22:42:56] - 92 	 420.6 	 	 61.8 	 	 0.1000 	 0.7566 	 0.4961 	 1.2739 	 	 0.3339 	 	 0.6240 	 0.8118 	 1.4478 	 	 0.4751
[2020/01/20 22:51:01] - 93 	 421.9 	 	 62.3 	 	 0.1000 	 0.7634 	 0.5241 	 1.2837 	 	 0.3543 	 	 0.6505 	 0.8039 	 1.4812 	 	 0.4724
[2020/01/20 22:59:05] - 94 	 421.2 	 	 61.8 	 	 0.1000 	 0.7562 	 0.5069 	 1.2698 	 	 0.3434 	 	 0.6071 	 0.8164 	 1.4584 	 	 0.4729
[2020/01/20 23:07:10] - 95 	 422.9 	 	 61.3 	 	 0.1000 	 0.7258 	 0.4774 	 1.2537 	 	 0.3275 	 	 0.6395 	 0.8051 	 1.4386 	 	 0.4794
[2020/01/20 23:15:13] - 96 	 421.2 	 	 61.0 	 	 0.1000 	 0.7603 	 0.4998 	 1.2751 	 	 0.3385 	 	 0.6543 	 0.8106 	 1.4260 	 	 0.4839
[2020/01/20 23:23:16] - 97 	 419.8 	 	 61.7 	 	 0.1000 	 0.7343 	 0.4996 	 1.2517 	 	 0.3416 	 	 1.2507 	 0.7192 	 1.6191 	 	 0.4873
[2020/01/20 23:31:18] - 98 	 418.9 	 	 62.5 	 	 0.1000 	 0.7457 	 0.4924 	 1.2588 	 	 0.3330 	 	 0.6127 	 0.8116 	 1.4891 	 	 0.4678
[2020/01/20 23:39:22] - 99 	 420.9 	 	 62.7 	 	 0.0100 	 0.7842 	 0.4785 	 1.2978 	 	 0.3197 	 	 0.6664 	 0.7963 	 1.4439 	 	 0.4804
[2020/01/20 23:47:26] - 100 	 419.9 	 	 62.7 	 	 0.0100 	 0.7364 	 0.4926 	 1.1983 	 	 0.3469 	 	 1.1405 	 0.7555 	 1.5964 	 	 0.4824
[2020/01/20 23:55:30] - 101 	 420.4 	 	 62.6 	 	 0.0100 	 0.7237 	 0.5002 	 1.1761 	 	 0.3560 	 	 0.5816 	 0.8207 	 1.4624 	 	 0.4760
[2020/01/21 00:03:14] - 102 	 407.6 	 	 55.9 	 	 0.0100 	 0.6795 	 0.5020 	 1.1291 	 	 0.3658 	 	 0.5923 	 0.8185 	 1.4329 	 	 0.4834
[2020/01/21 00:10:41] - 103 	 389.0 	 	 57.2 	 	 0.0100 	 0.7031 	 0.4794 	 1.1527 	 	 0.3443 	 	 1.0299 	 0.7720 	 1.5368 	 	 0.4869
[2020/01/21 00:18:08] - 104 	 388.1 	 	 57.9 	 	 0.0100 	 0.7118 	 0.5059 	 1.1615 	 	 0.3594 	 	 0.7962 	 0.8048 	 1.4717 	 	 0.4842
[2020/01/21 00:25:40] - 105 	 388.2 	 	 62.9 	 	 0.0100 	 0.6986 	 0.5177 	 1.1454 	 	 0.3768 	 	 0.5945 	 0.8220 	 1.5399 	 	 0.4616
[2020/01/21 00:33:42] - 106 	 419.0 	 	 62.1 	 	 0.0100 	 0.6543 	 0.4970 	 1.1056 	 	 0.3606 	 	 0.7974 	 0.8029 	 1.4841 	 	 0.4837
[2020/01/21 00:41:41] - 107 	 415.7 	 	 62.0 	 	 0.0100 	 0.6973 	 0.5225 	 1.1408 	 	 0.3751 	 	 1.0989 	 0.7609 	 1.5799 	 	 0.4789
[2020/01/21 00:49:45] - 108 	 420.6 	 	 62.5 	 	 0.0100 	 0.6671 	 0.5264 	 1.1138 	 	 0.3850 	 	 0.5563 	 0.8235 	 1.5330 	 	 0.4769
[2020/01/21 00:57:46] - 109 	 418.4 	 	 62.5 	 	 0.0100 	 0.6319 	 0.5251 	 1.0785 	 	 0.3864 	 	 0.5683 	 0.8223 	 1.5114 	 	 0.4697
[2020/01/21 01:05:50] - 110 	 420.3 	 	 62.4 	 	 0.0100 	 0.6997 	 0.5010 	 1.1436 	 	 0.3618 	 	 0.6911 	 0.8154 	 1.4255 	 	 0.4902
[2020/01/21 01:13:51] - 111 	 417.3 	 	 62.6 	 	 0.0100 	 0.6741 	 0.5381 	 1.1208 	 	 0.3919 	 	 0.6056 	 0.8180 	 1.4811 	 	 0.4768
[2020/01/21 01:21:55] - 112 	 420.1 	 	 62.7 	 	 0.0100 	 0.6319 	 0.4922 	 1.0721 	 	 0.3647 	 	 0.5635 	 0.8210 	 1.5500 	 	 0.4691
[2020/01/21 01:29:58] - 113 	 420.0 	 	 62.7 	 	 0.0100 	 0.7290 	 0.4562 	 1.1634 	 	 0.3297 	 	 0.6425 	 0.8150 	 1.4462 	 	 0.4873
[2020/01/21 01:38:03] - 114 	 421.2 	 	 62.4 	 	 0.0100 	 0.6498 	 0.4835 	 1.0928 	 	 0.3588 	 	 0.5999 	 0.8200 	 1.4786 	 	 0.4780
[2020/01/21 01:46:04] - 115 	 418.7 	 	 61.7 	 	 0.0100 	 0.6292 	 0.5286 	 1.0713 	 	 0.3875 	 	 0.5645 	 0.8257 	 1.5761 	 	 0.4671
[2020/01/21 01:54:05] - 116 	 418.9 	 	 61.5 	 	 0.0100 	 0.6873 	 0.5138 	 1.1293 	 	 0.3729 	 	 0.5748 	 0.8239 	 1.5475 	 	 0.4682
[2020/01/21 02:02:10] - 117 	 421.3 	 	 62.5 	 	 0.0100 	 0.6500 	 0.5374 	 1.0889 	 	 0.3899 	 	 0.5433 	 0.8273 	 1.6130 	 	 0.4587
[2020/01/21 02:10:12] - 118 	 419.1 	 	 62.0 	 	 0.0100 	 0.6566 	 0.4932 	 1.0980 	 	 0.3633 	 	 0.5532 	 0.8267 	 1.5576 	 	 0.4683
[2020/01/21 02:18:16] - 119 	 421.6 	 	 61.9 	 	 0.0100 	 0.6940 	 0.5062 	 1.1309 	 	 0.3697 	 	 0.5762 	 0.8219 	 1.5349 	 	 0.4709
[2020/01/21 02:26:20] - 120 	 420.4 	 	 62.7 	 	 0.0100 	 0.6774 	 0.5182 	 1.1201 	 	 0.3767 	 	 1.0303 	 0.7736 	 1.5376 	 	 0.4872
[2020/01/21 02:34:22] - 121 	 418.9 	 	 61.4 	 	 0.0100 	 0.6767 	 0.5344 	 1.1184 	 	 0.3895 	 	 0.6813 	 0.8109 	 1.4756 	 	 0.4781
[2020/01/21 02:42:24] - 122 	 419.1 	 	 62.2 	 	 0.0100 	 0.6273 	 0.5158 	 1.0650 	 	 0.3777 	 	 0.6211 	 0.8162 	 1.5227 	 	 0.4750
[2020/01/21 02:49:44] - 123 	 398.1 	 	 41.1 	 	 0.0100 	 0.6754 	 0.5220 	 1.1122 	 	 0.3832 	 	 0.5475 	 0.8251 	 1.6203 	 	 0.4670
[2020/01/21 02:55:22] - 124 	 274.4 	 	 62.8 	 	 0.0100 	 0.7143 	 0.5105 	 1.1563 	 	 0.3707 	 	 0.5609 	 0.8281 	 1.6175 	 	 0.4583
[2020/01/21 03:03:23] - 125 	 418.9 	 	 61.5 	 	 0.0100 	 0.6201 	 0.4947 	 1.0622 	 	 0.3678 	 	 0.5595 	 0.8224 	 1.6042 	 	 0.4559
[2020/01/21 03:11:26] - 126 	 419.5 	 	 62.9 	 	 0.0100 	 0.6113 	 0.4628 	 1.0448 	 	 0.3496 	 	 0.6771 	 0.8189 	 1.4730 	 	 0.4803
[2020/01/21 03:19:30] - 127 	 419.4 	 	 62.9 	 	 0.0100 	 0.6732 	 0.5265 	 1.1122 	 	 0.3818 	 	 0.5732 	 0.8276 	 1.5616 	 	 0.4643
[2020/01/21 03:27:33] - 128 	 420.7 	 	 61.8 	 	 0.0100 	 0.6316 	 0.5216 	 1.0638 	 	 0.3826 	 	 0.5717 	 0.8230 	 1.6060 	 	 0.4625
[2020/01/21 03:35:37] - 129 	 421.6 	 	 61.3 	 	 0.0100 	 0.6035 	 0.5103 	 1.0401 	 	 0.3807 	 	 0.5641 	 0.8247 	 1.5503 	 	 0.4649
[2020/01/21 03:43:39] - 130 	 418.5 	 	 62.7 	 	 0.0100 	 0.6818 	 0.5405 	 1.1178 	 	 0.3957 	 	 0.5624 	 0.8215 	 1.6051 	 	 0.4572
[2020/01/21 03:51:43] - 131 	 420.4 	 	 62.9 	 	 0.0100 	 0.6790 	 0.4861 	 1.1154 	 	 0.3588 	 	 0.5567 	 0.8263 	 1.5991 	 	 0.4581
[2020/01/21 03:59:48] - 132 	 421.1 	 	 62.7 	 	 0.0100 	 0.6475 	 0.5370 	 1.0799 	 	 0.3967 	 	 0.5581 	 0.8258 	 1.5358 	 	 0.4736
[2020/01/21 04:07:49] - 133 	 419.3 	 	 61.3 	 	 0.0100 	 0.6380 	 0.4989 	 1.0710 	 	 0.3682 	 	 0.5721 	 0.8182 	 1.6364 	 	 0.4561
[2020/01/21 04:15:53] - 134 	 420.1 	 	 62.3 	 	 0.0100 	 0.6455 	 0.5124 	 1.0768 	 	 0.3811 	 	 0.6395 	 0.8207 	 1.4827 	 	 0.4830
[2020/01/21 04:23:59] - 135 	 423.8 	 	 61.5 	 	 0.0100 	 0.6643 	 0.5092 	 1.0951 	 	 0.3753 	 	 0.5902 	 0.8228 	 1.5286 	 	 0.4666
[2020/01/21 04:32:02] - 136 	 420.2 	 	 62.5 	 	 0.0100 	 0.6412 	 0.5055 	 1.0762 	 	 0.3757 	 	 0.6244 	 0.8169 	 1.4997 	 	 0.4690
[2020/01/21 04:40:06] - 137 	 420.3 	 	 62.6 	 	 0.0100 	 0.6094 	 0.4783 	 1.0433 	 	 0.3599 	 	 1.1341 	 0.7535 	 1.6072 	 	 0.4702
[2020/01/21 04:48:10] - 138 	 420.0 	 	 62.9 	 	 0.0100 	 0.6273 	 0.5266 	 1.0575 	 	 0.3927 	 	 0.5641 	 0.8206 	 1.5850 	 	 0.4643
[2020/01/21 04:56:15] - 139 	 421.4 	 	 62.8 	 	 0.0100 	 0.6177 	 0.5180 	 1.0445 	 	 0.3872 	 	 0.5493 	 0.8234 	 1.6082 	 	 0.4665
[2020/01/21 05:04:18] - 140 	 420.0 	 	 61.8 	 	 0.0100 	 0.6179 	 0.5244 	 1.0463 	 	 0.3903 	 	 0.5666 	 0.8217 	 1.5999 	 	 0.4623
[2020/01/21 05:12:20] - 141 	 420.0 	 	 61.5 	 	 0.0100 	 0.6515 	 0.5099 	 1.0828 	 	 0.3767 	 	 0.5627 	 0.8189 	 1.5895 	 	 0.4661
[2020/01/21 05:20:25] - 142 	 421.4 	 	 62.5 	 	 0.0100 	 0.6402 	 0.5278 	 1.0740 	 	 0.3860 	 	 0.6696 	 0.8103 	 1.5496 	 	 0.4644
[2020/01/21 05:26:05] - 143 	 297.7 	 	 41.0 	 	 0.0100 	 0.6193 	 0.5056 	 1.0494 	 	 0.3758 	 	 0.5597 	 0.8304 	 1.5988 	 	 0.4637
[2020/01/21 05:33:22] - 144 	 374.4 	 	 62.3 	 	 0.0100 	 0.6496 	 0.5144 	 1.0764 	 	 0.3823 	 	 0.6015 	 0.8197 	 1.5195 	 	 0.4685
[2020/01/21 05:41:28] - 145 	 423.2 	 	 61.3 	 	 0.0100 	 0.6236 	 0.5635 	 1.0548 	 	 0.4156 	 	 0.5573 	 0.8237 	 1.6192 	 	 0.4656
[2020/01/21 05:49:32] - 146 	 420.9 	 	 62.8 	 	 0.0100 	 0.6515 	 0.5278 	 1.0790 	 	 0.3945 	 	 0.7445 	 0.8135 	 1.4989 	 	 0.4814
[2020/01/21 05:57:36] - 147 	 420.9 	 	 62.0 	 	 0.0100 	 0.5436 	 0.5077 	 0.9707 	 	 0.3857 	 	 0.7518 	 0.8063 	 1.4915 	 	 0.4822
[2020/01/21 06:05:38] - 148 	 418.5 	 	 62.1 	 	 0.0100 	 0.6125 	 0.5420 	 1.0436 	 	 0.4094 	 	 0.5568 	 0.8248 	 1.6064 	 	 0.4627
[2020/01/21 06:13:40] - 149 	 419.1 	 	 62.9 	 	 0.0010 	 0.6284 	 0.5039 	 1.0602 	 	 0.3750 	 	 0.6193 	 0.8182 	 1.5652 	 	 0.4613
[2020/01/21 06:21:42] - 150 	 417.7 	 	 62.7 	 	 0.0010 	 0.6732 	 0.5146 	 1.0909 	 	 0.3795 	 	 0.5655 	 0.8208 	 1.6588 	 	 0.4469
[2020/01/21 06:29:43] - 151 	 418.8 	 	 61.5 	 	 0.0010 	 0.5757 	 0.5061 	 0.9917 	 	 0.3842 	 	 1.1695 	 0.7490 	 1.6079 	 	 0.4780
[2020/01/21 06:37:46] - 152 	 420.3 	 	 61.4 	 	 0.0010 	 0.6040 	 0.5172 	 1.0219 	 	 0.3897 	 	 0.9056 	 0.7943 	 1.5083 	 	 0.4897
[2020/01/21 06:45:50] - 153 	 422.7 	 	 60.5 	 	 0.0010 	 0.6908 	 0.5271 	 1.1093 	 	 0.3871 	 	 0.5521 	 0.8285 	 1.6435 	 	 0.4595
[2020/01/21 06:53:50] - 154 	 418.2 	 	 61.3 	 	 0.0010 	 0.6334 	 0.5164 	 1.0523 	 	 0.3902 	 	 0.6352 	 0.8170 	 1.4940 	 	 0.4755
[2020/01/21 07:01:51] - 155 	 418.0 	 	 61.7 	 	 0.0010 	 0.6448 	 0.5039 	 1.0651 	 	 0.3778 	 	 0.9799 	 0.7856 	 1.5527 	 	 0.4771
[2020/01/21 07:09:56] - 156 	 422.1 	 	 62.6 	 	 0.0010 	 0.6487 	 0.5008 	 1.0648 	 	 0.3810 	 	 0.5674 	 0.8193 	 1.7016 	 	 0.4523
[2020/01/21 07:17:58] - 157 	 418.7 	 	 62.5 	 	 0.0010 	 0.6073 	 0.5038 	 1.0238 	 	 0.3784 	 	 0.6005 	 0.8188 	 1.5025 	 	 0.4760
[2020/01/21 07:25:58] - 158 	 417.4 	 	 61.8 	 	 0.0010 	 0.6106 	 0.5401 	 1.0265 	 	 0.4071 	 	 0.5505 	 0.8254 	 1.6711 	 	 0.4610
[2020/01/21 07:34:02] - 159 	 420.1 	 	 62.6 	 	 0.0010 	 0.5853 	 0.4988 	 1.0014 	 	 0.3785 	 	 0.5667 	 0.8245 	 1.6046 	 	 0.4647
[2020/01/21 07:42:07] - 160 	 421.9 	 	 62.5 	 	 0.0010 	 0.6503 	 0.5023 	 1.0652 	 	 0.3836 	 	 0.5820 	 0.8257 	 1.5633 	 	 0.4688
[2020/01/21 07:50:13] - 161 	 421.9 	 	 62.6 	 	 0.0010 	 0.6136 	 0.5348 	 1.0314 	 	 0.4052 	 	 1.1746 	 0.7490 	 1.6120 	 	 0.4786
[2020/01/21 07:57:49] - 162 	 398.2 	 	 57.5 	 	 0.0010 	 0.5918 	 0.5482 	 1.0123 	 	 0.4150 	 	 0.9404 	 0.7849 	 1.5307 	 	 0.4817
[2020/01/21 08:05:16] - 163 	 389.2 	 	 57.0 	 	 0.0010 	 0.6757 	 0.4945 	 1.0952 	 	 0.3684 	 	 0.5758 	 0.8253 	 1.5918 	 	 0.4643
[2020/01/21 08:12:43] - 164 	 388.3 	 	 57.3 	 	 0.0010 	 0.6543 	 0.5240 	 1.0699 	 	 0.3893 	 	 0.5891 	 0.8214 	 1.5216 	 	 0.4738
[2020/01/21 08:20:24] - 165 	 398.2 	 	 62.4 	 	 0.0010 	 0.6230 	 0.5218 	 1.0397 	 	 0.3896 	 	 0.5635 	 0.8229 	 1.6398 	 	 0.4561
[2020/01/21 08:28:25] - 166 	 418.0 	 	 61.8 	 	 0.0010 	 0.6669 	 0.5019 	 1.0944 	 	 0.3721 	 	 0.8557 	 0.7992 	 1.4907 	 	 0.4848
[2020/01/21 08:36:30] - 167 	 421.3 	 	 62.7 	 	 0.0010 	 0.6348 	 0.4743 	 1.0508 	 	 0.3589 	 	 0.6739 	 0.8178 	 1.5675 	 	 0.4609
[2020/01/21 08:44:33] - 168 	 420.4 	 	 61.8 	 	 0.0010 	 0.6227 	 0.5227 	 1.0371 	 	 0.3984 	 	 0.5974 	 0.8237 	 1.5557 	 	 0.4672
[2020/01/21 08:52:38] - 169 	 421.6 	 	 62.6 	 	 0.0010 	 0.5747 	 0.5411 	 0.9956 	 	 0.4073 	 	 0.9909 	 0.7801 	 1.5541 	 	 0.4791
[2020/01/21 09:00:41] - 170 	 419.9 	 	 62.4 	 	 0.0010 	 0.6044 	 0.5298 	 1.0225 	 	 0.4042 	 	 0.5709 	 0.8228 	 1.6083 	 	 0.4667
[2020/01/21 09:08:47] - 171 	 422.2 	 	 62.4 	 	 0.0010 	 0.6220 	 0.5202 	 1.0356 	 	 0.3942 	 	 0.5674 	 0.8200 	 1.6632 	 	 0.4648
[2020/01/21 09:16:48] - 172 	 419.6 	 	 61.3 	 	 0.0010 	 0.6239 	 0.5237 	 1.0426 	 	 0.3932 	 	 0.5765 	 0.8201 	 1.7057 	 	 0.4451
[2020/01/21 09:24:47] - 173 	 415.5 	 	 62.1 	 	 0.0010 	 0.6193 	 0.5070 	 1.0352 	 	 0.3780 	 	 1.1040 	 0.7673 	 1.5748 	 	 0.4839
[2020/01/21 09:32:50] - 174 	 419.5 	 	 62.1 	 	 0.0010 	 0.6073 	 0.5278 	 1.0179 	 	 0.4011 	 	 0.6724 	 0.8215 	 1.5448 	 	 0.4698
[2020/01/21 09:40:51] - 175 	 418.1 	 	 62.4 	 	 0.0010 	 0.6216 	 0.5724 	 1.0408 	 	 0.4296 	 	 0.6427 	 0.8223 	 1.5051 	 	 0.4767
[2020/01/21 09:48:52] - 176 	 418.7 	 	 61.2 	 	 0.0010 	 0.5983 	 0.5192 	 1.0152 	 	 0.3935 	 	 0.5625 	 0.8221 	 1.6487 	 	 0.4570
[2020/01/21 09:56:53] - 177 	 419.0 	 	 61.3 	 	 0.0010 	 0.5793 	 0.5136 	 0.9950 	 	 0.3919 	 	 0.5764 	 0.8275 	 1.5817 	 	 0.4691
[2020/01/21 10:04:55] - 178 	 418.5 	 	 62.6 	 	 0.0010 	 0.6282 	 0.4851 	 1.0473 	 	 0.3633 	 	 1.1145 	 0.7582 	 1.6042 	 	 0.4681
[2020/01/21 10:12:59] - 179 	 422.5 	 	 60.9 	 	 0.0010 	 0.6107 	 0.5210 	 1.0256 	 	 0.3904 	 	 0.5647 	 0.8235 	 1.6275 	 	 0.4599
[2020/01/21 10:20:57] - 180 	 416.0 	 	 61.0 	 	 0.0010 	 0.6204 	 0.5151 	 1.0340 	 	 0.3901 	 	 0.5707 	 0.8232 	 1.6039 	 	 0.4670
[2020/01/21 10:28:59] - 181 	 419.9 	 	 61.4 	 	 0.0010 	 0.6184 	 0.5146 	 1.0352 	 	 0.3855 	 	 1.0781 	 0.7730 	 1.5777 	 	 0.4832
[2020/01/21 10:36:57] - 182 	 414.7 	 	 62.4 	 	 0.0010 	 0.6079 	 0.5295 	 1.0232 	 	 0.3976 	 	 0.5597 	 0.8252 	 1.6420 	 	 0.4583
[2020/01/21 10:43:44] - 183 	 364.8 	 	 40.9 	 	 0.0010 	 0.6014 	 0.5340 	 1.0141 	 	 0.4042 	 	 0.6414 	 0.8193 	 1.4768 	 	 0.4773
[2020/01/21 10:49:52] - 184 	 306.5 	 	 61.1 	 	 0.0010 	 0.5826 	 0.5434 	 0.9981 	 	 0.4201 	 	 0.8954 	 0.7977 	 1.5187 	 	 0.4802
[2020/01/21 10:57:55] - 185 	 419.4 	 	 62.8 	 	 0.0010 	 0.6429 	 0.5295 	 1.0538 	 	 0.3972 	 	 0.5883 	 0.8250 	 1.6396 	 	 0.4619
[2020/01/21 11:05:58] - 186 	 419.3 	 	 62.6 	 	 0.0010 	 0.6298 	 0.5523 	 1.0468 	 	 0.4184 	 	 0.7000 	 0.8112 	 1.5414 	 	 0.4665
[2020/01/21 11:13:59] - 187 	 418.8 	 	 61.4 	 	 0.0010 	 0.5905 	 0.5032 	 1.0063 	 	 0.3869 	 	 1.0815 	 0.7654 	 1.5707 	 	 0.4824
[2020/01/21 11:22:02] - 188 	 419.1 	 	 62.7 	 	 0.0010 	 0.5809 	 0.5349 	 0.9932 	 	 0.4093 	 	 0.5737 	 0.8243 	 1.5888 	 	 0.4640
[2020/01/21 11:30:07] - 189 	 421.6 	 	 62.6 	 	 0.0010 	 0.6037 	 0.5046 	 1.0178 	 	 0.3787 	 	 0.6331 	 0.8221 	 1.5033 	 	 0.4761
[2020/01/21 11:38:22] - 190 	 430.6 	 	 63.5 	 	 0.0010 	 0.6359 	 0.5135 	 1.0563 	 	 0.3866 	 	 0.5649 	 0.8241 	 1.6610 	 	 0.4507
[2020/01/21 11:46:34] - 191 	 426.7 	 	 64.0 	 	 0.0010 	 0.5533 	 0.5128 	 0.9635 	 	 0.3914 	 	 0.5815 	 0.8206 	 1.6260 	 	 0.4619
[2020/01/21 11:54:49] - 192 	 430.3 	 	 64.0 	 	 0.0010 	 0.6183 	 0.5024 	 1.0276 	 	 0.3801 	 	 0.5686 	 0.8202 	 1.6429 	 	 0.4613
[2020/01/21 12:03:02] - 193 	 428.4 	 	 64.0 	 	 0.0010 	 0.6099 	 0.5444 	 1.0223 	 	 0.4107 	 	 0.5910 	 0.8284 	 1.4974 	 	 0.4764
[2020/01/21 12:11:16] - 194 	 429.3 	 	 63.1 	 	 0.0010 	 0.6276 	 0.5153 	 1.0388 	 	 0.3900 	 	 0.5900 	 0.8258 	 1.5487 	 	 0.4679
[2020/01/21 12:19:31] - 195 	 431.7 	 	 63.0 	 	 0.0010 	 0.6203 	 0.5078 	 1.0306 	 	 0.3798 	 	 0.6103 	 0.8206 	 1.5340 	 	 0.4710
[2020/01/21 12:27:38] - 196 	 423.0 	 	 62.7 	 	 0.0010 	 0.5778 	 0.5500 	 0.9878 	 	 0.4225 	 	 0.5760 	 0.8176 	 1.6866 	 	 0.4524
[2020/01/21 12:35:38] - 197 	 416.4 	 	 62.6 	 	 0.0010 	 0.6336 	 0.5262 	 1.0515 	 	 0.3937 	 	 1.0881 	 0.7748 	 1.5821 	 	 0.4807
[2020/01/21 12:43:44] - 198 	 423.2 	 	 62.5 	 	 0.0010 	 0.6067 	 0.5001 	 1.0245 	 	 0.3811 	 	 1.3013 	 0.7330 	 1.6647 	 	 0.4817
[2020/01/21 12:51:49] - 199 	 420.9 	 	 62.9 	 	 0.0010 	 0.6283 	 0.5154 	 1.0427 	 	 0.3904 	 	 0.5724 	 0.8220 	 1.6205 	 	 0.4576
[2022/05/26 10:27:28] - Namespace(attack='pgd', attack_iters=10, batch_size=128, chkpt_iters=10, cutout=False, cutout_len=None, data_dir='../cifar-data', epochs=200, epsilon=8, eval=False, fgsm_alpha=1.0, fgsm_init='random', fname='experiments/cifar10_mixup/preactresnet18_0.2', half=False, l1=0, l2=0, lr_drop_epoch=100, lr_max=0.1, lr_one_drop=0.01, lr_schedule='piecewise', mixup=True, mixup_alpha=0.2, model='PreActResNet18', norm='l_inf', pgd_alpha=2, restarts=1, resume=0, seed=0, val=False, width_factor=10)
[2022/05/26 10:28:37] - Epoch 	 Train Time 	 Test Time 	 LR 	 	 Train Loss 	 Train Acc 	 Train Robust Loss 	 Train Robust Acc 	 Test Loss 	 Test Acc 	 Test Robust Loss 	 Test Robust Acc
[2022/05/26 10:33:22] - 0 	 246.2 	 	 38.7 	 	 0.1000 	 2.1236 	 0.1700 	 2.2411 	 	 0.1368 	 	 1.9735 	 0.2945 	 2.1195 	 	 0.2269
[2022/05/26 10:38:04] - 1 	 243.1 	 	 38.7 	 	 0.1000 	 1.9325 	 0.2299 	 2.1177 	 	 0.1704 	 	 1.7365 	 0.3874 	 1.9384 	 	 0.2829
[2022/05/26 10:42:46] - 2 	 243.1 	 	 38.7 	 	 0.1000 	 1.8294 	 0.2415 	 2.0567 	 	 0.1738 	 	 1.6899 	 0.4198 	 1.8993 	 	 0.3033
[2022/05/26 10:47:28] - 3 	 243.1 	 	 38.7 	 	 0.1000 	 1.7796 	 0.2750 	 2.0289 	 	 0.1913 	 	 1.6082 	 0.4643 	 1.8447 	 	 0.3201
[2022/05/26 10:52:10] - 4 	 243.2 	 	 38.7 	 	 0.1000 	 1.7343 	 0.2708 	 2.0044 	 	 0.1851 	 	 1.5263 	 0.4652 	 1.8347 	 	 0.3141
[2022/05/26 10:56:52] - 5 	 243.2 	 	 38.7 	 	 0.1000 	 1.6775 	 0.2887 	 1.9722 	 	 0.1942 	 	 1.5133 	 0.5109 	 1.7870 	 	 0.3390
[2022/05/26 11:01:34] - 6 	 243.2 	 	 38.7 	 	 0.1000 	 1.6306 	 0.2913 	 1.9448 	 	 0.1939 	 	 1.4503 	 0.5198 	 1.7483 	 	 0.3578
[2022/05/26 11:06:16] - 7 	 243.1 	 	 38.8 	 	 0.1000 	 1.5858 	 0.3152 	 1.9206 	 	 0.2063 	 	 1.3967 	 0.5248 	 1.7367 	 	 0.3505
[2022/05/26 11:10:58] - 8 	 243.1 	 	 38.7 	 	 0.1000 	 1.5690 	 0.3515 	 1.9117 	 	 0.2219 	 	 1.3775 	 0.5739 	 1.6828 	 	 0.3931
[2022/05/26 11:15:40] - 9 	 243.1 	 	 38.7 	 	 0.1000 	 1.5388 	 0.3486 	 1.8935 	 	 0.2214 	 	 1.2953 	 0.5939 	 1.6572 	 	 0.3877
[2022/05/26 11:20:22] - 10 	 243.1 	 	 38.7 	 	 0.1000 	 1.4957 	 0.3630 	 1.8696 	 	 0.2286 	 	 1.2817 	 0.6255 	 1.6212 	 	 0.4168
[2022/05/26 11:25:04] - 11 	 243.1 	 	 38.7 	 	 0.1000 	 1.5127 	 0.3534 	 1.8852 	 	 0.2244 	 	 1.4107 	 0.6043 	 1.6961 	 	 0.4115
[2022/05/26 11:29:46] - 12 	 243.1 	 	 38.7 	 	 0.1000 	 1.4877 	 0.3408 	 1.8642 	 	 0.2165 	 	 1.2273 	 0.6299 	 1.5914 	 	 0.4146
[2022/05/26 11:34:28] - 13 	 243.1 	 	 38.8 	 	 0.1000 	 1.4655 	 0.3613 	 1.8573 	 	 0.2264 	 	 1.2742 	 0.6121 	 1.6374 	 	 0.4076
[2022/05/26 11:39:10] - 14 	 242.9 	 	 38.7 	 	 0.1000 	 1.4620 	 0.3767 	 1.8572 	 	 0.2335 	 	 1.3220 	 0.5705 	 1.6661 	 	 0.4048
[2022/05/26 11:43:51] - 15 	 243.0 	 	 38.7 	 	 0.1000 	 1.4460 	 0.3753 	 1.8450 	 	 0.2327 	 	 1.2189 	 0.6409 	 1.6012 	 	 0.4215
[2022/05/26 11:48:33] - 16 	 243.0 	 	 38.7 	 	 0.1000 	 1.4267 	 0.3589 	 1.8324 	 	 0.2242 	 	 1.1688 	 0.6321 	 1.6063 	 	 0.4120
[2022/05/26 11:53:15] - 17 	 243.2 	 	 38.7 	 	 0.1000 	 1.3933 	 0.3845 	 1.8122 	 	 0.2402 	 	 1.1651 	 0.6618 	 1.5900 	 	 0.4082
[2022/05/26 11:57:57] - 18 	 243.1 	 	 38.7 	 	 0.1000 	 1.3895 	 0.3686 	 1.8093 	 	 0.2280 	 	 1.2658 	 0.6313 	 1.6123 	 	 0.4374
[2022/05/26 12:02:39] - 19 	 243.1 	 	 38.7 	 	 0.1000 	 1.3981 	 0.3589 	 1.8159 	 	 0.2218 	 	 1.1029 	 0.6803 	 1.5546 	 	 0.4229
[2022/05/26 12:07:21] - 20 	 243.2 	 	 38.7 	 	 0.1000 	 1.3837 	 0.3716 	 1.8076 	 	 0.2292 	 	 1.1380 	 0.6492 	 1.5562 	 	 0.4354
[2022/05/26 12:12:03] - 21 	 243.1 	 	 38.7 	 	 0.1000 	 1.3906 	 0.3586 	 1.8149 	 	 0.2247 	 	 1.1798 	 0.6673 	 1.5552 	 	 0.4522
[2022/05/26 12:16:45] - 22 	 243.1 	 	 38.7 	 	 0.1000 	 1.3668 	 0.3633 	 1.7972 	 	 0.2275 	 	 1.1646 	 0.6602 	 1.5616 	 	 0.4319
[2022/05/26 12:21:27] - 23 	 243.1 	 	 38.7 	 	 0.1000 	 1.3459 	 0.3724 	 1.7833 	 	 0.2305 	 	 1.1885 	 0.6239 	 1.6467 	 	 0.3899
[2022/05/26 12:26:09] - 24 	 243.1 	 	 38.7 	 	 0.1000 	 1.3650 	 0.3842 	 1.7966 	 	 0.2387 	 	 1.2537 	 0.6339 	 1.5956 	 	 0.4396
[2022/05/26 12:30:51] - 25 	 243.2 	 	 38.7 	 	 0.1000 	 1.3511 	 0.3848 	 1.7851 	 	 0.2375 	 	 1.1551 	 0.6801 	 1.5285 	 	 0.4607
[2022/05/26 12:35:33] - 26 	 243.1 	 	 38.7 	 	 0.1000 	 1.3630 	 0.3771 	 1.7954 	 	 0.2327 	 	 1.1468 	 0.6420 	 1.5432 	 	 0.4434
[2022/05/26 12:40:15] - 27 	 243.1 	 	 38.7 	 	 0.1000 	 1.3184 	 0.3796 	 1.7635 	 	 0.2391 	 	 1.0771 	 0.6842 	 1.5193 	 	 0.4348
[2022/05/26 12:44:57] - 28 	 243.1 	 	 38.7 	 	 0.1000 	 1.3141 	 0.4002 	 1.7631 	 	 0.2497 	 	 1.2445 	 0.6040 	 1.6690 	 	 0.3940
[2022/05/26 12:49:38] - 29 	 243.1 	 	 38.7 	 	 0.1000 	 1.3233 	 0.3933 	 1.7678 	 	 0.2439 	 	 1.0906 	 0.6772 	 1.5119 	 	 0.4498
[2022/05/26 12:54:21] - 30 	 243.1 	 	 38.7 	 	 0.1000 	 1.3304 	 0.3537 	 1.7715 	 	 0.2242 	 	 1.0044 	 0.7080 	 1.5299 	 	 0.4262
[2022/05/26 12:59:02] - 31 	 243.1 	 	 38.7 	 	 0.1000 	 1.2952 	 0.4169 	 1.7493 	 	 0.2545 	 	 1.0453 	 0.6933 	 1.5161 	 	 0.4404
[2022/05/26 13:03:44] - 32 	 243.1 	 	 38.7 	 	 0.1000 	 1.3373 	 0.3939 	 1.7810 	 	 0.2438 	 	 1.0933 	 0.6608 	 1.5335 	 	 0.4459
[2022/05/26 13:08:26] - 33 	 243.1 	 	 38.7 	 	 0.1000 	 1.2880 	 0.3942 	 1.7463 	 	 0.2443 	 	 1.2300 	 0.6388 	 1.6554 	 	 0.3994
[2022/05/26 13:13:08] - 34 	 243.1 	 	 38.7 	 	 0.1000 	 1.3285 	 0.3974 	 1.7724 	 	 0.2460 	 	 1.0287 	 0.6950 	 1.5026 	 	 0.4401
[2022/05/26 13:17:50] - 35 	 243.1 	 	 38.7 	 	 0.1000 	 1.3261 	 0.3958 	 1.7718 	 	 0.2454 	 	 1.0552 	 0.7064 	 1.5046 	 	 0.4465
[2022/05/26 13:22:31] - 36 	 243.1 	 	 38.8 	 	 0.1000 	 1.2808 	 0.4145 	 1.7431 	 	 0.2551 	 	 1.0887 	 0.7017 	 1.5116 	 	 0.4542
[2022/05/26 13:27:13] - 37 	 243.1 	 	 38.7 	 	 0.1000 	 1.3076 	 0.3927 	 1.7589 	 	 0.2437 	 	 0.9892 	 0.7011 	 1.4900 	 	 0.4518
[2022/05/26 13:31:55] - 38 	 243.0 	 	 38.7 	 	 0.1000 	 1.2631 	 0.3752 	 1.7278 	 	 0.2315 	 	 1.0166 	 0.6976 	 1.5117 	 	 0.4373
[2022/05/26 13:36:37] - 39 	 243.1 	 	 38.7 	 	 0.1000 	 1.3385 	 0.4217 	 1.7834 	 	 0.2577 	 	 1.1560 	 0.6764 	 1.5499 	 	 0.4464
[2022/05/26 13:41:19] - 40 	 243.1 	 	 38.7 	 	 0.1000 	 1.3063 	 0.3874 	 1.7607 	 	 0.2404 	 	 1.0245 	 0.6922 	 1.4914 	 	 0.4439
[2022/05/26 13:46:01] - 41 	 243.1 	 	 38.7 	 	 0.1000 	 1.2898 	 0.3857 	 1.7496 	 	 0.2402 	 	 1.0377 	 0.6676 	 1.5200 	 	 0.4358
[2022/05/26 13:50:42] - 42 	 243.0 	 	 38.7 	 	 0.1000 	 1.2906 	 0.3791 	 1.7513 	 	 0.2330 	 	 1.1513 	 0.6891 	 1.5305 	 	 0.4657
[2022/05/26 13:55:24] - 43 	 243.1 	 	 38.7 	 	 0.1000 	 1.2717 	 0.4072 	 1.7331 	 	 0.2513 	 	 1.1226 	 0.6873 	 1.5209 	 	 0.4562
[2022/05/26 14:00:06] - 44 	 243.1 	 	 38.7 	 	 0.1000 	 1.2805 	 0.3968 	 1.7422 	 	 0.2449 	 	 0.9488 	 0.7143 	 1.5190 	 	 0.4268
[2022/05/26 14:04:48] - 45 	 243.0 	 	 38.7 	 	 0.1000 	 1.2714 	 0.3974 	 1.7330 	 	 0.2492 	 	 1.0369 	 0.6931 	 1.5401 	 	 0.4248
[2022/05/26 14:09:30] - 46 	 243.1 	 	 38.7 	 	 0.1000 	 1.3167 	 0.4451 	 1.7701 	 	 0.2702 	 	 1.1875 	 0.6733 	 1.5442 	 	 0.4666
[2022/05/26 14:14:12] - 47 	 243.0 	 	 38.7 	 	 0.1000 	 1.2787 	 0.4191 	 1.7419 	 	 0.2569 	 	 1.0611 	 0.6935 	 1.4989 	 	 0.4466
[2022/05/26 14:18:53] - 48 	 243.0 	 	 38.7 	 	 0.1000 	 1.3010 	 0.4047 	 1.7584 	 	 0.2498 	 	 1.0306 	 0.7128 	 1.4754 	 	 0.4637
[2022/05/26 14:23:35] - 49 	 243.1 	 	 38.7 	 	 0.1000 	 1.2694 	 0.4172 	 1.7331 	 	 0.2571 	 	 0.9531 	 0.7192 	 1.4752 	 	 0.4395
[2022/05/26 14:28:17] - 50 	 243.1 	 	 38.7 	 	 0.1000 	 1.3558 	 0.3790 	 1.7959 	 	 0.2320 	 	 1.0730 	 0.6783 	 1.5074 	 	 0.4477
[2022/05/26 14:32:59] - 51 	 243.1 	 	 38.7 	 	 0.1000 	 1.2920 	 0.3877 	 1.7532 	 	 0.2385 	 	 1.0401 	 0.7082 	 1.4991 	 	 0.4483
[2022/05/26 14:37:41] - 52 	 243.1 	 	 38.7 	 	 0.1000 	 1.2757 	 0.4090 	 1.7437 	 	 0.2537 	 	 1.1482 	 0.6788 	 1.5441 	 	 0.4583
[2022/05/26 14:42:23] - 53 	 243.1 	 	 38.7 	 	 0.1000 	 1.2848 	 0.4263 	 1.7416 	 	 0.2617 	 	 0.9349 	 0.7190 	 1.4870 	 	 0.4382
[2022/05/26 14:47:05] - 54 	 243.1 	 	 38.7 	 	 0.1000 	 1.2925 	 0.3904 	 1.7502 	 	 0.2440 	 	 1.0785 	 0.6586 	 1.5277 	 	 0.4407
[2022/05/26 14:51:47] - 55 	 243.1 	 	 38.7 	 	 0.1000 	 1.2954 	 0.4214 	 1.7535 	 	 0.2577 	 	 0.9266 	 0.6995 	 1.6268 	 	 0.4018
[2022/05/26 14:56:28] - 56 	 243.2 	 	 38.7 	 	 0.1000 	 1.2847 	 0.3988 	 1.7432 	 	 0.2473 	 	 1.0835 	 0.6996 	 1.5314 	 	 0.4503
[2022/05/26 15:01:10] - 57 	 243.1 	 	 38.7 	 	 0.1000 	 1.3017 	 0.4123 	 1.7587 	 	 0.2533 	 	 1.1373 	 0.6969 	 1.5311 	 	 0.4603
[2022/05/26 15:05:52] - 58 	 243.2 	 	 38.7 	 	 0.1000 	 1.2702 	 0.4113 	 1.7332 	 	 0.2526 	 	 1.0067 	 0.7227 	 1.4873 	 	 0.4516
[2022/05/26 15:10:34] - 59 	 243.2 	 	 38.7 	 	 0.1000 	 1.2303 	 0.4005 	 1.7057 	 	 0.2481 	 	 0.9820 	 0.7102 	 1.4749 	 	 0.4575
[2022/05/26 15:15:16] - 60 	 243.1 	 	 38.7 	 	 0.1000 	 1.3471 	 0.3845 	 1.7910 	 	 0.2363 	 	 1.0087 	 0.6978 	 1.5047 	 	 0.4557
[2022/05/26 15:19:58] - 61 	 243.2 	 	 38.7 	 	 0.1000 	 1.2944 	 0.4119 	 1.7546 	 	 0.2488 	 	 1.2748 	 0.6647 	 1.6623 	 	 0.4184
[2022/05/26 15:24:40] - 62 	 243.1 	 	 38.7 	 	 0.1000 	 1.2727 	 0.4198 	 1.7388 	 	 0.2590 	 	 1.0874 	 0.7006 	 1.5085 	 	 0.4573
[2022/05/26 15:29:22] - 63 	 243.1 	 	 38.7 	 	 0.1000 	 1.3167 	 0.4262 	 1.7696 	 	 0.2577 	 	 1.0049 	 0.7090 	 1.4804 	 	 0.4557
[2022/05/26 15:34:04] - 64 	 243.0 	 	 38.7 	 	 0.1000 	 1.2854 	 0.3997 	 1.7493 	 	 0.2479 	 	 1.0113 	 0.6850 	 1.5342 	 	 0.4241
[2022/05/26 15:38:46] - 65 	 243.1 	 	 38.7 	 	 0.1000 	 1.2542 	 0.4141 	 1.7259 	 	 0.2536 	 	 1.1518 	 0.6838 	 1.5667 	 	 0.4393
[2022/05/26 15:43:28] - 66 	 243.1 	 	 38.7 	 	 0.1000 	 1.2838 	 0.3884 	 1.7462 	 	 0.2396 	 	 1.0035 	 0.7042 	 1.4838 	 	 0.4548
[2022/05/26 15:48:09] - 67 	 243.1 	 	 38.7 	 	 0.1000 	 1.2522 	 0.3821 	 1.7214 	 	 0.2379 	 	 0.9655 	 0.7229 	 1.4839 	 	 0.4495
[2022/05/26 15:52:51] - 68 	 243.1 	 	 38.7 	 	 0.1000 	 1.2416 	 0.3946 	 1.7140 	 	 0.2439 	 	 1.0847 	 0.6779 	 1.5102 	 	 0.4605
[2022/05/26 15:57:33] - 69 	 243.1 	 	 38.7 	 	 0.1000 	 1.2956 	 0.4081 	 1.7540 	 	 0.2502 	 	 0.9726 	 0.7235 	 1.4872 	 	 0.4458
[2022/05/26 16:02:15] - 70 	 243.1 	 	 38.7 	 	 0.1000 	 1.2734 	 0.3965 	 1.7424 	 	 0.2445 	 	 0.9612 	 0.7157 	 1.4538 	 	 0.4612
[2022/05/26 16:06:57] - 71 	 243.1 	 	 38.7 	 	 0.1000 	 1.2692 	 0.4020 	 1.7341 	 	 0.2490 	 	 0.9169 	 0.7337 	 1.4296 	 	 0.4755
[2022/05/26 16:11:39] - 72 	 243.1 	 	 38.8 	 	 0.1000 	 1.2417 	 0.4142 	 1.7170 	 	 0.2542 	 	 1.1924 	 0.6494 	 1.5586 	 	 0.4456
[2022/05/26 16:16:21] - 73 	 243.2 	 	 38.7 	 	 0.1000 	 1.2226 	 0.4133 	 1.6989 	 	 0.2536 	 	 1.0203 	 0.7004 	 1.4936 	 	 0.4534
[2022/05/26 16:21:03] - 74 	 243.1 	 	 38.8 	 	 0.1000 	 1.2407 	 0.4434 	 1.7136 	 	 0.2697 	 	 0.9293 	 0.7163 	 1.5471 	 	 0.4133
[2022/05/26 16:25:45] - 75 	 243.2 	 	 38.7 	 	 0.1000 	 1.2582 	 0.3755 	 1.7257 	 	 0.2338 	 	 1.0312 	 0.7138 	 1.4531 	 	 0.4821
[2022/05/26 16:30:27] - 76 	 243.1 	 	 38.7 	 	 0.1000 	 1.2477 	 0.4068 	 1.7194 	 	 0.2525 	 	 0.9648 	 0.7359 	 1.4651 	 	 0.4556
[2022/05/26 16:35:09] - 77 	 243.1 	 	 38.7 	 	 0.1000 	 1.2582 	 0.4076 	 1.7279 	 	 0.2479 	 	 0.9811 	 0.6909 	 1.4957 	 	 0.4450
[2022/05/26 16:39:51] - 78 	 243.1 	 	 38.7 	 	 0.1000 	 1.2599 	 0.4148 	 1.7329 	 	 0.2547 	 	 1.0634 	 0.6640 	 1.5516 	 	 0.4224
[2022/05/26 16:44:33] - 79 	 243.1 	 	 38.7 	 	 0.1000 	 1.2336 	 0.4307 	 1.7094 	 	 0.2666 	 	 0.9831 	 0.7270 	 1.4684 	 	 0.4658
[2022/05/26 16:49:15] - 80 	 243.1 	 	 38.7 	 	 0.1000 	 1.2708 	 0.4000 	 1.7420 	 	 0.2469 	 	 0.9893 	 0.7249 	 1.4504 	 	 0.4730
[2022/05/26 16:53:57] - 81 	 243.2 	 	 38.7 	 	 0.1000 	 1.2570 	 0.3836 	 1.7320 	 	 0.2386 	 	 1.2919 	 0.6543 	 1.6026 	 	 0.4635
[2022/05/26 16:58:39] - 82 	 243.1 	 	 38.7 	 	 0.1000 	 1.2648 	 0.4257 	 1.7296 	 	 0.2596 	 	 0.9821 	 0.7275 	 1.4596 	 	 0.4629
[2022/05/26 17:03:20] - 83 	 243.1 	 	 38.7 	 	 0.1000 	 1.2232 	 0.3960 	 1.7045 	 	 0.2459 	 	 1.0434 	 0.6896 	 1.4748 	 	 0.4627
[2022/05/26 17:08:02] - 84 	 243.2 	 	 38.7 	 	 0.1000 	 1.2521 	 0.4195 	 1.7218 	 	 0.2591 	 	 0.9749 	 0.7107 	 1.4548 	 	 0.4659
[2022/05/26 17:12:44] - 85 	 243.1 	 	 38.7 	 	 0.1000 	 1.2984 	 0.3983 	 1.7611 	 	 0.2434 	 	 1.0378 	 0.6817 	 1.5172 	 	 0.4382
[2022/05/26 17:17:26] - 86 	 243.1 	 	 38.7 	 	 0.1000 	 1.2552 	 0.4196 	 1.7251 	 	 0.2561 	 	 1.1437 	 0.6894 	 1.5519 	 	 0.4526
[2022/05/26 17:22:08] - 87 	 243.2 	 	 38.7 	 	 0.1000 	 1.2853 	 0.3897 	 1.7501 	 	 0.2396 	 	 0.9091 	 0.7341 	 1.4733 	 	 0.4547
[2022/05/26 17:26:50] - 88 	 243.1 	 	 38.7 	 	 0.1000 	 1.2435 	 0.3976 	 1.7211 	 	 0.2468 	 	 1.0987 	 0.6919 	 1.5125 	 	 0.4555
[2022/05/26 17:31:31] - 89 	 243.1 	 	 38.7 	 	 0.1000 	 1.2577 	 0.3997 	 1.7251 	 	 0.2461 	 	 1.1258 	 0.6717 	 1.5369 	 	 0.4535
[2022/05/26 17:36:14] - 90 	 243.1 	 	 38.7 	 	 0.1000 	 1.2545 	 0.4094 	 1.7253 	 	 0.2525 	 	 0.9866 	 0.7146 	 1.4887 	 	 0.4525
[2022/05/26 17:40:56] - 91 	 243.1 	 	 38.7 	 	 0.1000 	 1.2779 	 0.4113 	 1.7467 	 	 0.2528 	 	 1.0530 	 0.6995 	 1.4908 	 	 0.4668
[2022/05/26 17:45:37] - 92 	 243.1 	 	 38.7 	 	 0.1000 	 1.2525 	 0.4077 	 1.7243 	 	 0.2503 	 	 0.9899 	 0.6984 	 1.4825 	 	 0.4613
[2022/05/26 17:50:19] - 93 	 243.2 	 	 38.7 	 	 0.1000 	 1.2509 	 0.4294 	 1.7261 	 	 0.2607 	 	 1.1868 	 0.6645 	 1.5489 	 	 0.4542
[2022/05/26 17:55:01] - 94 	 243.1 	 	 38.8 	 	 0.1000 	 1.2555 	 0.4145 	 1.7233 	 	 0.2558 	 	 0.9775 	 0.7182 	 1.4948 	 	 0.4454
[2022/05/26 17:59:43] - 95 	 243.2 	 	 38.7 	 	 0.1000 	 1.2242 	 0.3923 	 1.7050 	 	 0.2437 	 	 1.0106 	 0.6981 	 1.4889 	 	 0.4460
[2022/05/26 18:04:25] - 96 	 243.1 	 	 38.8 	 	 0.1000 	 1.2607 	 0.4113 	 1.7344 	 	 0.2533 	 	 1.0440 	 0.7127 	 1.4720 	 	 0.4701
[2022/05/26 18:09:07] - 97 	 243.1 	 	 38.8 	 	 0.1000 	 1.2389 	 0.4117 	 1.7142 	 	 0.2533 	 	 1.0293 	 0.6880 	 1.5952 	 	 0.4119
[2022/05/26 18:13:49] - 98 	 243.1 	 	 38.7 	 	 0.1000 	 1.2659 	 0.3989 	 1.7302 	 	 0.2468 	 	 1.0748 	 0.7035 	 1.5021 	 	 0.4545
[2022/05/26 18:18:31] - 99 	 243.1 	 	 38.7 	 	 0.0100 	 1.2678 	 0.3909 	 1.7371 	 	 0.2409 	 	 1.1401 	 0.6827 	 1.5460 	 	 0.4504
[2022/05/26 18:23:13] - 100 	 243.1 	 	 38.7 	 	 0.0100 	 1.1986 	 0.4184 	 1.6222 	 	 0.2737 	 	 0.9966 	 0.7521 	 1.4846 	 	 0.4778
[2022/05/26 18:27:55] - 101 	 243.2 	 	 38.7 	 	 0.0100 	 1.0863 	 0.4346 	 1.5335 	 	 0.2808 	 	 0.7689 	 0.7920 	 1.2914 	 	 0.5155
[2022/05/26 18:32:37] - 102 	 243.1 	 	 38.7 	 	 0.0100 	 1.0291 	 0.4392 	 1.4922 	 	 0.2873 	 	 0.8300 	 0.7881 	 1.3062 	 	 0.5279
[2022/05/26 18:37:19] - 103 	 243.1 	 	 38.7 	 	 0.0100 	 1.0326 	 0.4199 	 1.4930 	 	 0.2758 	 	 0.8085 	 0.7932 	 1.3257 	 	 0.5121
[2022/05/26 18:42:01] - 104 	 243.1 	 	 38.7 	 	 0.0100 	 1.0307 	 0.4443 	 1.4927 	 	 0.2919 	 	 1.0898 	 0.7549 	 1.4714 	 	 0.5220
[2022/05/26 18:46:43] - 105 	 243.1 	 	 38.7 	 	 0.0100 	 1.0123 	 0.4565 	 1.4791 	 	 0.3003 	 	 0.6875 	 0.8140 	 1.2667 	 	 0.5205
[2022/05/26 18:51:25] - 106 	 243.1 	 	 38.7 	 	 0.0100 	 0.9729 	 0.4433 	 1.4479 	 	 0.2928 	 	 1.0748 	 0.7533 	 1.4952 	 	 0.4987
[2022/05/26 18:56:06] - 107 	 243.1 	 	 38.8 	 	 0.0100 	 0.9980 	 0.4655 	 1.4677 	 	 0.3020 	 	 1.1738 	 0.7505 	 1.5361 	 	 0.5144
[2022/05/26 19:00:48] - 108 	 243.2 	 	 38.7 	 	 0.0100 	 0.9668 	 0.4641 	 1.4431 	 	 0.3080 	 	 0.6832 	 0.8026 	 1.2839 	 	 0.5126
[2022/05/26 19:05:30] - 109 	 243.1 	 	 38.7 	 	 0.0100 	 0.9319 	 0.4689 	 1.4169 	 	 0.3107 	 	 0.7109 	 0.7941 	 1.2657 	 	 0.5192
[2022/05/26 19:10:13] - 110 	 243.2 	 	 38.7 	 	 0.0100 	 0.9833 	 0.4488 	 1.4609 	 	 0.2958 	 	 0.7937 	 0.8062 	 1.2915 	 	 0.5346
[2022/05/26 19:14:55] - 111 	 243.2 	 	 38.7 	 	 0.0100 	 0.9598 	 0.4830 	 1.4401 	 	 0.3173 	 	 0.6894 	 0.8079 	 1.2802 	 	 0.5126
[2022/05/26 19:19:36] - 112 	 243.1 	 	 38.7 	 	 0.0100 	 0.9245 	 0.4460 	 1.4101 	 	 0.2960 	 	 0.6915 	 0.8023 	 1.2808 	 	 0.5157
[2022/05/26 19:24:18] - 113 	 243.1 	 	 38.7 	 	 0.0100 	 0.9978 	 0.4179 	 1.4746 	 	 0.2736 	 	 0.7651 	 0.7948 	 1.3407 	 	 0.5071
[2022/05/26 19:29:00] - 114 	 243.1 	 	 38.7 	 	 0.0100 	 0.9282 	 0.4364 	 1.4160 	 	 0.2871 	 	 0.7520 	 0.7953 	 1.2792 	 	 0.5301
[2022/05/26 19:33:42] - 115 	 243.1 	 	 38.7 	 	 0.0100 	 0.9094 	 0.4770 	 1.4014 	 	 0.3133 	 	 0.6453 	 0.8097 	 1.3427 	 	 0.4921
[2022/05/26 19:38:24] - 116 	 243.1 	 	 38.7 	 	 0.0100 	 0.9639 	 0.4661 	 1.4502 	 	 0.3053 	 	 0.6523 	 0.8205 	 1.2904 	 	 0.5105
[2022/05/26 19:43:06] - 117 	 243.1 	 	 38.7 	 	 0.0100 	 0.9218 	 0.4873 	 1.4087 	 	 0.3169 	 	 0.6584 	 0.8127 	 1.3242 	 	 0.4990
[2022/05/26 19:47:47] - 118 	 243.1 	 	 38.7 	 	 0.0100 	 0.9234 	 0.4505 	 1.4132 	 	 0.2955 	 	 0.6890 	 0.7931 	 1.2838 	 	 0.5141
[2022/05/26 19:52:29] - 119 	 243.1 	 	 38.7 	 	 0.0100 	 0.9642 	 0.4633 	 1.4535 	 	 0.3030 	 	 0.9122 	 0.7884 	 1.3697 	 	 0.5307
[2022/05/26 19:57:12] - 120 	 243.2 	 	 38.7 	 	 0.0100 	 0.9427 	 0.4687 	 1.4308 	 	 0.3038 	 	 0.7111 	 0.8091 	 1.3724 	 	 0.4903
[2022/05/26 20:01:53] - 121 	 243.1 	 	 38.7 	 	 0.0100 	 0.9368 	 0.4872 	 1.4259 	 	 0.3205 	 	 0.7266 	 0.8047 	 1.2954 	 	 0.5195
[2022/05/26 20:06:35] - 122 	 243.1 	 	 38.7 	 	 0.0100 	 0.8952 	 0.4702 	 1.3913 	 	 0.3065 	 	 0.6839 	 0.8155 	 1.3249 	 	 0.5013
[2022/05/26 20:11:17] - 123 	 243.1 	 	 38.7 	 	 0.0100 	 0.9298 	 0.4791 	 1.4218 	 	 0.3139 	 	 0.6618 	 0.8136 	 1.3146 	 	 0.5085
[2022/05/26 20:15:59] - 124 	 243.2 	 	 38.7 	 	 0.0100 	 0.9629 	 0.4686 	 1.4485 	 	 0.3058 	 	 0.6790 	 0.8032 	 1.2777 	 	 0.5216
[2022/05/26 20:20:41] - 125 	 243.1 	 	 38.6 	 	 0.0100 	 0.8844 	 0.4512 	 1.3865 	 	 0.2981 	 	 0.7018 	 0.8060 	 1.2867 	 	 0.5211
[2022/05/26 20:25:22] - 126 	 242.9 	 	 38.7 	 	 0.0100 	 0.8671 	 0.4274 	 1.3646 	 	 0.2869 	 	 0.7461 	 0.8086 	 1.3108 	 	 0.5187
[2022/05/26 20:30:04] - 127 	 242.9 	 	 38.7 	 	 0.0100 	 0.9232 	 0.4821 	 1.4201 	 	 0.3100 	 	 0.7192 	 0.8157 	 1.3051 	 	 0.5173
[2022/05/26 20:34:46] - 128 	 243.0 	 	 38.7 	 	 0.0100 	 0.8865 	 0.4790 	 1.3852 	 	 0.3135 	 	 0.7762 	 0.7997 	 1.3414 	 	 0.5130
[2022/05/26 20:39:27] - 129 	 243.0 	 	 38.7 	 	 0.0100 	 0.8602 	 0.4710 	 1.3582 	 	 0.3118 	 	 0.6498 	 0.8181 	 1.3032 	 	 0.5157
[2022/05/26 20:44:09] - 130 	 243.0 	 	 38.7 	 	 0.0100 	 0.9201 	 0.4994 	 1.4145 	 	 0.3243 	 	 0.6426 	 0.8129 	 1.3442 	 	 0.5006
[2022/05/26 20:48:51] - 131 	 243.0 	 	 38.7 	 	 0.0100 	 0.9196 	 0.4470 	 1.4119 	 	 0.2935 	 	 0.6327 	 0.8165 	 1.2986 	 	 0.5133
[2022/05/26 20:53:33] - 132 	 243.1 	 	 38.7 	 	 0.0100 	 0.8901 	 0.4949 	 1.3884 	 	 0.3276 	 	 0.6597 	 0.8084 	 1.3070 	 	 0.5094
[2022/05/26 20:58:15] - 133 	 243.0 	 	 38.7 	 	 0.0100 	 0.8856 	 0.4595 	 1.3857 	 	 0.3038 	 	 0.6589 	 0.8056 	 1.3246 	 	 0.5030
[2022/05/26 21:02:56] - 134 	 243.1 	 	 38.7 	 	 0.0100 	 0.8855 	 0.4712 	 1.3875 	 	 0.3105 	 	 0.6550 	 0.8089 	 1.3201 	 	 0.5047
[2022/05/26 21:07:38] - 135 	 243.1 	 	 38.7 	 	 0.0100 	 0.8935 	 0.4706 	 1.3864 	 	 0.3093 	 	 0.7533 	 0.8054 	 1.3108 	 	 0.5173
[2022/05/26 21:12:20] - 136 	 243.0 	 	 38.7 	 	 0.0100 	 0.8792 	 0.4668 	 1.3844 	 	 0.3098 	 	 0.7180 	 0.8077 	 1.3045 	 	 0.5165
[2022/05/26 21:17:01] - 137 	 242.9 	 	 38.7 	 	 0.0100 	 0.8480 	 0.4433 	 1.3473 	 	 0.2966 	 	 1.3872 	 0.7041 	 1.6936 	 	 0.4792
[2022/05/26 21:21:43] - 138 	 243.0 	 	 38.7 	 	 0.0100 	 0.8735 	 0.4844 	 1.3790 	 	 0.3189 	 	 0.6384 	 0.8098 	 1.3268 	 	 0.5093
[2022/05/26 21:26:25] - 139 	 242.9 	 	 38.7 	 	 0.0100 	 0.8463 	 0.4818 	 1.3481 	 	 0.3180 	 	 0.7064 	 0.8062 	 1.3352 	 	 0.5067
[2022/05/26 21:31:07] - 140 	 243.0 	 	 38.7 	 	 0.0100 	 0.8441 	 0.4892 	 1.3458 	 	 0.3219 	 	 0.6478 	 0.8166 	 1.3310 	 	 0.5058
[2022/05/26 21:35:48] - 141 	 243.0 	 	 38.7 	 	 0.0100 	 0.8732 	 0.4736 	 1.3668 	 	 0.3103 	 	 0.6419 	 0.8161 	 1.3278 	 	 0.5099
[2022/05/26 21:40:30] - 142 	 243.0 	 	 38.7 	 	 0.0100 	 0.8612 	 0.4917 	 1.3668 	 	 0.3207 	 	 1.0095 	 0.7792 	 1.4804 	 	 0.5023
[2022/05/26 21:45:12] - 143 	 242.9 	 	 38.7 	 	 0.0100 	 0.8492 	 0.4668 	 1.3504 	 	 0.3100 	 	 0.6445 	 0.7989 	 1.3584 	 	 0.5011
[2022/05/26 21:49:53] - 144 	 243.0 	 	 38.7 	 	 0.0100 	 0.8738 	 0.4791 	 1.3789 	 	 0.3190 	 	 0.7317 	 0.8144 	 1.3078 	 	 0.5215
[2022/05/26 21:54:35] - 145 	 243.0 	 	 38.6 	 	 0.0100 	 0.8449 	 0.5251 	 1.3532 	 	 0.3452 	 	 0.6359 	 0.8160 	 1.3380 	 	 0.5019
[2022/05/26 21:59:17] - 146 	 243.0 	 	 38.7 	 	 0.0100 	 0.8686 	 0.4928 	 1.3642 	 	 0.3221 	 	 0.6715 	 0.8119 	 1.3825 	 	 0.4900
[2022/05/26 22:03:58] - 147 	 243.1 	 	 38.7 	 	 0.0100 	 0.7762 	 0.4741 	 1.2907 	 	 0.3178 	 	 0.9043 	 0.7758 	 1.4237 	 	 0.5004
[2022/05/26 22:08:40] - 148 	 243.0 	 	 38.7 	 	 0.0100 	 0.8330 	 0.5077 	 1.3392 	 	 0.3353 	 	 0.6423 	 0.8138 	 1.3300 	 	 0.5063
[2022/05/26 22:13:22] - 149 	 243.0 	 	 38.7 	 	 0.0010 	 0.8474 	 0.4733 	 1.3541 	 	 0.3130 	 	 0.6616 	 0.8162 	 1.3491 	 	 0.5008
[2022/05/26 22:18:04] - 150 	 243.0 	 	 38.7 	 	 0.0010 	 0.8533 	 0.4906 	 1.2885 	 	 0.3337 	 	 0.5675 	 0.8398 	 1.3363 	 	 0.5111
[2022/05/26 22:22:46] - 151 	 243.0 	 	 38.7 	 	 0.0010 	 0.7407 	 0.4814 	 1.1723 	 	 0.3428 	 	 1.1136 	 0.7833 	 1.5408 	 	 0.5087
[2022/05/26 22:27:27] - 152 	 243.1 	 	 38.7 	 	 0.0010 	 0.7526 	 0.4939 	 1.1811 	 	 0.3483 	 	 0.8491 	 0.8212 	 1.4004 	 	 0.5187
[2022/05/26 22:32:09] - 153 	 243.0 	 	 38.7 	 	 0.0010 	 0.8196 	 0.5093 	 1.2488 	 	 0.3508 	 	 0.6827 	 0.8318 	 1.3697 	 	 0.5105
[2022/05/26 22:36:51] - 154 	 243.0 	 	 38.7 	 	 0.0010 	 0.7598 	 0.4973 	 1.1890 	 	 0.3523 	 	 0.6466 	 0.8364 	 1.2844 	 	 0.5313
[2022/05/26 22:41:32] - 155 	 243.0 	 	 38.7 	 	 0.0010 	 0.7644 	 0.4854 	 1.1953 	 	 0.3436 	 	 0.9684 	 0.8002 	 1.4580 	 	 0.5150
[2022/05/26 22:46:14] - 156 	 243.1 	 	 38.7 	 	 0.0010 	 0.7713 	 0.4816 	 1.1965 	 	 0.3425 	 	 0.5496 	 0.8407 	 1.4088 	 	 0.5044
[2022/05/26 22:50:56] - 157 	 243.0 	 	 38.6 	 	 0.0010 	 0.7226 	 0.4823 	 1.1495 	 	 0.3405 	 	 0.6186 	 0.8367 	 1.3113 	 	 0.5216
[2022/05/26 22:55:37] - 158 	 243.0 	 	 38.7 	 	 0.0010 	 0.7230 	 0.5216 	 1.1485 	 	 0.3733 	 	 0.5336 	 0.8437 	 1.3527 	 	 0.5114
[2022/05/26 23:00:19] - 159 	 243.0 	 	 38.7 	 	 0.0010 	 0.6958 	 0.4844 	 1.1234 	 	 0.3503 	 	 0.5404 	 0.8416 	 1.3804 	 	 0.5033
[2022/05/26 23:05:01] - 160 	 243.0 	 	 38.7 	 	 0.0010 	 0.7536 	 0.4875 	 1.1783 	 	 0.3513 	 	 0.5700 	 0.8300 	 1.4277 	 	 0.5006
[2022/05/26 23:09:43] - 161 	 243.1 	 	 38.7 	 	 0.0010 	 0.7155 	 0.5152 	 1.1414 	 	 0.3707 	 	 1.0819 	 0.7815 	 1.5288 	 	 0.4991
[2022/05/26 23:14:25] - 162 	 243.2 	 	 38.7 	 	 0.0010 	 0.6929 	 0.5323 	 1.1183 	 	 0.3824 	 	 0.6165 	 0.8311 	 1.3914 	 	 0.5089
[2022/05/26 23:19:07] - 163 	 243.1 	 	 38.7 	 	 0.0010 	 0.7668 	 0.4794 	 1.1909 	 	 0.3392 	 	 0.5614 	 0.8333 	 1.4109 	 	 0.5033
[2022/05/26 23:23:48] - 164 	 243.1 	 	 38.7 	 	 0.0010 	 0.7471 	 0.5083 	 1.1702 	 	 0.3608 	 	 0.5502 	 0.8416 	 1.3797 	 	 0.5098
[2022/05/26 23:28:30] - 165 	 243.1 	 	 38.7 	 	 0.0010 	 0.7137 	 0.5079 	 1.1343 	 	 0.3644 	 	 0.5447 	 0.8391 	 1.4032 	 	 0.5012
[2022/05/26 23:33:12] - 166 	 243.1 	 	 38.7 	 	 0.0010 	 0.7539 	 0.4882 	 1.1849 	 	 0.3459 	 	 0.8417 	 0.8162 	 1.4354 	 	 0.5076
[2022/05/26 23:37:54] - 167 	 243.1 	 	 38.7 	 	 0.0010 	 0.7176 	 0.4635 	 1.1371 	 	 0.3354 	 	 0.8602 	 0.8199 	 1.4348 	 	 0.5081
[2022/05/26 23:42:36] - 168 	 243.1 	 	 38.7 	 	 0.0010 	 0.7090 	 0.5094 	 1.1314 	 	 0.3692 	 	 0.5811 	 0.8394 	 1.4152 	 	 0.4946
[2022/05/26 23:47:17] - 169 	 243.1 	 	 38.7 	 	 0.0010 	 0.6610 	 0.5257 	 1.0867 	 	 0.3769 	 	 0.7740 	 0.8188 	 1.3866 	 	 0.5147
[2022/05/26 23:51:59] - 170 	 243.1 	 	 38.7 	 	 0.0010 	 0.6828 	 0.5192 	 1.1059 	 	 0.3809 	 	 0.5369 	 0.8419 	 1.3573 	 	 0.5161
[2022/05/26 23:56:41] - 171 	 243.0 	 	 38.7 	 	 0.0010 	 0.7004 	 0.5069 	 1.1190 	 	 0.3690 	 	 0.5329 	 0.8401 	 1.4203 	 	 0.5074
[2022/05/27 00:01:23] - 172 	 243.1 	 	 38.7 	 	 0.0010 	 0.6988 	 0.5149 	 1.1195 	 	 0.3711 	 	 0.5250 	 0.8339 	 1.4834 	 	 0.4993
[2022/05/27 00:06:05] - 173 	 243.0 	 	 38.7 	 	 0.0010 	 0.6939 	 0.4963 	 1.1129 	 	 0.3580 	 	 1.0708 	 0.7804 	 1.5369 	 	 0.4988
[2022/05/27 00:10:46] - 174 	 243.0 	 	 38.7 	 	 0.0010 	 0.6813 	 0.5166 	 1.0973 	 	 0.3772 	 	 0.9127 	 0.8078 	 1.4468 	 	 0.5106
[2022/05/27 00:15:28] - 175 	 243.0 	 	 38.7 	 	 0.0010 	 0.6902 	 0.5618 	 1.1140 	 	 0.4037 	 	 0.6323 	 0.8367 	 1.3452 	 	 0.5157
[2022/05/27 00:20:10] - 176 	 243.0 	 	 38.7 	 	 0.0010 	 0.6694 	 0.5061 	 1.0881 	 	 0.3703 	 	 0.5201 	 0.8405 	 1.4978 	 	 0.4892
[2022/05/27 00:24:51] - 177 	 243.1 	 	 38.7 	 	 0.0010 	 0.6490 	 0.5042 	 1.0639 	 	 0.3696 	 	 0.5219 	 0.8439 	 1.4982 	 	 0.4996
[2022/05/27 00:29:33] - 178 	 243.1 	 	 38.7 	 	 0.0010 	 0.6912 	 0.4766 	 1.1096 	 	 0.3465 	 	 1.1684 	 0.7666 	 1.5834 	 	 0.4954
[2022/05/27 00:34:15] - 179 	 243.1 	 	 38.7 	 	 0.0010 	 0.6707 	 0.5113 	 1.0893 	 	 0.3703 	 	 0.5538 	 0.8360 	 1.4509 	 	 0.4963
[2022/05/27 00:38:57] - 180 	 243.1 	 	 38.7 	 	 0.0010 	 0.6819 	 0.5084 	 1.0931 	 	 0.3693 	 	 0.5412 	 0.8351 	 1.4794 	 	 0.4978
[2022/05/27 00:43:39] - 181 	 243.0 	 	 38.7 	 	 0.0010 	 0.6786 	 0.5063 	 1.0969 	 	 0.3699 	 	 1.0562 	 0.7866 	 1.5434 	 	 0.4916
[2022/05/27 00:48:21] - 182 	 243.1 	 	 38.7 	 	 0.0010 	 0.6628 	 0.5223 	 1.0788 	 	 0.3774 	 	 0.5395 	 0.8341 	 1.4273 	 	 0.5056
[2022/05/27 00:53:02] - 183 	 243.2 	 	 38.7 	 	 0.0010 	 0.6589 	 0.5239 	 1.0763 	 	 0.3832 	 	 0.6049 	 0.8356 	 1.4126 	 	 0.5039
[2022/05/27 00:57:44] - 184 	 243.1 	 	 38.7 	 	 0.0010 	 0.6374 	 0.5349 	 1.0533 	 	 0.3976 	 	 0.7841 	 0.8195 	 1.4420 	 	 0.5063
[2022/05/27 01:02:26] - 185 	 243.1 	 	 38.7 	 	 0.0010 	 0.6928 	 0.5234 	 1.1086 	 	 0.3805 	 	 0.5540 	 0.8346 	 1.4832 	 	 0.4928
[2022/05/27 01:07:08] - 186 	 243.1 	 	 38.7 	 	 0.0010 	 0.6805 	 0.5420 	 1.0948 	 	 0.3988 	 	 0.5288 	 0.8470 	 1.5087 	 	 0.4850
[2022/05/27 01:11:50] - 187 	 243.1 	 	 38.7 	 	 0.0010 	 0.6407 	 0.4974 	 1.0552 	 	 0.3714 	 	 1.0192 	 0.7915 	 1.5132 	 	 0.4996
[2022/05/27 01:16:31] - 188 	 243.2 	 	 38.7 	 	 0.0010 	 0.6287 	 0.5277 	 1.0433 	 	 0.3911 	 	 0.5399 	 0.8420 	 1.4886 	 	 0.4940
[2022/05/27 01:21:13] - 189 	 243.0 	 	 38.7 	 	 0.0010 	 0.6543 	 0.4999 	 1.0666 	 	 0.3673 	 	 0.5895 	 0.8419 	 1.3871 	 	 0.5107
[2022/05/27 01:25:55] - 190 	 243.0 	 	 38.7 	 	 0.0010 	 0.6797 	 0.5080 	 1.0976 	 	 0.3697 	 	 0.5629 	 0.8382 	 1.4650 	 	 0.4973
[2022/05/27 01:30:37] - 191 	 243.1 	 	 38.7 	 	 0.0010 	 0.5999 	 0.5053 	 1.0098 	 	 0.3799 	 	 0.5372 	 0.8313 	 1.5396 	 	 0.4923
[2022/05/27 01:35:19] - 192 	 243.0 	 	 38.7 	 	 0.0010 	 0.6616 	 0.4980 	 1.0651 	 	 0.3654 	 	 0.5205 	 0.8418 	 1.5521 	 	 0.4930
[2022/05/27 01:40:01] - 193 	 243.1 	 	 38.7 	 	 0.0010 	 0.6494 	 0.5381 	 1.0609 	 	 0.3974 	 	 0.6125 	 0.8370 	 1.3582 	 	 0.5145
[2022/05/27 01:44:42] - 194 	 243.1 	 	 38.7 	 	 0.0010 	 0.6656 	 0.5092 	 1.0758 	 	 0.3769 	 	 0.5969 	 0.8324 	 1.3956 	 	 0.5069
[2022/05/27 01:49:24] - 195 	 243.1 	 	 38.7 	 	 0.0010 	 0.6592 	 0.4989 	 1.0675 	 	 0.3650 	 	 0.6087 	 0.8351 	 1.3995 	 	 0.5086
[2022/05/27 01:54:06] - 196 	 243.1 	 	 38.7 	 	 0.0010 	 0.6174 	 0.5444 	 1.0269 	 	 0.4062 	 	 0.5161 	 0.8444 	 1.5054 	 	 0.4941
[2022/05/27 01:58:48] - 197 	 243.1 	 	 38.7 	 	 0.0010 	 0.6696 	 0.5221 	 1.0829 	 	 0.3842 	 	 1.0512 	 0.7970 	 1.5228 	 	 0.5050
[2022/05/27 02:03:30] - 198 	 243.1 	 	 38.7 	 	 0.0010 	 0.6422 	 0.4967 	 1.0561 	 	 0.3664 	 	 0.9722 	 0.7986 	 1.5249 	 	 0.4892
[2022/05/27 02:08:11] - 199 	 243.0 	 	 38.7 	 	 0.0010 	 0.6612 	 0.5105 	 1.0704 	 	 0.3805 	 	 0.5235 	 0.8437 	 1.5015 	 	 0.4938
