[2022/05/26 01:24:25] - Namespace(attack='pgd', attack_iters=10, batch_size=128, chkpt_iters=10, cutout=False, cutout_len=None, data_dir='../cifar-data', epochs=200, epsilon=8, eval=False, fgsm_alpha=1.0, fgsm_init='random', fname='experiments/cifar10_mixup/preactresnet18_1.0', half=False, l1=0, l2=0, lr_drop_epoch=100, lr_max=0.1, lr_one_drop=0.01, lr_schedule='piecewise', mixup=True, mixup_alpha=1.0, model='PreActResNet18', norm='l_inf', pgd_alpha=2, restarts=1, resume=0, seed=0, val=False, width_factor=10)
[2022/05/26 01:24:28] - Epoch 	 Train Time 	 Test Time 	 LR 	 	 Train Loss 	 Train Acc 	 Train Robust Loss 	 Train Robust Acc 	 Test Loss 	 Test Acc 	 Test Robust Loss 	 Test Robust Acc
[2022/05/26 01:29:12] - 0 	 244.8 	 	 38.6 	 	 0.1000 	 2.1965 	 0.1670 	 2.2794 	 	 0.1338 	 	 2.0531 	 0.2768 	 2.1441 	 	 0.2282
[2022/05/26 01:33:53] - 1 	 242.6 	 	 38.6 	 	 0.1000 	 2.0906 	 0.2076 	 2.2067 	 	 0.1550 	 	 1.9908 	 0.3121 	 2.0796 	 	 0.2584
[2022/05/26 01:38:34] - 2 	 242.6 	 	 38.6 	 	 0.1000 	 2.0357 	 0.2194 	 2.1784 	 	 0.1593 	 	 1.8641 	 0.3847 	 2.0038 	 	 0.2922
[2022/05/26 01:43:16] - 3 	 242.6 	 	 38.6 	 	 0.1000 	 2.0071 	 0.2361 	 2.1644 	 	 0.1691 	 	 1.8464 	 0.3805 	 1.9922 	 	 0.2799
[2022/05/26 01:47:57] - 4 	 242.5 	 	 38.6 	 	 0.1000 	 1.9739 	 0.2578 	 2.1459 	 	 0.1776 	 	 1.8302 	 0.3943 	 1.9808 	 	 0.2958
[2022/05/26 01:52:38] - 5 	 242.5 	 	 38.6 	 	 0.1000 	 1.9373 	 0.2654 	 2.1251 	 	 0.1815 	 	 1.6993 	 0.4322 	 1.9008 	 	 0.3038
[2022/05/26 01:57:20] - 6 	 242.5 	 	 38.6 	 	 0.1000 	 1.9420 	 0.2502 	 2.1313 	 	 0.1709 	 	 1.6746 	 0.4422 	 1.8824 	 	 0.3249
[2022/05/26 02:02:01] - 7 	 242.6 	 	 38.6 	 	 0.1000 	 1.9175 	 0.2668 	 2.1199 	 	 0.1775 	 	 1.6693 	 0.4413 	 1.8667 	 	 0.3277
[2022/05/26 02:06:45] - 8 	 242.5 	 	 38.6 	 	 0.1000 	 1.8965 	 0.2772 	 2.1079 	 	 0.1824 	 	 1.6290 	 0.4710 	 1.8401 	 	 0.3365
[2022/05/26 02:11:27] - 9 	 242.6 	 	 38.6 	 	 0.1000 	 1.8959 	 0.2900 	 2.1106 	 	 0.1876 	 	 1.6469 	 0.4598 	 1.8573 	 	 0.3299
[2022/05/26 02:16:08] - 10 	 242.7 	 	 38.6 	 	 0.1000 	 1.8819 	 0.2887 	 2.1029 	 	 0.1859 	 	 1.5668 	 0.5128 	 1.7940 	 	 0.3595
[2022/05/26 02:20:50] - 11 	 242.5 	 	 38.6 	 	 0.1000 	 1.8615 	 0.2900 	 2.0934 	 	 0.1871 	 	 1.5338 	 0.5084 	 1.7901 	 	 0.3500
[2022/05/26 02:25:31] - 12 	 242.7 	 	 38.6 	 	 0.1000 	 1.8670 	 0.3007 	 2.0999 	 	 0.1891 	 	 1.6001 	 0.4871 	 1.8179 	 	 0.3466
[2022/05/26 02:30:12] - 13 	 242.5 	 	 38.6 	 	 0.1000 	 1.8509 	 0.3033 	 2.0893 	 	 0.1916 	 	 1.5142 	 0.5145 	 1.7753 	 	 0.3558
[2022/05/26 02:34:53] - 14 	 242.6 	 	 38.6 	 	 0.1000 	 1.8431 	 0.3029 	 2.0863 	 	 0.1892 	 	 1.5094 	 0.4954 	 1.7698 	 	 0.3637
[2022/05/26 02:39:35] - 15 	 242.6 	 	 38.6 	 	 0.1000 	 1.8284 	 0.3049 	 2.0777 	 	 0.1908 	 	 1.4445 	 0.5322 	 1.7097 	 	 0.3885
[2022/05/26 02:44:16] - 16 	 242.5 	 	 38.6 	 	 0.1000 	 1.8257 	 0.3038 	 2.0796 	 	 0.1869 	 	 1.4954 	 0.5446 	 1.7590 	 	 0.3861
[2022/05/26 02:48:57] - 17 	 242.5 	 	 38.6 	 	 0.1000 	 1.8137 	 0.3099 	 2.0720 	 	 0.1907 	 	 1.5775 	 0.5550 	 1.7870 	 	 0.3919
[2022/05/26 02:53:38] - 18 	 242.5 	 	 38.7 	 	 0.1000 	 1.8126 	 0.3314 	 2.0734 	 	 0.2023 	 	 1.5035 	 0.5505 	 1.7693 	 	 0.3777
[2022/05/26 02:58:20] - 19 	 242.5 	 	 38.6 	 	 0.1000 	 1.8128 	 0.3182 	 2.0740 	 	 0.1965 	 	 1.4429 	 0.5469 	 1.7795 	 	 0.3429
[2022/05/26 03:03:04] - 20 	 242.6 	 	 38.6 	 	 0.1000 	 1.8091 	 0.3157 	 2.0723 	 	 0.1940 	 	 1.4967 	 0.5286 	 1.7658 	 	 0.3675
[2022/05/26 03:07:45] - 21 	 242.5 	 	 38.6 	 	 0.1000 	 1.7915 	 0.3150 	 2.0624 	 	 0.1927 	 	 1.5170 	 0.5560 	 1.7545 	 	 0.4075
[2022/05/26 03:12:26] - 22 	 242.5 	 	 38.6 	 	 0.1000 	 1.7677 	 0.3214 	 2.0462 	 	 0.1954 	 	 1.4824 	 0.5629 	 1.7255 	 	 0.4080
[2022/05/26 03:17:08] - 23 	 242.6 	 	 38.6 	 	 0.1000 	 1.7810 	 0.3200 	 2.0570 	 	 0.1959 	 	 1.4015 	 0.5843 	 1.7220 	 	 0.3948
[2022/05/26 03:21:49] - 24 	 242.5 	 	 38.6 	 	 0.1000 	 1.7901 	 0.3420 	 2.0623 	 	 0.2058 	 	 1.4406 	 0.5350 	 1.7315 	 	 0.3835
[2022/05/26 03:26:31] - 25 	 242.5 	 	 38.6 	 	 0.1000 	 1.7905 	 0.3143 	 2.0655 	 	 0.1918 	 	 1.3889 	 0.5908 	 1.7107 	 	 0.3923
[2022/05/26 03:31:12] - 26 	 242.6 	 	 38.6 	 	 0.1000 	 1.7970 	 0.3256 	 2.0699 	 	 0.1952 	 	 1.5292 	 0.5421 	 1.7663 	 	 0.3988
[2022/05/26 03:35:53] - 27 	 242.5 	 	 38.6 	 	 0.1000 	 1.7743 	 0.3206 	 2.0551 	 	 0.1940 	 	 1.4626 	 0.5788 	 1.7077 	 	 0.4265
[2022/05/26 03:40:34] - 28 	 242.5 	 	 38.6 	 	 0.1000 	 1.7766 	 0.3141 	 2.0560 	 	 0.1922 	 	 1.3610 	 0.5684 	 1.6981 	 	 0.3912
[2022/05/26 03:45:15] - 29 	 242.5 	 	 38.6 	 	 0.1000 	 1.7601 	 0.3318 	 2.0461 	 	 0.1993 	 	 1.3743 	 0.5776 	 1.7138 	 	 0.3886
[2022/05/26 03:49:57] - 30 	 242.6 	 	 38.6 	 	 0.1000 	 1.7801 	 0.3167 	 2.0606 	 	 0.1929 	 	 1.6274 	 0.5166 	 1.8284 	 	 0.3631
[2022/05/26 03:54:38] - 31 	 242.5 	 	 38.6 	 	 0.1000 	 1.7811 	 0.3281 	 2.0605 	 	 0.1955 	 	 1.5722 	 0.5527 	 1.8063 	 	 0.3909
[2022/05/26 03:59:19] - 32 	 242.5 	 	 38.6 	 	 0.1000 	 1.7605 	 0.3227 	 2.0491 	 	 0.1949 	 	 1.4092 	 0.5935 	 1.7101 	 	 0.4076
[2022/05/26 04:04:00] - 33 	 242.5 	 	 38.6 	 	 0.1000 	 1.7728 	 0.3411 	 2.0563 	 	 0.2046 	 	 1.3086 	 0.6034 	 1.6690 	 	 0.4005
[2022/05/26 04:08:42] - 34 	 242.6 	 	 38.6 	 	 0.1000 	 1.7563 	 0.3261 	 2.0450 	 	 0.1964 	 	 1.4824 	 0.5799 	 1.7258 	 	 0.4211
[2022/05/26 04:13:23] - 35 	 242.5 	 	 38.6 	 	 0.1000 	 1.7530 	 0.3315 	 2.0463 	 	 0.2018 	 	 1.5143 	 0.6028 	 1.7419 	 	 0.4376
[2022/05/26 04:18:04] - 36 	 242.6 	 	 38.6 	 	 0.1000 	 1.7503 	 0.3308 	 2.0428 	 	 0.1989 	 	 1.5042 	 0.5598 	 1.7511 	 	 0.3952
[2022/05/26 04:22:45] - 37 	 242.5 	 	 38.6 	 	 0.1000 	 1.7489 	 0.3461 	 2.0436 	 	 0.2066 	 	 1.5224 	 0.5767 	 1.7609 	 	 0.4083
[2022/05/26 04:27:26] - 38 	 242.5 	 	 38.6 	 	 0.1000 	 1.7354 	 0.3242 	 2.0308 	 	 0.1987 	 	 1.2251 	 0.6247 	 1.6317 	 	 0.4087
[2022/05/26 04:32:08] - 39 	 242.5 	 	 38.6 	 	 0.1000 	 1.7486 	 0.3677 	 2.0448 	 	 0.2161 	 	 1.4094 	 0.5916 	 1.7222 	 	 0.3955
[2022/05/26 04:36:49] - 40 	 242.6 	 	 38.6 	 	 0.1000 	 1.7342 	 0.3414 	 2.0351 	 	 0.2024 	 	 1.4799 	 0.5792 	 1.7248 	 	 0.4139
[2022/05/26 04:41:30] - 41 	 242.6 	 	 38.6 	 	 0.1000 	 1.7340 	 0.3503 	 2.0333 	 	 0.2090 	 	 1.3267 	 0.5705 	 1.7031 	 	 0.3873
[2022/05/26 04:46:12] - 42 	 242.6 	 	 38.6 	 	 0.1000 	 1.7404 	 0.3381 	 2.0388 	 	 0.2022 	 	 1.2730 	 0.6311 	 1.6269 	 	 0.4280
[2022/05/26 04:50:53] - 43 	 242.6 	 	 38.6 	 	 0.1000 	 1.7355 	 0.3335 	 2.0365 	 	 0.2010 	 	 1.4623 	 0.5624 	 1.7339 	 	 0.3971
[2022/05/26 04:55:34] - 44 	 242.5 	 	 38.6 	 	 0.1000 	 1.7296 	 0.3431 	 2.0329 	 	 0.2045 	 	 1.2809 	 0.6280 	 1.6476 	 	 0.4044
[2022/05/26 05:00:15] - 45 	 242.5 	 	 38.6 	 	 0.1000 	 1.7387 	 0.3467 	 2.0379 	 	 0.2097 	 	 1.3995 	 0.5838 	 1.7540 	 	 0.3687
[2022/05/26 05:04:56] - 46 	 242.5 	 	 38.6 	 	 0.1000 	 1.7328 	 0.3390 	 2.0368 	 	 0.2011 	 	 1.3232 	 0.6181 	 1.6436 	 	 0.4239
[2022/05/26 05:09:37] - 47 	 242.5 	 	 38.6 	 	 0.1000 	 1.7471 	 0.3389 	 2.0439 	 	 0.2000 	 	 1.5476 	 0.5793 	 1.7693 	 	 0.4253
[2022/05/26 05:14:18] - 48 	 242.5 	 	 38.6 	 	 0.1000 	 1.7417 	 0.3384 	 2.0401 	 	 0.2037 	 	 1.4782 	 0.5833 	 1.7372 	 	 0.4060
[2022/05/26 05:19:00] - 49 	 242.5 	 	 38.6 	 	 0.1000 	 1.7280 	 0.3639 	 2.0334 	 	 0.2167 	 	 1.2384 	 0.6417 	 1.6534 	 	 0.3942
[2022/05/26 05:23:41] - 50 	 242.5 	 	 38.6 	 	 0.1000 	 1.7400 	 0.3447 	 2.0415 	 	 0.2039 	 	 1.4130 	 0.5880 	 1.7041 	 	 0.3954
[2022/05/26 05:28:22] - 51 	 242.4 	 	 38.6 	 	 0.1000 	 1.7566 	 0.3325 	 2.0491 	 	 0.1985 	 	 1.2965 	 0.6368 	 1.6284 	 	 0.4254
[2022/05/26 05:33:03] - 52 	 242.5 	 	 38.6 	 	 0.1000 	 1.7325 	 0.3358 	 2.0375 	 	 0.2001 	 	 1.3511 	 0.6067 	 1.7069 	 	 0.3978
[2022/05/26 05:37:44] - 53 	 242.6 	 	 38.6 	 	 0.1000 	 1.7318 	 0.3473 	 2.0340 	 	 0.2090 	 	 1.4237 	 0.5972 	 1.6931 	 	 0.4251
[2022/05/26 05:42:25] - 54 	 242.5 	 	 38.6 	 	 0.1000 	 1.7119 	 0.3372 	 2.0232 	 	 0.2003 	 	 1.3498 	 0.5897 	 1.6829 	 	 0.4066
[2022/05/26 05:47:07] - 55 	 242.5 	 	 38.6 	 	 0.1000 	 1.7175 	 0.3559 	 2.0275 	 	 0.2109 	 	 1.3783 	 0.6008 	 1.6912 	 	 0.4094
[2022/05/26 05:51:48] - 56 	 242.6 	 	 38.6 	 	 0.1000 	 1.7331 	 0.3357 	 2.0372 	 	 0.2002 	 	 1.4156 	 0.6036 	 1.7309 	 	 0.3980
[2022/05/26 05:56:29] - 57 	 242.5 	 	 38.6 	 	 0.1000 	 1.7220 	 0.3343 	 2.0278 	 	 0.2007 	 	 1.3650 	 0.5999 	 1.6970 	 	 0.4030
[2022/05/26 06:01:10] - 58 	 242.4 	 	 38.6 	 	 0.1000 	 1.7235 	 0.3567 	 2.0299 	 	 0.2102 	 	 1.3450 	 0.6412 	 1.6511 	 	 0.4316
[2022/05/26 06:05:51] - 59 	 242.5 	 	 38.6 	 	 0.1000 	 1.7217 	 0.3545 	 2.0301 	 	 0.2112 	 	 1.3069 	 0.6156 	 1.6419 	 	 0.4196
[2022/05/26 06:10:33] - 60 	 242.5 	 	 38.6 	 	 0.1000 	 1.7158 	 0.3502 	 2.0257 	 	 0.2086 	 	 1.5391 	 0.5690 	 1.7624 	 	 0.4186
[2022/05/26 06:15:14] - 61 	 242.6 	 	 38.6 	 	 0.1000 	 1.7040 	 0.3489 	 2.0162 	 	 0.2094 	 	 1.3812 	 0.6064 	 1.6653 	 	 0.4371
[2022/05/26 06:19:55] - 62 	 242.5 	 	 38.6 	 	 0.1000 	 1.7316 	 0.3388 	 2.0357 	 	 0.2017 	 	 1.3924 	 0.6293 	 1.6676 	 	 0.4347
[2022/05/26 06:24:36] - 63 	 242.5 	 	 38.6 	 	 0.1000 	 1.7259 	 0.3515 	 2.0326 	 	 0.2088 	 	 1.4081 	 0.6069 	 1.6938 	 	 0.4232
[2022/05/26 06:29:17] - 64 	 242.5 	 	 38.6 	 	 0.1000 	 1.7087 	 0.3543 	 2.0220 	 	 0.2116 	 	 1.5111 	 0.5695 	 1.7387 	 	 0.4246
[2022/05/26 06:33:58] - 65 	 242.5 	 	 38.6 	 	 0.1000 	 1.7341 	 0.3549 	 2.0372 	 	 0.2102 	 	 1.3583 	 0.6226 	 1.6509 	 	 0.4397
[2022/05/26 06:38:39] - 66 	 242.5 	 	 38.6 	 	 0.1000 	 1.7128 	 0.3422 	 2.0240 	 	 0.2049 	 	 1.3717 	 0.6149 	 1.6689 	 	 0.4262
[2022/05/26 06:43:20] - 67 	 242.5 	 	 38.6 	 	 0.1000 	 1.7233 	 0.3462 	 2.0318 	 	 0.2049 	 	 1.3024 	 0.6370 	 1.6159 	 	 0.4419
[2022/05/26 06:48:02] - 68 	 242.5 	 	 38.6 	 	 0.1000 	 1.6957 	 0.3523 	 2.0148 	 	 0.2076 	 	 1.3961 	 0.5834 	 1.7036 	 	 0.4052
[2022/05/26 06:52:43] - 69 	 242.5 	 	 38.6 	 	 0.1000 	 1.7250 	 0.3284 	 2.0331 	 	 0.1945 	 	 1.2726 	 0.6458 	 1.6108 	 	 0.4382
[2022/05/26 06:57:24] - 70 	 242.5 	 	 38.6 	 	 0.1000 	 1.7202 	 0.3427 	 2.0280 	 	 0.2028 	 	 1.3964 	 0.6129 	 1.6942 	 	 0.4149
[2022/05/26 07:02:06] - 71 	 242.5 	 	 38.6 	 	 0.1000 	 1.7209 	 0.3451 	 2.0297 	 	 0.2058 	 	 1.3267 	 0.6399 	 1.6422 	 	 0.4472
[2022/05/26 07:06:47] - 72 	 242.5 	 	 38.6 	 	 0.1000 	 1.7063 	 0.3664 	 2.0232 	 	 0.2158 	 	 1.3351 	 0.6128 	 1.6490 	 	 0.4277
[2022/05/26 07:11:28] - 73 	 242.5 	 	 38.6 	 	 0.1000 	 1.7051 	 0.3561 	 2.0186 	 	 0.2106 	 	 1.2204 	 0.6562 	 1.6104 	 	 0.4258
[2022/05/26 07:16:09] - 74 	 242.5 	 	 38.6 	 	 0.1000 	 1.7081 	 0.3244 	 2.0216 	 	 0.1947 	 	 1.6293 	 0.5736 	 1.8185 	 	 0.4232
[2022/05/26 07:20:50] - 75 	 242.5 	 	 38.6 	 	 0.1000 	 1.7132 	 0.3650 	 2.0253 	 	 0.2147 	 	 1.2988 	 0.6220 	 1.6081 	 	 0.4400
[2022/05/26 07:25:32] - 76 	 242.6 	 	 38.6 	 	 0.1000 	 1.7029 	 0.3540 	 2.0191 	 	 0.2082 	 	 1.2735 	 0.6287 	 1.6569 	 	 0.3988
[2022/05/26 07:30:13] - 77 	 242.5 	 	 38.6 	 	 0.1000 	 1.6867 	 0.3358 	 2.0098 	 	 0.1992 	 	 1.4825 	 0.5561 	 1.7678 	 	 0.3736
[2022/05/26 07:34:54] - 78 	 242.5 	 	 38.6 	 	 0.1000 	 1.7231 	 0.3415 	 2.0315 	 	 0.2011 	 	 1.3169 	 0.6052 	 1.6727 	 	 0.4047
[2022/05/26 07:39:35] - 79 	 242.6 	 	 38.6 	 	 0.1000 	 1.7088 	 0.3407 	 2.0234 	 	 0.2018 	 	 1.3085 	 0.6267 	 1.6648 	 	 0.4154
[2022/05/26 07:44:17] - 80 	 242.5 	 	 38.6 	 	 0.1000 	 1.7048 	 0.3583 	 2.0189 	 	 0.2132 	 	 1.2710 	 0.6521 	 1.6149 	 	 0.4289
[2022/05/26 07:48:58] - 81 	 242.5 	 	 38.6 	 	 0.1000 	 1.7180 	 0.3304 	 2.0292 	 	 0.1986 	 	 1.4388 	 0.5916 	 1.6988 	 	 0.4224
[2022/05/26 07:53:39] - 82 	 242.5 	 	 38.6 	 	 0.1000 	 1.7236 	 0.3442 	 2.0330 	 	 0.2072 	 	 1.2618 	 0.6348 	 1.5895 	 	 0.4410
[2022/05/26 07:58:20] - 83 	 242.5 	 	 38.6 	 	 0.1000 	 1.7028 	 0.3414 	 2.0178 	 	 0.2012 	 	 1.4457 	 0.5905 	 1.7281 	 	 0.4203
[2022/05/26 08:03:01] - 84 	 242.5 	 	 38.6 	 	 0.1000 	 1.7268 	 0.3688 	 2.0348 	 	 0.2155 	 	 1.2907 	 0.6291 	 1.6507 	 	 0.4229
[2022/05/26 08:07:42] - 85 	 242.5 	 	 38.6 	 	 0.1000 	 1.6992 	 0.3536 	 2.0168 	 	 0.2075 	 	 1.2602 	 0.6191 	 1.6020 	 	 0.4304
[2022/05/26 08:12:23] - 86 	 242.5 	 	 38.6 	 	 0.1000 	 1.6889 	 0.3618 	 2.0097 	 	 0.2154 	 	 1.3721 	 0.6018 	 1.6809 	 	 0.4168
[2022/05/26 08:17:04] - 87 	 242.5 	 	 38.6 	 	 0.1000 	 1.6937 	 0.3391 	 2.0160 	 	 0.2010 	 	 1.4329 	 0.6294 	 1.6959 	 	 0.4490
[2022/05/26 08:21:46] - 88 	 242.5 	 	 38.6 	 	 0.1000 	 1.7166 	 0.3488 	 2.0284 	 	 0.2066 	 	 1.3382 	 0.6392 	 1.6376 	 	 0.4415
[2022/05/26 08:26:27] - 89 	 242.5 	 	 38.6 	 	 0.1000 	 1.6879 	 0.3607 	 2.0083 	 	 0.2109 	 	 1.2643 	 0.6327 	 1.6032 	 	 0.4341
[2022/05/26 08:31:08] - 90 	 242.6 	 	 38.6 	 	 0.1000 	 1.7155 	 0.3573 	 2.0276 	 	 0.2068 	 	 1.3271 	 0.6216 	 1.6508 	 	 0.4161
[2022/05/26 08:35:50] - 91 	 242.6 	 	 38.6 	 	 0.1000 	 1.7090 	 0.3639 	 2.0244 	 	 0.2151 	 	 1.2875 	 0.6414 	 1.6159 	 	 0.4433
[2022/05/26 08:40:31] - 92 	 242.5 	 	 38.7 	 	 0.1000 	 1.6895 	 0.3666 	 2.0129 	 	 0.2145 	 	 1.1996 	 0.6344 	 1.6152 	 	 0.4173
[2022/05/26 08:45:12] - 93 	 242.5 	 	 38.6 	 	 0.1000 	 1.7274 	 0.3615 	 2.0332 	 	 0.2129 	 	 1.1630 	 0.6584 	 1.5989 	 	 0.4150
[2022/05/26 08:49:53] - 94 	 242.5 	 	 38.6 	 	 0.1000 	 1.7371 	 0.3328 	 2.0405 	 	 0.1976 	 	 1.4730 	 0.5767 	 1.7425 	 	 0.4046
[2022/05/26 08:54:34] - 95 	 242.5 	 	 38.6 	 	 0.1000 	 1.6865 	 0.3449 	 2.0102 	 	 0.2048 	 	 1.3971 	 0.6170 	 1.6808 	 	 0.4357
[2022/05/26 08:59:15] - 96 	 242.5 	 	 38.6 	 	 0.1000 	 1.7105 	 0.3672 	 2.0251 	 	 0.2134 	 	 1.2234 	 0.6344 	 1.6164 	 	 0.4215
[2022/05/26 09:03:56] - 97 	 242.5 	 	 38.6 	 	 0.1000 	 1.7115 	 0.3570 	 2.0234 	 	 0.2098 	 	 1.1353 	 0.6450 	 1.6432 	 	 0.3886
[2022/05/26 09:08:37] - 98 	 242.5 	 	 38.6 	 	 0.1000 	 1.7216 	 0.3393 	 2.0280 	 	 0.2014 	 	 1.1754 	 0.6695 	 1.6044 	 	 0.4192
[2022/05/26 09:13:19] - 99 	 242.5 	 	 38.6 	 	 0.0100 	 1.7072 	 0.3485 	 2.0199 	 	 0.2078 	 	 1.1774 	 0.6509 	 1.5660 	 	 0.4470
[2022/05/26 09:18:00] - 100 	 242.5 	 	 38.6 	 	 0.0100 	 1.5996 	 0.3637 	 1.9209 	 	 0.2243 	 	 1.2858 	 0.6703 	 1.5984 	 	 0.4763
[2022/05/26 09:22:41] - 101 	 242.5 	 	 38.6 	 	 0.0100 	 1.5782 	 0.3854 	 1.9154 	 	 0.2324 	 	 1.3135 	 0.6895 	 1.6005 	 	 0.4914
[2022/05/26 09:27:23] - 102 	 242.5 	 	 38.6 	 	 0.0100 	 1.5779 	 0.3914 	 1.9176 	 	 0.2365 	 	 1.1016 	 0.7176 	 1.4653 	 	 0.5006
[2022/05/26 09:32:04] - 103 	 242.5 	 	 38.6 	 	 0.0100 	 1.5666 	 0.3794 	 1.9118 	 	 0.2290 	 	 0.9953 	 0.7385 	 1.4040 	 	 0.5017
[2022/05/26 09:36:45] - 104 	 242.5 	 	 38.6 	 	 0.0100 	 1.5693 	 0.3902 	 1.9130 	 	 0.2363 	 	 1.3277 	 0.6652 	 1.6146 	 	 0.4850
[2022/05/26 09:41:26] - 105 	 242.5 	 	 38.6 	 	 0.0100 	 1.5488 	 0.4147 	 1.8990 	 	 0.2490 	 	 1.1483 	 0.7245 	 1.5003 	 	 0.5091
[2022/05/26 09:46:08] - 106 	 242.5 	 	 38.6 	 	 0.0100 	 1.5263 	 0.3786 	 1.8839 	 	 0.2300 	 	 1.0965 	 0.7151 	 1.4982 	 	 0.4816
[2022/05/26 09:50:49] - 107 	 242.5 	 	 38.6 	 	 0.0100 	 1.5023 	 0.4104 	 1.8675 	 	 0.2464 	 	 1.3366 	 0.6983 	 1.6176 	 	 0.5006
[2022/05/26 09:55:30] - 108 	 242.4 	 	 38.6 	 	 0.0100 	 1.5361 	 0.4111 	 1.8923 	 	 0.2468 	 	 1.2123 	 0.7041 	 1.5601 	 	 0.4770
[2022/05/26 10:00:11] - 109 	 242.5 	 	 38.6 	 	 0.0100 	 1.5348 	 0.4008 	 1.8905 	 	 0.2390 	 	 0.9477 	 0.7408 	 1.3672 	 	 0.5110
[2022/05/26 10:04:53] - 110 	 242.5 	 	 38.6 	 	 0.0100 	 1.5520 	 0.3965 	 1.9066 	 	 0.2382 	 	 0.9650 	 0.7577 	 1.3918 	 	 0.5108
[2022/05/26 10:09:34] - 111 	 242.5 	 	 38.6 	 	 0.0100 	 1.5430 	 0.4085 	 1.9017 	 	 0.2436 	 	 0.9542 	 0.7409 	 1.3990 	 	 0.4987
[2022/05/26 10:14:15] - 112 	 242.5 	 	 38.6 	 	 0.0100 	 1.4997 	 0.3952 	 1.8674 	 	 0.2387 	 	 1.2399 	 0.6964 	 1.5565 	 	 0.4973
[2022/05/26 10:18:56] - 113 	 242.5 	 	 38.6 	 	 0.0100 	 1.5114 	 0.4098 	 1.8807 	 	 0.2482 	 	 1.3125 	 0.6859 	 1.6133 	 	 0.4788
[2022/05/26 10:23:37] - 114 	 242.5 	 	 38.6 	 	 0.0100 	 1.4881 	 0.3937 	 1.8637 	 	 0.2395 	 	 0.8973 	 0.7488 	 1.3479 	 	 0.5093
[2022/05/26 10:28:18] - 115 	 242.5 	 	 38.6 	 	 0.0100 	 1.5206 	 0.3887 	 1.8862 	 	 0.2321 	 	 0.9599 	 0.7443 	 1.3959 	 	 0.5019
[2022/05/26 10:32:59] - 116 	 242.5 	 	 38.6 	 	 0.0100 	 1.5099 	 0.3991 	 1.8786 	 	 0.2415 	 	 1.1344 	 0.7310 	 1.5031 	 	 0.4927
[2022/05/26 10:37:40] - 117 	 242.5 	 	 38.6 	 	 0.0100 	 1.4868 	 0.4214 	 1.8628 	 	 0.2525 	 	 1.0359 	 0.7328 	 1.4968 	 	 0.4712
[2022/05/26 10:42:21] - 118 	 242.3 	 	 38.6 	 	 0.0100 	 1.4639 	 0.4059 	 1.8442 	 	 0.2448 	 	 0.9100 	 0.7478 	 1.3514 	 	 0.5098
[2022/05/26 10:47:02] - 119 	 242.5 	 	 38.6 	 	 0.0100 	 1.4968 	 0.4108 	 1.8678 	 	 0.2500 	 	 0.8422 	 0.7707 	 1.3679 	 	 0.4967
[2022/05/26 10:51:44] - 120 	 242.4 	 	 38.6 	 	 0.0100 	 1.4980 	 0.3855 	 1.8731 	 	 0.2311 	 	 1.1896 	 0.7255 	 1.5554 	 	 0.4863
[2022/05/26 10:56:25] - 121 	 242.4 	 	 38.6 	 	 0.0100 	 1.5379 	 0.4138 	 1.9023 	 	 0.2462 	 	 1.2026 	 0.7275 	 1.5323 	 	 0.5066
[2022/05/26 11:01:06] - 122 	 242.4 	 	 38.6 	 	 0.0100 	 1.4819 	 0.4055 	 1.8616 	 	 0.2462 	 	 0.8902 	 0.7623 	 1.3695 	 	 0.5039
[2022/05/26 11:05:47] - 123 	 242.4 	 	 38.6 	 	 0.0100 	 1.4997 	 0.4198 	 1.8733 	 	 0.2511 	 	 1.2724 	 0.6943 	 1.5892 	 	 0.4811
[2022/05/26 11:10:28] - 124 	 242.4 	 	 38.6 	 	 0.0100 	 1.4808 	 0.4222 	 1.8608 	 	 0.2528 	 	 1.1745 	 0.7211 	 1.5426 	 	 0.4847
[2022/05/26 11:15:09] - 125 	 242.6 	 	 38.6 	 	 0.0100 	 1.4952 	 0.3926 	 1.8738 	 	 0.2386 	 	 1.1318 	 0.7249 	 1.5148 	 	 0.4941
[2022/05/26 11:19:50] - 126 	 242.5 	 	 38.6 	 	 0.0100 	 1.4667 	 0.3979 	 1.8509 	 	 0.2431 	 	 1.2946 	 0.6944 	 1.5954 	 	 0.4856
[2022/05/26 11:24:31] - 127 	 242.6 	 	 38.6 	 	 0.0100 	 1.4969 	 0.4130 	 1.8697 	 	 0.2466 	 	 1.1161 	 0.7372 	 1.5115 	 	 0.4943
[2022/05/26 11:29:12] - 128 	 242.5 	 	 38.6 	 	 0.0100 	 1.4779 	 0.4089 	 1.8619 	 	 0.2428 	 	 0.8233 	 0.7696 	 1.3536 	 	 0.5001
[2022/05/26 11:33:54] - 129 	 242.6 	 	 38.6 	 	 0.0100 	 1.5059 	 0.4463 	 1.8829 	 	 0.2640 	 	 1.1837 	 0.7162 	 1.5480 	 	 0.4834
[2022/05/26 11:38:35] - 130 	 242.5 	 	 38.6 	 	 0.0100 	 1.4758 	 0.4053 	 1.8590 	 	 0.2475 	 	 0.8180 	 0.7722 	 1.3724 	 	 0.4931
[2022/05/26 11:43:16] - 131 	 242.5 	 	 38.6 	 	 0.0100 	 1.4686 	 0.4291 	 1.8551 	 	 0.2576 	 	 1.2132 	 0.7235 	 1.5578 	 	 0.4950
[2022/05/26 11:47:57] - 132 	 242.6 	 	 38.5 	 	 0.0100 	 1.4765 	 0.4213 	 1.8592 	 	 0.2540 	 	 0.9804 	 0.7606 	 1.4057 	 	 0.5152
[2022/05/26 11:52:39] - 133 	 242.5 	 	 38.6 	 	 0.0100 	 1.4566 	 0.4126 	 1.8419 	 	 0.2475 	 	 1.1214 	 0.7083 	 1.5028 	 	 0.4847
[2022/05/26 11:57:20] - 134 	 242.6 	 	 38.6 	 	 0.0100 	 1.4833 	 0.4142 	 1.8650 	 	 0.2468 	 	 0.8681 	 0.7593 	 1.3629 	 	 0.5042
[2022/05/26 12:02:01] - 135 	 242.4 	 	 38.6 	 	 0.0100 	 1.4519 	 0.4172 	 1.8426 	 	 0.2502 	 	 0.9205 	 0.7672 	 1.3657 	 	 0.5116
[2022/05/26 12:06:42] - 136 	 242.5 	 	 38.6 	 	 0.0100 	 1.4895 	 0.4071 	 1.8686 	 	 0.2423 	 	 1.0321 	 0.7389 	 1.4532 	 	 0.4980
[2022/05/26 12:11:23] - 137 	 242.4 	 	 38.6 	 	 0.0100 	 1.5093 	 0.4110 	 1.8868 	 	 0.2446 	 	 1.1227 	 0.7403 	 1.4918 	 	 0.5090
[2022/05/26 12:16:04] - 138 	 242.4 	 	 38.6 	 	 0.0100 	 1.4837 	 0.4274 	 1.8652 	 	 0.2552 	 	 1.1353 	 0.7220 	 1.5292 	 	 0.4846
[2022/05/26 12:20:45] - 139 	 242.4 	 	 38.6 	 	 0.0100 	 1.4904 	 0.4053 	 1.8715 	 	 0.2458 	 	 1.2692 	 0.6854 	 1.6030 	 	 0.4700
[2022/05/26 12:25:26] - 140 	 242.4 	 	 38.6 	 	 0.0100 	 1.4890 	 0.4144 	 1.8737 	 	 0.2464 	 	 1.1569 	 0.7287 	 1.5106 	 	 0.5007
[2022/05/26 12:30:07] - 141 	 242.4 	 	 38.6 	 	 0.0100 	 1.5006 	 0.4080 	 1.8765 	 	 0.2446 	 	 0.8601 	 0.7692 	 1.3610 	 	 0.5082
[2022/05/26 12:34:48] - 142 	 242.4 	 	 38.6 	 	 0.0100 	 1.4765 	 0.4428 	 1.8590 	 	 0.2629 	 	 1.1160 	 0.7412 	 1.5214 	 	 0.4904
[2022/05/26 12:39:29] - 143 	 242.4 	 	 38.6 	 	 0.0100 	 1.4852 	 0.4128 	 1.8629 	 	 0.2468 	 	 0.7950 	 0.7758 	 1.3411 	 	 0.5021
[2022/05/26 12:44:10] - 144 	 242.4 	 	 38.6 	 	 0.0100 	 1.4717 	 0.4015 	 1.8579 	 	 0.2369 	 	 0.9106 	 0.7701 	 1.3876 	 	 0.5098
[2022/05/26 12:48:51] - 145 	 242.4 	 	 38.6 	 	 0.0100 	 1.4874 	 0.4162 	 1.8682 	 	 0.2505 	 	 0.8467 	 0.7769 	 1.3446 	 	 0.5115
[2022/05/26 12:53:32] - 146 	 242.4 	 	 38.6 	 	 0.0100 	 1.4946 	 0.4144 	 1.8796 	 	 0.2463 	 	 0.8187 	 0.7787 	 1.3463 	 	 0.5026
[2022/05/26 12:58:13] - 147 	 242.4 	 	 38.6 	 	 0.0100 	 1.5025 	 0.4251 	 1.8860 	 	 0.2493 	 	 1.1086 	 0.7349 	 1.5036 	 	 0.4964
[2022/05/26 13:02:54] - 148 	 242.4 	 	 38.6 	 	 0.0100 	 1.4666 	 0.3976 	 1.8516 	 	 0.2418 	 	 0.8918 	 0.7640 	 1.3820 	 	 0.5019
[2022/05/26 13:07:35] - 149 	 242.4 	 	 38.6 	 	 0.0010 	 1.4530 	 0.4374 	 1.8432 	 	 0.2632 	 	 1.3077 	 0.6956 	 1.6151 	 	 0.4931
[2022/05/26 13:12:17] - 150 	 242.5 	 	 38.6 	 	 0.0010 	 1.4640 	 0.4037 	 1.8323 	 	 0.2459 	 	 0.9595 	 0.7696 	 1.4179 	 	 0.5120
[2022/05/26 13:16:58] - 151 	 242.5 	 	 38.6 	 	 0.0010 	 1.4696 	 0.4512 	 1.8405 	 	 0.2713 	 	 0.8010 	 0.8012 	 1.3001 	 	 0.5303
[2022/05/26 13:21:39] - 152 	 242.4 	 	 38.6 	 	 0.0010 	 1.4399 	 0.4260 	 1.8139 	 	 0.2599 	 	 0.8170 	 0.7985 	 1.3010 	 	 0.5340
[2022/05/26 13:26:20] - 153 	 242.5 	 	 38.6 	 	 0.0010 	 1.4207 	 0.4204 	 1.7985 	 	 0.2560 	 	 1.1319 	 0.7523 	 1.5043 	 	 0.5153
[2022/05/26 13:31:01] - 154 	 242.4 	 	 38.6 	 	 0.0010 	 1.4332 	 0.4174 	 1.8096 	 	 0.2556 	 	 0.9002 	 0.7955 	 1.3700 	 	 0.5234
[2022/05/26 13:35:42] - 155 	 242.4 	 	 38.6 	 	 0.0010 	 1.4545 	 0.4743 	 1.8285 	 	 0.2856 	 	 0.8194 	 0.8005 	 1.3017 	 	 0.5318
[2022/05/26 13:40:23] - 156 	 242.4 	 	 38.6 	 	 0.0010 	 1.3684 	 0.4434 	 1.7541 	 	 0.2745 	 	 1.1488 	 0.7472 	 1.5345 	 	 0.5045
[2022/05/26 13:45:04] - 157 	 242.5 	 	 38.6 	 	 0.0010 	 1.4078 	 0.4348 	 1.7881 	 	 0.2665 	 	 1.0575 	 0.7714 	 1.4537 	 	 0.5270
[2022/05/26 13:49:45] - 158 	 242.4 	 	 38.6 	 	 0.0010 	 1.3826 	 0.4602 	 1.7673 	 	 0.2823 	 	 0.7910 	 0.8041 	 1.3121 	 	 0.5284
[2022/05/26 13:54:26] - 159 	 242.4 	 	 38.6 	 	 0.0010 	 1.3841 	 0.4537 	 1.7710 	 	 0.2766 	 	 0.8514 	 0.8007 	 1.3428 	 	 0.5260
[2022/05/26 13:59:08] - 160 	 242.4 	 	 38.6 	 	 0.0010 	 1.3825 	 0.4399 	 1.7684 	 	 0.2731 	 	 1.1422 	 0.7491 	 1.5144 	 	 0.5100
[2022/05/26 14:03:49] - 161 	 242.4 	 	 38.6 	 	 0.0010 	 1.3860 	 0.4379 	 1.7708 	 	 0.2695 	 	 1.0570 	 0.7606 	 1.4766 	 	 0.5065
[2022/05/26 14:08:30] - 162 	 242.4 	 	 38.6 	 	 0.0010 	 1.3894 	 0.4446 	 1.7726 	 	 0.2737 	 	 0.7891 	 0.7947 	 1.3033 	 	 0.5263
[2022/05/26 14:13:11] - 163 	 242.4 	 	 38.6 	 	 0.0010 	 1.4107 	 0.4141 	 1.7906 	 	 0.2575 	 	 1.1418 	 0.7417 	 1.5189 	 	 0.5055
[2022/05/26 14:17:52] - 164 	 242.4 	 	 38.6 	 	 0.0010 	 1.3755 	 0.4330 	 1.7634 	 	 0.2699 	 	 0.7511 	 0.8086 	 1.3092 	 	 0.5248
[2022/05/26 14:22:33] - 165 	 242.5 	 	 38.6 	 	 0.0010 	 1.4062 	 0.4403 	 1.7905 	 	 0.2692 	 	 0.8685 	 0.7954 	 1.3610 	 	 0.5203
[2022/05/26 14:27:14] - 166 	 242.4 	 	 38.6 	 	 0.0010 	 1.3851 	 0.4189 	 1.7681 	 	 0.2593 	 	 0.7385 	 0.8122 	 1.3045 	 	 0.5213
[2022/05/26 14:31:55] - 167 	 242.4 	 	 38.6 	 	 0.0010 	 1.3662 	 0.4259 	 1.7549 	 	 0.2687 	 	 0.7393 	 0.8137 	 1.2965 	 	 0.5246
[2022/05/26 14:36:36] - 168 	 242.5 	 	 38.5 	 	 0.0010 	 1.3529 	 0.4501 	 1.7438 	 	 0.2783 	 	 0.6918 	 0.8168 	 1.2989 	 	 0.5193
[2022/05/26 14:41:17] - 169 	 242.3 	 	 38.6 	 	 0.0010 	 1.4164 	 0.4702 	 1.8008 	 	 0.2867 	 	 0.9355 	 0.7813 	 1.3908 	 	 0.5253
[2022/05/26 14:45:58] - 170 	 242.4 	 	 38.6 	 	 0.0010 	 1.3671 	 0.4373 	 1.7532 	 	 0.2718 	 	 0.7939 	 0.8075 	 1.3342 	 	 0.5201
[2022/05/26 14:50:39] - 171 	 242.5 	 	 38.6 	 	 0.0010 	 1.3581 	 0.4535 	 1.7472 	 	 0.2822 	 	 0.6956 	 0.8109 	 1.2841 	 	 0.5246
[2022/05/26 14:55:20] - 172 	 242.5 	 	 38.6 	 	 0.0010 	 1.3638 	 0.4406 	 1.7547 	 	 0.2767 	 	 0.7244 	 0.8024 	 1.3066 	 	 0.5253
[2022/05/26 15:00:01] - 173 	 242.4 	 	 38.6 	 	 0.0010 	 1.3690 	 0.4722 	 1.7586 	 	 0.2883 	 	 0.7947 	 0.7976 	 1.3531 	 	 0.5158
[2022/05/26 15:04:42] - 174 	 242.4 	 	 38.6 	 	 0.0010 	 1.3830 	 0.4234 	 1.7724 	 	 0.2618 	 	 0.8265 	 0.7995 	 1.3464 	 	 0.5207
[2022/05/26 15:09:23] - 175 	 242.4 	 	 38.6 	 	 0.0010 	 1.3814 	 0.4461 	 1.7704 	 	 0.2777 	 	 1.1569 	 0.7522 	 1.5221 	 	 0.5123
[2022/05/26 15:14:04] - 176 	 242.4 	 	 38.6 	 	 0.0010 	 1.3670 	 0.4607 	 1.7574 	 	 0.2874 	 	 0.9143 	 0.7895 	 1.4206 	 	 0.5080
[2022/05/26 15:18:45] - 177 	 242.4 	 	 38.6 	 	 0.0010 	 1.3573 	 0.4549 	 1.7463 	 	 0.2820 	 	 1.1995 	 0.7364 	 1.5608 	 	 0.5048
[2022/05/26 15:23:26] - 178 	 242.4 	 	 38.6 	 	 0.0010 	 1.3436 	 0.4329 	 1.7386 	 	 0.2706 	 	 1.2028 	 0.7339 	 1.5740 	 	 0.4934
[2022/05/26 15:28:07] - 179 	 242.4 	 	 38.6 	 	 0.0010 	 1.3248 	 0.4384 	 1.7195 	 	 0.2755 	 	 0.8818 	 0.7898 	 1.3935 	 	 0.5103
[2022/05/26 15:32:48] - 180 	 242.4 	 	 38.6 	 	 0.0010 	 1.3353 	 0.4342 	 1.7317 	 	 0.2716 	 	 0.8929 	 0.7939 	 1.3993 	 	 0.5106
[2022/05/26 15:37:29] - 181 	 242.4 	 	 38.6 	 	 0.0010 	 1.3707 	 0.4315 	 1.7637 	 	 0.2680 	 	 0.7551 	 0.8066 	 1.3093 	 	 0.5256
[2022/05/26 15:42:10] - 182 	 242.4 	 	 38.6 	 	 0.0010 	 1.3374 	 0.4365 	 1.7307 	 	 0.2728 	 	 0.7019 	 0.8111 	 1.2820 	 	 0.5268
[2022/05/26 15:46:51] - 183 	 242.3 	 	 38.6 	 	 0.0010 	 1.3376 	 0.4547 	 1.7298 	 	 0.2830 	 	 0.7821 	 0.8003 	 1.3572 	 	 0.5158
[2022/05/26 15:51:32] - 184 	 242.4 	 	 38.6 	 	 0.0010 	 1.3178 	 0.4783 	 1.7177 	 	 0.2991 	 	 0.7822 	 0.8011 	 1.3169 	 	 0.5280
[2022/05/26 15:56:13] - 185 	 242.4 	 	 38.6 	 	 0.0010 	 1.3414 	 0.4747 	 1.7319 	 	 0.2954 	 	 1.1006 	 0.7594 	 1.5173 	 	 0.4994
[2022/05/26 16:00:54] - 186 	 242.4 	 	 38.6 	 	 0.0010 	 1.3607 	 0.4584 	 1.7555 	 	 0.2837 	 	 1.1551 	 0.7419 	 1.5470 	 	 0.4928
[2022/05/26 16:05:35] - 187 	 242.4 	 	 38.6 	 	 0.0010 	 1.3616 	 0.4397 	 1.7546 	 	 0.2700 	 	 0.7850 	 0.8021 	 1.3836 	 	 0.5041
[2022/05/26 16:10:16] - 188 	 242.4 	 	 38.6 	 	 0.0010 	 1.3778 	 0.4406 	 1.7663 	 	 0.2713 	 	 1.0375 	 0.7785 	 1.4813 	 	 0.5071
[2022/05/26 16:14:57] - 189 	 242.4 	 	 38.6 	 	 0.0010 	 1.3353 	 0.4504 	 1.7296 	 	 0.2834 	 	 0.7957 	 0.8046 	 1.3833 	 	 0.5103
[2022/05/26 16:19:39] - 190 	 242.4 	 	 38.6 	 	 0.0010 	 1.3407 	 0.4401 	 1.7371 	 	 0.2711 	 	 1.0830 	 0.7696 	 1.4899 	 	 0.5120
[2022/05/26 16:24:20] - 191 	 242.4 	 	 38.6 	 	 0.0010 	 1.3545 	 0.4638 	 1.7471 	 	 0.2874 	 	 1.1295 	 0.7511 	 1.5331 	 	 0.5018
[2022/05/26 16:29:01] - 192 	 242.4 	 	 38.6 	 	 0.0010 	 1.3687 	 0.4337 	 1.7623 	 	 0.2668 	 	 0.6812 	 0.8159 	 1.3434 	 	 0.5103
[2022/05/26 16:33:42] - 193 	 242.4 	 	 38.6 	 	 0.0010 	 1.3322 	 0.4818 	 1.7299 	 	 0.2993 	 	 0.9440 	 0.7884 	 1.4368 	 	 0.5128
[2022/05/26 16:38:23] - 194 	 242.5 	 	 38.5 	 	 0.0010 	 1.3444 	 0.4638 	 1.7411 	 	 0.2839 	 	 1.0725 	 0.7593 	 1.4852 	 	 0.5117
[2022/05/26 16:43:04] - 195 	 242.5 	 	 38.6 	 	 0.0010 	 1.3320 	 0.4655 	 1.7323 	 	 0.2892 	 	 0.9610 	 0.7828 	 1.4302 	 	 0.5144
[2022/05/26 16:47:45] - 196 	 242.3 	 	 38.6 	 	 0.0010 	 1.3462 	 0.4535 	 1.7431 	 	 0.2808 	 	 0.9571 	 0.7960 	 1.4362 	 	 0.5132
[2022/05/26 16:52:26] - 197 	 242.4 	 	 38.6 	 	 0.0010 	 1.3370 	 0.4617 	 1.7328 	 	 0.2859 	 	 0.8371 	 0.8041 	 1.3781 	 	 0.5145
[2022/05/26 16:57:07] - 198 	 242.3 	 	 38.6 	 	 0.0010 	 1.3524 	 0.4562 	 1.7516 	 	 0.2808 	 	 0.8006 	 0.8054 	 1.4063 	 	 0.5028
[2022/05/26 17:01:48] - 199 	 242.5 	 	 38.6 	 	 0.0010 	 1.3330 	 0.4643 	 1.7293 	 	 0.2931 	 	 1.1548 	 0.7478 	 1.5370 	 	 0.5044