[2020/01/30 10:10:16] - Namespace(attack='pgd', attack_iters=10, batch_size=128, chkpt_iters=10, cutout=False, cutout_len=None, data_dir='../cifar-data', epochs=200, epsilon=8, eval=False, fgsm_alpha=1.25, fgsm_init='random', fname='experiments/cifar10_mixup/preactresnet18_2.0', half=False, l1=0, l2=0, lr_drop_epoch=100, lr_max=0.1, lr_one_drop=0.01, lr_schedule='piecewise', mixup=True, mixup_alpha=2.0, model='PreActResNet18', norm='l_inf', pgd_alpha=2, restarts=1, resume=0, seed=0, val=False, width_factor=10)
[2020/01/30 10:10:20] - Epoch 	 Train Time 	 Test Time 	 LR 	 	 Train Loss 	 Train Acc 	 Train Robust Loss 	 Train Robust Acc 	 Test Loss 	 Test Acc 	 Test Robust Loss 	 Test Robust Acc
[2020/01/30 10:17:04] - 0 	 350.4 	 	 53.8 	 	 0.1000 	 2.2214 	 0.1570 	 2.2922 	 	 0.1272 	 	 2.0818 	 0.2492 	 2.1575 	 	 0.2087
[2020/01/30 10:23:57] - 1 	 359.8 	 	 53.3 	 	 0.1000 	 2.1535 	 0.1883 	 2.2359 	 	 0.1456 	 	 1.9704 	 0.3244 	 2.0700 	 	 0.2558
[2020/01/30 10:30:51] - 2 	 359.9 	 	 53.7 	 	 0.1000 	 2.1070 	 0.2132 	 2.2175 	 	 0.1568 	 	 1.9783 	 0.3429 	 2.0693 	 	 0.2595
[2020/01/30 10:37:46] - 3 	 360.6 	 	 53.7 	 	 0.1000 	 2.0725 	 0.2302 	 2.1990 	 	 0.1641 	 	 1.8000 	 0.3632 	 1.9676 	 	 0.2788
[2020/01/30 10:44:41] - 4 	 360.7 	 	 53.5 	 	 0.1000 	 2.0526 	 0.2350 	 2.1898 	 	 0.1666 	 	 1.8732 	 0.3637 	 1.9976 	 	 0.2866
[2020/01/30 10:51:35] - 5 	 360.4 	 	 53.6 	 	 0.1000 	 2.0383 	 0.2394 	 2.1820 	 	 0.1691 	 	 1.7721 	 0.3977 	 1.9545 	 	 0.2878
[2020/01/30 10:58:30] - 6 	 360.7 	 	 53.9 	 	 0.1000 	 2.0305 	 0.2432 	 2.1795 	 	 0.1670 	 	 1.8017 	 0.3904 	 1.9656 	 	 0.2870
[2020/01/30 11:05:25] - 7 	 361.6 	 	 53.7 	 	 0.1000 	 2.0175 	 0.2582 	 2.1724 	 	 0.1743 	 	 1.7552 	 0.4201 	 1.9217 	 	 0.3070
[2020/01/30 11:12:22] - 8 	 362.1 	 	 53.8 	 	 0.1000 	 2.0096 	 0.2631 	 2.1689 	 	 0.1780 	 	 1.7474 	 0.4101 	 1.9250 	 	 0.3054
[2020/01/30 11:19:18] - 9 	 362.1 	 	 54.0 	 	 0.1000 	 1.9993 	 0.2635 	 2.1651 	 	 0.1738 	 	 1.7141 	 0.4307 	 1.9048 	 	 0.3092
[2020/01/30 11:26:16] - 10 	 363.0 	 	 53.9 	 	 0.1000 	 1.9783 	 0.2745 	 2.1537 	 	 0.1808 	 	 1.7298 	 0.4335 	 1.8982 	 	 0.3247
[2020/01/30 11:33:13] - 11 	 363.0 	 	 53.8 	 	 0.1000 	 1.9830 	 0.2614 	 2.1587 	 	 0.1709 	 	 1.7103 	 0.4661 	 1.8840 	 	 0.3395
[2020/01/30 11:40:11] - 12 	 363.3 	 	 54.0 	 	 0.1000 	 1.9728 	 0.2788 	 2.1533 	 	 0.1799 	 	 1.6818 	 0.4630 	 1.8706 	 	 0.3367
[2020/01/30 11:47:08] - 13 	 362.9 	 	 54.0 	 	 0.1000 	 1.9712 	 0.2889 	 2.1539 	 	 0.1873 	 	 1.6205 	 0.4533 	 1.8608 	 	 0.3134
[2020/01/30 11:54:05] - 14 	 363.6 	 	 53.9 	 	 0.1000 	 1.9611 	 0.2766 	 2.1498 	 	 0.1791 	 	 1.6692 	 0.5060 	 1.8488 	 	 0.3688
[2020/01/30 12:01:04] - 15 	 363.8 	 	 54.1 	 	 0.1000 	 1.9613 	 0.2771 	 2.1505 	 	 0.1783 	 	 1.6880 	 0.4781 	 1.8584 	 	 0.3668
[2020/01/30 12:08:01] - 16 	 363.3 	 	 54.2 	 	 0.1000 	 1.9391 	 0.2897 	 2.1388 	 	 0.1841 	 	 1.6473 	 0.5027 	 1.8438 	 	 0.3616
[2020/01/30 12:14:59] - 17 	 364.0 	 	 54.1 	 	 0.1000 	 1.9538 	 0.2898 	 2.1480 	 	 0.1815 	 	 1.6429 	 0.4885 	 1.8259 	 	 0.3682
[2020/01/30 12:21:58] - 18 	 364.2 	 	 54.1 	 	 0.1000 	 1.9405 	 0.2863 	 2.1401 	 	 0.1805 	 	 1.7069 	 0.4976 	 1.8714 	 	 0.3672
[2020/01/30 12:28:57] - 19 	 364.8 	 	 54.2 	 	 0.1000 	 1.9260 	 0.2970 	 2.1344 	 	 0.1863 	 	 1.6522 	 0.4896 	 1.8373 	 	 0.3646
[2020/01/30 12:35:57] - 20 	 365.3 	 	 54.2 	 	 0.1000 	 1.9335 	 0.2965 	 2.1383 	 	 0.1818 	 	 1.6152 	 0.4974 	 1.8363 	 	 0.3605
[2020/01/30 12:42:56] - 21 	 364.5 	 	 54.1 	 	 0.1000 	 1.9499 	 0.2870 	 2.1482 	 	 0.1788 	 	 1.6070 	 0.4814 	 1.8274 	 	 0.3483
[2020/01/30 12:49:54] - 22 	 364.6 	 	 54.2 	 	 0.1000 	 1.9240 	 0.3033 	 2.1330 	 	 0.1899 	 	 1.5653 	 0.5160 	 1.7977 	 	 0.3629
[2020/01/30 12:56:53] - 23 	 364.8 	 	 54.1 	 	 0.1000 	 1.9235 	 0.3039 	 2.1349 	 	 0.1874 	 	 1.5633 	 0.5097 	 1.7992 	 	 0.3707
[2020/01/30 13:03:53] - 24 	 364.8 	 	 54.1 	 	 0.1000 	 1.9161 	 0.2972 	 2.1293 	 	 0.1859 	 	 1.5169 	 0.5337 	 1.7822 	 	 0.3743
[2020/01/30 13:10:51] - 25 	 364.1 	 	 54.0 	 	 0.1000 	 1.9279 	 0.3088 	 2.1375 	 	 0.1909 	 	 1.5633 	 0.5150 	 1.7935 	 	 0.3704
[2020/01/30 13:17:49] - 26 	 363.5 	 	 54.2 	 	 0.1000 	 1.9247 	 0.3054 	 2.1362 	 	 0.1866 	 	 1.6448 	 0.5119 	 1.8398 	 	 0.3697
[2020/01/30 13:24:47] - 27 	 363.8 	 	 53.9 	 	 0.1000 	 1.9203 	 0.2976 	 2.1323 	 	 0.1854 	 	 1.5381 	 0.5388 	 1.7780 	 	 0.3825
[2020/01/30 13:31:47] - 28 	 365.2 	 	 54.3 	 	 0.1000 	 1.9033 	 0.2991 	 2.1237 	 	 0.1830 	 	 1.5169 	 0.5358 	 1.7857 	 	 0.3662
[2020/01/30 13:38:46] - 29 	 365.1 	 	 54.3 	 	 0.1000 	 1.9169 	 0.3014 	 2.1335 	 	 0.1834 	 	 1.5847 	 0.5253 	 1.7972 	 	 0.3774
[2020/01/30 13:45:46] - 30 	 365.0 	 	 54.1 	 	 0.1000 	 1.9199 	 0.2997 	 2.1338 	 	 0.1831 	 	 1.5623 	 0.5429 	 1.7793 	 	 0.3912
[2020/01/30 13:52:44] - 31 	 363.8 	 	 53.9 	 	 0.1000 	 1.8885 	 0.2945 	 2.1159 	 	 0.1831 	 	 1.6104 	 0.5317 	 1.8055 	 	 0.3951
[2020/01/30 13:59:43] - 32 	 363.9 	 	 54.1 	 	 0.1000 	 1.9067 	 0.3015 	 2.1280 	 	 0.1860 	 	 1.5330 	 0.5179 	 1.7898 	 	 0.3631
[2020/01/30 14:06:41] - 33 	 364.4 	 	 54.3 	 	 0.1000 	 1.9125 	 0.3106 	 2.1316 	 	 0.1892 	 	 1.6282 	 0.5199 	 1.8340 	 	 0.3650
[2020/01/30 14:13:40] - 34 	 364.3 	 	 54.2 	 	 0.1000 	 1.9035 	 0.3149 	 2.1273 	 	 0.1919 	 	 1.6079 	 0.5136 	 1.8079 	 	 0.3786
[2020/01/30 14:20:39] - 35 	 364.8 	 	 54.1 	 	 0.1000 	 1.9057 	 0.3005 	 2.1287 	 	 0.1820 	 	 1.5451 	 0.5169 	 1.7709 	 	 0.3818
[2020/01/30 14:27:37] - 36 	 364.1 	 	 54.1 	 	 0.1000 	 1.8934 	 0.3144 	 2.1210 	 	 0.1905 	 	 1.5471 	 0.5349 	 1.7702 	 	 0.3849
[2020/01/30 14:34:35] - 37 	 363.9 	 	 54.1 	 	 0.1000 	 1.8975 	 0.3239 	 2.1230 	 	 0.1982 	 	 1.4890 	 0.5540 	 1.7607 	 	 0.3737
[2020/01/30 14:41:32] - 38 	 363.3 	 	 54.2 	 	 0.1000 	 1.8808 	 0.3207 	 2.1140 	 	 0.1937 	 	 1.5133 	 0.5503 	 1.7602 	 	 0.3793
[2020/01/30 14:48:30] - 39 	 363.8 	 	 53.9 	 	 0.1000 	 1.9076 	 0.3087 	 2.1310 	 	 0.1862 	 	 1.5668 	 0.5415 	 1.7866 	 	 0.3879
[2020/01/30 14:55:29] - 40 	 364.3 	 	 54.1 	 	 0.1000 	 1.9033 	 0.3036 	 2.1266 	 	 0.1850 	 	 1.5854 	 0.5194 	 1.8154 	 	 0.3628
[2020/01/30 15:02:28] - 41 	 364.5 	 	 54.2 	 	 0.1000 	 1.9020 	 0.3164 	 2.1260 	 	 0.1939 	 	 1.5935 	 0.5003 	 1.7992 	 	 0.3739
[2020/01/30 15:09:27] - 42 	 364.9 	 	 54.2 	 	 0.1000 	 1.8920 	 0.3145 	 2.1212 	 	 0.1873 	 	 1.5102 	 0.5178 	 1.7832 	 	 0.3603
[2020/01/30 15:16:26] - 43 	 364.9 	 	 54.3 	 	 0.1000 	 1.8874 	 0.3162 	 2.1193 	 	 0.1895 	 	 1.5572 	 0.5560 	 1.7757 	 	 0.4072
[2020/01/30 15:23:25] - 44 	 364.2 	 	 53.8 	 	 0.1000 	 1.8873 	 0.3046 	 2.1203 	 	 0.1854 	 	 1.5787 	 0.5228 	 1.7857 	 	 0.3980
[2020/01/30 15:30:22] - 45 	 363.2 	 	 53.9 	 	 0.1000 	 1.9014 	 0.3063 	 2.1265 	 	 0.1856 	 	 1.5095 	 0.5824 	 1.7401 	 	 0.4164
[2020/01/30 15:37:19] - 46 	 362.5 	 	 53.9 	 	 0.1000 	 1.8749 	 0.3240 	 2.1130 	 	 0.1953 	 	 1.5021 	 0.5798 	 1.7472 	 	 0.4080
[2020/01/30 15:44:16] - 47 	 363.9 	 	 53.9 	 	 0.1000 	 1.8822 	 0.3221 	 2.1162 	 	 0.1949 	 	 1.6110 	 0.5328 	 1.8165 	 	 0.3874
[2020/01/30 15:51:14] - 48 	 363.5 	 	 53.9 	 	 0.1000 	 1.8849 	 0.3217 	 2.1168 	 	 0.1930 	 	 1.4272 	 0.5730 	 1.7098 	 	 0.3999
[2020/01/30 15:58:12] - 49 	 364.0 	 	 54.1 	 	 0.1000 	 1.8851 	 0.3237 	 2.1194 	 	 0.1949 	 	 1.5500 	 0.5568 	 1.7666 	 	 0.4080
[2020/01/30 16:05:12] - 50 	 364.5 	 	 54.2 	 	 0.1000 	 1.8988 	 0.3187 	 2.1263 	 	 0.1942 	 	 1.4673 	 0.5796 	 1.7284 	 	 0.4136
[2020/01/30 16:12:10] - 51 	 364.3 	 	 54.0 	 	 0.1000 	 1.8877 	 0.3219 	 2.1210 	 	 0.1912 	 	 1.4324 	 0.5595 	 1.7414 	 	 0.3797
[2020/01/30 16:19:09] - 52 	 364.8 	 	 54.2 	 	 0.1000 	 1.8695 	 0.3223 	 2.1082 	 	 0.1923 	 	 1.5278 	 0.5657 	 1.7589 	 	 0.4107
[2020/01/30 16:26:07] - 53 	 363.8 	 	 54.1 	 	 0.1000 	 1.8868 	 0.3224 	 2.1201 	 	 0.1935 	 	 1.5598 	 0.5602 	 1.7782 	 	 0.4118
[2020/01/30 16:33:05] - 54 	 363.9 	 	 54.3 	 	 0.1000 	 1.8764 	 0.3165 	 2.1154 	 	 0.1895 	 	 1.4825 	 0.5489 	 1.7442 	 	 0.3904
[2020/01/30 16:40:02] - 55 	 363.7 	 	 54.0 	 	 0.1000 	 1.8932 	 0.3199 	 2.1242 	 	 0.1929 	 	 1.5228 	 0.5736 	 1.7475 	 	 0.4201
[2020/01/30 16:47:01] - 56 	 363.5 	 	 54.1 	 	 0.1000 	 1.8807 	 0.3081 	 2.1167 	 	 0.1871 	 	 1.5735 	 0.5538 	 1.7936 	 	 0.3882
[2020/01/30 16:53:59] - 57 	 364.7 	 	 54.0 	 	 0.1000 	 1.8797 	 0.3129 	 2.1160 	 	 0.1899 	 	 1.4681 	 0.5784 	 1.7269 	 	 0.4106
[2020/01/30 17:00:58] - 58 	 364.2 	 	 54.1 	 	 0.1000 	 1.8784 	 0.3119 	 2.1149 	 	 0.1898 	 	 1.4817 	 0.5596 	 1.7273 	 	 0.4090
[2020/01/30 17:07:56] - 59 	 363.9 	 	 54.2 	 	 0.1000 	 1.8804 	 0.3129 	 2.1170 	 	 0.1886 	 	 1.5463 	 0.5281 	 1.7801 	 	 0.3755
[2020/01/30 17:14:56] - 60 	 364.8 	 	 54.3 	 	 0.1000 	 1.8703 	 0.3110 	 2.1106 	 	 0.1883 	 	 1.4192 	 0.5895 	 1.7055 	 	 0.4152
[2020/01/30 17:21:55] - 61 	 365.2 	 	 54.2 	 	 0.1000 	 1.8780 	 0.3158 	 2.1165 	 	 0.1896 	 	 1.4724 	 0.5419 	 1.7414 	 	 0.3716
[2020/01/30 17:28:53] - 62 	 363.6 	 	 54.1 	 	 0.1000 	 1.8884 	 0.3185 	 2.1218 	 	 0.1898 	 	 1.5857 	 0.5406 	 1.8013 	 	 0.3870
[2020/01/30 17:35:49] - 63 	 362.2 	 	 53.9 	 	 0.1000 	 1.8798 	 0.3213 	 2.1164 	 	 0.1895 	 	 1.4558 	 0.5830 	 1.7140 	 	 0.4107
[2020/01/30 17:42:46] - 64 	 363.5 	 	 54.0 	 	 0.1000 	 1.8724 	 0.3076 	 2.1131 	 	 0.1858 	 	 1.4796 	 0.5542 	 1.7447 	 	 0.3896
[2020/01/30 17:49:44] - 65 	 363.8 	 	 54.1 	 	 0.1000 	 1.8847 	 0.3171 	 2.1226 	 	 0.1890 	 	 1.5172 	 0.5664 	 1.7500 	 	 0.4078
[2020/01/30 17:56:42] - 66 	 363.6 	 	 54.0 	 	 0.1000 	 1.8738 	 0.3226 	 2.1150 	 	 0.1933 	 	 1.4492 	 0.5795 	 1.7424 	 	 0.3898
[2020/01/30 18:03:39] - 67 	 362.8 	 	 54.0 	 	 0.1000 	 1.8727 	 0.3362 	 2.1119 	 	 0.2027 	 	 1.4298 	 0.5755 	 1.6979 	 	 0.4144
[2020/01/30 18:10:37] - 68 	 364.3 	 	 54.1 	 	 0.1000 	 1.8782 	 0.3364 	 2.1162 	 	 0.1997 	 	 1.5028 	 0.5696 	 1.7362 	 	 0.4191
[2020/01/30 18:17:34] - 69 	 363.6 	 	 53.9 	 	 0.1000 	 1.8726 	 0.3181 	 2.1129 	 	 0.1917 	 	 1.4939 	 0.5445 	 1.7832 	 	 0.3734
[2020/01/30 18:24:32] - 70 	 363.4 	 	 53.9 	 	 0.1000 	 1.8720 	 0.3138 	 2.1115 	 	 0.1881 	 	 1.4237 	 0.5941 	 1.6936 	 	 0.4226
[2020/01/30 18:31:30] - 71 	 363.4 	 	 54.0 	 	 0.1000 	 1.8859 	 0.3353 	 2.1218 	 	 0.1979 	 	 1.3711 	 0.5891 	 1.7010 	 	 0.3977
[2020/01/30 18:38:29] - 72 	 364.1 	 	 54.1 	 	 0.1000 	 1.8743 	 0.3154 	 2.1154 	 	 0.1884 	 	 1.6132 	 0.5415 	 1.8097 	 	 0.4019
[2020/01/30 18:45:26] - 73 	 363.4 	 	 54.0 	 	 0.1000 	 1.8815 	 0.3380 	 2.1173 	 	 0.2018 	 	 1.3931 	 0.5848 	 1.6952 	 	 0.4055
[2020/01/30 18:52:24] - 74 	 364.2 	 	 53.9 	 	 0.1000 	 1.8676 	 0.3092 	 2.1133 	 	 0.1825 	 	 1.5105 	 0.5758 	 1.7362 	 	 0.4234
[2020/01/30 18:59:22] - 75 	 363.8 	 	 54.2 	 	 0.1000 	 1.8703 	 0.3246 	 2.1127 	 	 0.1918 	 	 1.4456 	 0.5367 	 1.7475 	 	 0.3709
[2020/01/30 19:06:21] - 76 	 364.4 	 	 54.1 	 	 0.1000 	 1.8790 	 0.3235 	 2.1174 	 	 0.1966 	 	 1.5713 	 0.5270 	 1.7794 	 	 0.3971
[2020/01/30 19:13:19] - 77 	 364.1 	 	 54.0 	 	 0.1000 	 1.8701 	 0.3280 	 2.1129 	 	 0.1929 	 	 1.4759 	 0.5658 	 1.7268 	 	 0.4068
[2020/01/30 19:20:17] - 78 	 363.4 	 	 54.2 	 	 0.1000 	 1.8846 	 0.3331 	 2.1205 	 	 0.1982 	 	 1.5423 	 0.5409 	 1.7672 	 	 0.4018
[2020/01/30 19:27:16] - 79 	 365.1 	 	 54.2 	 	 0.1000 	 1.8679 	 0.3180 	 2.1116 	 	 0.1901 	 	 1.6214 	 0.5361 	 1.8164 	 	 0.3902
[2020/01/30 19:34:16] - 80 	 365.1 	 	 54.3 	 	 0.1000 	 1.8766 	 0.3269 	 2.1164 	 	 0.1953 	 	 1.5004 	 0.5739 	 1.7423 	 	 0.4024
[2020/01/30 19:41:15] - 81 	 364.9 	 	 54.2 	 	 0.1000 	 1.8732 	 0.3199 	 2.1137 	 	 0.1911 	 	 1.4970 	 0.5567 	 1.7458 	 	 0.4026
[2020/01/30 19:48:13] - 82 	 363.8 	 	 54.2 	 	 0.1000 	 1.8711 	 0.3197 	 2.1130 	 	 0.1920 	 	 1.4604 	 0.5655 	 1.7459 	 	 0.3882
[2020/01/30 19:55:12] - 83 	 364.8 	 	 54.0 	 	 0.1000 	 1.8684 	 0.3320 	 2.1117 	 	 0.1976 	 	 1.4364 	 0.5873 	 1.7085 	 	 0.4176
[2020/01/30 20:02:10] - 84 	 364.2 	 	 54.0 	 	 0.1000 	 1.8550 	 0.3186 	 2.1035 	 	 0.1898 	 	 1.3748 	 0.5941 	 1.6879 	 	 0.3960
[2020/01/30 20:09:09] - 85 	 364.4 	 	 54.2 	 	 0.1000 	 1.8703 	 0.3454 	 2.1138 	 	 0.2046 	 	 1.4180 	 0.5944 	 1.7241 	 	 0.3996
[2020/01/30 20:16:08] - 86 	 364.7 	 	 54.1 	 	 0.1000 	 1.8701 	 0.3333 	 2.1139 	 	 0.1976 	 	 1.6581 	 0.5159 	 1.8377 	 	 0.4011
[2020/01/30 20:23:07] - 87 	 364.9 	 	 54.0 	 	 0.1000 	 1.8671 	 0.3259 	 2.1117 	 	 0.1934 	 	 1.4885 	 0.5961 	 1.7322 	 	 0.4142
[2020/01/30 20:30:05] - 88 	 363.8 	 	 54.0 	 	 0.1000 	 1.8640 	 0.3313 	 2.1094 	 	 0.1966 	 	 1.4497 	 0.5974 	 1.7045 	 	 0.4165
[2020/01/30 20:37:02] - 89 	 363.8 	 	 54.2 	 	 0.1000 	 1.8774 	 0.3025 	 2.1176 	 	 0.1844 	 	 1.5651 	 0.5811 	 1.7749 	 	 0.4207
[2020/01/30 20:44:01] - 90 	 363.3 	 	 53.9 	 	 0.1000 	 1.8629 	 0.3309 	 2.1075 	 	 0.1993 	 	 1.3716 	 0.5880 	 1.6950 	 	 0.3929
[2020/01/30 20:50:59] - 91 	 364.2 	 	 54.2 	 	 0.1000 	 1.8770 	 0.3362 	 2.1182 	 	 0.1969 	 	 1.5056 	 0.5770 	 1.7523 	 	 0.4109
[2020/01/30 20:57:57] - 92 	 364.2 	 	 54.0 	 	 0.1000 	 1.8655 	 0.3223 	 2.1108 	 	 0.1939 	 	 1.4759 	 0.5724 	 1.7233 	 	 0.4155
[2020/01/30 21:04:55] - 93 	 364.2 	 	 54.1 	 	 0.1000 	 1.8700 	 0.3141 	 2.1145 	 	 0.1896 	 	 1.4722 	 0.5877 	 1.7183 	 	 0.4188
[2020/01/30 21:11:54] - 94 	 364.0 	 	 54.1 	 	 0.1000 	 1.8650 	 0.3182 	 2.1110 	 	 0.1899 	 	 1.5075 	 0.5790 	 1.7564 	 	 0.4056
[2020/01/30 21:18:52] - 95 	 364.3 	 	 54.1 	 	 0.1000 	 1.8522 	 0.3191 	 2.1028 	 	 0.1886 	 	 1.5399 	 0.5317 	 1.7848 	 	 0.3684
[2020/01/30 21:25:51] - 96 	 364.7 	 	 54.4 	 	 0.1000 	 1.8773 	 0.3273 	 2.1178 	 	 0.1926 	 	 1.5031 	 0.5599 	 1.7446 	 	 0.3895
[2020/01/30 21:32:49] - 97 	 364.3 	 	 54.2 	 	 0.1000 	 1.8521 	 0.3079 	 2.1009 	 	 0.1846 	 	 1.3879 	 0.5749 	 1.6990 	 	 0.3998
[2020/01/30 21:39:48] - 98 	 364.6 	 	 54.0 	 	 0.1000 	 1.8752 	 0.3097 	 2.1160 	 	 0.1832 	 	 1.4573 	 0.6047 	 1.7083 	 	 0.4326
[2020/01/30 21:46:47] - 99 	 364.0 	 	 54.2 	 	 0.0100 	 1.8685 	 0.3303 	 2.1120 	 	 0.1940 	 	 1.4575 	 0.5694 	 1.7395 	 	 0.3896
[2020/01/30 21:53:46] - 100 	 364.6 	 	 54.1 	 	 0.0100 	 1.8100 	 0.3471 	 2.0615 	 	 0.2095 	 	 1.3391 	 0.6305 	 1.6347 	 	 0.4432
[2020/01/30 22:00:45] - 101 	 364.5 	 	 54.2 	 	 0.0100 	 1.7701 	 0.3421 	 2.0398 	 	 0.2067 	 	 1.3207 	 0.6518 	 1.5966 	 	 0.4770
[2020/01/30 22:07:45] - 102 	 365.1 	 	 54.3 	 	 0.0100 	 1.7465 	 0.3524 	 2.0289 	 	 0.2138 	 	 1.2636 	 0.6690 	 1.5732 	 	 0.4679
[2020/01/30 22:14:44] - 103 	 364.4 	 	 54.1 	 	 0.0100 	 1.7557 	 0.3624 	 2.0383 	 	 0.2159 	 	 1.1351 	 0.6795 	 1.5293 	 	 0.4599
[2020/01/30 22:21:42] - 104 	 364.4 	 	 54.1 	 	 0.0100 	 1.7448 	 0.3649 	 2.0335 	 	 0.2188 	 	 1.2076 	 0.6804 	 1.5477 	 	 0.4748
[2020/01/30 22:28:41] - 105 	 364.4 	 	 54.0 	 	 0.0100 	 1.7469 	 0.3687 	 2.0359 	 	 0.2177 	 	 1.3673 	 0.6429 	 1.6537 	 	 0.4474
[2020/01/30 22:35:39] - 106 	 364.2 	 	 54.1 	 	 0.0100 	 1.7059 	 0.3538 	 2.0075 	 	 0.2141 	 	 1.2361 	 0.6720 	 1.5622 	 	 0.4757
[2020/01/30 22:42:37] - 107 	 364.1 	 	 54.2 	 	 0.0100 	 1.7236 	 0.3582 	 2.0212 	 	 0.2158 	 	 1.2075 	 0.6887 	 1.5599 	 	 0.4659
[2020/01/30 22:49:36] - 108 	 364.5 	 	 54.2 	 	 0.0100 	 1.7107 	 0.3898 	 2.0113 	 	 0.2315 	 	 1.2400 	 0.6817 	 1.5591 	 	 0.4760
[2020/01/30 22:56:35] - 109 	 364.8 	 	 53.9 	 	 0.0100 	 1.7051 	 0.3568 	 2.0105 	 	 0.2157 	 	 1.0882 	 0.7033 	 1.5019 	 	 0.4665
[2020/01/30 23:03:33] - 110 	 363.7 	 	 54.0 	 	 0.0100 	 1.7247 	 0.3696 	 2.0254 	 	 0.2187 	 	 1.2911 	 0.6656 	 1.6108 	 	 0.4595
[2020/01/30 23:10:31] - 111 	 363.7 	 	 53.9 	 	 0.0100 	 1.7081 	 0.3595 	 2.0117 	 	 0.2142 	 	 1.3545 	 0.6553 	 1.6272 	 	 0.4727
[2020/01/30 23:17:29] - 112 	 364.2 	 	 54.2 	 	 0.0100 	 1.7125 	 0.3809 	 2.0178 	 	 0.2252 	 	 1.3359 	 0.6620 	 1.6234 	 	 0.4750
[2020/01/30 23:24:28] - 113 	 364.6 	 	 54.0 	 	 0.0100 	 1.7264 	 0.3575 	 2.0265 	 	 0.2128 	 	 1.2918 	 0.6766 	 1.5793 	 	 0.4867
[2020/01/30 23:31:26] - 114 	 363.9 	 	 53.9 	 	 0.0100 	 1.7008 	 0.3670 	 2.0097 	 	 0.2189 	 	 1.3491 	 0.6558 	 1.6319 	 	 0.4697
[2020/01/30 23:38:25] - 115 	 364.7 	 	 54.2 	 	 0.0100 	 1.7011 	 0.3914 	 2.0131 	 	 0.2315 	 	 1.2098 	 0.6853 	 1.5525 	 	 0.4717
[2020/01/30 23:45:23] - 116 	 364.4 	 	 54.0 	 	 0.0100 	 1.7402 	 0.3618 	 2.0394 	 	 0.2118 	 	 1.3024 	 0.6851 	 1.6123 	 	 0.4690
[2020/01/30 23:52:21] - 117 	 363.2 	 	 54.0 	 	 0.0100 	 1.7207 	 0.3653 	 2.0265 	 	 0.2158 	 	 1.0371 	 0.7204 	 1.4638 	 	 0.4818
[2020/01/30 23:59:19] - 118 	 364.4 	 	 54.2 	 	 0.0100 	 1.6916 	 0.3780 	 2.0046 	 	 0.2213 	 	 1.3393 	 0.6706 	 1.6225 	 	 0.4724
[2020/01/31 00:06:18] - 119 	 364.8 	 	 53.7 	 	 0.0100 	 1.7128 	 0.3719 	 2.0199 	 	 0.2190 	 	 1.2963 	 0.6741 	 1.5965 	 	 0.4794
[2020/01/31 00:13:17] - 120 	 363.9 	 	 54.2 	 	 0.0100 	 1.7031 	 0.3699 	 2.0141 	 	 0.2161 	 	 1.3233 	 0.6712 	 1.6110 	 	 0.4729
[2020/01/31 00:20:16] - 121 	 365.0 	 	 54.3 	 	 0.0100 	 1.7259 	 0.3817 	 2.0294 	 	 0.2244 	 	 1.2934 	 0.6590 	 1.6110 	 	 0.4537
[2020/01/31 00:27:15] - 122 	 364.9 	 	 54.2 	 	 0.0100 	 1.7171 	 0.3642 	 2.0274 	 	 0.2130 	 	 1.4129 	 0.6350 	 1.6752 	 	 0.4489
[2020/01/31 00:34:14] - 123 	 364.5 	 	 54.1 	 	 0.0100 	 1.7196 	 0.3605 	 2.0251 	 	 0.2130 	 	 1.1223 	 0.7077 	 1.5277 	 	 0.4595
[2020/01/31 00:41:13] - 124 	 365.4 	 	 54.2 	 	 0.0100 	 1.7242 	 0.4034 	 2.0304 	 	 0.2331 	 	 1.1929 	 0.6799 	 1.5598 	 	 0.4663
[2020/01/31 00:48:11] - 125 	 363.7 	 	 54.2 	 	 0.0100 	 1.6995 	 0.3697 	 2.0117 	 	 0.2199 	 	 1.2914 	 0.6915 	 1.5889 	 	 0.4829
[2020/01/31 00:55:10] - 126 	 365.3 	 	 54.0 	 	 0.0100 	 1.7091 	 0.3490 	 2.0206 	 	 0.2100 	 	 1.3304 	 0.6831 	 1.6085 	 	 0.4902
[2020/01/31 01:02:09] - 127 	 364.6 	 	 54.1 	 	 0.0100 	 1.7086 	 0.3768 	 2.0197 	 	 0.2214 	 	 1.2311 	 0.6956 	 1.5580 	 	 0.4825
[2020/01/31 01:09:07] - 128 	 364.3 	 	 53.6 	 	 0.0100 	 1.6979 	 0.3745 	 2.0136 	 	 0.2204 	 	 1.0784 	 0.7189 	 1.4924 	 	 0.4755
[2020/01/31 01:16:05] - 129 	 363.1 	 	 54.0 	 	 0.0100 	 1.7007 	 0.3987 	 2.0143 	 	 0.2337 	 	 1.1755 	 0.7083 	 1.4969 	 	 0.5012
[2020/01/31 01:23:04] - 130 	 364.5 	 	 53.8 	 	 0.0100 	 1.7092 	 0.3820 	 2.0178 	 	 0.2247 	 	 1.2866 	 0.6734 	 1.5814 	 	 0.4763
[2020/01/31 01:30:02] - 131 	 363.5 	 	 53.9 	 	 0.0100 	 1.6936 	 0.3684 	 2.0083 	 	 0.2179 	 	 1.3845 	 0.6612 	 1.6538 	 	 0.4709
[2020/01/31 01:36:59] - 132 	 363.3 	 	 54.1 	 	 0.0100 	 1.6802 	 0.3752 	 2.0008 	 	 0.2198 	 	 1.1005 	 0.7130 	 1.4885 	 	 0.4846
[2020/01/31 01:43:57] - 133 	 363.9 	 	 54.1 	 	 0.0100 	 1.6944 	 0.3809 	 2.0111 	 	 0.2243 	 	 1.2751 	 0.6860 	 1.5872 	 	 0.4822
[2020/01/31 01:50:55] - 134 	 364.5 	 	 53.9 	 	 0.0100 	 1.6986 	 0.3905 	 2.0131 	 	 0.2287 	 	 1.3504 	 0.6667 	 1.6235 	 	 0.4874
[2020/01/31 01:57:54] - 135 	 364.3 	 	 54.1 	 	 0.0100 	 1.6863 	 0.3860 	 2.0084 	 	 0.2249 	 	 1.3157 	 0.6843 	 1.6083 	 	 0.4844
[2020/01/31 02:04:52] - 136 	 364.4 	 	 54.2 	 	 0.0100 	 1.6884 	 0.3660 	 2.0088 	 	 0.2143 	 	 1.3070 	 0.6679 	 1.6139 	 	 0.4669
[2020/01/31 02:11:51] - 137 	 364.8 	 	 54.2 	 	 0.0100 	 1.6980 	 0.3757 	 2.0131 	 	 0.2224 	 	 1.2240 	 0.6861 	 1.5576 	 	 0.4799
[2020/01/31 02:18:50] - 138 	 365.0 	 	 54.1 	 	 0.0100 	 1.6890 	 0.3791 	 2.0076 	 	 0.2203 	 	 1.3791 	 0.6532 	 1.6431 	 	 0.4748
[2020/01/31 02:25:50] - 139 	 364.9 	 	 54.2 	 	 0.0100 	 1.7066 	 0.3991 	 2.0231 	 	 0.2304 	 	 1.2299 	 0.6931 	 1.5645 	 	 0.4768
[2020/01/31 02:32:49] - 140 	 364.5 	 	 54.2 	 	 0.0100 	 1.6813 	 0.3697 	 2.0012 	 	 0.2154 	 	 1.3142 	 0.6713 	 1.6044 	 	 0.4777
[2020/01/31 02:39:48] - 141 	 365.2 	 	 54.1 	 	 0.0100 	 1.6916 	 0.3904 	 2.0129 	 	 0.2272 	 	 1.1954 	 0.7002 	 1.5538 	 	 0.4730
[2020/01/31 02:46:46] - 142 	 364.0 	 	 54.1 	 	 0.0100 	 1.6982 	 0.3992 	 2.0150 	 	 0.2320 	 	 1.1040 	 0.7047 	 1.5058 	 	 0.4802
[2020/01/31 02:53:46] - 143 	 364.9 	 	 54.1 	 	 0.0100 	 1.6729 	 0.3830 	 1.9961 	 	 0.2266 	 	 1.1396 	 0.7172 	 1.5073 	 	 0.4889
[2020/01/31 03:00:44] - 144 	 364.5 	 	 54.2 	 	 0.0100 	 1.6778 	 0.3842 	 2.0038 	 	 0.2267 	 	 1.1685 	 0.7104 	 1.5310 	 	 0.4857
[2020/01/31 03:07:43] - 145 	 364.8 	 	 54.1 	 	 0.0100 	 1.6972 	 0.3805 	 2.0126 	 	 0.2219 	 	 1.3365 	 0.6694 	 1.6299 	 	 0.4755
[2020/01/31 03:14:42] - 146 	 364.5 	 	 54.0 	 	 0.0100 	 1.6980 	 0.3759 	 2.0157 	 	 0.2205 	 	 1.1256 	 0.7176 	 1.4934 	 	 0.4973
[2020/01/31 03:21:40] - 147 	 364.7 	 	 53.9 	 	 0.0100 	 1.6806 	 0.3798 	 2.0024 	 	 0.2240 	 	 1.0344 	 0.7110 	 1.4484 	 	 0.4858
[2020/01/31 03:28:38] - 148 	 363.7 	 	 53.9 	 	 0.0100 	 1.6680 	 0.3919 	 1.9960 	 	 0.2319 	 	 1.2272 	 0.7016 	 1.5704 	 	 0.4829
[2020/01/31 03:35:36] - 149 	 364.3 	 	 54.1 	 	 0.0010 	 1.6778 	 0.3952 	 2.0003 	 	 0.2314 	 	 1.2277 	 0.6973 	 1.5586 	 	 0.4866
[2020/01/31 03:42:36] - 150 	 364.3 	 	 54.1 	 	 0.0010 	 1.6528 	 0.3860 	 1.9735 	 	 0.2308 	 	 1.0516 	 0.7437 	 1.4376 	 	 0.5122
[2020/01/31 03:49:34] - 151 	 364.2 	 	 53.9 	 	 0.0010 	 1.6390 	 0.3996 	 1.9651 	 	 0.2351 	 	 1.0051 	 0.7525 	 1.4131 	 	 0.5128
[2020/01/31 03:56:30] - 152 	 362.0 	 	 53.8 	 	 0.0010 	 1.6336 	 0.4157 	 1.9568 	 	 0.2454 	 	 0.9288 	 0.7699 	 1.3648 	 	 0.5232
[2020/01/31 04:03:28] - 153 	 363.3 	 	 54.1 	 	 0.0010 	 1.6407 	 0.3912 	 1.9663 	 	 0.2321 	 	 1.1591 	 0.7333 	 1.5221 	 	 0.4968
[2020/01/31 04:10:26] - 154 	 363.6 	 	 53.9 	 	 0.0010 	 1.6348 	 0.3931 	 1.9645 	 	 0.2318 	 	 1.1165 	 0.7300 	 1.4793 	 	 0.5080
[2020/01/31 04:17:23] - 155 	 363.0 	 	 54.0 	 	 0.0010 	 1.6404 	 0.3975 	 1.9657 	 	 0.2361 	 	 1.1867 	 0.7247 	 1.5383 	 	 0.4961
[2020/01/31 04:24:20] - 156 	 363.7 	 	 54.0 	 	 0.0010 	 1.6124 	 0.4001 	 1.9439 	 	 0.2372 	 	 1.2205 	 0.7150 	 1.5550 	 	 0.4960
[2020/01/31 04:31:18] - 157 	 363.5 	 	 54.0 	 	 0.0010 	 1.6021 	 0.3983 	 1.9372 	 	 0.2391 	 	 1.2044 	 0.7199 	 1.5359 	 	 0.5018
[2020/01/31 04:38:13] - 158 	 361.2 	 	 53.8 	 	 0.0010 	 1.6191 	 0.3859 	 1.9536 	 	 0.2316 	 	 1.2535 	 0.7187 	 1.5676 	 	 0.5033
[2020/01/31 04:45:11] - 159 	 363.9 	 	 54.0 	 	 0.0010 	 1.6201 	 0.4146 	 1.9533 	 	 0.2431 	 	 0.9457 	 0.7565 	 1.3743 	 	 0.5215
[2020/01/31 04:52:10] - 160 	 364.3 	 	 54.0 	 	 0.0010 	 1.6213 	 0.3784 	 1.9550 	 	 0.2253 	 	 1.2439 	 0.7098 	 1.5624 	 	 0.4958
[2020/01/31 04:59:08] - 161 	 363.6 	 	 54.1 	 	 0.0010 	 1.6249 	 0.4222 	 1.9600 	 	 0.2498 	 	 1.2192 	 0.7177 	 1.5519 	 	 0.4975
[2020/01/31 05:06:05] - 162 	 363.5 	 	 54.1 	 	 0.0010 	 1.6105 	 0.4457 	 1.9484 	 	 0.2624 	 	 0.8970 	 0.7690 	 1.3483 	 	 0.5230
[2020/01/31 05:13:03] - 163 	 363.7 	 	 54.1 	 	 0.0010 	 1.6214 	 0.3957 	 1.9557 	 	 0.2323 	 	 1.1069 	 0.7490 	 1.4821 	 	 0.5060
[2020/01/31 05:20:02] - 164 	 364.6 	 	 54.1 	 	 0.0010 	 1.6118 	 0.4177 	 1.9498 	 	 0.2475 	 	 0.9416 	 0.7579 	 1.3842 	 	 0.5138
[2020/01/31 05:27:00] - 165 	 363.6 	 	 54.1 	 	 0.0010 	 1.6030 	 0.4148 	 1.9383 	 	 0.2485 	 	 1.1143 	 0.7501 	 1.4715 	 	 0.5177
[2020/01/31 05:33:58] - 166 	 364.5 	 	 54.1 	 	 0.0010 	 1.6211 	 0.4113 	 1.9554 	 	 0.2443 	 	 1.2340 	 0.7157 	 1.5569 	 	 0.4993
[2020/01/31 05:40:57] - 167 	 364.7 	 	 54.2 	 	 0.0010 	 1.6026 	 0.4118 	 1.9400 	 	 0.2424 	 	 1.1390 	 0.7398 	 1.5016 	 	 0.5066
[2020/01/31 05:47:56] - 168 	 364.5 	 	 54.2 	 	 0.0010 	 1.6071 	 0.4191 	 1.9466 	 	 0.2465 	 	 1.1192 	 0.7359 	 1.4974 	 	 0.5027
[2020/01/31 05:54:55] - 169 	 364.7 	 	 54.3 	 	 0.0010 	 1.6110 	 0.3922 	 1.9475 	 	 0.2319 	 	 1.2506 	 0.7050 	 1.5759 	 	 0.4880
[2020/01/31 06:01:55] - 170 	 365.1 	 	 54.0 	 	 0.0010 	 1.5941 	 0.3832 	 1.9343 	 	 0.2326 	 	 1.2241 	 0.7109 	 1.5569 	 	 0.4936
[2020/01/31 06:08:54] - 171 	 364.7 	 	 54.0 	 	 0.0010 	 1.6081 	 0.4246 	 1.9493 	 	 0.2523 	 	 1.1400 	 0.7306 	 1.5135 	 	 0.4979
[2020/01/31 06:15:52] - 172 	 364.2 	 	 54.2 	 	 0.0010 	 1.6095 	 0.4165 	 1.9483 	 	 0.2413 	 	 0.8899 	 0.7710 	 1.3663 	 	 0.5138
[2020/01/31 06:22:51] - 173 	 364.4 	 	 54.2 	 	 0.0010 	 1.6113 	 0.4041 	 1.9476 	 	 0.2407 	 	 1.1898 	 0.7310 	 1.5373 	 	 0.5005
[2020/01/31 06:29:48] - 174 	 363.2 	 	 54.0 	 	 0.0010 	 1.6208 	 0.3980 	 1.9589 	 	 0.2391 	 	 1.1480 	 0.7392 	 1.5174 	 	 0.5048
[2020/01/31 06:36:46] - 175 	 363.8 	 	 54.0 	 	 0.0010 	 1.5979 	 0.4089 	 1.9407 	 	 0.2428 	 	 1.0525 	 0.7490 	 1.4648 	 	 0.5074
[2020/01/31 06:43:44] - 176 	 364.0 	 	 54.0 	 	 0.0010 	 1.5671 	 0.4089 	 1.9130 	 	 0.2483 	 	 0.8542 	 0.7837 	 1.3452 	 	 0.5107
[2020/01/31 06:50:42] - 177 	 364.3 	 	 53.9 	 	 0.0010 	 1.6115 	 0.4148 	 1.9520 	 	 0.2466 	 	 1.1786 	 0.7340 	 1.5327 	 	 0.4984
[2020/01/31 06:57:39] - 178 	 362.6 	 	 54.1 	 	 0.0010 	 1.6018 	 0.4308 	 1.9443 	 	 0.2562 	 	 0.8899 	 0.7628 	 1.4235 	 	 0.4896
[2020/01/31 07:04:37] - 179 	 364.6 	 	 54.1 	 	 0.0010 	 1.5784 	 0.3948 	 1.9236 	 	 0.2351 	 	 0.9150 	 0.7771 	 1.3593 	 	 0.5209
[2020/01/31 07:11:37] - 180 	 364.5 	 	 54.0 	 	 0.0010 	 1.6081 	 0.4041 	 1.9483 	 	 0.2400 	 	 1.1867 	 0.7242 	 1.5366 	 	 0.5012
[2020/01/31 07:18:35] - 181 	 364.8 	 	 54.0 	 	 0.0010 	 1.5982 	 0.4196 	 1.9416 	 	 0.2494 	 	 1.0114 	 0.7736 	 1.4363 	 	 0.5128
[2020/01/31 07:25:34] - 182 	 364.3 	 	 54.1 	 	 0.0010 	 1.5772 	 0.4120 	 1.9211 	 	 0.2473 	 	 1.0854 	 0.7500 	 1.4689 	 	 0.5100
[2020/01/31 07:32:33] - 183 	 364.6 	 	 54.2 	 	 0.0010 	 1.6026 	 0.4266 	 1.9460 	 	 0.2530 	 	 0.8698 	 0.7838 	 1.3381 	 	 0.5234
[2020/01/31 07:39:32] - 184 	 364.8 	 	 54.0 	 	 0.0010 	 1.6050 	 0.4220 	 1.9502 	 	 0.2446 	 	 1.1283 	 0.7450 	 1.5026 	 	 0.4997
[2020/01/31 07:46:30] - 185 	 363.9 	 	 53.9 	 	 0.0010 	 1.6056 	 0.4042 	 1.9476 	 	 0.2397 	 	 0.8471 	 0.7794 	 1.3585 	 	 0.5098
[2020/01/31 07:53:27] - 186 	 363.3 	 	 54.2 	 	 0.0010 	 1.6074 	 0.4087 	 1.9487 	 	 0.2393 	 	 0.9281 	 0.7690 	 1.3983 	 	 0.5090
[2020/01/31 08:00:26] - 187 	 364.2 	 	 54.0 	 	 0.0010 	 1.6019 	 0.3804 	 1.9451 	 	 0.2288 	 	 1.2618 	 0.7087 	 1.5785 	 	 0.4943
[2020/01/31 08:07:24] - 188 	 364.4 	 	 54.0 	 	 0.0010 	 1.6059 	 0.3914 	 1.9434 	 	 0.2366 	 	 0.8663 	 0.7855 	 1.3160 	 	 0.5336
[2020/01/31 08:14:23] - 189 	 364.2 	 	 54.1 	 	 0.0010 	 1.5872 	 0.4136 	 1.9338 	 	 0.2463 	 	 1.2060 	 0.7230 	 1.5538 	 	 0.4950
[2020/01/31 08:21:22] - 190 	 364.4 	 	 54.2 	 	 0.0010 	 1.5881 	 0.4222 	 1.9339 	 	 0.2511 	 	 0.8903 	 0.7912 	 1.3508 	 	 0.5225
[2020/01/31 08:28:21] - 191 	 364.5 	 	 54.1 	 	 0.0010 	 1.5770 	 0.4220 	 1.9249 	 	 0.2514 	 	 1.0591 	 0.7440 	 1.5031 	 	 0.4875
[2020/01/31 08:35:19] - 192 	 364.4 	 	 54.2 	 	 0.0010 	 1.5528 	 0.4513 	 1.9048 	 	 0.2708 	 	 1.0541 	 0.7470 	 1.4719 	 	 0.4959
[2020/01/31 08:42:18] - 193 	 364.5 	 	 54.3 	 	 0.0010 	 1.5912 	 0.4108 	 1.9363 	 	 0.2459 	 	 1.1534 	 0.7484 	 1.5097 	 	 0.5108
[2020/01/31 08:49:17] - 194 	 364.6 	 	 54.2 	 	 0.0010 	 1.6222 	 0.4068 	 1.9623 	 	 0.2411 	 	 1.1807 	 0.7355 	 1.5349 	 	 0.5038
[2020/01/31 08:56:15] - 195 	 363.9 	 	 54.2 	 	 0.0010 	 1.5973 	 0.4186 	 1.9406 	 	 0.2512 	 	 0.9219 	 0.7816 	 1.3898 	 	 0.5137
[2020/01/31 09:03:12] - 196 	 363.5 	 	 54.0 	 	 0.0010 	 1.6037 	 0.4151 	 1.9502 	 	 0.2444 	 	 1.0076 	 0.7600 	 1.4337 	 	 0.5100
[2020/01/31 09:10:09] - 197 	 362.9 	 	 54.0 	 	 0.0010 	 1.6004 	 0.4308 	 1.9435 	 	 0.2551 	 	 1.1014 	 0.7443 	 1.4970 	 	 0.4989
[2020/01/31 09:17:07] - 198 	 363.9 	 	 53.9 	 	 0.0010 	 1.5914 	 0.4128 	 1.9395 	 	 0.2417 	 	 0.8428 	 0.7821 	 1.3598 	 	 0.5090
[2020/01/31 09:24:05] - 199 	 363.7 	 	 54.2 	 	 0.0010 	 1.5956 	 0.4139 	 1.9434 	 	 0.2436 	 	 1.1754 	 0.7334 	 1.5310 	 	 0.5028
[2022/05/26 11:53:06] - Namespace(attack='pgd', attack_iters=10, batch_size=128, chkpt_iters=10, cutout=False, cutout_len=None, data_dir='../cifar-data', epochs=200, epsilon=8, eval=False, fgsm_alpha=1.25, fgsm_init='random', fname='experiments/cifar10_mixup/preactresnet18_2.0', half=False, l1=0, l2=0, lr_drop_epoch=100, lr_max=0.1, lr_one_drop=0.01, lr_schedule='piecewise', mixup=True, mixup_alpha=2.0, model='PreActResNet18', norm='l_inf', pgd_alpha=2, restarts=1, resume=0, seed=0, val=False, width_factor=10)
[2022/05/26 11:53:10] - Epoch 	 Train Time 	 Test Time 	 LR 	 	 Train Loss 	 Train Acc 	 Train Robust Loss 	 Train Robust Acc 	 Test Loss 	 Test Acc 	 Test Robust Loss 	 Test Robust Acc
[2022/05/26 11:57:53] - 0 	 244.4 	 	 38.6 	 	 0.1000 	 2.2212 	 0.1577 	 2.2908 	 	 0.1283 	 	 2.0948 	 0.2669 	 2.1561 	 	 0.2215
[2022/05/26 12:02:34] - 1 	 242.2 	 	 38.5 	 	 0.1000 	 2.1471 	 0.1912 	 2.2329 	 	 0.1459 	 	 1.9551 	 0.3326 	 2.0568 	 	 0.2697
[2022/05/26 12:07:15] - 2 	 242.2 	 	 38.5 	 	 0.1000 	 2.1075 	 0.2142 	 2.2166 	 	 0.1562 	 	 1.9468 	 0.3567 	 2.0554 	 	 0.2758
[2022/05/26 12:11:56] - 3 	 242.2 	 	 38.5 	 	 0.1000 	 2.0741 	 0.2295 	 2.1998 	 	 0.1668 	 	 1.8234 	 0.3765 	 1.9833 	 	 0.2782
[2022/05/26 12:16:37] - 4 	 242.4 	 	 38.5 	 	 0.1000 	 2.0515 	 0.2362 	 2.1885 	 	 0.1661 	 	 1.8584 	 0.3716 	 1.9849 	 	 0.2932
[2022/05/26 12:21:18] - 5 	 242.5 	 	 38.5 	 	 0.1000 	 2.0361 	 0.2392 	 2.1806 	 	 0.1685 	 	 1.8048 	 0.4027 	 1.9513 	 	 0.2984
[2022/05/26 12:25:59] - 6 	 242.3 	 	 38.5 	 	 0.1000 	 2.0300 	 0.2408 	 2.1796 	 	 0.1641 	 	 1.7856 	 0.4107 	 1.9484 	 	 0.3104
[2022/05/26 12:30:40] - 7 	 242.3 	 	 38.5 	 	 0.1000 	 2.0144 	 0.2567 	 2.1715 	 	 0.1756 	 	 1.7262 	 0.4069 	 1.9043 	 	 0.3078
[2022/05/26 12:35:21] - 8 	 242.2 	 	 38.5 	 	 0.1000 	 2.0104 	 0.2624 	 2.1711 	 	 0.1749 	 	 1.7659 	 0.4097 	 1.9342 	 	 0.3019
[2022/05/26 12:40:02] - 9 	 242.3 	 	 38.5 	 	 0.1000 	 1.9997 	 0.2615 	 2.1647 	 	 0.1750 	 	 1.7410 	 0.4135 	 1.9180 	 	 0.3062
[2022/05/26 12:44:43] - 10 	 242.3 	 	 38.5 	 	 0.1000 	 1.9786 	 0.2734 	 2.1536 	 	 0.1806 	 	 1.7293 	 0.4716 	 1.8843 	 	 0.3574
[2022/05/26 12:49:24] - 11 	 242.3 	 	 38.5 	 	 0.1000 	 1.9823 	 0.2609 	 2.1589 	 	 0.1716 	 	 1.6823 	 0.4737 	 1.8615 	 	 0.3444
[2022/05/26 12:54:05] - 12 	 242.3 	 	 38.5 	 	 0.1000 	 1.9718 	 0.2783 	 2.1532 	 	 0.1811 	 	 1.6620 	 0.4647 	 1.8523 	 	 0.3454
[2022/05/26 12:58:45] - 13 	 242.3 	 	 38.5 	 	 0.1000 	 1.9698 	 0.2884 	 2.1519 	 	 0.1858 	 	 1.5536 	 0.4802 	 1.8173 	 	 0.3312
[2022/05/26 13:03:26] - 14 	 242.3 	 	 38.6 	 	 0.1000 	 1.9591 	 0.2754 	 2.1499 	 	 0.1755 	 	 1.6420 	 0.4542 	 1.8452 	 	 0.3429
[2022/05/26 13:08:07] - 15 	 242.3 	 	 38.7 	 	 0.1000 	 1.9599 	 0.2795 	 2.1490 	 	 0.1774 	 	 1.6863 	 0.4621 	 1.8539 	 	 0.3600
[2022/05/26 13:12:48] - 16 	 242.3 	 	 38.5 	 	 0.1000 	 1.9361 	 0.2885 	 2.1367 	 	 0.1822 	 	 1.6742 	 0.4959 	 1.8546 	 	 0.3701
[2022/05/26 13:17:29] - 17 	 242.2 	 	 38.5 	 	 0.1000 	 1.9535 	 0.2914 	 2.1482 	 	 0.1801 	 	 1.6211 	 0.5124 	 1.8393 	 	 0.3498
[2022/05/26 13:22:10] - 18 	 242.2 	 	 38.5 	 	 0.1000 	 1.9402 	 0.2880 	 2.1409 	 	 0.1819 	 	 1.7345 	 0.4954 	 1.8955 	 	 0.3730
[2022/05/26 13:26:51] - 19 	 242.3 	 	 38.5 	 	 0.1000 	 1.9299 	 0.2924 	 2.1371 	 	 0.1841 	 	 1.6065 	 0.5158 	 1.8141 	 	 0.3664
[2022/05/26 13:31:32] - 20 	 242.2 	 	 38.5 	 	 0.1000 	 1.9339 	 0.2973 	 2.1393 	 	 0.1854 	 	 1.6431 	 0.4679 	 1.8684 	 	 0.3274
[2022/05/26 13:36:13] - 21 	 242.3 	 	 38.5 	 	 0.1000 	 1.9492 	 0.2861 	 2.1478 	 	 0.1786 	 	 1.6008 	 0.5106 	 1.8098 	 	 0.3787
[2022/05/26 13:40:54] - 22 	 242.3 	 	 38.5 	 	 0.1000 	 1.9232 	 0.3049 	 2.1325 	 	 0.1899 	 	 1.5360 	 0.5390 	 1.7746 	 	 0.3862
[2022/05/26 13:45:35] - 23 	 242.3 	 	 38.5 	 	 0.1000 	 1.9242 	 0.3045 	 2.1359 	 	 0.1885 	 	 1.5318 	 0.5319 	 1.7836 	 	 0.3758
[2022/05/26 13:50:16] - 24 	 242.4 	 	 38.5 	 	 0.1000 	 1.9137 	 0.2993 	 2.1278 	 	 0.1849 	 	 1.4834 	 0.5257 	 1.7605 	 	 0.3711
[2022/05/26 13:54:57] - 25 	 242.5 	 	 38.5 	 	 0.1000 	 1.9281 	 0.3057 	 2.1388 	 	 0.1866 	 	 1.5694 	 0.5356 	 1.7920 	 	 0.3887
[2022/05/26 13:59:39] - 26 	 242.7 	 	 38.5 	 	 0.1000 	 1.9193 	 0.3104 	 2.1336 	 	 0.1884 	 	 1.6397 	 0.5037 	 1.8211 	 	 0.3937
[2022/05/26 14:04:20] - 27 	 242.3 	 	 38.5 	 	 0.1000 	 1.9241 	 0.2959 	 2.1362 	 	 0.1814 	 	 1.4964 	 0.5533 	 1.7510 	 	 0.3854
[2022/05/26 14:09:00] - 28 	 242.2 	 	 38.5 	 	 0.1000 	 1.9054 	 0.2981 	 2.1248 	 	 0.1855 	 	 1.4757 	 0.5390 	 1.7429 	 	 0.3792
[2022/05/26 14:13:41] - 29 	 242.2 	 	 38.5 	 	 0.1000 	 1.9115 	 0.3035 	 2.1306 	 	 0.1851 	 	 1.5478 	 0.5389 	 1.7771 	 	 0.3880
[2022/05/26 14:18:22] - 30 	 242.3 	 	 38.5 	 	 0.1000 	 1.9184 	 0.2989 	 2.1338 	 	 0.1854 	 	 1.5543 	 0.5375 	 1.7765 	 	 0.3855
[2022/05/26 14:23:03] - 31 	 242.3 	 	 38.6 	 	 0.1000 	 1.8894 	 0.2904 	 2.1176 	 	 0.1791 	 	 1.6074 	 0.5276 	 1.8189 	 	 0.3842
[2022/05/26 14:27:44] - 32 	 242.3 	 	 38.5 	 	 0.1000 	 1.9016 	 0.2998 	 2.1252 	 	 0.1835 	 	 1.5051 	 0.5556 	 1.7611 	 	 0.3942
[2022/05/26 14:32:25] - 33 	 242.2 	 	 38.5 	 	 0.1000 	 1.9064 	 0.3100 	 2.1277 	 	 0.1882 	 	 1.5967 	 0.5382 	 1.8153 	 	 0.3843
[2022/05/26 14:37:06] - 34 	 242.2 	 	 38.5 	 	 0.1000 	 1.9014 	 0.3137 	 2.1255 	 	 0.1904 	 	 1.6172 	 0.5239 	 1.8062 	 	 0.3931
[2022/05/26 14:41:46] - 35 	 242.2 	 	 38.5 	 	 0.1000 	 1.9013 	 0.3007 	 2.1258 	 	 0.1843 	 	 1.5226 	 0.5660 	 1.7641 	 	 0.3969
[2022/05/26 14:46:28] - 36 	 242.3 	 	 38.5 	 	 0.1000 	 1.8924 	 0.3148 	 2.1208 	 	 0.1937 	 	 1.5586 	 0.5360 	 1.7775 	 	 0.3935
[2022/05/26 14:51:08] - 37 	 242.2 	 	 38.5 	 	 0.1000 	 1.8959 	 0.3271 	 2.1230 	 	 0.1965 	 	 1.4776 	 0.5527 	 1.7454 	 	 0.3840
[2022/05/26 14:55:49] - 38 	 242.4 	 	 38.5 	 	 0.1000 	 1.8811 	 0.3218 	 2.1140 	 	 0.1959 	 	 1.4828 	 0.5601 	 1.7637 	 	 0.3798
[2022/05/26 15:00:30] - 39 	 242.3 	 	 38.5 	 	 0.1000 	 1.9073 	 0.3124 	 2.1313 	 	 0.1898 	 	 1.5349 	 0.5711 	 1.7612 	 	 0.4106
[2022/05/26 15:05:11] - 40 	 242.3 	 	 38.5 	 	 0.1000 	 1.9014 	 0.3076 	 2.1271 	 	 0.1874 	 	 1.5462 	 0.5370 	 1.7686 	 	 0.3893
[2022/05/26 15:09:52] - 41 	 242.4 	 	 38.5 	 	 0.1000 	 1.9019 	 0.3153 	 2.1268 	 	 0.1903 	 	 1.6042 	 0.4932 	 1.8286 	 	 0.3653
[2022/05/26 15:14:33] - 42 	 242.4 	 	 38.5 	 	 0.1000 	 1.8890 	 0.3163 	 2.1204 	 	 0.1897 	 	 1.4988 	 0.5592 	 1.7558 	 	 0.3895
[2022/05/26 15:19:14] - 43 	 242.3 	 	 38.5 	 	 0.1000 	 1.8860 	 0.3148 	 2.1180 	 	 0.1899 	 	 1.5602 	 0.5465 	 1.7701 	 	 0.4106
[2022/05/26 15:23:55] - 44 	 242.2 	 	 38.5 	 	 0.1000 	 1.8876 	 0.3082 	 2.1196 	 	 0.1855 	 	 1.5711 	 0.5412 	 1.7795 	 	 0.3949
[2022/05/26 15:28:36] - 45 	 242.3 	 	 38.5 	 	 0.1000 	 1.9036 	 0.3067 	 2.1287 	 	 0.1847 	 	 1.4983 	 0.5772 	 1.7558 	 	 0.4047
[2022/05/26 15:33:16] - 46 	 242.2 	 	 38.5 	 	 0.1000 	 1.8770 	 0.3241 	 2.1140 	 	 0.1976 	 	 1.4690 	 0.5686 	 1.7129 	 	 0.4124
[2022/05/26 15:37:57] - 47 	 242.3 	 	 38.5 	 	 0.1000 	 1.8814 	 0.3189 	 2.1172 	 	 0.1936 	 	 1.6307 	 0.5363 	 1.8201 	 	 0.3946
[2022/05/26 15:42:38] - 48 	 242.3 	 	 38.5 	 	 0.1000 	 1.8832 	 0.3213 	 2.1169 	 	 0.1951 	 	 1.4391 	 0.5763 	 1.7121 	 	 0.3984
[2022/05/26 15:47:19] - 49 	 242.3 	 	 38.5 	 	 0.1000 	 1.8830 	 0.3228 	 2.1179 	 	 0.1942 	 	 1.5303 	 0.5466 	 1.7710 	 	 0.3864
[2022/05/26 15:52:00] - 50 	 242.3 	 	 38.5 	 	 0.1000 	 1.9005 	 0.3145 	 2.1278 	 	 0.1894 	 	 1.4857 	 0.5665 	 1.7367 	 	 0.3954
[2022/05/26 15:56:41] - 51 	 242.2 	 	 38.5 	 	 0.1000 	 1.8880 	 0.3190 	 2.1209 	 	 0.1892 	 	 1.4147 	 0.5749 	 1.7138 	 	 0.3881
[2022/05/26 16:01:22] - 52 	 242.3 	 	 38.5 	 	 0.1000 	 1.8665 	 0.3248 	 2.1079 	 	 0.1937 	 	 1.4740 	 0.5920 	 1.7327 	 	 0.4181
[2022/05/26 16:06:03] - 53 	 242.3 	 	 38.5 	 	 0.1000 	 1.8923 	 0.3210 	 2.1231 	 	 0.1948 	 	 1.4481 	 0.5722 	 1.7141 	 	 0.4062
[2022/05/26 16:10:43] - 54 	 242.2 	 	 38.5 	 	 0.1000 	 1.8804 	 0.3147 	 2.1169 	 	 0.1897 	 	 1.4384 	 0.5535 	 1.7358 	 	 0.3912
[2022/05/26 16:15:24] - 55 	 242.3 	 	 38.5 	 	 0.1000 	 1.8956 	 0.3169 	 2.1255 	 	 0.1896 	 	 1.5270 	 0.5320 	 1.7679 	 	 0.3776
[2022/05/26 16:20:05] - 56 	 242.3 	 	 38.5 	 	 0.1000 	 1.8815 	 0.3095 	 2.1179 	 	 0.1891 	 	 1.5547 	 0.5416 	 1.7953 	 	 0.3665
[2022/05/26 16:24:46] - 57 	 242.2 	 	 38.5 	 	 0.1000 	 1.8778 	 0.3147 	 2.1149 	 	 0.1874 	 	 1.5041 	 0.5735 	 1.7438 	 	 0.4084
[2022/05/26 16:29:27] - 58 	 242.3 	 	 38.5 	 	 0.1000 	 1.8756 	 0.3146 	 2.1129 	 	 0.1889 	 	 1.4528 	 0.5852 	 1.7040 	 	 0.4112
[2022/05/26 16:34:07] - 59 	 242.3 	 	 38.5 	 	 0.1000 	 1.8796 	 0.3098 	 2.1176 	 	 0.1862 	 	 1.5485 	 0.5235 	 1.7717 	 	 0.3857
[2022/05/26 16:38:49] - 60 	 242.4 	 	 38.6 	 	 0.1000 	 1.8735 	 0.3102 	 2.1124 	 	 0.1862 	 	 1.4388 	 0.5808 	 1.7169 	 	 0.4139
[2022/05/26 16:43:30] - 61 	 242.3 	 	 38.6 	 	 0.1000 	 1.8810 	 0.3174 	 2.1184 	 	 0.1892 	 	 1.4725 	 0.5446 	 1.7637 	 	 0.3746
[2022/05/26 16:48:11] - 62 	 242.4 	 	 38.5 	 	 0.1000 	 1.8936 	 0.3116 	 2.1249 	 	 0.1885 	 	 1.6016 	 0.5319 	 1.8169 	 	 0.3729
[2022/05/26 16:52:51] - 63 	 242.3 	 	 38.5 	 	 0.1000 	 1.8801 	 0.3217 	 2.1166 	 	 0.1916 	 	 1.4689 	 0.5888 	 1.7192 	 	 0.4203
[2022/05/26 16:57:32] - 64 	 242.3 	 	 38.5 	 	 0.1000 	 1.8693 	 0.3061 	 2.1106 	 	 0.1815 	 	 1.4949 	 0.5543 	 1.7375 	 	 0.4006
[2022/05/26 17:02:13] - 65 	 242.4 	 	 38.6 	 	 0.1000 	 1.8810 	 0.3213 	 2.1181 	 	 0.1916 	 	 1.4217 	 0.5753 	 1.7234 	 	 0.3951
[2022/05/26 17:06:54] - 66 	 242.3 	 	 38.5 	 	 0.1000 	 1.8726 	 0.3234 	 2.1139 	 	 0.1920 	 	 1.4609 	 0.5604 	 1.7544 	 	 0.3900
[2022/05/26 17:11:35] - 67 	 242.4 	 	 38.5 	 	 0.1000 	 1.8710 	 0.3343 	 2.1119 	 	 0.1991 	 	 1.3943 	 0.5880 	 1.6924 	 	 0.4009
[2022/05/26 17:16:16] - 68 	 242.6 	 	 38.6 	 	 0.1000 	 1.8744 	 0.3388 	 2.1158 	 	 0.1999 	 	 1.5477 	 0.5525 	 1.7690 	 	 0.4099
[2022/05/26 17:20:57] - 69 	 242.2 	 	 38.5 	 	 0.1000 	 1.8727 	 0.3197 	 2.1135 	 	 0.1918 	 	 1.3874 	 0.5839 	 1.7048 	 	 0.3991
[2022/05/26 17:25:38] - 70 	 242.3 	 	 38.5 	 	 0.1000 	 1.8716 	 0.3192 	 2.1117 	 	 0.1900 	 	 1.4486 	 0.5960 	 1.7031 	 	 0.4261
[2022/05/26 17:30:19] - 71 	 242.3 	 	 38.6 	 	 0.1000 	 1.8877 	 0.3325 	 2.1220 	 	 0.1974 	 	 1.3714 	 0.5975 	 1.6979 	 	 0.4069
[2022/05/26 17:35:00] - 72 	 242.4 	 	 38.5 	 	 0.1000 	 1.8735 	 0.3185 	 2.1147 	 	 0.1912 	 	 1.6126 	 0.5378 	 1.8095 	 	 0.4005
[2022/05/26 17:39:41] - 73 	 242.4 	 	 38.5 	 	 0.1000 	 1.8792 	 0.3380 	 2.1163 	 	 0.1997 	 	 1.3886 	 0.6149 	 1.6790 	 	 0.4293
[2022/05/26 17:44:22] - 74 	 242.2 	 	 38.5 	 	 0.1000 	 1.8672 	 0.3081 	 2.1102 	 	 0.1851 	 	 1.4762 	 0.5865 	 1.7251 	 	 0.4110
[2022/05/26 17:49:03] - 75 	 242.2 	 	 38.5 	 	 0.1000 	 1.8683 	 0.3270 	 2.1117 	 	 0.1942 	 	 1.4671 	 0.5620 	 1.7334 	 	 0.3943
[2022/05/26 17:53:44] - 76 	 242.3 	 	 38.5 	 	 0.1000 	 1.8763 	 0.3228 	 2.1140 	 	 0.1935 	 	 1.6394 	 0.5449 	 1.8222 	 	 0.4052
[2022/05/26 17:58:25] - 77 	 242.3 	 	 38.5 	 	 0.1000 	 1.8727 	 0.3316 	 2.1145 	 	 0.1963 	 	 1.4791 	 0.5598 	 1.7396 	 	 0.4052
[2022/05/26 18:03:05] - 78 	 242.2 	 	 38.5 	 	 0.1000 	 1.8855 	 0.3336 	 2.1208 	 	 0.1955 	 	 1.5164 	 0.5439 	 1.7646 	 	 0.3828
[2022/05/26 18:07:46] - 79 	 242.2 	 	 38.6 	 	 0.1000 	 1.8656 	 0.3224 	 2.1104 	 	 0.1926 	 	 1.5987 	 0.5404 	 1.8000 	 	 0.3983
[2022/05/26 18:12:27] - 80 	 242.3 	 	 38.5 	 	 0.1000 	 1.8758 	 0.3249 	 2.1158 	 	 0.1939 	 	 1.5596 	 0.5601 	 1.7698 	 	 0.4082
[2022/05/26 18:17:08] - 81 	 242.2 	 	 38.5 	 	 0.1000 	 1.8762 	 0.3185 	 2.1156 	 	 0.1908 	 	 1.4613 	 0.5861 	 1.7209 	 	 0.4119
[2022/05/26 18:21:49] - 82 	 242.4 	 	 38.5 	 	 0.1000 	 1.8700 	 0.3235 	 2.1121 	 	 0.1945 	 	 1.4437 	 0.5877 	 1.7100 	 	 0.4112
[2022/05/26 18:26:30] - 83 	 242.2 	 	 38.5 	 	 0.1000 	 1.8667 	 0.3344 	 2.1107 	 	 0.1982 	 	 1.4869 	 0.5614 	 1.7318 	 	 0.4125
[2022/05/26 18:31:11] - 84 	 242.3 	 	 38.5 	 	 0.1000 	 1.8628 	 0.3186 	 2.1080 	 	 0.1915 	 	 1.3819 	 0.5922 	 1.7232 	 	 0.3897
[2022/05/26 18:35:51] - 85 	 242.4 	 	 38.5 	 	 0.1000 	 1.8691 	 0.3452 	 2.1117 	 	 0.2038 	 	 1.4203 	 0.5807 	 1.6957 	 	 0.4109
[2022/05/26 18:40:32] - 86 	 242.3 	 	 38.5 	 	 0.1000 	 1.8686 	 0.3359 	 2.1131 	 	 0.1972 	 	 1.6611 	 0.5155 	 1.8528 	 	 0.3906
[2022/05/26 18:45:13] - 87 	 242.3 	 	 38.5 	 	 0.1000 	 1.8691 	 0.3239 	 2.1125 	 	 0.1935 	 	 1.4493 	 0.5762 	 1.7171 	 	 0.4113
[2022/05/26 18:49:54] - 88 	 242.2 	 	 38.5 	 	 0.1000 	 1.8646 	 0.3337 	 2.1094 	 	 0.1960 	 	 1.4290 	 0.5848 	 1.6979 	 	 0.4108
[2022/05/26 18:54:35] - 89 	 242.4 	 	 38.5 	 	 0.1000 	 1.8704 	 0.3054 	 2.1130 	 	 0.1832 	 	 1.5470 	 0.5749 	 1.7706 	 	 0.4257
[2022/05/26 18:59:16] - 90 	 242.7 	 	 38.5 	 	 0.1000 	 1.8676 	 0.3281 	 2.1104 	 	 0.1965 	 	 1.3948 	 0.5867 	 1.6846 	 	 0.4042
[2022/05/26 19:03:57] - 91 	 242.2 	 	 38.5 	 	 0.1000 	 1.8830 	 0.3371 	 2.1214 	 	 0.1980 	 	 1.5333 	 0.5597 	 1.7558 	 	 0.4156
[2022/05/26 19:08:38] - 92 	 242.4 	 	 38.5 	 	 0.1000 	 1.8622 	 0.3277 	 2.1088 	 	 0.1962 	 	 1.5023 	 0.5577 	 1.7663 	 	 0.3939
[2022/05/26 19:13:19] - 93 	 242.3 	 	 38.5 	 	 0.1000 	 1.8732 	 0.3136 	 2.1148 	 	 0.1918 	 	 1.4782 	 0.5694 	 1.7469 	 	 0.3942
[2022/05/26 19:18:00] - 94 	 242.2 	 	 38.5 	 	 0.1000 	 1.8641 	 0.3182 	 2.1092 	 	 0.1908 	 	 1.5646 	 0.5275 	 1.7923 	 	 0.3826
[2022/05/26 19:22:41] - 95 	 242.5 	 	 38.5 	 	 0.1000 	 1.8536 	 0.3216 	 2.1026 	 	 0.1913 	 	 1.4920 	 0.5687 	 1.7446 	 	 0.3988
[2022/05/26 19:27:22] - 96 	 242.4 	 	 38.5 	 	 0.1000 	 1.8747 	 0.3267 	 2.1167 	 	 0.1938 	 	 1.5092 	 0.5728 	 1.7409 	 	 0.4173
[2022/05/26 19:32:03] - 97 	 242.4 	 	 38.5 	 	 0.1000 	 1.8498 	 0.3057 	 2.1005 	 	 0.1852 	 	 1.4362 	 0.5499 	 1.7538 	 	 0.3581
[2022/05/26 19:36:43] - 98 	 242.3 	 	 38.6 	 	 0.1000 	 1.8743 	 0.3084 	 2.1156 	 	 0.1837 	 	 1.4536 	 0.6067 	 1.7159 	 	 0.4209
[2022/05/26 19:41:24] - 99 	 242.3 	 	 38.5 	 	 0.0100 	 1.8739 	 0.3289 	 2.1144 	 	 0.1951 	 	 1.4288 	 0.5901 	 1.7193 	 	 0.4071
[2022/05/26 19:46:05] - 100 	 242.3 	 	 38.5 	 	 0.0100 	 1.8019 	 0.3446 	 2.0551 	 	 0.2076 	 	 1.3072 	 0.6409 	 1.6221 	 	 0.4492
[2022/05/26 19:50:46] - 101 	 242.3 	 	 38.6 	 	 0.0100 	 1.7701 	 0.3409 	 2.0408 	 	 0.2057 	 	 1.2192 	 0.6801 	 1.5333 	 	 0.4877
[2022/05/26 19:55:28] - 102 	 242.3 	 	 38.5 	 	 0.0100 	 1.7487 	 0.3541 	 2.0307 	 	 0.2140 	 	 1.2604 	 0.6725 	 1.5678 	 	 0.4757
[2022/05/26 20:00:08] - 103 	 242.4 	 	 38.5 	 	 0.0100 	 1.7576 	 0.3613 	 2.0408 	 	 0.2158 	 	 1.1302 	 0.6886 	 1.4900 	 	 0.4847
[2022/05/26 20:04:49] - 104 	 242.4 	 	 38.5 	 	 0.0100 	 1.7415 	 0.3662 	 2.0294 	 	 0.2201 	 	 1.2124 	 0.6685 	 1.5417 	 	 0.4742
[2022/05/26 20:09:30] - 105 	 242.2 	 	 38.5 	 	 0.0100 	 1.7445 	 0.3673 	 2.0341 	 	 0.2179 	 	 1.4157 	 0.6568 	 1.6676 	 	 0.4701
[2022/05/26 20:14:11] - 106 	 242.3 	 	 38.5 	 	 0.0100 	 1.7117 	 0.3534 	 2.0094 	 	 0.2120 	 	 1.4155 	 0.6437 	 1.6679 	 	 0.4634
[2022/05/26 20:18:52] - 107 	 242.5 	 	 38.5 	 	 0.0100 	 1.7197 	 0.3638 	 2.0177 	 	 0.2165 	 	 1.2492 	 0.6890 	 1.5555 	 	 0.4882
[2022/05/26 20:23:33] - 108 	 242.3 	 	 38.5 	 	 0.0100 	 1.7080 	 0.3884 	 2.0101 	 	 0.2315 	 	 1.1507 	 0.6982 	 1.5046 	 	 0.4781
[2022/05/26 20:28:14] - 109 	 242.3 	 	 38.5 	 	 0.0100 	 1.6989 	 0.3584 	 2.0059 	 	 0.2147 	 	 1.0691 	 0.6942 	 1.4854 	 	 0.4681
[2022/05/26 20:32:55] - 110 	 242.3 	 	 38.5 	 	 0.0100 	 1.7297 	 0.3667 	 2.0267 	 	 0.2193 	 	 1.3211 	 0.6724 	 1.6052 	 	 0.4756
[2022/05/26 20:37:36] - 111 	 242.2 	 	 38.5 	 	 0.0100 	 1.7051 	 0.3622 	 2.0101 	 	 0.2162 	 	 1.1742 	 0.6921 	 1.5152 	 	 0.4884
[2022/05/26 20:42:17] - 112 	 242.3 	 	 38.5 	 	 0.0100 	 1.7124 	 0.3801 	 2.0179 	 	 0.2244 	 	 1.3597 	 0.6605 	 1.6273 	 	 0.4788
[2022/05/26 20:46:58] - 113 	 242.3 	 	 38.6 	 	 0.0100 	 1.7242 	 0.3547 	 2.0267 	 	 0.2128 	 	 1.3426 	 0.6718 	 1.6155 	 	 0.4802
[2022/05/26 20:51:39] - 114 	 242.4 	 	 38.6 	 	 0.0100 	 1.7055 	 0.3635 	 2.0132 	 	 0.2171 	 	 1.2419 	 0.6757 	 1.5614 	 	 0.4807
[2022/05/26 20:56:19] - 115 	 242.3 	 	 38.5 	 	 0.0100 	 1.7074 	 0.3901 	 2.0150 	 	 0.2305 	 	 1.2669 	 0.6709 	 1.5695 	 	 0.4787
[2022/05/26 21:01:00] - 116 	 242.3 	 	 38.5 	 	 0.0100 	 1.7450 	 0.3592 	 2.0425 	 	 0.2104 	 	 1.2681 	 0.6913 	 1.5977 	 	 0.4677
[2022/05/26 21:05:41] - 117 	 242.3 	 	 38.5 	 	 0.0100 	 1.7218 	 0.3668 	 2.0261 	 	 0.2157 	 	 1.1538 	 0.6940 	 1.5176 	 	 0.4760
[2022/05/26 21:10:22] - 118 	 242.4 	 	 38.5 	 	 0.0100 	 1.6922 	 0.3787 	 2.0042 	 	 0.2245 	 	 1.3504 	 0.6754 	 1.6224 	 	 0.4774
[2022/05/26 21:15:03] - 119 	 242.3 	 	 38.5 	 	 0.0100 	 1.7216 	 0.3713 	 2.0243 	 	 0.2162 	 	 1.2047 	 0.7020 	 1.5657 	 	 0.4626
[2022/05/26 21:19:44] - 120 	 242.3 	 	 38.5 	 	 0.0100 	 1.7043 	 0.3707 	 2.0152 	 	 0.2183 	 	 1.3300 	 0.6826 	 1.6312 	 	 0.4675
[2022/05/26 21:24:25] - 121 	 242.3 	 	 38.5 	 	 0.0100 	 1.7297 	 0.3808 	 2.0331 	 	 0.2220 	 	 1.2152 	 0.7030 	 1.5432 	 	 0.4911
[2022/05/26 21:29:06] - 122 	 242.2 	 	 38.5 	 	 0.0100 	 1.7215 	 0.3638 	 2.0292 	 	 0.2131 	 	 1.2741 	 0.6875 	 1.5869 	 	 0.4831
[2022/05/26 21:33:46] - 123 	 242.3 	 	 38.5 	 	 0.0100 	 1.7181 	 0.3618 	 2.0238 	 	 0.2141 	 	 1.2813 	 0.6689 	 1.6022 	 	 0.4595
[2022/05/26 21:38:27] - 124 	 242.3 	 	 38.5 	 	 0.0100 	 1.7255 	 0.4047 	 2.0302 	 	 0.2348 	 	 1.2089 	 0.6897 	 1.5189 	 	 0.4976
[2022/05/26 21:43:09] - 125 	 242.5 	 	 38.5 	 	 0.0100 	 1.7011 	 0.3730 	 2.0139 	 	 0.2212 	 	 1.2835 	 0.6722 	 1.5995 	 	 0.4603
[2022/05/26 21:47:49] - 126 	 242.5 	 	 38.5 	 	 0.0100 	 1.6981 	 0.3504 	 2.0117 	 	 0.2091 	 	 1.1816 	 0.7097 	 1.5121 	 	 0.4982
[2022/05/26 21:52:30] - 127 	 242.3 	 	 38.5 	 	 0.0100 	 1.7107 	 0.3736 	 2.0226 	 	 0.2206 	 	 1.1906 	 0.7034 	 1.5246 	 	 0.4976
[2022/05/26 21:57:11] - 128 	 242.3 	 	 38.5 	 	 0.0100 	 1.6948 	 0.3764 	 2.0101 	 	 0.2200 	 	 1.1952 	 0.6931 	 1.5339 	 	 0.4826
[2022/05/26 22:01:52] - 129 	 242.4 	 	 38.5 	 	 0.0100 	 1.7002 	 0.3969 	 2.0147 	 	 0.2311 	 	 1.1721 	 0.7063 	 1.5082 	 	 0.4938
[2022/05/26 22:06:33] - 130 	 242.3 	 	 38.5 	 	 0.0100 	 1.7005 	 0.3894 	 2.0125 	 	 0.2259 	 	 1.2440 	 0.6671 	 1.5752 	 	 0.4630
[2022/05/26 22:11:14] - 131 	 242.3 	 	 38.6 	 	 0.0100 	 1.6862 	 0.3701 	 2.0043 	 	 0.2178 	 	 1.4237 	 0.6362 	 1.6739 	 	 0.4662
[2022/05/26 22:15:55] - 132 	 242.3 	 	 38.5 	 	 0.0100 	 1.6772 	 0.3739 	 1.9990 	 	 0.2183 	 	 1.0062 	 0.7314 	 1.4378 	 	 0.4925
[2022/05/26 22:20:36] - 133 	 242.4 	 	 38.5 	 	 0.0100 	 1.6984 	 0.3776 	 2.0129 	 	 0.2208 	 	 1.3267 	 0.6588 	 1.6192 	 	 0.4711
[2022/05/26 22:25:17] - 134 	 242.2 	 	 38.5 	 	 0.0100 	 1.7064 	 0.3874 	 2.0194 	 	 0.2233 	 	 1.1805 	 0.6950 	 1.5313 	 	 0.4755
[2022/05/26 22:29:58] - 135 	 242.3 	 	 38.6 	 	 0.0100 	 1.6858 	 0.3879 	 2.0082 	 	 0.2282 	 	 1.2126 	 0.7066 	 1.5632 	 	 0.4717
[2022/05/26 22:34:40] - 136 	 243.2 	 	 38.5 	 	 0.0100 	 1.6921 	 0.3650 	 2.0103 	 	 0.2129 	 	 1.3312 	 0.6654 	 1.6195 	 	 0.4792
[2022/05/26 22:39:20] - 137 	 242.3 	 	 38.5 	 	 0.0100 	 1.6967 	 0.3719 	 2.0169 	 	 0.2152 	 	 1.2787 	 0.6792 	 1.5929 	 	 0.4721
[2022/05/26 22:44:01] - 138 	 242.5 	 	 38.5 	 	 0.0100 	 1.6939 	 0.3782 	 2.0113 	 	 0.2201 	 	 1.2726 	 0.6856 	 1.6004 	 	 0.4633
[2022/05/26 22:48:42] - 139 	 242.3 	 	 38.5 	 	 0.0100 	 1.7054 	 0.3968 	 2.0193 	 	 0.2311 	 	 1.3520 	 0.6538 	 1.6262 	 	 0.4717
[2022/05/26 22:53:23] - 140 	 242.3 	 	 38.5 	 	 0.0100 	 1.6820 	 0.3669 	 1.9998 	 	 0.2166 	 	 1.2849 	 0.6977 	 1.5926 	 	 0.4830
[2022/05/26 22:58:04] - 141 	 242.4 	 	 38.5 	 	 0.0100 	 1.6914 	 0.3886 	 2.0117 	 	 0.2254 	 	 1.3278 	 0.6708 	 1.6363 	 	 0.4692
[2022/05/26 23:02:45] - 142 	 242.2 	 	 38.5 	 	 0.0100 	 1.6862 	 0.3996 	 2.0060 	 	 0.2339 	 	 1.1040 	 0.7212 	 1.5274 	 	 0.4668
[2022/05/26 23:07:26] - 143 	 242.4 	 	 38.5 	 	 0.0100 	 1.6711 	 0.3852 	 1.9960 	 	 0.2264 	 	 1.0594 	 0.7074 	 1.4800 	 	 0.4819
[2022/05/26 23:12:07] - 144 	 242.3 	 	 38.5 	 	 0.0100 	 1.6831 	 0.3814 	 2.0063 	 	 0.2235 	 	 1.1452 	 0.7168 	 1.5275 	 	 0.4708
[2022/05/26 23:16:48] - 145 	 242.2 	 	 38.5 	 	 0.0100 	 1.6934 	 0.3829 	 2.0148 	 	 0.2248 	 	 1.2493 	 0.6977 	 1.5980 	 	 0.4700
[2022/05/26 23:21:29] - 146 	 242.4 	 	 38.5 	 	 0.0100 	 1.6978 	 0.3747 	 2.0158 	 	 0.2186 	 	 0.9656 	 0.7397 	 1.4186 	 	 0.4883
[2022/05/26 23:26:09] - 147 	 242.2 	 	 38.5 	 	 0.0100 	 1.6889 	 0.3830 	 2.0092 	 	 0.2238 	 	 1.0540 	 0.7300 	 1.4693 	 	 0.4888
[2022/05/26 23:30:50] - 148 	 242.4 	 	 38.5 	 	 0.0100 	 1.6641 	 0.3936 	 1.9923 	 	 0.2295 	 	 1.2753 	 0.6856 	 1.5854 	 	 0.4803
[2022/05/26 23:35:31] - 149 	 242.3 	 	 38.5 	 	 0.0010 	 1.6797 	 0.3957 	 2.0009 	 	 0.2309 	 	 1.2882 	 0.6941 	 1.5848 	 	 0.4964
[2022/05/26 23:40:12] - 150 	 242.3 	 	 38.5 	 	 0.0010 	 1.6539 	 0.3830 	 1.9731 	 	 0.2295 	 	 1.2436 	 0.7001 	 1.5700 	 	 0.4867
[2022/05/26 23:44:53] - 151 	 242.3 	 	 38.5 	 	 0.0010 	 1.6373 	 0.3982 	 1.9648 	 	 0.2339 	 	 0.9794 	 0.7649 	 1.4017 	 	 0.5128
[2022/05/26 23:49:34] - 152 	 242.3 	 	 38.5 	 	 0.0010 	 1.6320 	 0.4157 	 1.9577 	 	 0.2480 	 	 0.9604 	 0.7616 	 1.3815 	 	 0.5210
[2022/05/26 23:54:15] - 153 	 242.2 	 	 38.5 	 	 0.0010 	 1.6392 	 0.3909 	 1.9643 	 	 0.2312 	 	 1.1974 	 0.7252 	 1.5336 	 	 0.5044
[2022/05/26 23:58:56] - 154 	 242.2 	 	 38.5 	 	 0.0010 	 1.6363 	 0.3955 	 1.9617 	 	 0.2351 	 	 0.9894 	 0.7656 	 1.4038 	 	 0.5159
[2022/05/27 00:03:36] - 155 	 242.3 	 	 38.5 	 	 0.0010 	 1.6382 	 0.3990 	 1.9656 	 	 0.2370 	 	 1.1976 	 0.7182 	 1.5275 	 	 0.5036
[2022/05/27 00:08:17] - 156 	 242.4 	 	 38.5 	 	 0.0010 	 1.6137 	 0.3969 	 1.9439 	 	 0.2367 	 	 1.2290 	 0.7168 	 1.5706 	 	 0.4895
[2022/05/27 00:12:58] - 157 	 242.4 	 	 38.5 	 	 0.0010 	 1.6042 	 0.3987 	 1.9387 	 	 0.2384 	 	 1.2058 	 0.7272 	 1.5366 	 	 0.5080
[2022/05/27 00:17:39] - 158 	 242.2 	 	 38.5 	 	 0.0010 	 1.6193 	 0.3876 	 1.9518 	 	 0.2343 	 	 1.2497 	 0.7175 	 1.5656 	 	 0.5017
[2022/05/27 00:22:20] - 159 	 242.3 	 	 38.6 	 	 0.0010 	 1.6227 	 0.4155 	 1.9565 	 	 0.2437 	 	 0.9403 	 0.7791 	 1.3536 	 	 0.5296
[2022/05/27 00:27:01] - 160 	 242.3 	 	 38.5 	 	 0.0010 	 1.6186 	 0.3796 	 1.9537 	 	 0.2256 	 	 1.2314 	 0.7156 	 1.5630 	 	 0.4958
[2022/05/27 00:31:42] - 161 	 242.3 	 	 38.5 	 	 0.0010 	 1.6282 	 0.4177 	 1.9597 	 	 0.2502 	 	 1.2347 	 0.7158 	 1.5659 	 	 0.4901
[2022/05/27 00:36:23] - 162 	 242.2 	 	 38.5 	 	 0.0010 	 1.6112 	 0.4474 	 1.9488 	 	 0.2645 	 	 0.9443 	 0.7541 	 1.3633 	 	 0.5229
[2022/05/27 00:41:04] - 163 	 242.3 	 	 38.5 	 	 0.0010 	 1.6273 	 0.3956 	 1.9597 	 	 0.2348 	 	 1.1243 	 0.7298 	 1.4890 	 	 0.5023
[2022/05/27 00:45:45] - 164 	 242.3 	 	 38.5 	 	 0.0010 	 1.6123 	 0.4183 	 1.9482 	 	 0.2476 	 	 0.9240 	 0.7739 	 1.3843 	 	 0.5104
[2022/05/27 00:50:25] - 165 	 242.3 	 	 38.5 	 	 0.0010 	 1.5994 	 0.4142 	 1.9354 	 	 0.2484 	 	 1.0708 	 0.7464 	 1.4569 	 	 0.5116
[2022/05/27 00:55:06] - 166 	 242.2 	 	 38.5 	 	 0.0010 	 1.6211 	 0.4141 	 1.9561 	 	 0.2434 	 	 1.2381 	 0.7157 	 1.5626 	 	 0.4968
[2022/05/27 00:59:47] - 167 	 242.3 	 	 38.5 	 	 0.0010 	 1.6045 	 0.4135 	 1.9403 	 	 0.2466 	 	 1.2211 	 0.7196 	 1.5508 	 	 0.5026
[2022/05/27 01:04:28] - 168 	 242.3 	 	 38.5 	 	 0.0010 	 1.6051 	 0.4172 	 1.9439 	 	 0.2469 	 	 1.1740 	 0.7314 	 1.5382 	 	 0.4964
[2022/05/27 01:09:09] - 169 	 242.2 	 	 38.5 	 	 0.0010 	 1.6105 	 0.3920 	 1.9492 	 	 0.2316 	 	 1.2622 	 0.7086 	 1.5704 	 	 0.4988
[2022/05/27 01:13:50] - 170 	 242.4 	 	 38.5 	 	 0.0010 	 1.5960 	 0.3820 	 1.9361 	 	 0.2335 	 	 1.2215 	 0.7281 	 1.5550 	 	 0.5007
[2022/05/27 01:18:31] - 171 	 242.2 	 	 38.5 	 	 0.0010 	 1.6098 	 0.4224 	 1.9486 	 	 0.2522 	 	 1.1784 	 0.7357 	 1.5243 	 	 0.5082
[2022/05/27 01:23:12] - 172 	 242.4 	 	 38.5 	 	 0.0010 	 1.6080 	 0.4126 	 1.9474 	 	 0.2456 	 	 0.8777 	 0.7753 	 1.3483 	 	 0.5201
[2022/05/27 01:27:52] - 173 	 242.2 	 	 38.5 	 	 0.0010 	 1.6139 	 0.4000 	 1.9492 	 	 0.2367 	 	 1.2200 	 0.7170 	 1.5587 	 	 0.4937
[2022/05/27 01:32:33] - 174 	 242.5 	 	 38.5 	 	 0.0010 	 1.6148 	 0.4011 	 1.9556 	 	 0.2385 	 	 1.2095 	 0.7098 	 1.5462 	 	 0.4933
[2022/05/27 01:37:14] - 175 	 242.3 	 	 38.6 	 	 0.0010 	 1.5979 	 0.4118 	 1.9409 	 	 0.2456 	 	 1.1014 	 0.7565 	 1.4704 	 	 0.5148
[2022/05/27 01:41:55] - 176 	 242.3 	 	 38.5 	 	 0.0010 	 1.5694 	 0.4073 	 1.9132 	 	 0.2449 	 	 0.8266 	 0.7874 	 1.3270 	 	 0.5163
[2022/05/27 01:46:36] - 177 	 242.2 	 	 38.5 	 	 0.0010 	 1.6074 	 0.4184 	 1.9504 	 	 0.2486 	 	 1.1803 	 0.7302 	 1.5392 	 	 0.4970
[2022/05/27 01:51:17] - 178 	 242.3 	 	 38.5 	 	 0.0010 	 1.6045 	 0.4304 	 1.9441 	 	 0.2562 	 	 1.0922 	 0.7446 	 1.4944 	 	 0.4962
[2022/05/27 01:55:57] - 179 	 242.3 	 	 38.6 	 	 0.0010 	 1.5771 	 0.3935 	 1.9242 	 	 0.2354 	 	 0.8828 	 0.7738 	 1.3635 	 	 0.5131
[2022/05/27 02:00:39] - 180 	 242.3 	 	 38.5 	 	 0.0010 	 1.6102 	 0.4066 	 1.9509 	 	 0.2404 	 	 1.1783 	 0.7355 	 1.5403 	 	 0.4910
[2022/05/27 02:05:19] - 181 	 242.3 	 	 38.5 	 	 0.0010 	 1.6007 	 0.4210 	 1.9414 	 	 0.2520 	 	 1.0905 	 0.7439 	 1.4838 	 	 0.5053
[2022/05/27 02:10:00] - 182 	 242.3 	 	 38.5 	 	 0.0010 	 1.5777 	 0.4105 	 1.9201 	 	 0.2472 	 	 1.0583 	 0.7532 	 1.4561 	 	 0.5082
[2022/05/27 02:14:41] - 183 	 242.3 	 	 38.5 	 	 0.0010 	 1.6056 	 0.4225 	 1.9478 	 	 0.2504 	 	 0.9040 	 0.7739 	 1.3638 	 	 0.5200
[2022/05/27 02:19:22] - 184 	 242.3 	 	 38.5 	 	 0.0010 	 1.6067 	 0.4234 	 1.9484 	 	 0.2483 	 	 1.1219 	 0.7345 	 1.5047 	 	 0.4989
[2022/05/27 02:24:03] - 185 	 242.2 	 	 38.5 	 	 0.0010 	 1.6038 	 0.4079 	 1.9473 	 	 0.2428 	 	 0.8550 	 0.7752 	 1.3573 	 	 0.5104
[2022/05/27 02:28:43] - 186 	 242.2 	 	 38.5 	 	 0.0010 	 1.6067 	 0.4058 	 1.9496 	 	 0.2382 	 	 0.8954 	 0.7796 	 1.3701 	 	 0.5120
[2022/05/27 02:33:24] - 187 	 242.3 	 	 38.5 	 	 0.0010 	 1.6046 	 0.3769 	 1.9472 	 	 0.2275 	 	 1.2480 	 0.7139 	 1.5716 	 	 0.4915
[2022/05/27 02:38:05] - 188 	 242.2 	 	 38.5 	 	 0.0010 	 1.6022 	 0.3938 	 1.9430 	 	 0.2348 	 	 0.8808 	 0.7782 	 1.3356 	 	 0.5214
[2022/05/27 02:42:46] - 189 	 242.2 	 	 38.5 	 	 0.0010 	 1.5891 	 0.4134 	 1.9329 	 	 0.2482 	 	 1.2428 	 0.7056 	 1.5889 	 	 0.4802
[2022/05/27 02:47:27] - 190 	 242.2 	 	 38.5 	 	 0.0010 	 1.5902 	 0.4194 	 1.9372 	 	 0.2498 	 	 0.9069 	 0.7828 	 1.3621 	 	 0.5244
[2022/05/27 02:52:08] - 191 	 242.2 	 	 38.5 	 	 0.0010 	 1.5778 	 0.4210 	 1.9262 	 	 0.2495 	 	 0.9546 	 0.7653 	 1.4167 	 	 0.5015
[2022/05/27 02:56:48] - 192 	 242.2 	 	 38.5 	 	 0.0010 	 1.5547 	 0.4507 	 1.9055 	 	 0.2691 	 	 1.0073 	 0.7629 	 1.4610 	 	 0.4929
[2022/05/27 03:01:29] - 193 	 242.2 	 	 38.5 	 	 0.0010 	 1.5937 	 0.4077 	 1.9368 	 	 0.2427 	 	 1.0382 	 0.7603 	 1.4628 	 	 0.5019
[2022/05/27 03:06:10] - 194 	 242.2 	 	 38.5 	 	 0.0010 	 1.6205 	 0.4071 	 1.9620 	 	 0.2412 	 	 1.1023 	 0.7404 	 1.4833 	 	 0.5102
[2022/05/27 03:10:50] - 195 	 242.2 	 	 38.5 	 	 0.0010 	 1.5960 	 0.4254 	 1.9423 	 	 0.2526 	 	 0.9133 	 0.7747 	 1.3855 	 	 0.5130
[2022/05/27 03:15:31] - 196 	 242.3 	 	 38.5 	 	 0.0010 	 1.6042 	 0.4185 	 1.9505 	 	 0.2468 	 	 0.9544 	 0.7723 	 1.4029 	 	 0.5143
[2022/05/27 03:20:12] - 197 	 242.2 	 	 38.5 	 	 0.0010 	 1.5971 	 0.4321 	 1.9426 	 	 0.2538 	 	 1.1208 	 0.7387 	 1.4981 	 	 0.5050
[2022/05/27 03:24:53] - 198 	 242.2 	 	 38.5 	 	 0.0010 	 1.5911 	 0.4108 	 1.9371 	 	 0.2460 	 	 0.9042 	 0.7731 	 1.4154 	 	 0.4976
[2022/05/27 03:29:33] - 199 	 242.2 	 	 38.5 	 	 0.0010 	 1.5963 	 0.4113 	 1.9460 	 	 0.2418 	 	 1.1010 	 0.7463 	 1.4958 	 	 0.5009
