[2022/06/28 20:25:19] - Namespace(attack='pgd', attack_iters=10, batch_size=128, chkpt_iters=10, cutout=False, cutout_len=None, data_dir='../cifar-data', dropout=0.3, epochs=200, epsilon=8, eval=False, fgsm_alpha=1.0, fgsm_init='r
andom', fname='experiments/cifar10_dropout/preactresnet18_0.3', half=False, l1=0, l2=0, lr_drop_epoch=100, lr_max=0.1, lr_one_drop=0.01, lr_schedule='piecewise', mixup=False, mixup_alpha=None, model='PreActResNet18drop', norm='l_i
nf', pgd_alpha=2, restarts=1, resume=0, seed=0, val=False, width_factor=10)                                                                                                                                                           
Files already downloaded and verified                                                                                                                                                                                                 
Files already downloaded and verified                                                                                                                                                                                                 
[2022/06/28 20:25:23] - Epoch    Train Time      Test Time       LR              Train Loss      Train Acc       Train Robust Loss       Train Robust Acc        Test Loss       Test Acc        Test Robust Loss    Test Robust Acc  
[2022/06/28 20:28:46] - 0        171.0           31.7            0.1000          1.8882          0.3090          2.1147                  0.2149                  1.7177          0.3716          1.9553              0.2747           
[2022/06/28 20:32:08] - 1        170.7           31.9            0.1000          1.6788          0.3973          1.9594                  0.2686                  1.5554          0.4650          1.8698              0.2841           
[2022/06/28 20:35:31] - 2        170.6           31.7            0.1000          1.5594          0.4498          1.8886                  0.2924                  1.4717          0.5005          1.8010              0.3315           
[2022/06/28 20:38:53] - 3        170.6           31.7            0.1000          1.4638          0.4942          1.8270                  0.3136                  1.3572          0.5425          1.7371              0.3436           
[2022/06/28 20:42:16] - 4        170.7           31.7            0.1000          1.3925          0.5296          1.7816                  0.3283                  1.2804          0.5835          1.7001              0.3602           
[2022/06/28 20:45:39] - 5        170.7           31.8            0.1000          1.3264          0.5610          1.7386                  0.3450                  1.2432          0.5847          1.6580              0.3780           
[2022/06/28 20:49:01] - 6        170.7           31.7            0.1000          1.2730          0.5855          1.7011                  0.3601                  1.1938          0.6022          1.6384              0.3884           
[2022/06/28 20:52:24] - 7        170.6           31.7            0.1000          1.2303          0.6031          1.6729                  0.3699                  1.1332          0.6250          1.6264              0.3871           
[2022/06/28 20:55:46] - 8        170.6           31.7            0.1000          1.2021          0.6138          1.6517                  0.3761                  1.1519          0.6375          1.6020              0.4018           
[2022/06/28 20:59:08] - 9        170.6           31.7            0.1000          1.1712          0.6316          1.6341                  0.3871                  1.1094          0.6366          1.6253              0.3871           
[2022/06/28 21:02:31] - 10       170.6           31.7            0.1000          1.1541          0.6378          1.6231                  0.3879                  1.1074          0.6675          1.5790              0.4131           
[2022/06/28 21:05:54] - 11       170.6           31.7            0.1000          1.1299          0.6484          1.6049                  0.3951                  1.0899          0.6704          1.5632              0.4122           
[2022/06/28 21:09:16] - 12       170.6           31.8            0.1000          1.1107          0.6548          1.5912                  0.4017                  1.0393          0.6911          1.5438              0.4234           
[2022/06/28 21:12:38] - 13       170.6           31.7            0.1000          1.0903          0.6663          1.5786                  0.4055                  1.0402          0.6669          1.5534              0.4170           
[2022/06/28 21:16:01] - 14       170.6           31.7            0.1000          1.0793          0.6697          1.5685                  0.4065                  1.0249          0.6716          1.5410              0.4160           
[2022/06/28 21:19:23] - 15       170.6           31.7            0.1000          1.0635          0.6756          1.5587                  0.4119                  0.9991          0.6817          1.5595              0.4147           
[2022/06/28 21:22:45] - 16       170.6           31.7            0.1000          1.0582          0.6784          1.5537                  0.4168                  0.9917          0.6989          1.5358              0.4201           
[2022/06/28 21:26:08] - 17       170.6           31.7            0.1000          1.0454          0.6845          1.5458                  0.4204                  1.0453          0.6516          1.5549              0.4131           
[2022/06/28 21:29:30] - 18       170.7           31.7            0.1000          1.0359          0.6920          1.5367                  0.4209                  0.9943          0.6873          1.5314              0.4244           
[2022/06/28 21:32:53] - 19       170.8           31.7            0.1000          1.0268          0.6910          1.5305                  0.4239                  1.0334          0.6570          1.5573              0.4149           
[2022/06/28 21:36:15] - 20       170.6           31.7            0.1000          1.0209          0.6941          1.5245                  0.4255                  0.9578          0.7111          1.5166              0.4307           
[2022/06/28 21:39:38] - 21       170.6           31.7            0.1000          1.0114          0.6969          1.5163                  0.4250                  0.9501          0.7000          1.5233              0.4235           
[2022/06/28 21:43:00] - 22       170.7           31.7            0.1000          1.0072          0.7006          1.5172                  0.4293                  0.9580          0.7137          1.5116              0.4261           
[2022/06/28 21:46:23] - 23       170.6           31.7            0.1000          1.0008          0.7036          1.5124                  0.4313                  0.9563          0.7040          1.5283              0.4258           
[2022/06/28 21:49:45] - 24       171.0           31.6            0.1000          0.9911          0.7104          1.5071                  0.4361                  0.9864          0.6948          1.5085              0.4309           
[2022/06/28 21:53:08] - 25       170.6           31.7            0.1000          0.9848          0.7103          1.5024                  0.4328                  0.9442          0.6959          1.5239              0.4197           
[2022/06/28 21:56:30] - 26       170.6           31.8            0.1000          0.9827          0.7101          1.4979                  0.4352                  0.9361          0.7022          1.5311              0.4230           
[2022/06/28 21:59:53] - 27       170.7           31.7            0.1000          0.9814          0.7122          1.4986                  0.4346                  0.9378          0.7167          1.4966              0.4267           
[2022/06/28 22:03:15] - 28       170.7           31.7            0.1000          0.9818          0.7120          1.4977                  0.4342                  0.9113          0.7144          1.5252              0.4220           
[2022/06/28 22:06:37] - 29       170.6           31.7            0.1000          0.9738          0.7123          1.4922                  0.4366                  0.9376          0.7235          1.5158              0.4272           
[2022/06/28 22:10:00] - 30       170.6           31.8            0.1000          0.9678          0.7144          1.4881                  0.4386                  0.9540          0.6971          1.5225              0.4309           
[2022/06/28 22:13:23] - 31       170.6           31.7            0.1000          0.9628          0.7195          1.4840                  0.4413                  0.9362          0.7258          1.5129              0.4302           
[2022/06/28 22:16:45] - 32       170.6           31.7            0.1000          0.9628          0.7193          1.4823                  0.4415                  0.9455          0.7109          1.5035              0.4360           
[2022/06/28 22:20:07] - 33       170.6           31.7            0.1000          0.9581          0.7209          1.4804                  0.4417                  0.9435          0.7190          1.5168              0.4264           
[2022/06/28 22:23:30] - 34       170.7           31.7            0.1000          0.9599          0.7201          1.4820                  0.4433                  0.9249          0.7085          1.5060              0.4266           
[2022/06/28 22:26:52] - 35       170.6           31.7            0.1000          0.9574          0.7220          1.4801                  0.4424                  0.9216          0.7323          1.4954              0.4407           
[2022/06/28 22:30:15] - 36       170.6           31.7            0.1000          0.9491          0.7262          1.4749                  0.4424                  0.9576          0.6947          1.5109              0.4341           
[2022/06/28 22:33:38] - 37       171.3           31.7            0.1000          0.9503          0.7237          1.4756                  0.4441                  0.9532          0.7122          1.5512              0.4094           
[2022/06/28 22:37:00] - 38       170.6           31.7            0.1000          0.9471          0.7274          1.4736                  0.4454                  0.9335          0.7270          1.4833              0.4535           
[2022/06/28 22:40:22] - 39       170.6           31.7            0.1000          0.9477          0.7241          1.4717                  0.4462                  0.9532          0.7167          1.5661              0.4228           
[2022/06/28 22:43:45] - 40       170.6           31.7            0.1000          0.9431          0.7273          1.4712                  0.4469                  0.9370          0.7151          1.4869              0.4484           
[2022/06/28 22:47:07] - 41       170.6           31.8            0.1000          0.9423          0.7240          1.4683                  0.4460                  0.9287          0.7221          1.5059              0.4326           
[2022/06/28 22:50:30] - 42       170.6           31.9            0.1000          0.9412          0.7266          1.4672                  0.4482                  0.9359          0.7030          1.4979              0.4306           
[2022/06/28 22:53:52] - 43       170.7           31.7            0.1000          0.9404          0.7261          1.4697                  0.4460                  0.9109          0.7322          1.4993              0.4360           
[2022/06/28 22:57:15] - 44       170.6           31.7            0.1000          0.9405          0.7269          1.4676                  0.4462                  0.9098          0.7370          1.5135              0.4284           
[2022/06/28 23:00:37] - 45       170.7           31.7            0.1000          0.9383          0.7310          1.4671                  0.4472                  0.9005          0.7238          1.4870              0.4417           
[2022/06/28 23:04:00] - 46       170.8           31.7            0.1000          0.9330          0.7328          1.4645                  0.4468                  0.9482          0.7109          1.5075              0.4365           
[2022/06/28 23:07:22] - 47       170.7           31.7            0.1000          0.9399          0.7257          1.4673                  0.4482                  0.8769          0.7313          1.4946              0.4291           
[2022/06/28 23:10:44] - 48       170.6           31.7            0.1000          0.9320          0.7315          1.4617                  0.4481                  0.8904          0.7169          1.5125              0.4255
[2022/06/28 23:14:07] - 49       170.7           31.7            0.1000          0.9303          0.7337          1.4607                  0.4484                  0.9486          0.7045          1.5106              0.4436
[2022/06/28 23:17:29] - 50       170.7           31.7            0.1000          0.9258          0.7336          1.4574                  0.4514                  0.9254          0.7117          1.4982              0.4402
[2022/06/28 23:20:52] - 51       170.6           31.7            0.1000          0.9262          0.7332          1.4569                  0.4507                  0.8750          0.7359          1.4747              0.4431
[2022/06/28 23:24:14] - 52       170.6           31.7            0.1000          0.9276          0.7308          1.4583                  0.4514                  0.9040          0.7172          1.5107              0.4378
[2022/06/28 23:27:36] - 53       170.6           31.7            0.1000          0.9260          0.7338          1.4573                  0.4509                  0.8997          0.7448          1.5115              0.4397
[2022/06/28 23:30:59] - 54       170.5           31.7            0.1000          0.9242          0.7361          1.4565                  0.4514                  0.8774          0.7399          1.4809              0.4394
[2022/06/28 23:34:21] - 55       170.5           31.7            0.1000          0.9172          0.7357          1.4492                  0.4522                  0.8707          0.7223          1.4917              0.4415
[2022/06/28 23:37:43] - 56       170.6           31.7            0.1000          0.9191          0.7339          1.4527                  0.4523                  0.8742          0.7259          1.4859              0.4467
[2022/06/28 23:41:06] - 57       170.7           31.7            0.1000          0.9196          0.7390          1.4522                  0.4518                  0.8888          0.7172          1.5696              0.4111
[2022/06/28 23:44:28] - 58       170.7           31.7            0.1000          0.9264          0.7357          1.4562                  0.4519                  0.8735          0.7412          1.4791              0.4412
[2022/06/28 23:47:50] - 59       170.6           31.7            0.1000          0.9209          0.7359          1.4527                  0.4518                  0.8969          0.7390          1.4883              0.4334
[2022/06/28 23:51:13] - 60       170.6           31.7            0.1000          0.9194          0.7377          1.4522                  0.4521                  0.9122          0.7295          1.5110              0.4373
[2022/06/28 23:54:35] - 61       170.6           31.7            0.1000          0.9175          0.7380          1.4503                  0.4535                  0.8543          0.7524          1.4847              0.4325
[2022/06/28 23:57:58] - 62       170.6           31.7            0.1000          0.9170          0.7375          1.4521                  0.4534                  0.9090          0.7395          1.4872              0.4440
[2022/06/29 00:01:20] - 63       170.6           31.7            0.1000          0.9139          0.7385          1.4459                  0.4561                  0.8980          0.7184          1.4906              0.4380
[2022/06/29 00:04:42] - 64       170.5           31.7            0.1000          0.9149          0.7382          1.4479                  0.4526                  0.8888          0.7241          1.4763              0.4485
[2022/06/29 00:08:05] - 65       170.6           31.7            0.1000          0.9118          0.7379          1.4438                  0.4558                  0.9325          0.7065          1.5123              0.4312
[2022/06/29 00:11:27] - 66       170.6           31.7            0.1000          0.9141          0.7397          1.4479                  0.4543                  0.8797          0.7455          1.4805              0.4434
[2022/06/29 00:14:49] - 67       170.7           31.7            0.1000          0.9125          0.7390          1.4469                  0.4564                  0.8238          0.7512          1.4685              0.4428
[2022/06/29 00:18:11] - 68       170.5           31.7            0.1000          0.9078          0.7430          1.4443                  0.4569                  0.8863          0.7329          1.4632              0.4525
[2022/06/29 00:21:35] - 69       171.3           31.8            0.1000          0.9108          0.7385          1.4469                  0.4560                  0.8754          0.7243          1.4863              0.4418
[2022/06/29 00:24:57] - 70       170.6           31.7            0.1000          0.9116          0.7378          1.4465                  0.4544                  0.8779          0.7507          1.4737              0.4417
[2022/06/29 00:28:19] - 71       170.6           31.7            0.1000          0.9102          0.7427          1.4461                  0.4536                  0.9091          0.7369          1.4971              0.4397
[2022/06/29 00:31:42] - 72       170.6           31.7            0.1000          0.9089          0.7415          1.4441                  0.4564                  0.8644          0.7380          1.4758              0.4434
[2022/06/29 00:35:04] - 73       170.6           31.7            0.1000          0.9087          0.7409          1.4441                  0.4558                  0.9067          0.7265          1.5008              0.4331
[2022/06/29 00:38:27] - 74       171.0           31.7            0.1000          0.9101          0.7405          1.4435                  0.4569                  0.9124          0.7284          1.4841              0.4463
[2022/06/29 00:41:49] - 75       170.6           31.7            0.1000          0.9064          0.7411          1.4412                  0.4574                  0.9223          0.7178          1.4953              0.4354
[2022/06/29 00:45:11] - 76       170.5           31.7            0.1000          0.9077          0.7429          1.4434                  0.4573                  0.8991          0.7438          1.4962              0.4479
[2022/06/29 00:48:34] - 77       170.7           31.7            0.1000          0.9075          0.7405          1.4445                  0.4563                  0.8824          0.7364          1.5115              0.4305
[2022/06/29 00:51:56] - 78       170.6           31.7            0.1000          0.9063          0.7407          1.4411                  0.4567                  0.8465          0.7420          1.4814              0.4362
[2022/06/29 00:55:19] - 79       171.0           31.7            0.1000          0.9051          0.7423          1.4393                  0.4576                  0.8762          0.7436          1.4962              0.4318
[2022/06/29 00:58:41] - 80       170.6           31.7            0.1000          0.9087          0.7414          1.4450                  0.4568                  0.8821          0.7276          1.4584              0.4531
[2022/06/29 01:02:04] - 81       170.7           31.8            0.1000          0.9063          0.7437          1.4422                  0.4553                  0.8306          0.7479          1.5440              0.4131
[2022/06/29 01:05:26] - 82       170.8           31.7            0.1000          0.9042          0.7450          1.4417                  0.4542                  0.8861          0.7248          1.4915              0.4430
[2022/06/29 01:08:49] - 83       170.8           31.7            0.1000          0.9067          0.7426          1.4444                  0.4563                  0.8851          0.7264          1.4844              0.4421
[2022/06/29 01:12:11] - 84       170.5           31.7            0.1000          0.9029          0.7433          1.4384                  0.4578                  0.8699          0.7352          1.4656              0.4515
[2022/06/29 01:15:33] - 85       170.5           31.7            0.1000          0.9034          0.7427          1.4382                  0.4571                  0.9087          0.7209          1.5926              0.4117
[2022/06/29 01:18:56] - 86       170.6           31.7            0.1000          0.9032          0.7443          1.4407                  0.4574                  0.8904          0.7509          1.4796              0.4437
[2022/06/29 01:22:18] - 87       170.6           31.7            0.1000          0.9011          0.7456          1.4397                  0.4581                  0.8915          0.7135          1.5022              0.4366
[2022/06/29 01:25:40] - 88       170.5           31.7            0.1000          0.9070          0.7398          1.4428                  0.4555                  0.8391          0.7590          1.4939              0.4427
[2022/06/29 01:29:03] - 89       170.7           31.7            0.1000          0.9012          0.7426          1.4392                  0.4563                  0.8766          0.7430          1.4848              0.4448
[2022/06/29 01:32:25] - 90       170.8           31.7            0.1000          0.9006          0.7452          1.4377                  0.4566                  0.8421          0.7450          1.4988              0.4330
[2022/06/29 01:35:48] - 91       170.7           31.7            0.1000          0.9070          0.7414          1.4404                  0.4532                  0.8436          0.7552          1.4482              0.4544
[2022/06/29 01:39:11] - 92       170.8           31.7            0.1000          0.9037          0.7423          1.4379                  0.4571                  0.8750          0.7333          1.4862              0.4409
[2022/06/29 01:42:33] - 93       170.5           31.7            0.1000          0.9069          0.7436          1.4436                  0.4570                  0.8808          0.7419          1.4775              0.4465
[2022/06/29 01:45:55] - 94       170.5           31.7            0.1000          0.9019          0.7449          1.4378                  0.4591                  0.8583          0.7416          1.5139              0.4352
[2022/06/29 01:49:17] - 95       170.5           31.8            0.1000          0.9082          0.7416          1.4424                  0.4568                  0.8541          0.7397          1.4801              0.4403
[2022/06/29 01:52:40] - 96       170.5           31.7            0.1000          0.9012          0.7453          1.4399                  0.4579                  0.8672          0.7388          1.4733              0.4438
[2022/06/29 01:56:02] - 97       170.5           31.7            0.1000          0.8988          0.7465          1.4369                  0.4589                  0.8484          0.7349          1.5050              0.4310
[2022/06/29 01:59:24] - 98       170.5           31.7            0.1000          0.9027          0.7434          1.4390                  0.4600                  0.8870          0.7224          1.5192              0.4285
[2022/06/29 02:02:46] - 99       170.6           31.7            0.0100          0.8992          0.7451          1.4355                  0.4587                  0.8691          0.7479          1.5011              0.4304
[2022/06/29 02:06:09] - 100      170.5           31.7            0.0100          0.8016          0.7798          1.2760                  0.5170                  0.6939          0.7989          1.3338              0.4885
[2022/06/29 02:09:32] - 101      170.7           31.7            0.0100          0.7223          0.8030          1.2118                  0.5380                  0.6677          0.8011          1.3378              0.4921
[2022/06/29 02:12:54] - 102      170.5           31.7            0.0100          0.6972          0.8088          1.1881                  0.5460                  0.6649          0.8118          1.3432              0.4960
[2022/06/29 02:16:16] - 103      170.6           31.7            0.0100          0.6772          0.8149          1.1699                  0.5526                  0.6414          0.8193          1.3517              0.4923
[2022/06/29 02:19:39] - 104      170.6           31.7            0.0100          0.6585          0.8224          1.1527                  0.5588                  0.6581          0.8132          1.3122              0.4987
[2022/06/29 02:23:01] - 105      170.7           31.8            0.0100          0.6463          0.8256          1.1383                  0.5661                  0.6361          0.8155          1.3287              0.4924
[2022/06/29 02:26:24] - 106      170.6           31.7            0.0100          0.6373          0.8277          1.1308                  0.5666                  0.6281          0.8215          1.3054              0.4995
[2022/06/29 02:29:46] - 107      170.5           31.7            0.0100          0.6254          0.8326          1.1195                  0.5706                  0.6207          0.8236          1.3351              0.4927
[2022/06/29 02:33:08] - 108      170.5           31.7            0.0100          0.6179          0.8348          1.1130                  0.5726                  0.6103          0.8262          1.3436              0.4916
[2022/06/29 02:36:30] - 109      170.5           31.7            0.0100          0.6068          0.8395          1.1031                  0.5731                  0.6071          0.8239          1.3339              0.4912
[2022/06/29 02:39:53] - 110      170.5           31.7            0.0100          0.6031          0.8419          1.1001                  0.5761                  0.6322          0.8245          1.3320              0.4991
[2022/06/29 02:43:15] - 111      170.7           31.7            0.0100          0.5921          0.8433          1.0890                  0.5800                  0.5993          0.8290          1.3395              0.4900
[2022/06/29 02:46:38] - 112      170.5           31.7            0.0100          0.5856          0.8451          1.0802                  0.5849                  0.5807          0.8339          1.3375              0.4956
[2022/06/29 02:50:00] - 113      170.8           31.7            0.0100          0.5820          0.8484          1.0779                  0.5868                  0.6073          0.8256          1.3279              0.4982
[2022/06/29 02:53:22] - 114      170.5           31.7            0.0100          0.5715          0.8511          1.0694                  0.5880                  0.6046          0.8272          1.3619              0.4819
[2022/06/29 02:56:45] - 115      170.6           31.7            0.0100          0.5685          0.8527          1.0669                  0.5889                  0.5924          0.8278          1.3481              0.4885
[2022/06/29 03:00:07] - 116      170.5           31.7            0.0100          0.5659          0.8522          1.0664                  0.5879                  0.5752          0.8347          1.3669              0.4877
[2022/06/29 03:03:29] - 117      170.6           31.7            0.0100          0.5600          0.8563          1.0573                  0.5942                  0.5915          0.8285          1.3754              0.4844
[2022/06/29 03:06:51] - 118      170.5           31.7            0.0100          0.5580          0.8569          1.0591                  0.5898                  0.6070          0.8206          1.3427              0.4909
[2022/06/29 03:10:14] - 119      170.5           31.7            0.0100          0.5541          0.8573          1.0566                  0.5897                  0.5858          0.8247          1.3678              0.4900
[2022/06/29 03:13:36] - 120      170.5           31.7            0.0100          0.5504          0.8608          1.0510                  0.5943                  0.6025          0.8296          1.3680              0.4888
[2022/06/29 03:16:59] - 121      170.7           31.7            0.0100          0.5446          0.8617          1.0474                  0.5963                  0.5867          0.8381          1.3507              0.4917
[2022/06/29 03:20:21] - 122      170.5           31.7            0.0100          0.5426          0.8641          1.0469                  0.5935                  0.5964          0.8331          1.3564              0.4933
[2022/06/29 03:23:43] - 123      170.5           31.7            0.0100          0.5383          0.8633          1.0413                  0.5955                  0.5979          0.8327          1.3810              0.4856
[2022/06/29 03:27:06] - 124      170.6           31.7            0.0100          0.5355          0.8660          1.0383                  0.5964                  0.5934          0.8201          1.3886              0.4852
[2022/06/29 03:30:28] - 125      171.0           31.7            0.0100          0.5332          0.8658          1.0368                  0.5974                  0.6058          0.8326          1.3779              0.4844
[2022/06/29 03:33:50] - 126      170.5           31.7            0.0100          0.5315          0.8642          1.0344                  0.5978                  0.5717          0.8283          1.4380              0.4755
[2022/06/29 03:37:13] - 127      170.6           31.7            0.0100          0.5275          0.8683          1.0317                  0.6004                  0.5974          0.8256          1.3998              0.4855
[2022/06/29 03:40:35] - 128      170.5           31.7            0.0100          0.5258          0.8678          1.0305                  0.6009                  0.5816          0.8329          1.3860              0.4874
[2022/06/29 03:43:57] - 129      170.5           31.7            0.0100          0.5224          0.8694          1.0275                  0.5981                  0.5911          0.8312          1.3998              0.4877
[2022/06/29 03:47:20] - 130      170.7           31.7            0.0100          0.5180          0.8704          1.0249                  0.6030                  0.6186          0.8320          1.4181              0.4791
[2022/06/29 03:50:42] - 131      170.6           31.8            0.0100          0.5158          0.8707          1.0223                  0.6022                  0.5755          0.8310          1.4093              0.4787
[2022/06/29 03:54:05] - 132      170.5           31.7            0.0100          0.5136          0.8732          1.0200                  0.6023                  0.5696          0.8288          1.4283              0.4771
[2022/06/29 03:57:27] - 133      170.6           31.7            0.0100          0.5157          0.8714          1.0221                  0.6011                  0.5879          0.8290          1.3847              0.4842
[2022/06/29 04:00:49] - 134      170.5           31.7            0.0100          0.5088          0.8754          1.0135                  0.6057                  0.5861          0.8271          1.4020              0.4851
[2022/06/29 04:04:11] - 135      170.5           31.7            0.0100          0.5097          0.8739          1.0154                  0.6046                  0.5850          0.8289          1.4188              0.4811
[2022/06/29 04:07:34] - 136      170.6           31.7            0.0100          0.5036          0.8757          1.0081                  0.6069                  0.5403          0.8378          1.4632              0.4638
[2022/06/29 04:10:56] - 137      170.6           31.7            0.0100          0.5009          0.8771          1.0074                  0.6086                  0.6175          0.8279          1.4013              0.4829
[2022/06/29 04:14:18] - 138      170.5           31.7            0.0100          0.5033          0.8769          1.0098                  0.6069                  0.5686          0.8365          1.4084              0.4796
[2022/06/29 04:17:40] - 139      170.7           31.7            0.0100          0.5012          0.8786          1.0042                  0.6060                  0.5905          0.8274          1.4286              0.4796
[2022/06/29 04:21:03] - 140      170.6           31.7            0.0100          0.4952          0.8798          1.0016                  0.6078                  0.5669          0.8254          1.4294              0.4759
[2022/06/29 04:24:25] - 141      170.5           31.7            0.0100          0.4955          0.8787          1.0000                  0.6099                  0.5633          0.8240          1.4346              0.4772
[2022/06/29 04:27:48] - 142      170.6           31.7            0.0100          0.4941          0.8792          1.0023                  0.6081                  0.5938          0.8284          1.4272              0.4784
[2022/06/29 04:31:10] - 143      170.6           31.7            0.0100          0.4923          0.8801          0.9984                  0.6104                  0.5631          0.8346          1.4776              0.4716
[2022/06/29 04:34:32] - 144      170.6           31.7            0.0100          0.4871          0.8806          0.9929                  0.6110                  0.5616          0.8299          1.4558              0.4778
[2022/06/29 04:37:55] - 145      170.7           31.7            0.0100          0.4880          0.8795          0.9911                  0.6129                  0.5662          0.8311          1.4299              0.4789
[2022/06/29 04:41:17] - 146      170.7           31.7            0.0100          0.4846          0.8809          0.9907                  0.6138                  0.5760          0.8316          1.4339              0.4799
[2022/06/29 04:44:39] - 147      170.6           31.7            0.0100          0.4839          0.8837          0.9872                  0.6134                  0.5397          0.8433          1.4772              0.4654
[2022/06/29 04:48:02] - 148      170.7           31.7            0.0100          0.4813          0.8848          0.9868                  0.6144                  0.5624          0.8318          1.4015              0.4814
[2022/06/29 04:51:24] - 149      170.7           31.7            0.0010          0.4782          0.8837          0.9818                  0.6132                  0.5590          0.8326          1.4612              0.4728
[2022/06/29 04:54:47] - 150      170.7           31.7            0.0010          0.4439          0.8929          0.8860                  0.6509                  0.5013          0.8522          1.4309              0.4840
[2022/06/29 04:58:09] - 151      170.6           31.7            0.0010          0.4121          0.9014          0.8468                  0.6645                  0.5020          0.8517          1.4074              0.4875
[2022/06/29 05:01:32] - 152      170.6           31.7            0.0010          0.3969          0.9063          0.8255                  0.6740                  0.4897          0.8557          1.4281              0.4871
[2022/06/29 05:04:54] - 153      170.8           31.8            0.0010          0.3858          0.9076          0.8109                  0.6758                  0.4718          0.8577          1.4663              0.4795
[2022/06/29 05:08:16] - 154      170.6           31.7            0.0010          0.3772          0.9107          0.8041                  0.6789                  0.4842          0.8577          1.4695              0.4842
[2022/06/29 05:11:39] - 155      170.6           31.7            0.0010          0.3720          0.9135          0.7946                  0.6842                  0.4762          0.8540          1.4815              0.4856
[2022/06/29 05:15:01] - 156      170.6           31.7            0.0010          0.3678          0.9144          0.7855                  0.6902                  0.4630          0.8562          1.5208              0.4778
[2022/06/29 05:18:23] - 157      170.6           31.7            0.0010          0.3614          0.9143          0.7799                  0.6888                  0.4700          0.8582          1.4943              0.4820
[2022/06/29 05:21:46] - 158      170.5           31.8            0.0010          0.3561          0.9153          0.7701                  0.6931                  0.4758          0.8562          1.5366              0.4787
[2022/06/29 05:25:08] - 159      170.6           31.7            0.0010          0.3509          0.9167          0.7643                  0.6944                  0.4602          0.8592          1.5243              0.4768
[2022/06/29 05:28:31] - 160      170.6           31.7            0.0010          0.3462          0.9183          0.7576                  0.6983                  0.4953          0.8490          1.5294              0.4783
[2022/06/29 05:31:53] - 161      170.6           31.7            0.0010          0.3438          0.9181          0.7561                  0.6992                  0.4808          0.8561          1.5297              0.4735
[2022/06/29 05:35:16] - 162      171.0           31.8            0.0010          0.3402          0.9191          0.7507                  0.7010                  0.4496          0.8600          1.6226              0.4635
[2022/06/29 05:38:38] - 163      170.6           31.7            0.0010          0.3381          0.9208          0.7473                  0.7016                  0.4578          0.8613          1.5679              0.4720
[2022/06/29 05:42:01] - 164      170.7           31.7            0.0010          0.3336          0.9227          0.7396                  0.7044                  0.4717          0.8572          1.5338              0.4816
[2022/06/29 05:45:24] - 165      171.3           31.8            0.0010          0.3292          0.9217          0.7361                  0.7052                  0.4607          0.8616          1.5802              0.4722
[2022/06/29 05:48:46] - 166      170.5           31.7            0.0010          0.3282          0.9229          0.7303                  0.7078                  0.4648          0.8620          1.5815              0.4696
[2022/06/29 05:52:08] - 167      170.7           31.7            0.0010          0.3239          0.9249          0.7264                  0.7069                  0.4547          0.8608          1.5986              0.4724
[2022/06/29 05:55:31] - 168      170.7           31.7            0.0010          0.3225          0.9246          0.7239                  0.7116                  0.4703          0.8571          1.5351              0.4757
[2022/06/29 05:58:53] - 169      170.6           31.7            0.0010          0.3183          0.9261          0.7183                  0.7118                  0.4521          0.8641          1.5885              0.4681
[2022/06/29 06:02:16] - 170      170.6           31.7            0.0010          0.3165          0.9267          0.7129                  0.7150                  0.4742          0.8569          1.5938              0.4709
[2022/06/29 06:05:38] - 171      170.6           31.7            0.0010          0.3142          0.9276          0.7106                  0.7124                  0.4541          0.8550          1.7454              0.4604
[2022/06/29 06:09:00] - 172      170.6           31.7            0.0010          0.3095          0.9283          0.7056                  0.7153                  0.4571          0.8610          1.6257              0.4635
[2022/06/29 06:12:22] - 173      170.6           31.7            0.0010          0.3085          0.9271          0.7028                  0.7170                  0.4598          0.8579          1.7001              0.4609
[2022/06/29 06:15:45] - 174      170.5           31.7            0.0010          0.3065          0.9284          0.7013                  0.7192                  0.4707          0.8560          1.6170              0.4693
[2022/06/29 06:19:07] - 175      170.6           31.7            0.0010          0.3059          0.9284          0.6968                  0.7202                  0.4752          0.8542          1.5796              0.4714
[2022/06/29 06:22:29] - 176      170.6           31.7            0.0010          0.3021          0.9298          0.6942                  0.7208                  0.4683          0.8591          1.6190              0.4719
[2022/06/29 06:25:52] - 177      170.7           31.7            0.0010          0.3009          0.9291          0.6919                  0.7211                  0.4547          0.8599          1.6385              0.4643
[2022/06/29 06:29:14] - 178      170.6           31.7            0.0010          0.2964          0.9310          0.6860                  0.7235                  0.4531          0.8598          1.6446              0.4593
[2022/06/29 06:32:36] - 179      170.7           31.7            0.0010          0.2952          0.9313          0.6841                  0.7242                  0.4422          0.8615          1.6865              0.4661
[2022/06/29 06:35:59] - 180      170.5           31.7            0.0010          0.2927          0.9321          0.6788                  0.7261                  0.4604          0.8603          1.6211              0.4687
[2022/06/29 06:39:21] - 181      170.8           31.7            0.0010          0.2920          0.9327          0.6791                  0.7256                  0.4556          0.8600          1.7216              0.4545
[2022/06/29 06:42:44] - 182      170.5           31.7            0.0010          0.2921          0.9321          0.6810                  0.7272                  0.4575          0.8567          1.6886              0.4642
[2022/06/29 06:46:06] - 183      170.6           31.7            0.0010          0.2877          0.9343          0.6740                  0.7283                  0.4544          0.8595          1.7551              0.4528
[2022/06/29 06:49:28] - 184      170.5           31.7            0.0010          0.2867          0.9343          0.6691                  0.7312                  0.4690          0.8572          1.7324              0.4520
[2022/06/29 06:52:51] - 185      170.8           31.7            0.0010          0.2861          0.9328          0.6684                  0.7291                  0.4780          0.8524          1.6642              0.4653
[2022/06/29 06:56:13] - 186      170.6           31.7            0.0010          0.2823          0.9344          0.6610                  0.7316                  0.4358          0.8629          1.7524              0.4502
[2022/06/29 06:59:35] - 187      170.6           31.7            0.0010          0.2807          0.9352          0.6605                  0.7305                  0.4710          0.8534          1.6572              0.4650
[2022/06/29 07:02:58] - 188      170.6           31.7            0.0010          0.2777          0.9364          0.6579                  0.7349                  0.4525          0.8624          1.6819              0.4565
[2022/06/29 07:06:20] - 189      170.5           31.7            0.0010          0.2754          0.9375          0.6547                  0.7339                  0.4389          0.8660          1.7329              0.4516
[2022/06/29 07:09:42] - 190      170.6           31.7            0.0010          0.2751          0.9364          0.6546                  0.7360                  0.4615          0.8539          1.7511              0.4568
[2022/06/29 07:13:05] - 191      170.6           31.7            0.0010          0.2747          0.9388          0.6561                  0.7351                  0.4632          0.8616          1.6795              0.4537
[2022/06/29 07:16:27] - 192      170.7           31.7            0.0010          0.2727          0.9371          0.6481                  0.7394                  0.4449          0.8646          1.7866              0.4470
[2022/06/29 07:19:50] - 193      170.7           31.7            0.0010          0.2699          0.9392          0.6445                  0.7394                  0.4787          0.8591          1.6538              0.4629
[2022/06/29 07:23:12] - 194      170.9           31.7            0.0010          0.2664          0.9397          0.6377                  0.7427                  0.4514          0.8608          1.7899              0.4516
[2022/06/29 07:26:35] - 195      170.8           31.7            0.0010          0.2652          0.9401          0.6365                  0.7405                  0.4479          0.8633          1.7385              0.4529
[2022/06/29 07:29:57] - 196      170.8           31.7            0.0010          0.2640          0.9401          0.6397                  0.7408                  0.4384          0.8606          1.8845              0.4464
[2022/06/29 07:33:20] - 197      170.7           31.7            0.0010          0.2632          0.9396          0.6368                  0.7421                  0.4476          0.8597          1.8037              0.4507
[2022/06/29 07:36:42] - 198      170.8           31.7            0.0010          0.2616          0.9409          0.6294                  0.7439                  0.4579          0.8578          1.7711              0.4524
[2022/06/29 07:40:05] - 199      170.8           31.8            0.0010          0.2605          0.9409          0.6338                  0.7443                  0.4445          0.8652          1.8449              0.4448