[2022/06/28 20:21:20] - Namespace(attack='pgd', attack_iters=10, batch_size=128, chkpt_iters=10, cutout=False, cutout_len=None, data_dir='../cifar-data', dropout=0.2, epochs=200, epsilon=8, eval=False, fgsm_alpha=1.0, fgsm_init='r
andom', fname='experiments/cifar10_dropout/preactresnet18_0.2', half=False, l1=0, l2=0, lr_drop_epoch=100, lr_max=0.1, lr_one_drop=0.01, lr_schedule='piecewise', mixup=False, mixup_alpha=None, model='PreActResNet18drop', norm='l_i
nf', pgd_alpha=2, restarts=1, resume=0, seed=0, val=False, width_factor=10)                                                                                                                                                           
[2022/06/28 20:21:35] - Epoch    Train Time      Test Time       LR              Train Loss      Train Acc       Train Robust Loss       Train Robust Acc        Test Loss       Test Acc        Test Robust Loss    Test Robust Acc  
[2022/06/28 20:25:13] - 0        186.2           31.8            0.1000          1.8690          0.3194          2.1043                  0.2181                  1.6837          0.3815          1.9452              0.2694           
[2022/06/28 20:28:36] - 1        170.7           31.8            0.1000          1.6477          0.4123          1.9446                  0.2748                  1.5241          0.4745          1.8508                  0.2970       
[2022/06/28 20:31:59] - 2        170.9           31.8            0.1000          1.5283          0.4648          1.8718                  0.2988                  1.4477          0.5129          1.7838                  0.3320       
[2022/06/28 20:35:22] - 3        170.9           31.8            0.1000          1.4319          0.5084          1.8096                  0.3181                  1.3397          0.5534          1.7286                  0.3413       
[2022/06/28 20:38:45] - 4        170.9           31.8            0.1000          1.3651          0.5409          1.7680                  0.3335                  1.2644          0.5868          1.6798                  0.3675       
[2022/06/28 20:42:08] - 5        170.9           31.8            0.1000          1.3024          0.5739          1.7249                  0.3508                  1.2203          0.6004          1.6407                  0.3860       
[2022/06/28 20:45:30] - 6        170.8           31.8            0.1000          1.2474          0.5990          1.6883                  0.3629                  1.1926          0.5978          1.6318                  0.3881       
[2022/06/28 20:48:53] - 7        170.8           31.8            0.1000          1.2065          0.6115          1.6585                  0.3744                  1.1312          0.6254          1.6188                  0.3855       
[2022/06/28 20:52:16] - 8        170.8           31.8            0.1000          1.1811          0.6233          1.6416                  0.3800                  1.1356          0.6467          1.5799                  0.4068       
[2022/06/28 20:55:39] - 9        170.9           31.8            0.1000          1.1494          0.6401          1.6224                  0.3899                  1.0941          0.6408          1.6206                  0.3909       
[2022/06/28 20:59:02] - 10       170.9           31.8            0.1000          1.1331          0.6473          1.6143                  0.3924                  1.0962          0.6722          1.5636                  0.4188       
[2022/06/28 21:02:24] - 11       170.9           31.8            0.1000          1.1076          0.6600          1.5934                  0.3969                  1.0815          0.6728          1.5573                  0.4134       
[2022/06/28 21:05:47] - 12       170.9           31.8            0.1000          1.0867          0.6659          1.5783                  0.4055                  1.0304          0.6956          1.5422                  0.4256       
[2022/06/28 21:09:10] - 13       170.9           31.8            0.1000          1.0678          0.6764          1.5667                  0.4094                  1.0478          0.6675          1.5538                  0.4157       
[2022/06/28 21:12:33] - 14       170.8           31.8            0.1000          1.0556          0.6809          1.5562                  0.4115                  1.0136          0.6787          1.5197                  0.4243       
[2022/06/28 21:15:55] - 15       170.9           31.8            0.1000          1.0439          0.6845          1.5495                  0.4157                  1.0044          0.6782          1.5345                  0.4282       
[2022/06/28 21:19:18] - 16       170.9           31.8            0.1000          1.0336          0.6914          1.5429                  0.4186                  0.9969          0.6947          1.5258                  0.4282       
[2022/06/28 21:22:41] - 17       171.0           31.8            0.1000          1.0214          0.6972          1.5322                  0.4232                  1.0360          0.6525          1.5513                  0.4158       
[2022/06/28 21:26:04] - 18       170.9           31.8            0.1000          1.0122          0.7011          1.5248                  0.4244                  0.9661          0.6972          1.5202                  0.4234       
[2022/06/28 21:29:26] - 19       170.9           31.8            0.1000          1.0023          0.6999          1.5175                  0.4278                  1.0165          0.6579          1.5429                  0.4221       
[2022/06/28 21:32:49] - 20       170.8           31.8            0.1000          0.9929          0.7086          1.5089                  0.4322                  0.9552          0.7150          1.5152                  0.4304       
[2022/06/28 21:36:12] - 21       170.9           31.8            0.1000          0.9880          0.7081          1.5066                  0.4280                  0.9318          0.7116          1.5019                  0.4294       
[2022/06/28 21:39:35] - 22       170.8           31.8            0.1000          0.9807          0.7126          1.5020                  0.4319                  0.9414          0.7148          1.5001                  0.4322       
[2022/06/28 21:42:57] - 23       170.8           31.8            0.1000          0.9769          0.7137          1.5011                  0.4335                  0.9343          0.7099          1.4994                  0.4340       
[2022/06/28 21:46:20] - 24       170.9           31.8            0.1000          0.9666          0.7194          1.4930                  0.4381                  0.9776          0.6970          1.5190                  0.4337       
[2022/06/28 21:49:43] - 25       170.9           31.8            0.1000          0.9590          0.7228          1.4874                  0.4385                  0.9291          0.7012          1.5102                  0.4279       
[2022/06/28 21:53:06] - 26       170.9           31.8            0.1000          0.9524          0.7237          1.4806                  0.4403                  0.9211          0.7089          1.5327                  0.4214       
[2022/06/28 21:56:28] - 27       170.9           31.8            0.1000          0.9519          0.7260          1.4822                  0.4407                  0.9283          0.7124          1.4856                  0.4280       
[2022/06/28 21:59:51] - 28       170.9           31.8            0.1000          0.9491          0.7288          1.4790                  0.4404                  0.8965          0.7186          1.4951                  0.4355       
[2022/06/28 22:03:14] - 29       170.9           31.8            0.1000          0.9437          0.7267          1.4751                  0.4426                  0.9089          0.7328          1.4920                  0.4376       
[2022/06/28 22:06:37] - 30       170.9           31.8            0.1000          0.9391          0.7296          1.4720                  0.4459                  0.9395          0.7094          1.5087                  0.4338       
[2022/06/28 22:10:00] - 31       170.9           31.8            0.1000          0.9383          0.7298          1.4702                  0.4441                  0.9181          0.7288          1.4929                  0.4367       
[2022/06/28 22:13:22] - 32       170.9           31.8            0.1000          0.9375          0.7310          1.4691                  0.4464                  0.9396          0.7181          1.4955                  0.4415       
[2022/06/28 22:16:45] - 33       170.9           31.8            0.1000          0.9243          0.7362          1.4633                  0.4464                  0.9320          0.7251          1.4827                  0.4446       
[2022/06/28 22:20:08] - 34       170.9           31.8            0.1000          0.9266          0.7338          1.4610                  0.4495                  0.9093          0.7211          1.4853                  0.4404       
[2022/06/28 22:23:31] - 35       170.8           31.8            0.1000          0.9214          0.7378          1.4575                  0.4494                  0.9028          0.7396          1.4690                  0.4478       
[2022/06/28 22:26:54] - 36       170.9           31.8            0.1000          0.9232          0.7373          1.4607                  0.4465                  0.9125          0.7143          1.4729                  0.4492       
[2022/06/28 22:30:16] - 37       170.8           31.8            0.1000          0.9195          0.7371          1.4566                  0.4502                  0.9235          0.7239          1.5235                  0.4146
[2022/06/28 22:33:39] - 38       170.8           31.8            0.1000          0.9124          0.7410          1.4521                  0.4511                  0.9241          0.7338          1.4740                  0.4568
[2022/06/28 22:37:02] - 39       170.8           31.8            0.1000          0.9141          0.7400          1.4529                  0.4520                  0.9124          0.7306          1.5353                  0.4278
[2022/06/28 22:40:25] - 40       170.8           31.8            0.1000          0.9114          0.7391          1.4525                  0.4507                  0.9221          0.7128          1.4813                  0.4452
[2022/06/28 22:43:47] - 41       170.9           31.8            0.1000          0.9089          0.7387          1.4496                  0.4513                  0.9098          0.7340          1.4841                  0.4420
[2022/06/28 22:47:10] - 42       170.9           31.8            0.1000          0.9087          0.7413          1.4486                  0.4544                  0.9023          0.7170          1.4809                  0.4333
[2022/06/28 22:50:33] - 43       170.8           31.8            0.1000          0.9108          0.7414          1.4519                  0.4520                  0.8816          0.7417          1.4669                  0.4433
[2022/06/28 22:53:55] - 44       170.9           31.8            0.1000          0.9091          0.7396          1.4491                  0.4500                  0.8948          0.7329          1.4956                  0.4275
[2022/06/28 22:57:18] - 45       170.9           31.8            0.1000          0.9076          0.7403          1.4477                  0.4548                  0.8812          0.7293          1.4685                  0.4523
[2022/06/28 23:00:41] - 46       170.9           31.8            0.1000          0.9024          0.7458          1.4474                  0.4529                  0.9370          0.7140          1.4794                  0.4536
[2022/06/28 23:04:03] - 47       170.9           31.8            0.1000          0.9078          0.7411          1.4487                  0.4536                  0.8534          0.7413          1.4690                  0.4461
[2022/06/28 23:07:26] - 48       170.8           31.8            0.1000          0.8963          0.7473          1.4415                  0.4558                  0.8596          0.7311          1.4972                  0.4256
[2022/06/28 23:10:49] - 49       170.9           31.8            0.1000          0.8961          0.7496          1.4404                  0.4572                  0.9112          0.7295          1.4988                  0.4452
[2022/06/28 23:14:12] - 50       170.9           31.8            0.1000          0.8920          0.7497          1.4368                  0.4549                  0.9171          0.7203          1.4822                  0.4501
[2022/06/28 23:17:34] - 51       170.8           31.8            0.1000          0.8956          0.7491          1.4398                  0.4532                  0.8735          0.7381          1.4603                  0.4493
[2022/06/28 23:20:57] - 52       170.8           31.8            0.1000          0.8935          0.7471          1.4375                  0.4559                  0.8886          0.7238          1.4995                  0.4462
[2022/06/28 23:24:20] - 53       170.9           31.8            0.1000          0.8932          0.7480          1.4401                  0.4565                  0.8956          0.7480          1.4861                  0.4478
[2022/06/28 23:27:42] - 54       170.9           31.8            0.1000          0.8901          0.7517          1.4354                  0.4569                  0.8707          0.7376          1.4804                  0.4389
[2022/06/28 23:31:05] - 55       170.9           31.8            0.1000          0.8865          0.7485          1.4321                  0.4577                  0.8620          0.7305          1.4659                  0.4523
[2022/06/28 23:34:28] - 56       170.9           31.8            0.1000          0.8905          0.7482          1.4358                  0.4579                  0.8579          0.7281          1.4696                  0.4537
[2022/06/28 23:37:50] - 57       170.9           31.8            0.1000          0.8897          0.7514          1.4355                  0.4588                  0.8906          0.7184          1.5506                  0.4208
[2022/06/28 23:41:13] - 58       170.9           31.8            0.1000          0.8937          0.7495          1.4377                  0.4552                  0.8503          0.7480          1.4488                  0.4542
[2022/06/28 23:44:35] - 59       170.8           31.8            0.1000          0.8869          0.7516          1.4332                  0.4594                  0.8905          0.7453          1.4643                  0.4460
[2022/06/28 23:47:58] - 60       170.7           31.8            0.1000          0.8851          0.7522          1.4320                  0.4580                  0.9019          0.7360          1.4860                  0.4483
[2022/06/28 23:51:21] - 61       170.8           31.8            0.1000          0.8854          0.7519          1.4301                  0.4580                  0.8232          0.7587          1.4747                  0.4426
[2022/06/28 23:54:44] - 62       170.8           31.8            0.1000          0.8845          0.7517          1.4321                  0.4572                  0.8985          0.7444          1.4746                  0.4432
[2022/06/28 23:58:06] - 63       170.8           31.8            0.1000          0.8820          0.7524          1.4271                  0.4603                  0.8892          0.7205          1.4669                  0.4539
[2022/06/29 00:01:29] - 64       170.8           31.8            0.1000          0.8845          0.7520          1.4301                  0.4593                  0.8713          0.7199          1.4634                  0.4512
[2022/06/29 00:04:51] - 65       170.8           31.8            0.1000          0.8808          0.7519          1.4260                  0.4604                  0.9158          0.7104          1.4910                  0.4432
[2022/06/29 00:08:14] - 66       170.8           31.8            0.1000          0.8807          0.7541          1.4288                  0.4576                  0.8584          0.7551          1.4634                  0.4534
[2022/06/29 00:11:36] - 67       170.8           31.8            0.1000          0.8797          0.7568          1.4287                  0.4621                  0.8203          0.7511          1.4602                  0.4475
[2022/06/29 00:14:59] - 68       170.9           31.8            0.1000          0.8770          0.7579          1.4264                  0.4580                  0.8853          0.7352          1.4502                  0.4616
[2022/06/29 00:18:22] - 69       170.8           31.8            0.1000          0.8800          0.7555          1.4274                  0.4600                  0.8487          0.7266          1.4770                  0.4455
[2022/06/29 00:21:45] - 70       170.8           31.8            0.1000          0.8766          0.7542          1.4229                  0.4617                  0.8588          0.7574          1.4544                  0.4518
[2022/06/29 00:25:07] - 71       170.8           31.7            0.1000          0.8796          0.7554          1.4277                  0.4583                  0.8865          0.7375          1.4688                  0.4548
[2022/06/29 00:28:30] - 72       170.8           31.7            0.1000          0.8763          0.7565          1.4264                  0.4613                  0.8401          0.7396          1.4569                  0.4519
[2022/06/29 00:31:52] - 73       170.8           31.8            0.1000          0.8768          0.7542          1.4254                  0.4618                  0.8626          0.7413          1.4636                  0.4482
[2022/06/29 00:35:15] - 74       170.8           31.8            0.1000          0.8793          0.7552          1.4261                  0.4615                  0.8741          0.7443          1.4517                  0.4575
[2022/06/29 00:38:38] - 75       170.8           31.8            0.1000          0.8751          0.7574          1.4240                  0.4625                  0.8924          0.7305          1.4882                  0.4321
[2022/06/29 00:42:00] - 76       170.9           31.8            0.1000          0.8755          0.7563          1.4241                  0.4611                  0.8939          0.7423          1.4847                  0.4539
[2022/06/29 00:45:23] - 77       170.8           31.8            0.1000          0.8772          0.7532          1.4246                  0.4614                  0.8600          0.7352          1.4738                  0.4406
[2022/06/29 00:48:45] - 78       170.8           31.8            0.1000          0.8695          0.7577          1.4215                  0.4632                  0.8299          0.7519          1.4693                  0.4418
[2022/06/29 00:52:08] - 79       170.8           31.8            0.1000          0.8736          0.7577          1.4216                  0.4607                  0.8541          0.7499          1.4756                  0.4422
[2022/06/29 00:55:31] - 80       170.8           31.8            0.1000          0.8757          0.7549          1.4245                  0.4608                  0.8640          0.7351          1.4470                  0.4562
[2022/06/29 00:58:53] - 81       170.8           31.7            0.1000          0.8722          0.7577          1.4213                  0.4624                  0.8184          0.7434          1.5323                  0.4136
[2022/06/29 01:02:16] - 82       170.7           31.8            0.1000          0.8732          0.7594          1.4219                  0.4592                  0.8634          0.7343          1.4844                  0.4448
[2022/06/29 01:05:38] - 83       170.7           31.8            0.1000          0.8740          0.7575          1.4252                  0.4599                  0.8534          0.7383          1.4689                  0.4460
[2022/06/29 01:09:01] - 84       170.8           31.8            0.1000          0.8695          0.7574          1.4199                  0.4626                  0.8526          0.7513          1.4473                  0.4575
[2022/06/29 01:12:24] - 85       170.8           31.8            0.1000          0.8707          0.7570          1.4196                  0.4626                  0.8806          0.7320          1.5876                  0.4162
[2022/06/29 01:15:46] - 86       170.8           31.8            0.1000          0.8716          0.7590          1.4206                  0.4634                  0.8842          0.7506          1.4644                  0.4475
[2022/06/29 01:19:09] - 87       170.8           31.8            0.1000          0.8715          0.7600          1.4203                  0.4639                  0.8684          0.7272          1.4724                  0.4463
[2022/06/29 01:22:31] - 88       170.8           31.8            0.1000          0.8729          0.7573          1.4231                  0.4604                  0.8113          0.7664          1.4704                  0.4483
[2022/06/29 01:25:54] - 89       170.9           31.8            0.1000          0.8685          0.7584          1.4195                  0.4634                  0.8580          0.7462          1.4541                  0.4514
[2022/06/29 01:29:17] - 90       170.9           31.8            0.1000          0.8688          0.7574          1.4199                  0.4639                  0.8293          0.7468          1.4652                  0.4457
[2022/06/29 01:32:40] - 91       170.9           31.8            0.1000          0.8739          0.7569          1.4226                  0.4611                  0.8322          0.7593          1.4525                  0.4481
[2022/06/29 01:36:02] - 92       170.8           31.8            0.1000          0.8646          0.7594          1.4166                  0.4630                  0.8589          0.7432          1.4548                  0.4546
[2022/06/29 01:39:25] - 93       170.7           31.8            0.1000          0.8732          0.7581          1.4241                  0.4618                  0.8613          0.7486          1.4494                  0.4502
[2022/06/29 01:42:47] - 94       170.9           31.8            0.1000          0.8661          0.7637          1.4165                  0.4631                  0.8499          0.7507          1.4809                  0.448[49/207]
[2022/06/29 01:46:10] - 95       170.8           31.8            0.1000          0.8706          0.7568          1.4200                  0.4659                  0.8284          0.7418          1.4695                  0.4469
[2022/06/29 01:49:33] - 96       170.9           31.7            0.1000          0.8714          0.7561          1.4214                  0.4623                  0.8611          0.7469          1.4475                  0.4531
[2022/06/29 01:52:55] - 97       170.8           31.8            0.1000          0.8680          0.7568          1.4165                  0.4649                  0.8555          0.7437          1.4753                  0.4502
[2022/06/29 01:56:18] - 98       170.8           31.8            0.1000          0.8663          0.7600          1.4182                  0.4630                  0.8626          0.7266          1.5126                  0.4345
[2022/06/29 01:59:41] - 99       170.9           31.8            0.0100          0.8671          0.7572          1.4183                  0.4639                  0.8437          0.7476          1.4780                  0.4411
[2022/06/29 02:03:04] - 100      170.9           31.8            0.0100          0.7652          0.7925          1.2469                  0.5251                  0.6760          0.8062          1.3104                  0.4980
[2022/06/29 02:06:26] - 101      170.9           31.8            0.0100          0.6865          0.8126          1.1804                  0.5482                  0.6481          0.8080          1.3171                  0.4993
[2022/06/29 02:09:49] - 102      170.9           31.8            0.0100          0.6619          0.8222          1.1563                  0.5533                  0.6424          0.8201          1.3217                  0.5039
[2022/06/29 02:13:12] - 103      170.9           31.8            0.0100          0.6413          0.8286          1.1403                  0.5608                  0.6247          0.8264          1.3263                  0.4997
[2022/06/29 02:16:35] - 104      170.9           31.8            0.0100          0.6256          0.8338          1.1257                  0.5661                  0.6464          0.8148          1.2899                  0.5093
[2022/06/29 02:19:58] - 105      170.9           31.8            0.0100          0.6111          0.8381          1.1096                  0.5730                  0.6209          0.8176          1.3047                  0.5020
[2022/06/29 02:23:20] - 106      170.8           31.8            0.0100          0.6030          0.8408          1.0996                  0.5746                  0.6104          0.8243          1.2916                  0.5034
[2022/06/29 02:26:43] - 107      170.8           31.8            0.0100          0.5894          0.8470          1.0880                  0.5786                  0.6097          0.8260          1.3131                  0.5025
[2022/06/29 02:30:06] - 108      170.8           31.8            0.0100          0.5790          0.8499          1.0795                  0.5814                  0.5984          0.8279          1.3271                  0.4986
[2022/06/29 02:33:28] - 109      170.8           31.8            0.0100          0.5721          0.8515          1.0727                  0.5848                  0.5867          0.8293          1.3197                  0.4968
[2022/06/29 02:36:51] - 110      170.8           31.8            0.0100          0.5643          0.8554          1.0660                  0.5864                  0.6098          0.8258          1.3229                  0.5071
[2022/06/29 02:40:14] - 111      170.8           31.8            0.0100          0.5545          0.8600          1.0552                  0.5877                  0.5855          0.8355          1.3286                  0.4956
[2022/06/29 02:43:36] - 112      170.8           31.8            0.0100          0.5488          0.8613          1.0495                  0.5933                  0.5631          0.8363          1.3301                  0.4991
[2022/06/29 02:46:59] - 113      170.8           31.8            0.0100          0.5453          0.8604          1.0452                  0.5939                  0.5903          0.8319          1.3210                  0.5002
[2022/06/29 02:50:21] - 114      170.8           31.8            0.0100          0.5350          0.8651          1.0386                  0.5951                  0.5805          0.8310          1.3704                  0.4823
[2022/06/29 02:53:44] - 115      170.8           31.8            0.0100          0.5309          0.8679          1.0333                  0.5974                  0.5740          0.8327          1.3497                  0.4937
[2022/06/29 02:57:07] - 116      170.8           31.8            0.0100          0.5267          0.8671          1.0309                  0.5980                  0.5557          0.8375          1.3738                  0.4913
[2022/06/29 03:00:29] - 117      170.8           31.8            0.0100          0.5228          0.8719          1.0272                  0.5990                  0.5746          0.8320          1.3587                  0.4934
[2022/06/29 03:03:52] - 118      170.8           31.8            0.0100          0.5212          0.8703          1.0254                  0.5978                  0.5887          0.8268          1.3325                  0.4943
[2022/06/29 03:07:14] - 119      170.8           31.8            0.0100          0.5142          0.8721          1.0194                  0.5996                  0.5715          0.8276          1.3574                  0.4937
[2022/06/29 03:10:37] - 120      170.8           31.8            0.0100          0.5121          0.8737          1.0198                  0.6022                  0.5901          0.8320          1.3459                  0.4977
[2022/06/29 03:14:00] - 121      170.8           31.8            0.0100          0.5068          0.8748          1.0134                  0.6039                  0.5725          0.8413          1.3550                  0.4961
[2022/06/29 03:17:23] - 122      170.8           31.8            0.0100          0.5016          0.8782          1.0087                  0.6018                  0.5820          0.8345          1.3506                  0.4944
[2022/06/29 03:20:45] - 123      170.8           31.8            0.0100          0.4990          0.8772          1.0013                  0.6051                  0.5777          0.8345          1.3992                  0.4874
[2022/06/29 03:24:08] - 124      170.8           31.7            0.0100          0.4970          0.8810          1.0037                  0.6032                  0.5812          0.8279          1.3968                  0.4920
[2022/06/29 03:27:30] - 125      170.7           31.8            0.0100          0.4926          0.8816          1.0008                  0.6037                  0.6086          0.8332          1.3690                  0.4897
[2022/06/29 03:30:53] - 126      170.8           31.8            0.0100          0.4925          0.8797          0.9990                  0.6065                  0.5558          0.8301          1.4374                  0.4847
[2022/06/29 03:34:15] - 127      170.8           31.8            0.0100          0.4874          0.8814          0.9924                  0.6099                  0.5899          0.8249          1.4066                  0.4849
[2022/06/29 03:37:38] - 128      170.8           31.8            0.0100          0.4863          0.8823          0.9946                  0.6062                  0.5671          0.8366          1.3812                  0.4921
[2022/06/29 03:41:01] - 129      170.8           31.8            0.0100          0.4794          0.8866          0.9869                  0.6082                  0.5772          0.8337          1.3968                  0.4929
[2022/06/29 03:44:23] - 130      170.8           31.8            0.0100          0.4786          0.8849          0.9874                  0.6103                  0.6070          0.8359          1.4158                  0.4793
[2022/06/29 03:47:46] - 131      170.8           31.8            0.0100          0.4768          0.8865          0.9857                  0.6117                  0.5704          0.8343          1.4180                  0.4808
[2022/06/29 03:51:09] - 132      170.9           31.8            0.0100          0.4720          0.8880          0.9801                  0.6109                  0.5519          0.8359          1.4496                  0.4762
[2022/06/29 03:54:31] - 133      170.9           31.8            0.0100          0.4751          0.8863          0.9827                  0.6113                  0.5730          0.8333          1.3935                  0.4924
[2022/06/29 03:57:54] - 134      170.8           31.8            0.0100          0.4684          0.8903          0.9762                  0.6136                  0.5783          0.8312          1.3999                  0.4932
[2022/06/29 04:01:16] - 135      170.8           31.8            0.0100          0.4671          0.8889          0.9756                  0.6138                  0.5680          0.8309          1.4396                  0.4842
[2022/06/29 04:04:39] - 136      170.8           31.8            0.0100          0.4622          0.8914          0.9672                  0.6170                  0.5415          0.8351          1.4789                  0.4727
[2022/06/29 04:08:01] - 137      170.8           31.7            0.0100          0.4597          0.8909          0.9679                  0.6181                  0.6207          0.8240          1.3885                  0.4920
[2022/06/29 04:11:24] - 138      170.8           31.8            0.0100          0.4593          0.8941          0.9667                  0.6160                  0.5512          0.8378          1.4540                  0.4836
[2022/06/29 04:14:47] - 139      170.8           31.8            0.0100          0.4611          0.8930          0.9675                  0.6136                  0.5821          0.8305          1.4308                  0.4812
[2022/06/29 04:18:10] - 140      170.9           31.8            0.0100          0.4522          0.8948          0.9591                  0.6205                  0.5493          0.8338          1.4490                  0.4778
[2022/06/29 04:21:32] - 141      170.9           31.8            0.0100          0.4550          0.8943          0.9644                  0.6181                  0.5628          0.8206          1.4492                  0.4788
[2022/06/29 04:24:55] - 142      170.9           31.8            0.0100          0.4513          0.8961          0.9579                  0.6195                  0.5826          0.8313          1.4339                  0.4794
[2022/06/29 04:28:18] - 143      170.8           31.8            0.0100          0.4493          0.8950          0.9579                  0.6202                  0.5466          0.8360          1.5135                  0.4690
[2022/06/29 04:31:40] - 144      170.8           31.8            0.0100          0.4448          0.8979          0.9516                  0.6209                  0.5405          0.8402          1.4561                  0.4832
[2022/06/29 04:35:03] - 145      170.8           31.8            0.0100          0.4414          0.8978          0.9475                  0.6227                  0.5501          0.8350          1.4439                  0.4888
[2022/06/29 04:38:25] - 146      170.9           31.8            0.0100          0.4422          0.8971          0.9470                  0.6221                  0.5609          0.8329          1.4562                  0.4776
[2022/06/29 04:41:48] - 147      170.8           31.8            0.0100          0.4386          0.8993          0.9451                  0.6236                  0.5333          0.8414          1.5194                  0.4688
[2022/06/29 04:45:11] - 148      170.8           31.8            0.0100          0.4381          0.8988          0.9444                  0.6232                  0.5485          0.8380          1.4513                  0.4782
[2022/06/29 04:48:33] - 149      170.9           31.8            0.0010          0.4339          0.8996          0.9378                  0.6258                  0.5576          0.8312          1.4697                  0.4716
[2022/06/29 04:51:56] - 150      170.9           31.8            0.0010          0.3972          0.9108          0.8298                  0.6668                  0.4898          0.8528          1.4858                  0.4830
[2022/06/29 04:55:19] - 151      170.8           31.8            0.0010          0.3613          0.9168          0.7813                  0.6832                  0.4860          0.8540          1.4604                  0.4865
[2022/06/29 04:58:42] - 152      170.9           31.8            0.0010          0.3453          0.9218          0.7620                  0.6896                  0.4745          0.8560          1.4908                  0.4852
[2022/06/29 05:02:04] - 153      170.9           31.8            0.0010          0.3336          0.9244          0.7438                  0.6954                  0.4552          0.8614          1.5420                  0.4787
[2022/06/29 05:05:27] - 154      170.9           31.8            0.0010          0.3250          0.9268          0.7358                  0.7007                  0.4690          0.8569          1.5469                  0.4834
[2022/06/29 05:08:50] - 155      170.9           31.8            0.0010          0.3186          0.9303          0.7245                  0.7022                  0.4678          0.8555          1.5530                  0.4817
[2022/06/29 05:12:12] - 156      170.8           31.8            0.0010          0.3129          0.9319          0.7159                  0.7062                  0.4532          0.8565          1.6162                  0.4782
[2022/06/29 05:15:35] - 157      170.8           31.8            0.0010          0.3090          0.9306          0.7080                  0.7106                  0.4552          0.8587          1.6070                  0.4779
[2022/06/29 05:18:57] - 158      170.9           31.8            0.0010          0.3028          0.9316          0.7005                  0.7095                  0.4670          0.8566          1.6341                  0.4737
[2022/06/29 05:22:20] - 159      170.8           31.8            0.0010          0.2972          0.9336          0.6900                  0.7166                  0.4442          0.8603          1.6262                  0.4732
[2022/06/29 05:25:43] - 160      170.9           31.8            0.0010          0.2930          0.9346          0.6836                  0.7182                  0.4797          0.8514          1.6379                  0.4679
[2022/06/29 05:29:06] - 161      170.9           31.8            0.0010          0.2889          0.9364          0.6821                  0.7177                  0.4796          0.8589          1.6393                  0.4652
[2022/06/29 05:32:28] - 162      170.9           31.8            0.0010          0.2868          0.9368          0.6775                  0.7208                  0.4439          0.8598          1.7666                  0.4578
[2022/06/29 05:35:51] - 163      170.8           31.8            0.0010          0.2827          0.9382          0.6721                  0.7224                  0.4471          0.8644          1.6813                  0.4683
[2022/06/29 05:39:14] - 164      170.9           31.8            0.0010          0.2796          0.9399          0.6653                  0.7252                  0.4622          0.8545          1.6654                  0.4730
[2022/06/29 05:42:36] - 165      170.8           31.8            0.0010          0.2759          0.9407          0.6588                  0.7274                  0.4514          0.8590          1.7125                  0.4615
[2022/06/29 05:45:59] - 166      170.8           31.8            0.0010          0.2725          0.9412          0.6546                  0.7298                  0.4576          0.8598          1.7081                  0.4603
[2022/06/29 05:49:21] - 167      170.9           31.8            0.0010          0.2689          0.9425          0.6500                  0.7278                  0.4475          0.8630          1.7304                  0.4649
[2022/06/29 05:52:44] - 168      170.8           31.8            0.0010          0.2686          0.9414          0.6477                  0.7319                  0.4523          0.8616          1.6971                  0.4623
[2022/06/29 05:56:07] - 169      170.9           31.8            0.0010          0.2626          0.9423          0.6374                  0.7347                  0.4426          0.8622          1.7216                  0.4637
[2022/06/29 05:59:29] - 170      170.8           31.8            0.0010          0.2614          0.9435          0.6350                  0.7350                  0.4677          0.8571          1.6993                  0.4684
[2022/06/29 06:02:52] - 171      170.8           31.8            0.0010          0.2598          0.9440          0.6348                  0.7354                  0.4551          0.8541          1.9329                  0.4524
[2022/06/29 06:06:15] - 172      170.9           31.8            0.0010          0.2561          0.9456          0.6306                  0.7356                  0.4533          0.8588          1.7947                  0.4615
[2022/06/29 06:09:37] - 173      170.8           31.8            0.0010          0.2538          0.9454          0.6243                  0.7398                  0.4554          0.8556          1.8514                  0.4579
[2022/06/29 06:13:00] - 174      170.8           31.8            0.0010          0.2519          0.9464          0.6238                  0.7409                  0.4631          0.8574          1.7282                  0.4664
[2022/06/29 06:16:23] - 175      170.8           31.8            0.0010          0.2498          0.9472          0.6198                  0.7421                  0.4599          0.8532          1.7321                  0.4669
[2022/06/29 06:19:45] - 176      170.8           31.8            0.0010          0.2465          0.9474          0.6155                  0.7428                  0.4613          0.8575          1.7216                  0.4667
[2022/06/29 06:23:08] - 177      170.9           31.8            0.0010          0.2426          0.9491          0.6089                  0.7451                  0.4496          0.8596          1.7990                  0.4529
[2022/06/29 06:26:30] - 178      170.8           31.8            0.0010          0.2401          0.9478          0.6045                  0.7472                  0.4436          0.8593          1.7902                  0.4607
[2022/06/29 06:29:53] - 179      170.8           31.8            0.0010          0.2395          0.9496          0.6046                  0.7462                  0.4342          0.8617          1.8848                  0.4539
[2022/06/29 06:33:16] - 180      170.9           31.8            0.0010          0.2372          0.9492          0.5994                  0.7501                  0.4520          0.8629          1.7892                  0.4584
[2022/06/29 06:36:39] - 181      170.8           31.8            0.0010          0.2358          0.9500          0.5955                  0.7511                  0.4570          0.8608          1.9086                  0.4482
[2022/06/29 06:40:01] - 182      170.8           31.8            0.0010          0.2350          0.9510          0.5969                  0.7486                  0.4554          0.8551          1.8329                  0.4581
[2022/06/29 06:43:24] - 183      170.8           31.8            0.0010          0.2299          0.9515          0.5881                  0.7534                  0.4548          0.8588          1.9250                  0.4482
[2022/06/29 06:46:46] - 184      170.8           31.8            0.0010          0.2302          0.9523          0.5891                  0.7524                  0.4609          0.8553          1.9248                  0.4452
[2022/06/29 06:50:09] - 185      170.8           31.8            0.0010          0.2258          0.9536          0.5844                  0.7543                  0.4711          0.8513          1.8306                  0.4593
[2022/06/29 06:53:32] - 186      170.8           31.8            0.0010          0.2250          0.9532          0.5811                  0.7566                  0.4298          0.8609          1.9587                  0.4522
[2022/06/29 06:56:54] - 187      170.8           31.8            0.0010          0.2229          0.9534          0.5787                  0.7575                  0.4723          0.8492          1.8238                  0.4582
[2022/06/29 07:00:17] - 188      170.8           31.8            0.0010          0.2213          0.9544          0.5745                  0.7578                  0.4512          0.8575          1.8473                  0.4546
[2022/06/29 07:03:40] - 189      170.9           31.8            0.0010          0.2180          0.9557          0.5702                  0.7597                  0.4399          0.8630          1.9362                  0.4459
[2022/06/29 07:07:02] - 190      170.8           31.8            0.0010          0.2185          0.9553          0.5708                  0.7623                  0.4591          0.8524          1.9296                  0.4557
[2022/06/29 07:10:25] - 191      170.8           31.8            0.0010          0.2160          0.9565          0.5677                  0.7608                  0.4599          0.8566          1.8606                  0.4492
[2022/06/29 07:13:48] - 192      170.8           31.8            0.0010          0.2140          0.9560          0.5657                  0.7607                  0.4420          0.8601          2.0322                  0.4340
[2022/06/29 07:17:10] - 193      170.8           31.8            0.0010          0.2110          0.9580          0.5604                  0.7650                  0.4672          0.8539          1.8030                  0.4557
[2022/06/29 07:20:33] - 194      170.9           31.8            0.0010          0.2103          0.9570          0.5577                  0.7648                  0.4647          0.8590          2.0349                  0.4391
[2022/06/29 07:23:56] - 195      170.8           31.8            0.0010          0.2061          0.9591          0.5540                  0.7656                  0.4427          0.8602          1.9090                  0.4528
[2022/06/29 07:27:18] - 196      170.8           31.8            0.0010          0.2071          0.9578          0.5525                  0.7681                  0.4424          0.8570          2.1149                  0.4435
[2022/06/29 07:30:41] - 197      170.9           31.8            0.0010          0.2042          0.9579          0.5515                  0.7682                  0.4478          0.8556          2.0338                  0.4484
[2022/06/29 07:34:03] - 198      170.8           31.8            0.0010          0.2028          0.9595          0.5469                  0.7696                  0.4598          0.8549          1.9468                  0.4489
[2022/06/29 07:37:26] - 199      170.9           31.8            0.0010          0.2013          0.9596          0.5460                  0.7691                  0.4526          0.8584          2.1222                  0.4353