[2022/07/11 23:04:00] - Namespace(attack='pgd', attack_iters=10, batch_size=128, chkpt_iters=10, cutout=False, cutout_len=None, data_dir='../cifar-data', dropout=0.6, epochs=200, epsilon=8, eval=False, fgsm_alpha=1.0, fgsm_init='random', fname='experiments/cifar10_dropout/preactresnet18_0.6', half=False, l1=0, l2=0, lr_drop_epoch=100, lr_max=0.1, lr_one_drop=0.01, lr_schedule='piecewise', mixup=False, mixup_alpha=None, model='PreActResNet18drop', norm='l_inf', pgd_alpha=2, restarts=1, resume=0, seed=0, val=False, width_factor=10)
[2022/07/11 23:04:03] - Epoch 	 Train Time 	 Test Time 	 LR 	 	 Train Loss 	 Train Acc 	 Train Robust Loss 	 Train Robust Acc 	 Test Loss 	 Test Acc 	 Test Robust Loss 	 Test Robust Acc
[2022/07/11 23:08:22] - 0 	 219.0 	 	 40.0 	 	 0.1000 	 2.1687 	 0.2009 	 2.2810 	 	 0.1623 	 	 1.9358 	 0.2829 	 2.1314 	 	 0.2095
[2022/07/11 23:12:39] - 1 	 217.0 	 	 40.1 	 	 0.1000 	 1.8902 	 0.2980 	 2.0740 	 	 0.2209 	 	 1.7545 	 0.3639 	 2.0187 	 	 0.2381
[2022/07/11 23:16:57] - 2 	 216.9 	 	 40.1 	 	 0.1000 	 1.7699 	 0.3503 	 1.9986 	 	 0.2495 	 	 1.6721 	 0.3846 	 1.9480 	 	 0.2622
[2022/07/11 23:21:14] - 3 	 216.8 	 	 40.0 	 	 0.1000 	 1.6828 	 0.3872 	 1.9411 	 	 0.2709 	 	 1.6057 	 0.4244 	 1.8961 	 	 0.2927
[2022/07/11 23:25:30] - 4 	 216.5 	 	 39.9 	 	 0.1000 	 1.5981 	 0.4276 	 1.8900 	 	 0.2927 	 	 1.4929 	 0.4616 	 1.8396 	 	 0.3088
[2022/07/11 23:29:47] - 5 	 216.4 	 	 39.9 	 	 0.1000 	 1.5347 	 0.4596 	 1.8494 	 	 0.3049 	 	 1.4452 	 0.4937 	 1.7955 	 	 0.3291
[2022/07/11 23:34:03] - 6 	 216.5 	 	 39.9 	 	 0.1000 	 1.4658 	 0.4896 	 1.8074 	 	 0.3216 	 	 1.3456 	 0.5397 	 1.7408 	 	 0.3487
[2022/07/11 23:38:20] - 7 	 216.2 	 	 39.9 	 	 0.1000 	 1.4167 	 0.5113 	 1.7744 	 	 0.3350 	 	 1.3052 	 0.5676 	 1.7319 	 	 0.3504
[2022/07/11 23:42:36] - 8 	 216.2 	 	 39.9 	 	 0.1000 	 1.3728 	 0.5321 	 1.7464 	 	 0.3450 	 	 1.2808 	 0.5633 	 1.7233 	 	 0.3463
[2022/07/11 23:46:52] - 9 	 216.2 	 	 39.9 	 	 0.1000 	 1.3440 	 0.5464 	 1.7298 	 	 0.3523 	 	 1.2538 	 0.5802 	 1.6950 	 	 0.3721
[2022/07/11 23:51:09] - 10 	 216.2 	 	 39.9 	 	 0.1000 	 1.3217 	 0.5595 	 1.7169 	 	 0.3581 	 	 1.2352 	 0.6036 	 1.6830 	 	 0.3699
[2022/07/11 23:55:25] - 11 	 216.3 	 	 39.9 	 	 0.1000 	 1.2963 	 0.5694 	 1.6985 	 	 0.3646 	 	 1.1706 	 0.5992 	 1.7084 	 	 0.3600
[2022/07/11 23:59:41] - 12 	 216.2 	 	 39.9 	 	 0.1000 	 1.2818 	 0.5748 	 1.6913 	 	 0.3664 	 	 1.2133 	 0.6035 	 1.6699 	 	 0.3706
[2022/07/12 00:03:57] - 13 	 216.4 	 	 40.0 	 	 0.1000 	 1.2641 	 0.5812 	 1.6768 	 	 0.3749 	 	 1.1840 	 0.6208 	 1.6778 	 	 0.3662
[2022/07/12 00:08:14] - 14 	 216.4 	 	 39.9 	 	 0.1000 	 1.2429 	 0.5929 	 1.6613 	 	 0.3770 	 	 1.1698 	 0.6308 	 1.6618 	 	 0.3729
[2022/07/12 00:12:30] - 15 	 216.5 	 	 39.9 	 	 0.1000 	 1.2252 	 0.6016 	 1.6499 	 	 0.3826 	 	 1.1091 	 0.6324 	 1.6530 	 	 0.3788
[2022/07/12 00:16:47] - 16 	 216.4 	 	 39.9 	 	 0.1000 	 1.2171 	 0.6029 	 1.6442 	 	 0.3849 	 	 1.1290 	 0.6326 	 1.6347 	 	 0.3893
[2022/07/12 00:21:03] - 17 	 216.6 	 	 39.9 	 	 0.1000 	 1.2070 	 0.6094 	 1.6388 	 	 0.3898 	 	 1.1509 	 0.6480 	 1.6257 	 	 0.3981
[2022/07/12 00:25:20] - 18 	 216.5 	 	 39.9 	 	 0.1000 	 1.1985 	 0.6124 	 1.6322 	 	 0.3891 	 	 1.1151 	 0.6523 	 1.6252 	 	 0.3921
[2022/07/12 00:29:37] - 19 	 217.2 	 	 39.9 	 	 0.1000 	 1.1854 	 0.6193 	 1.6255 	 	 0.3949 	 	 1.1169 	 0.6219 	 1.6711 	 	 0.3730
[2022/07/12 00:33:54] - 20 	 216.7 	 	 40.0 	 	 0.1000 	 1.1750 	 0.6239 	 1.6151 	 	 0.3993 	 	 1.0886 	 0.6554 	 1.6189 	 	 0.3927
[2022/07/12 00:38:11] - 21 	 216.6 	 	 40.1 	 	 0.1000 	 1.1658 	 0.6272 	 1.6083 	 	 0.4037 	 	 1.0734 	 0.6475 	 1.6527 	 	 0.3795
[2022/07/12 00:42:27] - 22 	 216.5 	 	 39.9 	 	 0.1000 	 1.1665 	 0.6268 	 1.6111 	 	 0.3983 	 	 1.0684 	 0.6558 	 1.6194 	 	 0.3884
[2022/07/12 00:46:44] - 23 	 216.7 	 	 40.0 	 	 0.1000 	 1.1580 	 0.6319 	 1.6039 	 	 0.4039 	 	 1.0257 	 0.6694 	 1.6172 	 	 0.3875
[2022/07/12 00:51:01] - 24 	 216.6 	 	 39.9 	 	 0.1000 	 1.1510 	 0.6352 	 1.5990 	 	 0.4054 	 	 1.0381 	 0.6747 	 1.6158 	 	 0.3896
[2022/07/12 00:55:17] - 25 	 216.4 	 	 39.9 	 	 0.1000 	 1.1471 	 0.6359 	 1.5977 	 	 0.4056 	 	 1.0633 	 0.6681 	 1.6003 	 	 0.4003
[2022/07/12 00:59:33] - 26 	 216.4 	 	 40.0 	 	 0.1000 	 1.1420 	 0.6366 	 1.5907 	 	 0.4088 	 	 1.0283 	 0.6548 	 1.6350 	 	 0.3886
[2022/07/12 01:03:50] - 27 	 216.5 	 	 39.9 	 	 0.1000 	 1.1420 	 0.6365 	 1.5915 	 	 0.4055 	 	 1.0449 	 0.6632 	 1.5956 	 	 0.4023
[2022/07/12 01:08:07] - 28 	 216.5 	 	 40.0 	 	 0.1000 	 1.1326 	 0.6412 	 1.5846 	 	 0.4099 	 	 1.0374 	 0.6642 	 1.6031 	 	 0.3982
[2022/07/12 01:12:23] - 29 	 216.5 	 	 39.9 	 	 0.1000 	 1.1280 	 0.6430 	 1.5790 	 	 0.4103 	 	 1.0496 	 0.6793 	 1.6116 	 	 0.3916
[2022/07/12 01:16:40] - 30 	 216.7 	 	 40.0 	 	 0.1000 	 1.1284 	 0.6419 	 1.5828 	 	 0.4108 	 	 1.0324 	 0.6906 	 1.5952 	 	 0.3948
[2022/07/12 01:20:57] - 31 	 216.9 	 	 40.0 	 	 0.1000 	 1.1216 	 0.6450 	 1.5752 	 	 0.4112 	 	 1.0228 	 0.6787 	 1.5987 	 	 0.4073
[2022/07/12 01:25:14] - 32 	 216.8 	 	 40.0 	 	 0.1000 	 1.1149 	 0.6497 	 1.5721 	 	 0.4151 	 	 1.0939 	 0.6343 	 1.6727 	 	 0.3834
[2022/07/12 01:29:31] - 33 	 216.8 	 	 40.0 	 	 0.1000 	 1.1167 	 0.6484 	 1.5738 	 	 0.4154 	 	 1.0344 	 0.6686 	 1.6105 	 	 0.3998
[2022/07/12 01:33:48] - 34 	 216.8 	 	 40.0 	 	 0.1000 	 1.1150 	 0.6497 	 1.5742 	 	 0.4140 	 	 1.0287 	 0.6887 	 1.5637 	 	 0.4096
[2022/07/12 01:38:05] - 35 	 216.8 	 	 40.0 	 	 0.1000 	 1.1119 	 0.6497 	 1.5685 	 	 0.4166 	 	 1.0193 	 0.6688 	 1.5922 	 	 0.4134
[2022/07/12 01:42:21] - 36 	 216.5 	 	 40.0 	 	 0.1000 	 1.1139 	 0.6481 	 1.5692 	 	 0.4175 	 	 1.0143 	 0.6659 	 1.5966 	 	 0.3945
[2022/07/12 01:46:38] - 37 	 216.7 	 	 40.0 	 	 0.1000 	 1.1065 	 0.6534 	 1.5617 	 	 0.4192 	 	 1.0195 	 0.6995 	 1.5751 	 	 0.4118
[2022/07/12 01:50:55] - 38 	 216.8 	 	 40.0 	 	 0.1000 	 1.1105 	 0.6502 	 1.5678 	 	 0.4154 	 	 1.0294 	 0.6675 	 1.6364 	 	 0.3905
[2022/07/12 01:55:11] - 39 	 216.7 	 	 40.0 	 	 0.1000 	 1.1083 	 0.6495 	 1.5683 	 	 0.4161 	 	 1.0613 	 0.6637 	 1.5970 	 	 0.4028
[2022/07/12 01:59:29] - 40 	 216.7 	 	 39.9 	 	 0.1000 	 1.1079 	 0.6547 	 1.5658 	 	 0.4198 	 	 1.0347 	 0.6801 	 1.5983 	 	 0.4084
[2022/07/12 02:03:45] - 41 	 216.7 	 	 40.0 	 	 0.1000 	 1.1029 	 0.6535 	 1.5636 	 	 0.4177 	 	 1.0256 	 0.6869 	 1.5852 	 	 0.4055
[2022/07/12 02:08:02] - 42 	 216.7 	 	 40.0 	 	 0.1000 	 1.1017 	 0.6547 	 1.5634 	 	 0.4186 	 	 1.0624 	 0.6476 	 1.6032 	 	 0.4020
[2022/07/12 02:12:19] - 43 	 216.6 	 	 40.0 	 	 0.1000 	 1.1056 	 0.6532 	 1.5642 	 	 0.4184 	 	 1.0460 	 0.6789 	 1.6145 	 	 0.3888
[2022/07/12 02:16:35] - 44 	 216.7 	 	 40.0 	 	 0.1000 	 1.1014 	 0.6552 	 1.5634 	 	 0.4182 	 	 1.0313 	 0.6905 	 1.5775 	 	 0.4132
[2022/07/12 02:20:52] - 45 	 216.7 	 	 40.0 	 	 0.1000 	 1.1040 	 0.6535 	 1.5622 	 	 0.4218 	 	 0.9828 	 0.6870 	 1.5953 	 	 0.4026
[2022/07/12 02:25:09] - 46 	 216.8 	 	 40.0 	 	 0.1000 	 1.1046 	 0.6565 	 1.5655 	 	 0.4196 	 	 1.0278 	 0.6699 	 1.5864 	 	 0.4039
[2022/07/12 02:29:26] - 47 	 216.8 	 	 40.0 	 	 0.1000 	 1.0977 	 0.6560 	 1.5587 	 	 0.4210 	 	 1.0250 	 0.6662 	 1.6138 	 	 0.3917
[2022/07/12 02:33:42] - 48 	 216.7 	 	 40.0 	 	 0.1000 	 1.0989 	 0.6558 	 1.5611 	 	 0.4219 	 	 1.0419 	 0.6830 	 1.6112 	 	 0.3945
[2022/07/12 02:37:59] - 49 	 216.6 	 	 40.0 	 	 0.1000 	 1.0977 	 0.6583 	 1.5603 	 	 0.4244 	 	 0.9888 	 0.6860 	 1.5840 	 	 0.4014
[2022/07/12 02:42:16] - 50 	 216.6 	 	 39.9 	 	 0.1000 	 1.1043 	 0.6520 	 1.5613 	 	 0.4183 	 	 0.9964 	 0.6898 	 1.6148 	 	 0.3930
[2022/07/12 02:46:32] - 51 	 216.8 	 	 40.0 	 	 0.1000 	 1.0931 	 0.6610 	 1.5555 	 	 0.4227 	 	 1.0453 	 0.6701 	 1.6040 	 	 0.4091
[2022/07/12 02:50:49] - 52 	 216.8 	 	 40.0 	 	 0.1000 	 1.0962 	 0.6590 	 1.5540 	 	 0.4234 	 	 0.9910 	 0.6629 	 1.5855 	 	 0.4073
[2022/07/12 02:55:06] - 53 	 216.7 	 	 40.0 	 	 0.1000 	 1.0966 	 0.6590 	 1.5555 	 	 0.4232 	 	 1.0152 	 0.6642 	 1.6163 	 	 0.3916
[2022/07/12 02:59:23] - 54 	 216.8 	 	 40.0 	 	 0.1000 	 1.0959 	 0.6574 	 1.5524 	 	 0.4235 	 	 0.9808 	 0.6650 	 1.6043 	 	 0.4022
[2022/07/12 03:03:39] - 55 	 216.8 	 	 40.0 	 	 0.1000 	 1.0989 	 0.6546 	 1.5581 	 	 0.4202 	 	 0.9706 	 0.7014 	 1.5914 	 	 0.4036
[2022/07/12 03:07:56] - 56 	 216.7 	 	 39.9 	 	 0.1000 	 1.0978 	 0.6588 	 1.5589 	 	 0.4224 	 	 1.0662 	 0.6775 	 1.6253 	 	 0.4034
[2022/07/12 03:12:12] - 57 	 216.5 	 	 39.9 	 	 0.1000 	 1.0924 	 0.6616 	 1.5527 	 	 0.4224 	 	 0.9787 	 0.6879 	 1.5826 	 	 0.4033
[2022/07/12 03:16:29] - 58 	 216.6 	 	 39.9 	 	 0.1000 	 1.0957 	 0.6624 	 1.5577 	 	 0.4237 	 	 0.9658 	 0.6916 	 1.5917 	 	 0.4068
[2022/07/12 03:20:46] - 59 	 216.7 	 	 40.0 	 	 0.1000 	 1.0946 	 0.6589 	 1.5545 	 	 0.4248 	 	 1.0037 	 0.6966 	 1.6027 	 	 0.3887
[2022/07/12 03:25:03] - 60 	 216.6 	 	 40.0 	 	 0.1000 	 1.0866 	 0.6628 	 1.5522 	 	 0.4234 	 	 1.0576 	 0.6558 	 1.6224 	 	 0.3908
[2022/07/12 03:29:19] - 61 	 216.6 	 	 40.0 	 	 0.1000 	 1.0913 	 0.6600 	 1.5518 	 	 0.4250 	 	 0.9923 	 0.6955 	 1.6033 	 	 0.3971
[2022/07/12 03:33:36] - 62 	 216.6 	 	 39.9 	 	 0.1000 	 1.0942 	 0.6585 	 1.5538 	 	 0.4252 	 	 0.9891 	 0.7025 	 1.6013 	 	 0.3965
[2022/07/12 03:37:52] - 63 	 216.6 	 	 40.0 	 	 0.1000 	 1.0982 	 0.6594 	 1.5570 	 	 0.4224 	 	 0.9995 	 0.6889 	 1.5836 	 	 0.3983
[2022/07/12 03:42:09] - 64 	 216.9 	 	 39.9 	 	 0.1000 	 1.0940 	 0.6598 	 1.5555 	 	 0.4218 	 	 1.0192 	 0.6922 	 1.5955 	 	 0.4094
[2022/07/12 03:46:26] - 65 	 216.4 	 	 39.9 	 	 0.1000 	 1.0865 	 0.6634 	 1.5493 	 	 0.4264 	 	 1.0011 	 0.6903 	 1.6002 	 	 0.3967
[2022/07/12 03:50:42] - 66 	 216.4 	 	 39.9 	 	 0.1000 	 1.0949 	 0.6601 	 1.5559 	 	 0.4232 	 	 0.9787 	 0.6941 	 1.5931 	 	 0.4033
[2022/07/12 03:54:58] - 67 	 216.5 	 	 39.9 	 	 0.1000 	 1.0932 	 0.6577 	 1.5499 	 	 0.4254 	 	 0.9667 	 0.6935 	 1.5705 	 	 0.4087
[2022/07/12 03:59:15] - 68 	 216.4 	 	 39.9 	 	 0.1000 	 1.0868 	 0.6631 	 1.5507 	 	 0.4238 	 	 1.0276 	 0.6832 	 1.6041 	 	 0.4037
[2022/07/12 04:03:31] - 69 	 216.4 	 	 39.9 	 	 0.1000 	 1.0866 	 0.6618 	 1.5470 	 	 0.4266 	 	 0.9808 	 0.6954 	 1.5841 	 	 0.4052
[2022/07/12 04:07:48] - 70 	 216.6 	 	 40.0 	 	 0.1000 	 1.0937 	 0.6565 	 1.5559 	 	 0.4228 	 	 0.9832 	 0.6892 	 1.6013 	 	 0.3996
[2022/07/12 04:12:04] - 71 	 216.6 	 	 39.9 	 	 0.1000 	 1.0911 	 0.6600 	 1.5526 	 	 0.4239 	 	 0.9754 	 0.6814 	 1.5805 	 	 0.4065
[2022/07/12 04:16:21] - 72 	 216.6 	 	 39.9 	 	 0.1000 	 1.0861 	 0.6626 	 1.5469 	 	 0.4265 	 	 1.0017 	 0.6739 	 1.5837 	 	 0.4112
[2022/07/12 04:20:37] - 73 	 216.5 	 	 39.9 	 	 0.1000 	 1.0837 	 0.6635 	 1.5469 	 	 0.4287 	 	 0.9881 	 0.6913 	 1.6187 	 	 0.3984
[2022/07/12 04:24:54] - 74 	 216.4 	 	 39.9 	 	 0.1000 	 1.0888 	 0.6645 	 1.5526 	 	 0.4240 	 	 0.9883 	 0.7113 	 1.5887 	 	 0.4012
[2022/07/12 04:29:10] - 75 	 216.4 	 	 39.9 	 	 0.1000 	 1.0870 	 0.6635 	 1.5470 	 	 0.4262 	 	 0.9830 	 0.6695 	 1.6472 	 	 0.3870
[2022/07/12 04:33:26] - 76 	 216.4 	 	 39.9 	 	 0.1000 	 1.0871 	 0.6610 	 1.5495 	 	 0.4268 	 	 0.9688 	 0.7124 	 1.5736 	 	 0.4030
[2022/07/12 04:37:42] - 77 	 216.3 	 	 39.9 	 	 0.1000 	 1.0848 	 0.6649 	 1.5465 	 	 0.4268 	 	 1.0122 	 0.6826 	 1.6166 	 	 0.4043
[2022/07/12 04:41:59] - 78 	 216.4 	 	 39.9 	 	 0.1000 	 1.0847 	 0.6609 	 1.5488 	 	 0.4270 	 	 0.9627 	 0.7053 	 1.5900 	 	 0.4068
[2022/07/12 04:46:15] - 79 	 216.4 	 	 39.9 	 	 0.1000 	 1.0899 	 0.6590 	 1.5468 	 	 0.4262 	 	 0.9702 	 0.7206 	 1.5885 	 	 0.4069
[2022/07/12 04:50:32] - 80 	 216.4 	 	 39.9 	 	 0.1000 	 1.0858 	 0.6627 	 1.5474 	 	 0.4265 	 	 0.9512 	 0.7191 	 1.5925 	 	 0.3906
[2022/07/12 04:54:48] - 81 	 216.4 	 	 40.0 	 	 0.1000 	 1.0846 	 0.6616 	 1.5437 	 	 0.4260 	 	 0.9855 	 0.7040 	 1.5912 	 	 0.4050
[2022/07/12 04:59:05] - 82 	 216.7 	 	 40.0 	 	 0.1000 	 1.0884 	 0.6630 	 1.5488 	 	 0.4280 	 	 1.0125 	 0.6837 	 1.6070 	 	 0.4023
[2022/07/12 05:03:22] - 83 	 216.7 	 	 40.0 	 	 0.1000 	 1.0857 	 0.6635 	 1.5498 	 	 0.4256 	 	 0.9717 	 0.7119 	 1.5974 	 	 0.4083
[2022/07/12 05:07:38] - 84 	 216.4 	 	 39.9 	 	 0.1000 	 1.0890 	 0.6643 	 1.5499 	 	 0.4240 	 	 0.9512 	 0.7101 	 1.5750 	 	 0.4122
[2022/07/12 05:11:54] - 85 	 216.3 	 	 39.9 	 	 0.1000 	 1.0864 	 0.6653 	 1.5499 	 	 0.4265 	 	 0.9771 	 0.7081 	 1.5889 	 	 0.4015
[2022/07/12 05:16:11] - 86 	 216.8 	 	 39.9 	 	 0.1000 	 1.0881 	 0.6611 	 1.5497 	 	 0.4240 	 	 0.9503 	 0.7112 	 1.5865 	 	 0.3988
[2022/07/12 05:20:28] - 87 	 216.9 	 	 39.9 	 	 0.1000 	 1.0879 	 0.6631 	 1.5498 	 	 0.4263 	 	 0.9877 	 0.6961 	 1.5852 	 	 0.4089
[2022/07/12 05:24:44] - 88 	 216.7 	 	 39.9 	 	 0.1000 	 1.0920 	 0.6601 	 1.5492 	 	 0.4285 	 	 0.9337 	 0.7210 	 1.5981 	 	 0.4031
[2022/07/12 05:29:01] - 89 	 216.6 	 	 39.9 	 	 0.1000 	 1.0877 	 0.6638 	 1.5474 	 	 0.4251 	 	 0.9381 	 0.7150 	 1.5721 	 	 0.4132
[2022/07/12 05:33:18] - 90 	 216.6 	 	 39.9 	 	 0.1000 	 1.0895 	 0.6605 	 1.5477 	 	 0.4264 	 	 1.0010 	 0.6900 	 1.6155 	 	 0.3966
[2022/07/12 05:37:35] - 91 	 216.7 	 	 39.9 	 	 0.1000 	 1.0985 	 0.6571 	 1.5547 	 	 0.4231 	 	 0.9798 	 0.6992 	 1.6074 	 	 0.4065
[2022/07/12 05:41:51] - 92 	 216.6 	 	 40.0 	 	 0.1000 	 1.0879 	 0.6632 	 1.5486 	 	 0.4302 	 	 0.9928 	 0.7093 	 1.5998 	 	 0.4041
[2022/07/12 05:46:08] - 93 	 216.6 	 	 39.9 	 	 0.1000 	 1.0929 	 0.6615 	 1.5544 	 	 0.4259 	 	 0.9853 	 0.6892 	 1.6377 	 	 0.3873
[2022/07/12 05:50:24] - 94 	 216.7 	 	 39.9 	 	 0.1000 	 1.0908 	 0.6614 	 1.5498 	 	 0.4257 	 	 0.9873 	 0.6971 	 1.5921 	 	 0.4056
[2022/07/12 05:54:41] - 95 	 216.7 	 	 40.0 	 	 0.1000 	 1.0935 	 0.6604 	 1.5480 	 	 0.4255 	 	 0.9689 	 0.6950 	 1.5909 	 	 0.4014
[2022/07/12 05:58:58] - 96 	 216.6 	 	 39.9 	 	 0.1000 	 1.0907 	 0.6603 	 1.5504 	 	 0.4257 	 	 0.9510 	 0.6902 	 1.6192 	 	 0.3985
[2022/07/12 06:03:14] - 97 	 216.6 	 	 39.9 	 	 0.1000 	 1.0880 	 0.6604 	 1.5474 	 	 0.4269 	 	 1.0218 	 0.6731 	 1.6074 	 	 0.4018
[2022/07/12 06:07:31] - 98 	 216.6 	 	 39.9 	 	 0.1000 	 1.0903 	 0.6627 	 1.5511 	 	 0.4264 	 	 0.9602 	 0.6846 	 1.5950 	 	 0.4054
[2022/07/12 06:11:47] - 99 	 216.6 	 	 40.0 	 	 0.0100 	 1.0899 	 0.6605 	 1.5492 	 	 0.4256 	 	 0.9847 	 0.6885 	 1.5833 	 	 0.4118
[2022/07/12 06:16:04] - 100 	 216.6 	 	 39.9 	 	 0.0100 	 0.9902 	 0.7021 	 1.4132 	 	 0.4737 	 	 0.7933 	 0.7614 	 1.4791 	 	 0.4407
[2022/07/12 06:20:21] - 101 	 216.6 	 	 39.9 	 	 0.0100 	 0.9194 	 0.7264 	 1.3619 	 	 0.4924 	 	 0.7932 	 0.7614 	 1.4402 	 	 0.4591
[2022/07/12 06:24:38] - 102 	 216.6 	 	 39.9 	 	 0.0100 	 0.8862 	 0.7340 	 1.3313 	 	 0.5063 	 	 0.7762 	 0.7709 	 1.4454 	 	 0.4515
[2022/07/12 06:28:54] - 103 	 216.7 	 	 40.0 	 	 0.0100 	 0.8667 	 0.7421 	 1.3186 	 	 0.5116 	 	 0.7510 	 0.7673 	 1.4513 	 	 0.4546
[2022/07/12 06:33:11] - 104 	 216.7 	 	 39.9 	 	 0.0100 	 0.8537 	 0.7473 	 1.3012 	 	 0.5145 	 	 0.7642 	 0.7747 	 1.4451 	 	 0.4621
[2022/07/12 06:37:28] - 105 	 216.6 	 	 39.9 	 	 0.0100 	 0.8367 	 0.7522 	 1.2886 	 	 0.5216 	 	 0.7171 	 0.7875 	 1.4448 	 	 0.4590
[2022/07/12 06:41:44] - 106 	 216.6 	 	 39.9 	 	 0.0100 	 0.8291 	 0.7552 	 1.2798 	 	 0.5263 	 	 0.7468 	 0.7689 	 1.4383 	 	 0.4613
[2022/07/12 06:46:01] - 107 	 216.7 	 	 39.9 	 	 0.0100 	 0.8147 	 0.7602 	 1.2671 	 	 0.5284 	 	 0.7419 	 0.7766 	 1.4600 	 	 0.4612
[2022/07/12 06:50:17] - 108 	 216.6 	 	 40.0 	 	 0.0100 	 0.8088 	 0.7657 	 1.2641 	 	 0.5290 	 	 0.6923 	 0.7940 	 1.4437 	 	 0.4581
[2022/07/12 06:54:34] - 109 	 216.9 	 	 40.0 	 	 0.0100 	 0.8000 	 0.7654 	 1.2524 	 	 0.5320 	 	 0.7037 	 0.7816 	 1.4538 	 	 0.4570
[2022/07/12 06:58:51] - 110 	 216.8 	 	 40.0 	 	 0.0100 	 0.7934 	 0.7695 	 1.2482 	 	 0.5340 	 	 0.7179 	 0.7808 	 1.4683 	 	 0.4575
[2022/07/12 07:03:08] - 111 	 216.8 	 	 39.9 	 	 0.0100 	 0.7830 	 0.7723 	 1.2382 	 	 0.5403 	 	 0.6782 	 0.7871 	 1.4685 	 	 0.4551
[2022/07/12 07:07:25] - 112 	 216.7 	 	 39.9 	 	 0.0100 	 0.7759 	 0.7747 	 1.2302 	 	 0.5388 	 	 0.7017 	 0.7872 	 1.4379 	 	 0.4655
[2022/07/12 07:11:42] - 113 	 216.6 	 	 39.9 	 	 0.0100 	 0.7737 	 0.7743 	 1.2314 	 	 0.5409 	 	 0.6882 	 0.7877 	 1.4476 	 	 0.4629
[2022/07/12 07:15:58] - 114 	 216.6 	 	 39.9 	 	 0.0100 	 0.7685 	 0.7792 	 1.2265 	 	 0.5408 	 	 0.6967 	 0.7964 	 1.4520 	 	 0.4590
[2022/07/12 07:20:15] - 115 	 216.6 	 	 39.9 	 	 0.0100 	 0.7632 	 0.7787 	 1.2237 	 	 0.5438 	 	 0.6913 	 0.7875 	 1.4879 	 	 0.4482
[2022/07/12 07:24:31] - 116 	 216.6 	 	 39.9 	 	 0.0100 	 0.7599 	 0.7822 	 1.2184 	 	 0.5454 	 	 0.6892 	 0.8062 	 1.4278 	 	 0.4694
[2022/07/12 07:28:48] - 117 	 216.7 	 	 39.9 	 	 0.0100 	 0.7554 	 0.7823 	 1.2128 	 	 0.5486 	 	 0.6996 	 0.7935 	 1.4816 	 	 0.4554
[2022/07/12 07:33:05] - 118 	 216.7 	 	 39.9 	 	 0.0100 	 0.7546 	 0.7830 	 1.2150 	 	 0.5486 	 	 0.6850 	 0.7972 	 1.4564 	 	 0.4596
[2022/07/12 07:37:21] - 119 	 216.7 	 	 39.9 	 	 0.0100 	 0.7474 	 0.7854 	 1.2053 	 	 0.5493 	 	 0.6762 	 0.7902 	 1.4619 	 	 0.4547
[2022/07/12 07:41:38] - 120 	 216.7 	 	 40.0 	 	 0.0100 	 0.7455 	 0.7861 	 1.2086 	 	 0.5476 	 	 0.6615 	 0.8063 	 1.4515 	 	 0.4568
[2022/07/12 07:45:55] - 121 	 216.7 	 	 39.9 	 	 0.0100 	 0.7417 	 0.7884 	 1.2009 	 	 0.5502 	 	 0.6518 	 0.7967 	 1.4697 	 	 0.4569
[2022/07/12 07:50:11] - 122 	 216.6 	 	 39.9 	 	 0.0100 	 0.7379 	 0.7868 	 1.2016 	 	 0.5528 	 	 0.6942 	 0.7820 	 1.4544 	 	 0.4654
[2022/07/12 07:54:28] - 123 	 216.6 	 	 40.0 	 	 0.0100 	 0.7365 	 0.7888 	 1.1971 	 	 0.5528 	 	 0.6776 	 0.7965 	 1.4772 	 	 0.4590
[2022/07/12 07:58:44] - 124 	 216.6 	 	 39.9 	 	 0.0100 	 0.7322 	 0.7906 	 1.1967 	 	 0.5521 	 	 0.6733 	 0.7939 	 1.4646 	 	 0.4611
[2022/07/12 08:03:01] - 125 	 216.5 	 	 39.9 	 	 0.0100 	 0.7295 	 0.7927 	 1.1916 	 	 0.5569 	 	 0.6467 	 0.8001 	 1.4627 	 	 0.4532
[2022/07/12 08:07:17] - 126 	 216.6 	 	 39.9 	 	 0.0100 	 0.7264 	 0.7947 	 1.1875 	 	 0.5542 	 	 0.6633 	 0.7966 	 1.4556 	 	 0.4539
[2022/07/12 08:11:34] - 127 	 216.6 	 	 40.0 	 	 0.0100 	 0.7229 	 0.7933 	 1.1896 	 	 0.5549 	 	 0.6797 	 0.8028 	 1.4390 	 	 0.4609
[2022/07/12 08:15:51] - 128 	 216.6 	 	 39.9 	 	 0.0100 	 0.7187 	 0.7963 	 1.1815 	 	 0.5587 	 	 0.6823 	 0.7998 	 1.4406 	 	 0.4673
[2022/07/12 08:20:07] - 129 	 216.6 	 	 39.9 	 	 0.0100 	 0.7198 	 0.7941 	 1.1855 	 	 0.5581 	 	 0.6805 	 0.7989 	 1.4760 	 	 0.4529
[2022/07/12 08:24:24] - 130 	 216.6 	 	 39.9 	 	 0.0100 	 0.7190 	 0.7948 	 1.1806 	 	 0.5571 	 	 0.6777 	 0.7950 	 1.4495 	 	 0.4648
[2022/07/12 08:28:41] - 131 	 216.8 	 	 39.9 	 	 0.0100 	 0.7145 	 0.7956 	 1.1800 	 	 0.5609 	 	 0.6657 	 0.7990 	 1.4609 	 	 0.4602
[2022/07/12 08:32:57] - 132 	 216.9 	 	 39.9 	 	 0.0100 	 0.7141 	 0.7985 	 1.1769 	 	 0.5600 	 	 0.6896 	 0.8034 	 1.5109 	 	 0.4525
[2022/07/12 08:37:14] - 133 	 216.6 	 	 39.9 	 	 0.0100 	 0.7137 	 0.7985 	 1.1788 	 	 0.5602 	 	 0.6594 	 0.8084 	 1.4684 	 	 0.4576
[2022/07/12 08:41:30] - 134 	 216.5 	 	 39.9 	 	 0.0100 	 0.7109 	 0.7980 	 1.1767 	 	 0.5606 	 	 0.6360 	 0.8103 	 1.4843 	 	 0.4526
[2022/07/12 08:45:47] - 135 	 216.6 	 	 39.9 	 	 0.0100 	 0.7078 	 0.7992 	 1.1725 	 	 0.5607 	 	 0.6743 	 0.8026 	 1.4804 	 	 0.4551
[2022/07/12 08:50:03] - 136 	 216.6 	 	 39.9 	 	 0.0100 	 0.7070 	 0.8005 	 1.1722 	 	 0.5616 	 	 0.6861 	 0.7993 	 1.4760 	 	 0.4541
[2022/07/12 08:54:20] - 137 	 216.5 	 	 39.9 	 	 0.0100 	 0.7081 	 0.8005 	 1.1711 	 	 0.5616 	 	 0.6826 	 0.7964 	 1.4583 	 	 0.4614
[2022/07/12 08:58:36] - 138 	 216.6 	 	 39.9 	 	 0.0100 	 0.7051 	 0.8007 	 1.1694 	 	 0.5629 	 	 0.6472 	 0.8109 	 1.4800 	 	 0.4546
[2022/07/12 09:02:53] - 139 	 216.6 	 	 39.9 	 	 0.0100 	 0.6996 	 0.8024 	 1.1659 	 	 0.5653 	 	 0.6476 	 0.8028 	 1.4699 	 	 0.4533
[2022/07/12 09:07:10] - 140 	 216.6 	 	 39.9 	 	 0.0100 	 0.6995 	 0.8037 	 1.1632 	 	 0.5644 	 	 0.6463 	 0.8083 	 1.4798 	 	 0.4526
[2022/07/12 09:11:26] - 141 	 216.6 	 	 39.9 	 	 0.0100 	 0.6986 	 0.8030 	 1.1677 	 	 0.5636 	 	 0.6725 	 0.8030 	 1.4753 	 	 0.4572
[2022/07/12 09:15:43] - 142 	 216.7 	 	 39.9 	 	 0.0100 	 0.6996 	 0.8024 	 1.1605 	 	 0.5652 	 	 0.6514 	 0.8122 	 1.4585 	 	 0.4622
[2022/07/12 09:19:59] - 143 	 216.6 	 	 39.9 	 	 0.0100 	 0.6923 	 0.8041 	 1.1578 	 	 0.5684 	 	 0.6726 	 0.8066 	 1.4600 	 	 0.4677
[2022/07/12 09:24:16] - 144 	 216.6 	 	 39.9 	 	 0.0100 	 0.6936 	 0.8028 	 1.1571 	 	 0.5676 	 	 0.6735 	 0.8021 	 1.4673 	 	 0.4559
[2022/07/12 09:28:32] - 145 	 216.6 	 	 40.0 	 	 0.0100 	 0.6903 	 0.8058 	 1.1589 	 	 0.5652 	 	 0.6401 	 0.8086 	 1.4580 	 	 0.4577
[2022/07/12 09:32:49] - 146 	 216.6 	 	 40.0 	 	 0.0100 	 0.6899 	 0.8065 	 1.1566 	 	 0.5683 	 	 0.6253 	 0.8159 	 1.4769 	 	 0.4586
[2022/07/12 09:37:06] - 147 	 216.9 	 	 39.9 	 	 0.0100 	 0.6876 	 0.8053 	 1.1528 	 	 0.5685 	 	 0.6510 	 0.8067 	 1.4557 	 	 0.4640
[2022/07/12 09:41:22] - 148 	 216.5 	 	 39.9 	 	 0.0100 	 0.6830 	 0.8074 	 1.1534 	 	 0.5661 	 	 0.6309 	 0.8083 	 1.4872 	 	 0.4547
[2022/07/12 09:45:39] - 149 	 216.6 	 	 39.9 	 	 0.0010 	 0.6861 	 0.8068 	 1.1498 	 	 0.5707 	 	 0.6614 	 0.8110 	 1.4663 	 	 0.4560
[2022/07/12 09:49:56] - 150 	 216.6 	 	 40.0 	 	 0.0010 	 0.6600 	 0.8183 	 1.0906 	 	 0.5923 	 	 0.5990 	 0.8312 	 1.4221 	 	 0.4715
[2022/07/12 09:54:12] - 151 	 216.7 	 	 39.9 	 	 0.0010 	 0.6292 	 0.8271 	 1.0588 	 	 0.6005 	 	 0.5982 	 0.8264 	 1.4636 	 	 0.4622
[2022/07/12 09:58:29] - 152 	 216.6 	 	 39.9 	 	 0.0010 	 0.6144 	 0.8277 	 1.0468 	 	 0.6049 	 	 0.5630 	 0.8258 	 1.4529 	 	 0.4666
[2022/07/12 10:02:46] - 153 	 216.6 	 	 39.9 	 	 0.0010 	 0.6071 	 0.8306 	 1.0387 	 	 0.6077 	 	 0.6021 	 0.8108 	 1.4328 	 	 0.4703
[2022/07/12 10:07:02] - 154 	 216.7 	 	 39.9 	 	 0.0010 	 0.5987 	 0.8339 	 1.0287 	 	 0.6135 	 	 0.5819 	 0.8260 	 1.4178 	 	 0.4713
[2022/07/12 10:11:19] - 155 	 216.6 	 	 39.9 	 	 0.0010 	 0.5948 	 0.8372 	 1.0242 	 	 0.6135 	 	 0.5781 	 0.8287 	 1.4503 	 	 0.4656
[2022/07/12 10:15:36] - 156 	 217.0 	 	 39.9 	 	 0.0010 	 0.5864 	 0.8393 	 1.0176 	 	 0.6150 	 	 0.5589 	 0.8354 	 1.4560 	 	 0.4649
[2022/07/12 10:19:52] - 157 	 216.6 	 	 39.9 	 	 0.0010 	 0.5833 	 0.8396 	 1.0107 	 	 0.6196 	 	 0.5686 	 0.8198 	 1.4621 	 	 0.4648
[2022/07/12 10:24:09] - 158 	 216.6 	 	 39.9 	 	 0.0010 	 0.5812 	 0.8391 	 1.0114 	 	 0.6187 	 	 0.5827 	 0.8306 	 1.4597 	 	 0.4663
[2022/07/12 10:28:25] - 159 	 216.6 	 	 39.9 	 	 0.0010 	 0.5743 	 0.8420 	 1.0005 	 	 0.6197 	 	 0.5683 	 0.8364 	 1.4321 	 	 0.4714
[2022/07/12 10:32:42] - 160 	 216.7 	 	 39.9 	 	 0.0010 	 0.5709 	 0.8423 	 0.9971 	 	 0.6262 	 	 0.5465 	 0.8327 	 1.4641 	 	 0.4644
[2022/07/12 10:36:59] - 161 	 216.8 	 	 40.0 	 	 0.0010 	 0.5686 	 0.8413 	 0.9957 	 	 0.6239 	 	 0.5447 	 0.8392 	 1.4479 	 	 0.4668
[2022/07/12 10:41:16] - 162 	 216.7 	 	 39.9 	 	 0.0010 	 0.5648 	 0.8428 	 0.9911 	 	 0.6245 	 	 0.5416 	 0.8352 	 1.4678 	 	 0.4651
[2022/07/12 10:45:32] - 163 	 216.7 	 	 39.9 	 	 0.0010 	 0.5634 	 0.8439 	 0.9863 	 	 0.6289 	 	 0.5545 	 0.8358 	 1.4352 	 	 0.4676
[2022/07/12 10:49:49] - 164 	 216.7 	 	 39.9 	 	 0.0010 	 0.5577 	 0.8464 	 0.9853 	 	 0.6273 	 	 0.5582 	 0.8351 	 1.4467 	 	 0.4668
[2022/07/12 10:54:05] - 165 	 216.7 	 	 39.9 	 	 0.0010 	 0.5561 	 0.8471 	 0.9801 	 	 0.6295 	 	 0.5545 	 0.8378 	 1.4626 	 	 0.4666
[2022/07/12 10:58:22] - 166 	 216.6 	 	 40.0 	 	 0.0010 	 0.5523 	 0.8477 	 0.9764 	 	 0.6326 	 	 0.5285 	 0.8405 	 1.4799 	 	 0.4601
[2022/07/12 11:02:39] - 167 	 216.7 	 	 39.9 	 	 0.0010 	 0.5483 	 0.8503 	 0.9753 	 	 0.6308 	 	 0.5544 	 0.8333 	 1.5338 	 	 0.4516
[2022/07/12 11:06:55] - 168 	 216.6 	 	 39.9 	 	 0.0010 	 0.5508 	 0.8480 	 0.9771 	 	 0.6333 	 	 0.5293 	 0.8412 	 1.4887 	 	 0.4616
[2022/07/12 11:11:12] - 169 	 216.6 	 	 39.9 	 	 0.0010 	 0.5466 	 0.8492 	 0.9700 	 	 0.6338 	 	 0.5579 	 0.8304 	 1.4854 	 	 0.4625
[2022/07/12 11:15:29] - 170 	 216.6 	 	 39.9 	 	 0.0010 	 0.5430 	 0.8501 	 0.9645 	 	 0.6345 	 	 0.5071 	 0.8438 	 1.5293 	 	 0.4566
[2022/07/12 11:19:45] - 171 	 216.7 	 	 40.0 	 	 0.0010 	 0.5415 	 0.8494 	 0.9648 	 	 0.6365 	 	 0.5159 	 0.8423 	 1.5356 	 	 0.4546
[2022/07/12 11:24:02] - 172 	 216.7 	 	 39.9 	 	 0.0010 	 0.5371 	 0.8534 	 0.9609 	 	 0.6372 	 	 0.5422 	 0.8366 	 1.4808 	 	 0.4605
[2022/07/12 11:28:18] - 173 	 216.6 	 	 39.9 	 	 0.0010 	 0.5352 	 0.8519 	 0.9546 	 	 0.6409 	 	 0.5266 	 0.8422 	 1.5326 	 	 0.4562
[2022/07/12 11:32:35] - 174 	 216.4 	 	 39.9 	 	 0.0010 	 0.5366 	 0.8522 	 0.9590 	 	 0.6368 	 	 0.5576 	 0.8314 	 1.5234 	 	 0.4578
[2022/07/12 11:36:51] - 175 	 216.6 	 	 39.9 	 	 0.0010 	 0.5347 	 0.8534 	 0.9550 	 	 0.6386 	 	 0.5315 	 0.8441 	 1.5167 	 	 0.4587
[2022/07/12 11:41:08] - 176 	 216.7 	 	 40.0 	 	 0.0010 	 0.5290 	 0.8547 	 0.9542 	 	 0.6400 	 	 0.5523 	 0.8353 	 1.4649 	 	 0.4706
[2022/07/12 11:45:24] - 177 	 216.6 	 	 39.9 	 	 0.0010 	 0.5291 	 0.8521 	 0.9515 	 	 0.6397 	 	 0.5086 	 0.8424 	 1.5219 	 	 0.4596
[2022/07/12 11:49:41] - 178 	 216.4 	 	 39.9 	 	 0.0010 	 0.5268 	 0.8554 	 0.9478 	 	 0.6417 	 	 0.5416 	 0.8359 	 1.5038 	 	 0.4598
[2022/07/12 11:53:57] - 179 	 216.7 	 	 39.9 	 	 0.0010 	 0.5261 	 0.8560 	 0.9452 	 	 0.6409 	 	 0.5406 	 0.8410 	 1.4798 	 	 0.4661
[2022/07/12 11:58:14] - 180 	 216.5 	 	 39.9 	 	 0.0010 	 0.5244 	 0.8537 	 0.9413 	 	 0.6435 	 	 0.5207 	 0.8449 	 1.5140 	 	 0.4565
[2022/07/12 12:02:31] - 181 	 216.5 	 	 39.9 	 	 0.0010 	 0.5195 	 0.8603 	 0.9389 	 	 0.6446 	 	 0.5294 	 0.8384 	 1.4947 	 	 0.4658
[2022/07/12 12:06:47] - 182 	 216.4 	 	 39.9 	 	 0.0010 	 0.5179 	 0.8590 	 0.9405 	 	 0.6434 	 	 0.5161 	 0.8442 	 1.5208 	 	 0.4586
[2022/07/12 12:11:03] - 183 	 216.4 	 	 39.9 	 	 0.0010 	 0.5185 	 0.8572 	 0.9339 	 	 0.6461 	 	 0.5226 	 0.8413 	 1.5200 	 	 0.4548
[2022/07/12 12:15:19] - 184 	 216.5 	 	 39.9 	 	 0.0010 	 0.5151 	 0.8586 	 0.9267 	 	 0.6493 	 	 0.5114 	 0.8453 	 1.5087 	 	 0.4600
[2022/07/12 12:19:36] - 185 	 216.4 	 	 39.9 	 	 0.0010 	 0.5118 	 0.8596 	 0.9332 	 	 0.6465 	 	 0.5300 	 0.8414 	 1.5020 	 	 0.4628
[2022/07/12 12:23:52] - 186 	 216.4 	 	 39.9 	 	 0.0010 	 0.5110 	 0.8598 	 0.9290 	 	 0.6474 	 	 0.5194 	 0.8496 	 1.5031 	 	 0.4605
[2022/07/12 12:28:08] - 187 	 216.5 	 	 39.9 	 	 0.0010 	 0.5115 	 0.8590 	 0.9313 	 	 0.6481 	 	 0.5388 	 0.8371 	 1.5358 	 	 0.4554
[2022/07/12 12:32:25] - 188 	 216.5 	 	 39.9 	 	 0.0010 	 0.5096 	 0.8604 	 0.9289 	 	 0.6501 	 	 0.5098 	 0.8478 	 1.5289 	 	 0.4591
[2022/07/12 12:36:41] - 189 	 216.4 	 	 39.9 	 	 0.0010 	 0.5073 	 0.8610 	 0.9218 	 	 0.6505 	 	 0.4984 	 0.8512 	 1.5437 	 	 0.4524
[2022/07/12 12:40:58] - 190 	 216.4 	 	 39.8 	 	 0.0010 	 0.5037 	 0.8635 	 0.9248 	 	 0.6518 	 	 0.5134 	 0.8433 	 1.5229 	 	 0.4631
[2022/07/12 12:45:14] - 191 	 216.4 	 	 39.9 	 	 0.0010 	 0.5063 	 0.8618 	 0.9217 	 	 0.6522 	 	 0.5335 	 0.8356 	 1.5229 	 	 0.4597
[2022/07/12 12:49:30] - 192 	 216.5 	 	 40.0 	 	 0.0010 	 0.5014 	 0.8617 	 0.9170 	 	 0.6520 	 	 0.5111 	 0.8468 	 1.5359 	 	 0.4558
[2022/07/12 12:53:47] - 193 	 216.4 	 	 39.9 	 	 0.0010 	 0.5019 	 0.8625 	 0.9159 	 	 0.6557 	 	 0.5151 	 0.8442 	 1.5486 	 	 0.4562
[2022/07/12 12:58:03] - 194 	 216.5 	 	 39.9 	 	 0.0010 	 0.4967 	 0.8650 	 0.9187 	 	 0.6531 	 	 0.5168 	 0.8414 	 1.5568 	 	 0.4522
[2022/07/12 13:02:19] - 195 	 216.4 	 	 39.9 	 	 0.0010 	 0.4972 	 0.8658 	 0.9144 	 	 0.6549 	 	 0.5095 	 0.8452 	 1.5391 	 	 0.4573
[2022/07/12 13:06:36] - 196 	 216.5 	 	 39.9 	 	 0.0010 	 0.4957 	 0.8638 	 0.9165 	 	 0.6527 	 	 0.5326 	 0.8403 	 1.5655 	 	 0.4488
[2022/07/12 13:10:52] - 197 	 216.5 	 	 39.9 	 	 0.0010 	 0.4958 	 0.8643 	 0.9081 	 	 0.6555 	 	 0.5289 	 0.8455 	 1.5079 	 	 0.4643
[2022/07/12 13:15:08] - 198 	 216.5 	 	 39.9 	 	 0.0010 	 0.4921 	 0.8655 	 0.9046 	 	 0.6565 	 	 0.5100 	 0.8460 	 1.5302 	 	 0.4573
[2022/07/12 13:19:25] - 199 	 216.5 	 	 39.9 	 	 0.0010 	 0.4914 	 0.8662 	 0.9061 	 	 0.6565 	 	 0.5255 	 0.8381 	 1.5527 	 	 0.4524
