[2022/07/11 23:05:05] - Namespace(attack='pgd', attack_iters=10, batch_size=128, chkpt_iters=10, cutout=False, cutout_len=None, data_dir='../cifar-data', dropout=0.8, epochs=200, epsilon=8, eval=False, fgsm_alpha=1.0, fgsm_init='random', fname='experiments/cifar10_dropout/preactresnet18_0.8', half=False, l1=0, l2=0, lr_drop_epoch=100, lr_max=0.1, lr_one_drop=0.01, lr_schedule='piecewise', mixup=False, mixup_alpha=None, model='PreActResNet18drop', norm='l_inf', pgd_alpha=2, restarts=1, resume=0, seed=0, val=False, width_factor=10)
[2022/07/11 23:05:09] - Epoch 	 Train Time 	 Test Time 	 LR 	 	 Train Loss 	 Train Acc 	 Train Robust Loss 	 Train Robust Acc 	 Test Loss 	 Test Acc 	 Test Robust Loss 	 Test Robust Acc
[2022/07/11 23:08:32] - 0 	 171.4 	 	 31.8 	 	 0.1000 	 2.4138 	 0.1213 	 2.4628 	 	 0.1128 	 	 2.1714 	 0.1960 	 2.2290 	 	 0.1664
[2022/07/11 23:11:55] - 1 	 170.9 	 	 31.8 	 	 0.1000 	 2.1476 	 0.1912 	 2.2096 	 	 0.1641 	 	 2.1328 	 0.1995 	 2.2396 	 	 0.1652
[2022/07/11 23:15:17] - 2 	 170.8 	 	 31.8 	 	 0.1000 	 2.0739 	 0.2164 	 2.1691 	 	 0.1777 	 	 2.1063 	 0.2076 	 2.2521 	 	 0.1704
[2022/07/11 23:18:40] - 3 	 170.7 	 	 31.8 	 	 0.1000 	 1.9773 	 0.2528 	 2.1169 	 	 0.1953 	 	 1.9379 	 0.2752 	 2.1780 	 	 0.1815
[2022/07/11 23:22:03] - 4 	 170.7 	 	 31.8 	 	 0.1000 	 1.8876 	 0.2921 	 2.0587 	 	 0.2242 	 	 1.8180 	 0.3402 	 2.0269 	 	 0.2438
[2022/07/11 23:25:25] - 5 	 170.7 	 	 31.8 	 	 0.1000 	 1.8291 	 0.3219 	 2.0198 	 	 0.2418 	 	 1.7132 	 0.3700 	 1.9714 	 	 0.2619
[2022/07/11 23:28:48] - 6 	 170.7 	 	 31.7 	 	 0.1000 	 1.7784 	 0.3429 	 1.9895 	 	 0.2514 	 	 1.6793 	 0.3970 	 1.9584 	 	 0.2705
[2022/07/11 23:32:11] - 7 	 170.7 	 	 31.8 	 	 0.1000 	 1.7383 	 0.3625 	 1.9650 	 	 0.2630 	 	 1.6093 	 0.4357 	 1.8984 	 	 0.2925
[2022/07/11 23:35:33] - 8 	 170.7 	 	 31.8 	 	 0.1000 	 1.6949 	 0.3792 	 1.9409 	 	 0.2745 	 	 1.5823 	 0.4389 	 1.8817 	 	 0.2994
[2022/07/11 23:38:56] - 9 	 170.6 	 	 31.8 	 	 0.1000 	 1.6656 	 0.3946 	 1.9173 	 	 0.2859 	 	 1.5454 	 0.4658 	 1.8811 	 	 0.2973
[2022/07/11 23:42:19] - 10 	 170.7 	 	 31.8 	 	 0.1000 	 1.6384 	 0.4093 	 1.9022 	 	 0.2910 	 	 1.5214 	 0.4758 	 1.8447 	 	 0.3179
[2022/07/11 23:45:41] - 11 	 170.7 	 	 31.8 	 	 0.1000 	 1.6136 	 0.4192 	 1.8846 	 	 0.2979 	 	 1.4819 	 0.5013 	 1.8446 	 	 0.3110
[2022/07/11 23:49:04] - 12 	 170.7 	 	 31.8 	 	 0.1000 	 1.5838 	 0.4353 	 1.8670 	 	 0.3058 	 	 1.4626 	 0.5183 	 1.8461 	 	 0.3204
[2022/07/11 23:52:27] - 13 	 170.6 	 	 31.8 	 	 0.1000 	 1.5651 	 0.4428 	 1.8532 	 	 0.3095 	 	 1.4153 	 0.4994 	 1.8149 	 	 0.3173
[2022/07/11 23:55:49] - 14 	 170.6 	 	 31.8 	 	 0.1000 	 1.5476 	 0.4520 	 1.8415 	 	 0.3135 	 	 1.4052 	 0.5090 	 1.8197 	 	 0.3165
[2022/07/11 23:59:11] - 15 	 170.6 	 	 31.8 	 	 0.1000 	 1.5296 	 0.4566 	 1.8294 	 	 0.3199 	 	 1.3745 	 0.5319 	 1.8026 	 	 0.3235
[2022/07/12 00:02:34] - 16 	 170.6 	 	 31.8 	 	 0.1000 	 1.5224 	 0.4643 	 1.8276 	 	 0.3239 	 	 1.3873 	 0.5335 	 1.7804 	 	 0.3404
[2022/07/12 00:05:59] - 17 	 170.6 	 	 31.8 	 	 0.1000 	 1.5071 	 0.4691 	 1.8147 	 	 0.3267 	 	 1.3577 	 0.5249 	 1.7851 	 	 0.3317
[2022/07/12 00:09:21] - 18 	 170.6 	 	 31.8 	 	 0.1000 	 1.4970 	 0.4712 	 1.8052 	 	 0.3264 	 	 1.3689 	 0.5410 	 1.8188 	 	 0.3130
[2022/07/12 00:12:43] - 19 	 170.6 	 	 31.8 	 	 0.1000 	 1.4911 	 0.4751 	 1.8033 	 	 0.3309 	 	 1.3977 	 0.5132 	 1.8413 	 	 0.3255
[2022/07/12 00:16:06] - 20 	 170.5 	 	 31.8 	 	 0.1000 	 1.4824 	 0.4805 	 1.7950 	 	 0.3343 	 	 1.3482 	 0.5377 	 1.8311 	 	 0.3268
[2022/07/12 00:19:28] - 21 	 170.6 	 	 31.8 	 	 0.1000 	 1.4714 	 0.4826 	 1.7850 	 	 0.3381 	 	 1.3167 	 0.5574 	 1.8088 	 	 0.3227
[2022/07/12 00:22:51] - 22 	 170.6 	 	 31.7 	 	 0.1000 	 1.4766 	 0.4844 	 1.7915 	 	 0.3353 	 	 1.3440 	 0.5375 	 1.8143 	 	 0.3287
[2022/07/12 00:26:13] - 23 	 170.6 	 	 31.8 	 	 0.1000 	 1.4738 	 0.4828 	 1.7898 	 	 0.3362 	 	 1.3047 	 0.5648 	 1.7966 	 	 0.3301
[2022/07/12 00:29:35] - 24 	 170.5 	 	 31.8 	 	 0.1000 	 1.4630 	 0.4894 	 1.7839 	 	 0.3402 	 	 1.3469 	 0.5415 	 1.7808 	 	 0.3377
[2022/07/12 00:32:58] - 25 	 170.5 	 	 31.8 	 	 0.1000 	 1.4584 	 0.4910 	 1.7790 	 	 0.3428 	 	 1.2894 	 0.5553 	 1.7877 	 	 0.3361
[2022/07/12 00:36:20] - 26 	 170.5 	 	 31.7 	 	 0.1000 	 1.4610 	 0.4907 	 1.7779 	 	 0.3424 	 	 1.3066 	 0.5379 	 1.8153 	 	 0.3266
[2022/07/12 00:39:42] - 27 	 170.5 	 	 31.8 	 	 0.1000 	 1.4539 	 0.4910 	 1.7758 	 	 0.3435 	 	 1.2794 	 0.5677 	 1.7658 	 	 0.3313
[2022/07/12 00:43:04] - 28 	 170.5 	 	 31.8 	 	 0.1000 	 1.4524 	 0.4943 	 1.7771 	 	 0.3445 	 	 1.2968 	 0.5768 	 1.7879 	 	 0.3379
[2022/07/12 00:46:27] - 29 	 170.5 	 	 31.8 	 	 0.1000 	 1.4516 	 0.4915 	 1.7691 	 	 0.3479 	 	 1.3254 	 0.5811 	 1.7818 	 	 0.3395
[2022/07/12 00:49:49] - 30 	 170.6 	 	 31.7 	 	 0.1000 	 1.4530 	 0.4949 	 1.7784 	 	 0.3461 	 	 1.3197 	 0.5593 	 1.8038 	 	 0.3328
[2022/07/12 00:53:12] - 31 	 170.6 	 	 31.8 	 	 0.1000 	 1.4482 	 0.4961 	 1.7690 	 	 0.3464 	 	 1.2915 	 0.5835 	 1.7775 	 	 0.3358
[2022/07/12 00:56:34] - 32 	 170.5 	 	 31.8 	 	 0.1000 	 1.4572 	 0.4882 	 1.7724 	 	 0.3465 	 	 1.3233 	 0.5801 	 1.7729 	 	 0.3422
[2022/07/12 00:59:57] - 33 	 170.5 	 	 31.7 	 	 0.1000 	 1.4544 	 0.4922 	 1.7723 	 	 0.3454 	 	 1.2949 	 0.5566 	 1.8229 	 	 0.3163
[2022/07/12 01:03:19] - 34 	 170.5 	 	 31.8 	 	 0.1000 	 1.4502 	 0.4948 	 1.7722 	 	 0.3467 	 	 1.2903 	 0.5855 	 1.7781 	 	 0.3337
[2022/07/12 01:06:41] - 35 	 170.5 	 	 31.8 	 	 0.1000 	 1.4534 	 0.4946 	 1.7732 	 	 0.3439 	 	 1.3416 	 0.5884 	 1.7985 	 	 0.3271
[2022/07/12 01:10:03] - 36 	 170.5 	 	 31.7 	 	 0.1000 	 1.4578 	 0.4906 	 1.7702 	 	 0.3453 	 	 1.3264 	 0.5608 	 1.8135 	 	 0.3154
[2022/07/12 01:13:26] - 37 	 170.5 	 	 31.8 	 	 0.1000 	 1.4622 	 0.4912 	 1.7794 	 	 0.3437 	 	 1.3476 	 0.5445 	 1.8222 	 	 0.3205
[2022/07/12 01:16:48] - 38 	 170.4 	 	 31.7 	 	 0.1000 	 1.4654 	 0.4881 	 1.7726 	 	 0.3453 	 	 1.3234 	 0.5525 	 1.8039 	 	 0.3396
[2022/07/12 01:20:10] - 39 	 170.5 	 	 31.7 	 	 0.1000 	 1.4738 	 0.4854 	 1.7783 	 	 0.3418 	 	 1.3198 	 0.5824 	 1.8228 	 	 0.3256
[2022/07/12 01:23:33] - 40 	 170.4 	 	 31.7 	 	 0.1000 	 1.4731 	 0.4849 	 1.7833 	 	 0.3430 	 	 1.3642 	 0.5318 	 1.8458 	 	 0.3188
[2022/07/12 01:26:55] - 41 	 170.4 	 	 31.7 	 	 0.1000 	 1.4791 	 0.4858 	 1.7859 	 	 0.3399 	 	 1.3724 	 0.5243 	 1.8561 	 	 0.3014
[2022/07/12 01:30:17] - 42 	 170.4 	 	 31.7 	 	 0.1000 	 1.4795 	 0.4833 	 1.7876 	 	 0.3408 	 	 1.3235 	 0.5603 	 1.8295 	 	 0.3158
[2022/07/12 01:33:39] - 43 	 170.4 	 	 31.7 	 	 0.1000 	 1.4882 	 0.4786 	 1.7929 	 	 0.3383 	 	 1.3417 	 0.5731 	 1.8426 	 	 0.3156
[2022/07/12 01:37:01] - 44 	 170.4 	 	 31.7 	 	 0.1000 	 1.4871 	 0.4755 	 1.7900 	 	 0.3394 	 	 1.3801 	 0.5478 	 1.8585 	 	 0.3049
[2022/07/12 01:40:23] - 45 	 170.4 	 	 31.7 	 	 0.1000 	 1.4964 	 0.4743 	 1.7914 	 	 0.3394 	 	 1.3025 	 0.5745 	 1.8028 	 	 0.3349
[2022/07/12 01:43:45] - 46 	 170.4 	 	 31.7 	 	 0.1000 	 1.4948 	 0.4751 	 1.7956 	 	 0.3394 	 	 1.3580 	 0.5399 	 1.8233 	 	 0.3259
[2022/07/12 01:47:08] - 47 	 170.4 	 	 31.8 	 	 0.1000 	 1.4886 	 0.4780 	 1.7872 	 	 0.3379 	 	 1.3661 	 0.5301 	 1.8645 	 	 0.3141
[2022/07/12 01:50:30] - 48 	 170.4 	 	 31.7 	 	 0.1000 	 1.4960 	 0.4748 	 1.7940 	 	 0.3371 	 	 1.3252 	 0.4991 	 1.8695 	 	 0.2998
[2022/07/12 01:53:52] - 49 	 170.4 	 	 31.7 	 	 0.1000 	 1.4980 	 0.4747 	 1.7957 	 	 0.3377 	 	 1.3953 	 0.4846 	 1.8671 	 	 0.3130
[2022/07/12 01:57:14] - 50 	 170.4 	 	 31.7 	 	 0.1000 	 1.4984 	 0.4742 	 1.7963 	 	 0.3365 	 	 1.3655 	 0.5417 	 1.8207 	 	 0.3292
[2022/07/12 02:00:36] - 51 	 170.4 	 	 31.8 	 	 0.1000 	 1.4974 	 0.4714 	 1.7914 	 	 0.3370 	 	 1.3014 	 0.5572 	 1.8150 	 	 0.3241
[2022/07/12 02:03:58] - 52 	 170.3 	 	 31.7 	 	 0.1000 	 1.5010 	 0.4714 	 1.7952 	 	 0.3372 	 	 1.3334 	 0.5741 	 1.8071 	 	 0.3248
[2022/07/12 02:07:21] - 53 	 170.4 	 	 31.7 	 	 0.1000 	 1.5054 	 0.4711 	 1.7994 	 	 0.3351 	 	 1.3676 	 0.5537 	 1.8362 	 	 0.3203
[2022/07/12 02:10:43] - 54 	 170.3 	 	 31.7 	 	 0.1000 	 1.5044 	 0.4676 	 1.7979 	 	 0.3362 	 	 1.3463 	 0.5587 	 1.8340 	 	 0.3086
[2022/07/12 02:14:05] - 55 	 170.3 	 	 31.7 	 	 0.1000 	 1.5099 	 0.4700 	 1.8026 	 	 0.3355 	 	 1.3119 	 0.5717 	 1.8149 	 	 0.3261
[2022/07/12 02:17:27] - 56 	 170.3 	 	 31.7 	 	 0.1000 	 1.5069 	 0.4705 	 1.8004 	 	 0.3374 	 	 1.3708 	 0.5305 	 1.8644 	 	 0.3177
[2022/07/12 02:20:49] - 57 	 170.3 	 	 31.7 	 	 0.1000 	 1.5173 	 0.4670 	 1.8098 	 	 0.3343 	 	 1.3088 	 0.5768 	 1.8073 	 	 0.3216
[2022/07/12 02:24:11] - 58 	 170.3 	 	 31.7 	 	 0.1000 	 1.5163 	 0.4665 	 1.8099 	 	 0.3324 	 	 1.3388 	 0.5587 	 1.8364 	 	 0.3084
[2022/07/12 02:27:33] - 59 	 170.3 	 	 31.7 	 	 0.1000 	 1.5133 	 0.4684 	 1.8048 	 	 0.3326 	 	 1.3971 	 0.5475 	 1.8470 	 	 0.3255
[2022/07/12 02:30:55] - 60 	 170.3 	 	 31.7 	 	 0.1000 	 1.5172 	 0.4643 	 1.8033 	 	 0.3325 	 	 1.3130 	 0.5872 	 1.8233 	 	 0.3148
[2022/07/12 02:34:17] - 61 	 170.4 	 	 31.7 	 	 0.1000 	 1.5189 	 0.4640 	 1.8086 	 	 0.3307 	 	 1.3538 	 0.5595 	 1.8233 	 	 0.3195
[2022/07/12 02:37:39] - 62 	 170.3 	 	 31.7 	 	 0.1000 	 1.5245 	 0.4612 	 1.8116 	 	 0.3329 	 	 1.3852 	 0.5155 	 1.8627 	 	 0.3058
[2022/07/12 02:41:01] - 63 	 170.3 	 	 31.7 	 	 0.1000 	 1.5140 	 0.4678 	 1.8082 	 	 0.3344 	 	 1.3957 	 0.5343 	 1.8731 	 	 0.3073
[2022/07/12 02:44:23] - 64 	 170.3 	 	 31.7 	 	 0.1000 	 1.5244 	 0.4590 	 1.8067 	 	 0.3322 	 	 1.3913 	 0.5299 	 1.8767 	 	 0.3108
[2022/07/12 02:47:45] - 65 	 170.3 	 	 31.7 	 	 0.1000 	 1.5204 	 0.4641 	 1.8066 	 	 0.3363 	 	 1.3580 	 0.5673 	 1.8298 	 	 0.3133
[2022/07/12 02:51:07] - 66 	 170.3 	 	 31.7 	 	 0.1000 	 1.5226 	 0.4621 	 1.8115 	 	 0.3318 	 	 1.4380 	 0.5436 	 1.9188 	 	 0.3030
[2022/07/12 02:54:29] - 67 	 170.3 	 	 31.7 	 	 0.1000 	 1.5266 	 0.4644 	 1.8128 	 	 0.3303 	 	 1.3465 	 0.5691 	 1.8410 	 	 0.3047
[2022/07/12 02:57:51] - 68 	 170.3 	 	 31.7 	 	 0.1000 	 1.5249 	 0.4603 	 1.8081 	 	 0.3328 	 	 1.3948 	 0.5366 	 1.8387 	 	 0.3181
[2022/07/12 03:01:13] - 69 	 170.3 	 	 31.8 	 	 0.1000 	 1.5252 	 0.4630 	 1.8152 	 	 0.3296 	 	 1.3354 	 0.5324 	 1.8766 	 	 0.3055
[2022/07/12 03:04:36] - 70 	 170.3 	 	 31.7 	 	 0.1000 	 1.5282 	 0.4613 	 1.8167 	 	 0.3308 	 	 1.3478 	 0.5717 	 1.8380 	 	 0.3129
[2022/07/12 03:07:58] - 71 	 170.3 	 	 31.7 	 	 0.1000 	 1.5235 	 0.4637 	 1.8126 	 	 0.3311 	 	 1.3962 	 0.5378 	 1.8882 	 	 0.3129
[2022/07/12 03:11:20] - 72 	 170.3 	 	 31.7 	 	 0.1000 	 1.5235 	 0.4627 	 1.8081 	 	 0.3318 	 	 1.3660 	 0.5602 	 1.8323 	 	 0.3143
[2022/07/12 03:14:42] - 73 	 170.3 	 	 31.7 	 	 0.1000 	 1.5285 	 0.4610 	 1.8122 	 	 0.3304 	 	 1.3355 	 0.5619 	 1.8168 	 	 0.3132
[2022/07/12 03:18:04] - 74 	 170.3 	 	 31.7 	 	 0.1000 	 1.5306 	 0.4593 	 1.8184 	 	 0.3290 	 	 1.3848 	 0.5416 	 1.8629 	 	 0.3078
[2022/07/12 03:21:26] - 75 	 170.4 	 	 31.7 	 	 0.1000 	 1.5388 	 0.4576 	 1.8224 	 	 0.3287 	 	 1.3774 	 0.5554 	 1.8396 	 	 0.3145
[2022/07/12 03:24:48] - 76 	 170.4 	 	 31.7 	 	 0.1000 	 1.5347 	 0.4547 	 1.8184 	 	 0.3288 	 	 1.3674 	 0.5520 	 1.8434 	 	 0.3178
[2022/07/12 03:28:10] - 77 	 170.4 	 	 31.7 	 	 0.1000 	 1.5352 	 0.4561 	 1.8187 	 	 0.3280 	 	 1.3539 	 0.5466 	 1.8750 	 	 0.2869
[2022/07/12 03:31:32] - 78 	 170.2 	 	 31.7 	 	 0.1000 	 1.5335 	 0.4597 	 1.8187 	 	 0.3308 	 	 1.3920 	 0.5245 	 1.8630 	 	 0.3038
[2022/07/12 03:34:54] - 79 	 170.3 	 	 31.7 	 	 0.1000 	 1.5325 	 0.4590 	 1.8194 	 	 0.3310 	 	 1.3919 	 0.5269 	 1.8852 	 	 0.2996
[2022/07/12 03:38:16] - 80 	 170.2 	 	 31.7 	 	 0.1000 	 1.5335 	 0.4557 	 1.8161 	 	 0.3296 	 	 1.4015 	 0.5116 	 1.8747 	 	 0.3046
[2022/07/12 03:41:38] - 81 	 170.3 	 	 31.7 	 	 0.1000 	 1.5427 	 0.4534 	 1.8251 	 	 0.3255 	 	 1.3551 	 0.5543 	 1.8319 	 	 0.3216
[2022/07/12 03:45:00] - 82 	 170.2 	 	 31.7 	 	 0.1000 	 1.5436 	 0.4547 	 1.8248 	 	 0.3278 	 	 1.3713 	 0.5066 	 1.8416 	 	 0.3188
[2022/07/12 03:48:22] - 83 	 170.3 	 	 31.7 	 	 0.1000 	 1.5429 	 0.4553 	 1.8263 	 	 0.3258 	 	 1.3799 	 0.5323 	 1.8746 	 	 0.3021
[2022/07/12 03:51:44] - 84 	 170.2 	 	 31.7 	 	 0.1000 	 1.5452 	 0.4522 	 1.8262 	 	 0.3275 	 	 1.3517 	 0.5383 	 1.8498 	 	 0.3177
[2022/07/12 03:55:06] - 85 	 170.2 	 	 31.7 	 	 0.1000 	 1.5536 	 0.4498 	 1.8312 	 	 0.3247 	 	 1.3579 	 0.5640 	 1.8452 	 	 0.3119
[2022/07/12 03:58:28] - 86 	 170.2 	 	 31.7 	 	 0.1000 	 1.5420 	 0.4541 	 1.8256 	 	 0.3274 	 	 1.3654 	 0.5399 	 1.8535 	 	 0.2994
[2022/07/12 04:01:50] - 87 	 170.2 	 	 31.7 	 	 0.1000 	 1.5439 	 0.4561 	 1.8205 	 	 0.3279 	 	 1.3944 	 0.5255 	 1.8707 	 	 0.2946
[2022/07/12 04:05:12] - 88 	 170.2 	 	 31.7 	 	 0.1000 	 1.5476 	 0.4528 	 1.8200 	 	 0.3294 	 	 1.3694 	 0.5417 	 1.8362 	 	 0.3185
[2022/07/12 04:08:34] - 89 	 170.2 	 	 31.7 	 	 0.1000 	 1.5468 	 0.4519 	 1.8245 	 	 0.3266 	 	 1.3902 	 0.5110 	 1.8654 	 	 0.3009
[2022/07/12 04:11:56] - 90 	 170.2 	 	 31.7 	 	 0.1000 	 1.5472 	 0.4519 	 1.8274 	 	 0.3267 	 	 1.3533 	 0.5482 	 1.8360 	 	 0.3242
[2022/07/12 04:15:18] - 91 	 170.2 	 	 31.7 	 	 0.1000 	 1.5525 	 0.4505 	 1.8310 	 	 0.3249 	 	 1.3966 	 0.5446 	 1.8614 	 	 0.3000
[2022/07/12 04:18:40] - 92 	 170.2 	 	 31.7 	 	 0.1000 	 1.5595 	 0.4468 	 1.8328 	 	 0.3253 	 	 1.3879 	 0.5304 	 1.8643 	 	 0.3125
[2022/07/12 04:22:02] - 93 	 170.2 	 	 31.7 	 	 0.1000 	 1.5592 	 0.4499 	 1.8324 	 	 0.3255 	 	 1.4383 	 0.5299 	 1.8884 	 	 0.3049
[2022/07/12 04:25:23] - 94 	 170.2 	 	 31.7 	 	 0.1000 	 1.5560 	 0.4463 	 1.8284 	 	 0.3284 	 	 1.3526 	 0.5335 	 1.8513 	 	 0.3158
[2022/07/12 04:28:45] - 95 	 170.2 	 	 31.7 	 	 0.1000 	 1.5621 	 0.4431 	 1.8320 	 	 0.3264 	 	 1.3471 	 0.5393 	 1.8397 	 	 0.3172
[2022/07/12 04:32:07] - 96 	 170.2 	 	 31.7 	 	 0.1000 	 1.5595 	 0.4465 	 1.8327 	 	 0.3252 	 	 1.3608 	 0.5388 	 1.8646 	 	 0.2988
[2022/07/12 04:35:29] - 97 	 170.2 	 	 31.7 	 	 0.1000 	 1.5571 	 0.4480 	 1.8300 	 	 0.3259 	 	 1.3525 	 0.5414 	 1.8573 	 	 0.3069
[2022/07/12 04:38:51] - 98 	 170.2 	 	 31.7 	 	 0.1000 	 1.5604 	 0.4452 	 1.8357 	 	 0.3226 	 	 1.3912 	 0.5407 	 1.8556 	 	 0.3042
[2022/07/12 04:42:13] - 99 	 170.2 	 	 31.7 	 	 0.0100 	 1.5663 	 0.4426 	 1.8403 	 	 0.3224 	 	 1.3392 	 0.5499 	 1.8785 	 	 0.2837
[2022/07/12 04:45:35] - 100 	 170.2 	 	 31.7 	 	 0.0100 	 1.4984 	 0.4811 	 1.7745 	 	 0.3456 	 	 1.2738 	 0.5734 	 1.7977 	 	 0.3196
[2022/07/12 04:48:57] - 101 	 170.2 	 	 31.7 	 	 0.0100 	 1.4427 	 0.5047 	 1.7337 	 	 0.3649 	 	 1.2478 	 0.5823 	 1.7731 	 	 0.3366
[2022/07/12 04:52:19] - 102 	 170.2 	 	 31.7 	 	 0.0100 	 1.4213 	 0.5122 	 1.7165 	 	 0.3695 	 	 1.2818 	 0.5821 	 1.8153 	 	 0.3268
[2022/07/12 04:55:41] - 103 	 170.2 	 	 31.7 	 	 0.0100 	 1.4094 	 0.5188 	 1.7068 	 	 0.3726 	 	 1.2028 	 0.6029 	 1.7779 	 	 0.3290
[2022/07/12 04:59:03] - 104 	 170.2 	 	 31.7 	 	 0.0100 	 1.3969 	 0.5236 	 1.7008 	 	 0.3776 	 	 1.2159 	 0.5940 	 1.7636 	 	 0.3419
[2022/07/12 05:02:25] - 105 	 170.2 	 	 31.7 	 	 0.0100 	 1.3862 	 0.5270 	 1.6916 	 	 0.3800 	 	 1.2037 	 0.6054 	 1.7591 	 	 0.3358
[2022/07/12 05:05:47] - 106 	 170.2 	 	 31.7 	 	 0.0100 	 1.3783 	 0.5333 	 1.6849 	 	 0.3833 	 	 1.1876 	 0.6026 	 1.7646 	 	 0.3318
[2022/07/12 05:09:09] - 107 	 170.2 	 	 31.7 	 	 0.0100 	 1.3679 	 0.5352 	 1.6751 	 	 0.3883 	 	 1.2056 	 0.6026 	 1.7734 	 	 0.3322
[2022/07/12 05:12:31] - 108 	 170.2 	 	 31.7 	 	 0.0100 	 1.3612 	 0.5382 	 1.6719 	 	 0.3900 	 	 1.1961 	 0.6104 	 1.8000 	 	 0.3306
[2022/07/12 05:15:53] - 109 	 170.2 	 	 31.7 	 	 0.0100 	 1.3546 	 0.5386 	 1.6663 	 	 0.3933 	 	 1.1761 	 0.5982 	 1.7947 	 	 0.3284
[2022/07/12 05:19:15] - 110 	 170.2 	 	 31.7 	 	 0.0100 	 1.3529 	 0.5411 	 1.6561 	 	 0.3975 	 	 1.1831 	 0.6046 	 1.7973 	 	 0.3344
[2022/07/12 05:22:37] - 111 	 170.3 	 	 31.7 	 	 0.0100 	 1.3420 	 0.5429 	 1.6548 	 	 0.3937 	 	 1.1526 	 0.6276 	 1.7687 	 	 0.3392
[2022/07/12 05:25:59] - 112 	 170.2 	 	 31.7 	 	 0.0100 	 1.3396 	 0.5499 	 1.6490 	 	 0.3980 	 	 1.1294 	 0.6163 	 1.7831 	 	 0.3320
[2022/07/12 05:29:21] - 113 	 170.2 	 	 31.7 	 	 0.0100 	 1.3348 	 0.5470 	 1.6450 	 	 0.3987 	 	 1.1603 	 0.5925 	 1.7751 	 	 0.3360
[2022/07/12 05:32:43] - 114 	 170.2 	 	 31.7 	 	 0.0100 	 1.3311 	 0.5501 	 1.6458 	 	 0.4028 	 	 1.1216 	 0.6251 	 1.7805 	 	 0.3323
[2022/07/12 05:36:05] - 115 	 170.3 	 	 31.7 	 	 0.0100 	 1.3293 	 0.5517 	 1.6411 	 	 0.4024 	 	 1.1264 	 0.6139 	 1.7976 	 	 0.3351
[2022/07/12 05:39:27] - 116 	 170.3 	 	 31.7 	 	 0.0100 	 1.3221 	 0.5527 	 1.6380 	 	 0.4028 	 	 1.1169 	 0.6216 	 1.7779 	 	 0.3290
[2022/07/12 05:42:49] - 117 	 170.3 	 	 31.7 	 	 0.0100 	 1.3186 	 0.5570 	 1.6322 	 	 0.4050 	 	 1.1508 	 0.6279 	 1.7797 	 	 0.3324
[2022/07/12 05:46:11] - 118 	 170.2 	 	 31.7 	 	 0.0100 	 1.3146 	 0.5563 	 1.6314 	 	 0.4041 	 	 1.1216 	 0.6073 	 1.7873 	 	 0.3303
[2022/07/12 05:49:33] - 119 	 170.2 	 	 31.7 	 	 0.0100 	 1.3119 	 0.5595 	 1.6289 	 	 0.4091 	 	 1.1013 	 0.6187 	 1.7954 	 	 0.3329
[2022/07/12 05:52:55] - 120 	 170.2 	 	 31.7 	 	 0.0100 	 1.3121 	 0.5552 	 1.6258 	 	 0.4101 	 	 1.1204 	 0.6251 	 1.7781 	 	 0.3370
[2022/07/12 05:56:17] - 121 	 170.2 	 	 31.7 	 	 0.0100 	 1.3050 	 0.5595 	 1.6182 	 	 0.4126 	 	 1.1237 	 0.6291 	 1.8035 	 	 0.3289
[2022/07/12 05:59:39] - 122 	 170.2 	 	 31.7 	 	 0.0100 	 1.3011 	 0.5624 	 1.6203 	 	 0.4119 	 	 1.1037 	 0.6259 	 1.7868 	 	 0.3413
[2022/07/12 06:03:01] - 123 	 170.2 	 	 31.7 	 	 0.0100 	 1.2991 	 0.5630 	 1.6131 	 	 0.4103 	 	 1.1073 	 0.6272 	 1.7745 	 	 0.3381
[2022/07/12 06:06:23] - 124 	 170.2 	 	 31.7 	 	 0.0100 	 1.3002 	 0.5604 	 1.6198 	 	 0.4101 	 	 1.1072 	 0.6268 	 1.7719 	 	 0.3345
[2022/07/12 06:09:45] - 125 	 170.3 	 	 31.7 	 	 0.0100 	 1.3017 	 0.5622 	 1.6145 	 	 0.4128 	 	 1.1455 	 0.6158 	 1.7972 	 	 0.3405
[2022/07/12 06:13:07] - 126 	 170.2 	 	 31.7 	 	 0.0100 	 1.2985 	 0.5618 	 1.6168 	 	 0.4116 	 	 1.0872 	 0.6419 	 1.7834 	 	 0.3400
[2022/07/12 06:16:29] - 127 	 170.2 	 	 31.7 	 	 0.0100 	 1.2961 	 0.5630 	 1.6115 	 	 0.4124 	 	 1.0898 	 0.6395 	 1.7824 	 	 0.3344
[2022/07/12 06:19:51] - 128 	 170.2 	 	 31.7 	 	 0.0100 	 1.2943 	 0.5611 	 1.6125 	 	 0.4127 	 	 1.0976 	 0.6272 	 1.7958 	 	 0.3400
[2022/07/12 06:23:12] - 129 	 170.3 	 	 31.7 	 	 0.0100 	 1.2927 	 0.5672 	 1.6140 	 	 0.4142 	 	 1.1482 	 0.6351 	 1.8066 	 	 0.3357
[2022/07/12 06:26:35] - 130 	 170.2 	 	 31.7 	 	 0.0100 	 1.2909 	 0.5647 	 1.6111 	 	 0.4152 	 	 1.1207 	 0.6219 	 1.8354 	 	 0.3339
[2022/07/12 06:29:57] - 131 	 170.2 	 	 31.7 	 	 0.0100 	 1.2929 	 0.5642 	 1.6134 	 	 0.4159 	 	 1.0746 	 0.6321 	 1.7791 	 	 0.3425
[2022/07/12 06:33:19] - 132 	 170.2 	 	 31.7 	 	 0.0100 	 1.2903 	 0.5652 	 1.6116 	 	 0.4143 	 	 1.0921 	 0.6346 	 1.7714 	 	 0.3460
[2022/07/12 06:36:41] - 133 	 170.2 	 	 31.7 	 	 0.0100 	 1.2909 	 0.5629 	 1.6071 	 	 0.4162 	 	 1.1112 	 0.6343 	 1.7795 	 	 0.3436
[2022/07/12 06:40:03] - 134 	 170.2 	 	 31.7 	 	 0.0100 	 1.2831 	 0.5698 	 1.6029 	 	 0.4208 	 	 1.1117 	 0.6284 	 1.8055 	 	 0.3290
[2022/07/12 06:43:25] - 135 	 170.2 	 	 31.7 	 	 0.0100 	 1.2809 	 0.5699 	 1.6049 	 	 0.4182 	 	 1.0741 	 0.6389 	 1.7813 	 	 0.3391
[2022/07/12 06:46:47] - 136 	 170.2 	 	 31.7 	 	 0.0100 	 1.2805 	 0.5711 	 1.5998 	 	 0.4202 	 	 1.0837 	 0.6469 	 1.7668 	 	 0.3414
[2022/07/12 06:50:09] - 137 	 170.2 	 	 31.7 	 	 0.0100 	 1.2826 	 0.5694 	 1.6077 	 	 0.4160 	 	 1.1328 	 0.6301 	 1.8005 	 	 0.3393
[2022/07/12 06:53:31] - 138 	 170.2 	 	 31.7 	 	 0.0100 	 1.2820 	 0.5698 	 1.6030 	 	 0.4176 	 	 1.0576 	 0.6428 	 1.7885 	 	 0.3382
[2022/07/12 06:56:52] - 139 	 170.2 	 	 31.7 	 	 0.0100 	 1.2762 	 0.5737 	 1.5949 	 	 0.4211 	 	 1.1000 	 0.6348 	 1.8058 	 	 0.3356
[2022/07/12 07:00:15] - 140 	 170.2 	 	 31.7 	 	 0.0100 	 1.2776 	 0.5728 	 1.5926 	 	 0.4217 	 	 1.0881 	 0.6445 	 1.7803 	 	 0.3397
[2022/07/12 07:03:37] - 141 	 170.2 	 	 31.7 	 	 0.0100 	 1.2746 	 0.5732 	 1.5975 	 	 0.4206 	 	 1.0592 	 0.6400 	 1.7946 	 	 0.3368
[2022/07/12 07:06:59] - 142 	 170.2 	 	 31.7 	 	 0.0100 	 1.2780 	 0.5724 	 1.5993 	 	 0.4187 	 	 1.0943 	 0.6339 	 1.8281 	 	 0.3236
[2022/07/12 07:10:21] - 143 	 170.2 	 	 31.7 	 	 0.0100 	 1.2695 	 0.5734 	 1.5902 	 	 0.4209 	 	 1.0442 	 0.6560 	 1.7847 	 	 0.3376
[2022/07/12 07:13:42] - 144 	 170.2 	 	 31.7 	 	 0.0100 	 1.2709 	 0.5779 	 1.5968 	 	 0.4221 	 	 1.0689 	 0.6443 	 1.7774 	 	 0.3400
[2022/07/12 07:17:04] - 145 	 170.2 	 	 31.7 	 	 0.0100 	 1.2688 	 0.5763 	 1.5881 	 	 0.4219 	 	 1.0391 	 0.6519 	 1.8170 	 	 0.3279
[2022/07/12 07:20:26] - 146 	 170.2 	 	 31.7 	 	 0.0100 	 1.2724 	 0.5755 	 1.5970 	 	 0.4207 	 	 1.0907 	 0.6472 	 1.7715 	 	 0.3401
[2022/07/12 07:23:48] - 147 	 170.2 	 	 31.7 	 	 0.0100 	 1.2688 	 0.5763 	 1.5918 	 	 0.4216 	 	 1.0704 	 0.6530 	 1.7905 	 	 0.3360
[2022/07/12 07:27:10] - 148 	 170.2 	 	 31.7 	 	 0.0100 	 1.2724 	 0.5728 	 1.5921 	 	 0.4234 	 	 1.0660 	 0.6403 	 1.7898 	 	 0.3369
[2022/07/12 07:30:32] - 149 	 170.2 	 	 31.7 	 	 0.0010 	 1.2660 	 0.5752 	 1.5885 	 	 0.4237 	 	 1.0448 	 0.6415 	 1.8049 	 	 0.3358
[2022/07/12 07:33:54] - 150 	 170.2 	 	 31.7 	 	 0.0010 	 1.2548 	 0.5857 	 1.5694 	 	 0.4318 	 	 1.0552 	 0.6556 	 1.7533 	 	 0.3491
[2022/07/12 07:37:17] - 151 	 170.2 	 	 31.7 	 	 0.0010 	 1.2391 	 0.5885 	 1.5527 	 	 0.4376 	 	 1.0217 	 0.6594 	 1.7738 	 	 0.3382
[2022/07/12 07:40:38] - 152 	 170.2 	 	 31.7 	 	 0.0010 	 1.2293 	 0.5935 	 1.5471 	 	 0.4398 	 	 1.0146 	 0.6670 	 1.7484 	 	 0.3463
[2022/07/12 07:44:00] - 153 	 170.2 	 	 31.7 	 	 0.0010 	 1.2249 	 0.5958 	 1.5441 	 	 0.4408 	 	 0.9950 	 0.6702 	 1.7752 	 	 0.3451
[2022/07/12 07:47:22] - 154 	 170.2 	 	 31.7 	 	 0.0010 	 1.2227 	 0.5966 	 1.5415 	 	 0.4403 	 	 1.0260 	 0.6662 	 1.7685 	 	 0.3496
[2022/07/12 07:50:44] - 155 	 170.2 	 	 31.7 	 	 0.0010 	 1.2172 	 0.6012 	 1.5404 	 	 0.4449 	 	 1.0037 	 0.6582 	 1.7602 	 	 0.3461
[2022/07/12 07:54:06] - 156 	 170.2 	 	 31.7 	 	 0.0010 	 1.2125 	 0.6006 	 1.5371 	 	 0.4450 	 	 0.9687 	 0.6651 	 1.7892 	 	 0.3415
[2022/07/12 07:57:28] - 157 	 170.2 	 	 31.7 	 	 0.0010 	 1.2121 	 0.6005 	 1.5321 	 	 0.4465 	 	 1.0121 	 0.6627 	 1.7604 	 	 0.3520
[2022/07/12 08:00:50] - 158 	 170.2 	 	 31.7 	 	 0.0010 	 1.2072 	 0.6019 	 1.5318 	 	 0.4451 	 	 0.9960 	 0.6696 	 1.7517 	 	 0.3491
[2022/07/12 08:04:12] - 159 	 170.2 	 	 31.7 	 	 0.0010 	 1.2030 	 0.6044 	 1.5213 	 	 0.4505 	 	 1.0067 	 0.6616 	 1.7869 	 	 0.3458
[2022/07/12 08:07:35] - 160 	 170.2 	 	 31.7 	 	 0.0010 	 1.2019 	 0.6056 	 1.5270 	 	 0.4487 	 	 1.0116 	 0.6643 	 1.7606 	 	 0.3457
[2022/07/12 08:10:56] - 161 	 170.2 	 	 31.7 	 	 0.0010 	 1.2005 	 0.6073 	 1.5236 	 	 0.4469 	 	 1.0215 	 0.6635 	 1.7939 	 	 0.3422
[2022/07/12 08:14:18] - 162 	 170.2 	 	 31.7 	 	 0.0010 	 1.2001 	 0.6058 	 1.5216 	 	 0.4508 	 	 0.9709 	 0.6648 	 1.8067 	 	 0.3466
[2022/07/12 08:17:40] - 163 	 170.2 	 	 31.7 	 	 0.0010 	 1.1945 	 0.6075 	 1.5188 	 	 0.4551 	 	 0.9661 	 0.6760 	 1.7795 	 	 0.3428
[2022/07/12 08:21:02] - 164 	 170.2 	 	 31.7 	 	 0.0010 	 1.1947 	 0.6083 	 1.5204 	 	 0.4489 	 	 0.9932 	 0.6694 	 1.7592 	 	 0.3490
[2022/07/12 08:24:24] - 165 	 170.2 	 	 31.7 	 	 0.0010 	 1.1888 	 0.6117 	 1.5168 	 	 0.4522 	 	 0.9822 	 0.6721 	 1.7743 	 	 0.3464
[2022/07/12 08:27:46] - 166 	 170.2 	 	 31.7 	 	 0.0010 	 1.1921 	 0.6109 	 1.5178 	 	 0.4531 	 	 0.9859 	 0.6715 	 1.7981 	 	 0.3398
[2022/07/12 08:31:08] - 167 	 170.2 	 	 31.7 	 	 0.0010 	 1.1865 	 0.6108 	 1.5091 	 	 0.4559 	 	 0.9571 	 0.6782 	 1.8175 	 	 0.3364
[2022/07/12 08:34:30] - 168 	 170.2 	 	 31.7 	 	 0.0010 	 1.1822 	 0.6106 	 1.5105 	 	 0.4543 	 	 0.9913 	 0.6641 	 1.7774 	 	 0.3446
[2022/07/12 08:37:52] - 169 	 170.2 	 	 31.7 	 	 0.0010 	 1.1812 	 0.6123 	 1.5110 	 	 0.4539 	 	 0.9818 	 0.6793 	 1.7718 	 	 0.3477
[2022/07/12 08:41:14] - 170 	 170.2 	 	 31.7 	 	 0.0010 	 1.1846 	 0.6123 	 1.5084 	 	 0.4526 	 	 1.0059 	 0.6705 	 1.7721 	 	 0.3477
[2022/07/12 08:44:36] - 171 	 170.2 	 	 31.7 	 	 0.0010 	 1.1818 	 0.6121 	 1.5103 	 	 0.4532 	 	 0.9504 	 0.6676 	 1.8380 	 	 0.3341
[2022/07/12 08:47:58] - 172 	 170.2 	 	 31.7 	 	 0.0010 	 1.1830 	 0.6115 	 1.5046 	 	 0.4578 	 	 0.9653 	 0.6697 	 1.8193 	 	 0.3347
[2022/07/12 08:51:20] - 173 	 170.3 	 	 31.7 	 	 0.0010 	 1.1778 	 0.6153 	 1.5060 	 	 0.4580 	 	 0.9736 	 0.6634 	 1.8021 	 	 0.3391
[2022/07/12 08:54:42] - 174 	 170.2 	 	 31.7 	 	 0.0010 	 1.1763 	 0.6145 	 1.5030 	 	 0.4588 	 	 0.9779 	 0.6715 	 1.8030 	 	 0.3398
[2022/07/12 08:58:04] - 175 	 170.3 	 	 31.7 	 	 0.0010 	 1.1748 	 0.6145 	 1.5065 	 	 0.4569 	 	 0.9726 	 0.6754 	 1.7749 	 	 0.3449
[2022/07/12 09:01:26] - 176 	 170.2 	 	 31.7 	 	 0.0010 	 1.1753 	 0.6169 	 1.5021 	 	 0.4580 	 	 0.9703 	 0.6707 	 1.7915 	 	 0.3451
[2022/07/12 09:04:48] - 177 	 170.2 	 	 31.7 	 	 0.0010 	 1.1718 	 0.6159 	 1.4954 	 	 0.4603 	 	 0.9661 	 0.6672 	 1.8143 	 	 0.3421
[2022/07/12 09:08:10] - 178 	 170.2 	 	 31.7 	 	 0.0010 	 1.1697 	 0.6188 	 1.4951 	 	 0.4629 	 	 0.9472 	 0.6752 	 1.8279 	 	 0.3320
[2022/07/12 09:11:32] - 179 	 170.3 	 	 31.7 	 	 0.0010 	 1.1669 	 0.6180 	 1.4983 	 	 0.4587 	 	 0.9547 	 0.6767 	 1.7974 	 	 0.3437
[2022/07/12 09:14:54] - 180 	 170.2 	 	 31.7 	 	 0.0010 	 1.1671 	 0.6157 	 1.4963 	 	 0.4634 	 	 0.9686 	 0.6799 	 1.7788 	 	 0.3496
[2022/07/12 09:18:16] - 181 	 170.3 	 	 31.7 	 	 0.0010 	 1.1660 	 0.6187 	 1.4961 	 	 0.4615 	 	 0.9573 	 0.6815 	 1.7771 	 	 0.3443
[2022/07/12 09:21:38] - 182 	 170.2 	 	 31.7 	 	 0.0010 	 1.1681 	 0.6174 	 1.5010 	 	 0.4596 	 	 0.9551 	 0.6723 	 1.7949 	 	 0.3465
[2022/07/12 09:25:00] - 183 	 170.3 	 	 31.7 	 	 0.0010 	 1.1664 	 0.6166 	 1.4952 	 	 0.4587 	 	 0.9409 	 0.6786 	 1.7971 	 	 0.3418
[2022/07/12 09:28:22] - 184 	 170.2 	 	 31.7 	 	 0.0010 	 1.1651 	 0.6168 	 1.4955 	 	 0.4614 	 	 0.9652 	 0.6841 	 1.7954 	 	 0.3440
[2022/07/12 09:31:44] - 185 	 170.3 	 	 31.7 	 	 0.0010 	 1.1668 	 0.6165 	 1.4939 	 	 0.4654 	 	 0.9912 	 0.6673 	 1.8218 	 	 0.3363
[2022/07/12 09:35:06] - 186 	 170.2 	 	 31.7 	 	 0.0010 	 1.1663 	 0.6172 	 1.4927 	 	 0.4634 	 	 0.9394 	 0.6893 	 1.7883 	 	 0.3434
[2022/07/12 09:38:27] - 187 	 170.2 	 	 31.7 	 	 0.0010 	 1.1626 	 0.6194 	 1.4894 	 	 0.4653 	 	 0.9708 	 0.6640 	 1.8052 	 	 0.3438
[2022/07/12 09:41:49] - 188 	 170.3 	 	 31.7 	 	 0.0010 	 1.1621 	 0.6204 	 1.4866 	 	 0.4646 	 	 0.9440 	 0.6878 	 1.7894 	 	 0.3437
[2022/07/12 09:45:11] - 189 	 170.2 	 	 31.7 	 	 0.0010 	 1.1572 	 0.6208 	 1.4874 	 	 0.4645 	 	 0.9243 	 0.6868 	 1.8120 	 	 0.3433
[2022/07/12 09:48:34] - 190 	 170.2 	 	 31.7 	 	 0.0010 	 1.1591 	 0.6189 	 1.4881 	 	 0.4623 	 	 0.9569 	 0.6772 	 1.7994 	 	 0.3392
[2022/07/12 09:51:56] - 191 	 170.2 	 	 31.7 	 	 0.0010 	 1.1572 	 0.6202 	 1.4866 	 	 0.4647 	 	 0.9632 	 0.6822 	 1.7978 	 	 0.3440
[2022/07/12 09:55:18] - 192 	 170.2 	 	 31.7 	 	 0.0010 	 1.1542 	 0.6230 	 1.4847 	 	 0.4668 	 	 0.9444 	 0.6744 	 1.8503 	 	 0.3316
[2022/07/12 09:58:39] - 193 	 170.2 	 	 31.7 	 	 0.0010 	 1.1577 	 0.6195 	 1.4850 	 	 0.4646 	 	 0.9559 	 0.6814 	 1.7859 	 	 0.3425
[2022/07/12 10:02:01] - 194 	 170.2 	 	 31.7 	 	 0.0010 	 1.1545 	 0.6220 	 1.4835 	 	 0.4674 	 	 0.9500 	 0.6827 	 1.7973 	 	 0.3467
[2022/07/12 10:05:23] - 195 	 170.2 	 	 31.7 	 	 0.0010 	 1.1545 	 0.6216 	 1.4797 	 	 0.4661 	 	 0.9329 	 0.6821 	 1.8136 	 	 0.3413
[2022/07/12 10:08:45] - 196 	 170.3 	 	 31.7 	 	 0.0010 	 1.1520 	 0.6233 	 1.4818 	 	 0.4663 	 	 0.9043 	 0.6904 	 1.8481 	 	 0.3355
[2022/07/12 10:12:07] - 197 	 170.2 	 	 31.7 	 	 0.0010 	 1.1485 	 0.6268 	 1.4706 	 	 0.4716 	 	 0.9206 	 0.6846 	 1.8258 	 	 0.3391
[2022/07/12 10:15:29] - 198 	 170.2 	 	 31.7 	 	 0.0010 	 1.1473 	 0.6249 	 1.4728 	 	 0.4695 	 	 0.9312 	 0.6720 	 1.8731 	 	 0.3269
[2022/07/12 10:18:51] - 199 	 170.3 	 	 31.7 	 	 0.0010 	 1.1410 	 0.6277 	 1.4718 	 	 0.4706 	 	 0.9398 	 0.6823 	 1.8240 	 	 0.3355
