[2022/07/12 15:17:54] - Namespace(attack='fgsm', attack_iters=10, batch_size=128, chkpt_iters=10, cutout=False, cutout_len=None, data_dir='../cifar-data', dropout=0, epochs=200, epsilon=8, eval=False, fgsm_alpha=0.875, fgsm_init='random', fname='experiments/cifar10_fgsm_l1/preactresnet18_0.875', half=False, l1=0, l2=0, lr_drop_epoch=100, lr_max=0.1, lr_one_drop=0.01, lr_schedule='piecewise', mixup=False, mixup_alpha=None, model='PreActResNet18', norm='l_inf', pgd_alpha=2, restarts=1, resume=0, seed=0, val=False, width_factor=10)
[2022/07/12 15:17:57] - Epoch 	 Train Time 	 Test Time 	 LR 	 	 Train Loss 	 Train Acc 	 Train Robust Loss 	 Train Robust Acc 	 Test Loss 	 Test Acc 	 Test Robust Loss 	 Test Robust Acc
[2022/07/12 15:19:01] - 0 	 34.9 	 	 28.8 	 	 0.1000 	 1.8402 	 0.3190 	 2.0483 	 	 0.2324 	 	 1.6157 	 0.4089 	 1.9570 	 	 0.2658
[2022/07/12 15:20:05] - 1 	 34.5 	 	 28.8 	 	 0.1000 	 1.5592 	 0.4335 	 1.8383 	 	 0.3042 	 	 1.4468 	 0.4801 	 1.9056 	 	 0.2731
[2022/07/12 15:21:08] - 2 	 34.5 	 	 28.8 	 	 0.1000 	 1.3916 	 0.5075 	 1.7269 	 	 0.3450 	 	 1.3816 	 0.5019 	 1.8598 	 	 0.2983
[2022/07/12 15:22:12] - 3 	 34.5 	 	 28.8 	 	 0.1000 	 1.2678 	 0.5605 	 1.6384 	 	 0.3732 	 	 1.1924 	 0.5805 	 1.7759 	 	 0.3224
[2022/07/12 15:23:15] - 4 	 34.5 	 	 28.8 	 	 0.1000 	 1.1547 	 0.6143 	 1.5561 	 	 0.4080 	 	 1.1237 	 0.6227 	 1.7373 	 	 0.3360
[2022/07/12 15:24:19] - 5 	 34.6 	 	 28.8 	 	 0.1000 	 1.0778 	 0.6481 	 1.4979 	 	 0.4281 	 	 1.0800 	 0.6170 	 1.7353 	 	 0.3472
[2022/07/12 15:25:22] - 6 	 34.6 	 	 28.8 	 	 0.1000 	 1.0182 	 0.6749 	 1.4541 	 	 0.4476 	 	 0.9757 	 0.6785 	 1.7116 	 	 0.3538
[2022/07/12 15:26:26] - 7 	 34.5 	 	 28.8 	 	 0.1000 	 0.9633 	 0.6961 	 1.4119 	 	 0.4609 	 	 0.9356 	 0.7005 	 1.6811 	 	 0.3622
[2022/07/12 15:27:29] - 8 	 34.5 	 	 28.8 	 	 0.1000 	 0.9222 	 0.7129 	 1.3811 	 	 0.4707 	 	 0.9228 	 0.6911 	 1.6622 	 	 0.3708
[2022/07/12 15:28:33] - 9 	 34.5 	 	 28.8 	 	 0.1000 	 0.8903 	 0.7276 	 1.3567 	 	 0.4829 	 	 0.8844 	 0.7143 	 1.6503 	 	 0.3711
[2022/07/12 15:29:36] - 10 	 34.5 	 	 28.8 	 	 0.1000 	 0.8594 	 0.7378 	 1.3332 	 	 0.4929 	 	 0.9040 	 0.6911 	 1.6810 	 	 0.3801
[2022/07/12 15:30:40] - 11 	 34.6 	 	 28.8 	 	 0.1000 	 0.8364 	 0.7475 	 1.3132 	 	 0.4971 	 	 0.8751 	 0.7218 	 1.6215 	 	 0.3873
[2022/07/12 15:31:44] - 12 	 34.6 	 	 28.8 	 	 0.1000 	 0.8185 	 0.7540 	 1.3024 	 	 0.5021 	 	 0.8484 	 0.7359 	 1.6119 	 	 0.3919
[2022/07/12 15:32:47] - 13 	 34.5 	 	 28.8 	 	 0.1000 	 0.7994 	 0.7652 	 1.2851 	 	 0.5095 	 	 0.8266 	 0.7289 	 1.6860 	 	 0.3828
[2022/07/12 15:33:51] - 14 	 34.6 	 	 28.8 	 	 0.1000 	 0.7831 	 0.7680 	 1.2710 	 	 0.5148 	 	 0.8332 	 0.7454 	 1.6727 	 	 0.3733
[2022/07/12 15:34:54] - 15 	 34.5 	 	 28.8 	 	 0.1000 	 0.7643 	 0.7777 	 1.2542 	 	 0.5185 	 	 0.7666 	 0.7603 	 1.6316 	 	 0.3937
[2022/07/12 15:35:57] - 16 	 34.5 	 	 28.8 	 	 0.1000 	 0.7502 	 0.7825 	 1.2449 	 	 0.5242 	 	 0.7935 	 0.7440 	 1.6476 	 	 0.3892
[2022/07/12 15:37:00] - 17 	 34.5 	 	 28.8 	 	 0.1000 	 0.7389 	 0.7842 	 1.2345 	 	 0.5270 	 	 0.7853 	 0.7569 	 1.6480 	 	 0.3825
[2022/07/12 15:38:04] - 18 	 34.6 	 	 28.8 	 	 0.1000 	 0.7265 	 0.7906 	 1.2244 	 	 0.5290 	 	 0.7376 	 0.7680 	 1.7293 	 	 0.3684
[2022/07/12 15:39:07] - 19 	 34.6 	 	 28.8 	 	 0.1000 	 0.7150 	 0.7948 	 1.2135 	 	 0.5349 	 	 0.7550 	 0.7623 	 1.6314 	 	 0.3871
[2022/07/12 15:40:11] - 20 	 34.6 	 	 28.8 	 	 0.1000 	 0.7065 	 0.7973 	 1.2069 	 	 0.5378 	 	 0.7784 	 0.7510 	 1.6450 	 	 0.3940
[2022/07/12 15:41:14] - 21 	 34.6 	 	 28.8 	 	 0.1000 	 0.7040 	 0.7964 	 1.2023 	 	 0.5384 	 	 0.8141 	 0.7500 	 1.6363 	 	 0.3877
[2022/07/12 15:42:18] - 22 	 34.5 	 	 28.8 	 	 0.1000 	 0.6950 	 0.8015 	 1.1957 	 	 0.5425 	 	 0.7539 	 0.7713 	 1.6062 	 	 0.3921
[2022/07/12 15:43:21] - 23 	 34.7 	 	 28.8 	 	 0.1000 	 0.6860 	 0.8034 	 1.1909 	 	 0.5436 	 	 0.7254 	 0.7808 	 1.6221 	 	 0.3944
[2022/07/12 15:44:25] - 24 	 34.7 	 	 28.8 	 	 0.1000 	 0.6762 	 0.8099 	 1.1823 	 	 0.5458 	 	 0.7652 	 0.7511 	 1.5453 	 	 0.4164
[2022/07/12 15:45:28] - 25 	 34.5 	 	 28.8 	 	 0.1000 	 0.6649 	 0.8142 	 1.1710 	 	 0.5500 	 	 0.7206 	 0.7839 	 1.5790 	 	 0.4147
[2022/07/12 15:46:32] - 26 	 34.5 	 	 28.8 	 	 0.1000 	 0.6635 	 0.8154 	 1.1703 	 	 0.5493 	 	 0.7384 	 0.7770 	 1.6159 	 	 0.3955
[2022/07/12 15:47:35] - 27 	 34.5 	 	 28.8 	 	 0.1000 	 0.6593 	 0.8165 	 1.1662 	 	 0.5508 	 	 0.7405 	 0.7630 	 1.6491 	 	 0.3947
[2022/07/12 15:48:38] - 28 	 34.4 	 	 28.8 	 	 0.1000 	 0.6574 	 0.8146 	 1.1651 	 	 0.5537 	 	 0.7258 	 0.7680 	 1.6125 	 	 0.4085
[2022/07/12 15:49:41] - 29 	 34.6 	 	 28.8 	 	 0.1000 	 0.6541 	 0.8155 	 1.1608 	 	 0.5542 	 	 0.7261 	 0.7797 	 1.5916 	 	 0.4077
[2022/07/12 15:50:45] - 30 	 34.5 	 	 28.8 	 	 0.1000 	 0.6472 	 0.8184 	 1.1535 	 	 0.5559 	 	 0.7056 	 0.7747 	 1.6432 	 	 0.3888
[2022/07/12 15:51:48] - 31 	 34.5 	 	 28.8 	 	 0.1000 	 0.6400 	 0.8238 	 1.1507 	 	 0.5585 	 	 0.7309 	 0.7826 	 1.6602 	 	 0.3818
[2022/07/12 15:52:52] - 32 	 34.5 	 	 28.8 	 	 0.1000 	 0.6387 	 0.8223 	 1.1480 	 	 0.5598 	 	 0.7191 	 0.7816 	 1.6995 	 	 0.3794
[2022/07/12 15:53:55] - 33 	 34.6 	 	 28.8 	 	 0.1000 	 0.6422 	 0.8209 	 1.1502 	 	 0.5572 	 	 0.7067 	 0.7714 	 1.6287 	 	 0.3973
[2022/07/12 15:54:58] - 34 	 34.5 	 	 28.8 	 	 0.1000 	 0.6314 	 0.8257 	 1.1402 	 	 0.5612 	 	 0.6685 	 0.7954 	 1.5992 	 	 0.4112
[2022/07/12 15:56:02] - 35 	 34.5 	 	 28.8 	 	 0.1000 	 0.6291 	 0.8271 	 1.1383 	 	 0.5617 	 	 0.6957 	 0.7893 	 1.6449 	 	 0.3906
[2022/07/12 15:57:05] - 36 	 34.5 	 	 28.8 	 	 0.1000 	 0.6272 	 0.8265 	 1.1372 	 	 0.5637 	 	 0.7097 	 0.7841 	 1.6177 	 	 0.4001
[2022/07/12 15:58:08] - 37 	 34.5 	 	 28.8 	 	 0.1000 	 0.6243 	 0.8288 	 1.1363 	 	 0.5628 	 	 0.6889 	 0.7866 	 1.6082 	 	 0.3929
[2022/07/12 15:59:12] - 38 	 34.5 	 	 28.8 	 	 0.1000 	 0.6210 	 0.8289 	 1.1332 	 	 0.5632 	 	 0.7242 	 0.7853 	 1.6938 	 	 0.3773
[2022/07/12 16:00:15] - 39 	 34.5 	 	 28.8 	 	 0.1000 	 0.6179 	 0.8291 	 1.1313 	 	 0.5625 	 	 0.6837 	 0.7853 	 1.6535 	 	 0.3932
[2022/07/12 16:01:18] - 40 	 34.5 	 	 28.8 	 	 0.1000 	 0.6188 	 0.8307 	 1.1288 	 	 0.5649 	 	 0.7194 	 0.7857 	 1.6358 	 	 0.3894
[2022/07/12 16:02:22] - 41 	 34.5 	 	 28.8 	 	 0.1000 	 0.6129 	 0.8319 	 1.1255 	 	 0.5661 	 	 0.6708 	 0.7925 	 1.6173 	 	 0.3999
[2022/07/12 16:03:25] - 42 	 34.5 	 	 28.8 	 	 0.1000 	 0.6154 	 0.8307 	 1.1288 	 	 0.5663 	 	 0.7168 	 0.7621 	 1.6444 	 	 0.4030
[2022/07/12 16:04:28] - 43 	 34.6 	 	 28.8 	 	 0.1000 	 0.6095 	 0.8320 	 1.1223 	 	 0.5681 	 	 0.7061 	 0.7771 	 1.6586 	 	 0.3891
[2022/07/12 16:05:32] - 44 	 34.5 	 	 28.8 	 	 0.1000 	 0.6090 	 0.8324 	 1.1227 	 	 0.5671 	 	 0.6949 	 0.7864 	 1.5919 	 	 0.4060
[2022/07/12 16:06:35] - 45 	 34.6 	 	 28.8 	 	 0.1000 	 0.6071 	 0.8327 	 1.1196 	 	 0.5678 	 	 0.6602 	 0.7950 	 1.6514 	 	 0.3992
[2022/07/12 16:07:38] - 46 	 34.4 	 	 28.8 	 	 0.1000 	 0.6058 	 0.8356 	 1.1211 	 	 0.5681 	 	 0.6539 	 0.7938 	 1.6158 	 	 0.4149
[2022/07/12 16:08:42] - 47 	 34.5 	 	 28.8 	 	 0.1000 	 0.5989 	 0.8370 	 1.1116 	 	 0.5718 	 	 0.6772 	 0.7869 	 1.6577 	 	 0.3961
[2022/07/12 16:09:45] - 48 	 34.4 	 	 28.8 	 	 0.1000 	 0.6009 	 0.8362 	 1.1171 	 	 0.5697 	 	 0.6882 	 0.7702 	 1.6752 	 	 0.3954
[2022/07/12 16:10:48] - 49 	 34.5 	 	 28.8 	 	 0.1000 	 0.6012 	 0.8363 	 1.1153 	 	 0.5693 	 	 0.7137 	 0.7742 	 1.6304 	 	 0.4018
[2022/07/12 16:11:52] - 50 	 34.5 	 	 28.8 	 	 0.1000 	 0.5948 	 0.8403 	 1.1076 	 	 0.5730 	 	 0.6570 	 0.7867 	 1.6631 	 	 0.3920
[2022/07/12 16:12:55] - 51 	 34.5 	 	 28.8 	 	 0.1000 	 0.5901 	 0.8397 	 1.1066 	 	 0.5706 	 	 0.6663 	 0.7853 	 1.6312 	 	 0.4058
[2022/07/12 16:13:59] - 52 	 34.7 	 	 28.8 	 	 0.1000 	 0.5891 	 0.8413 	 1.1056 	 	 0.5752 	 	 0.6538 	 0.7979 	 1.6196 	 	 0.4051
[2022/07/12 16:15:02] - 53 	 34.5 	 	 28.8 	 	 0.1000 	 0.5954 	 0.8386 	 1.1126 	 	 0.5724 	 	 0.6680 	 0.7923 	 1.6063 	 	 0.4101
[2022/07/12 16:16:05] - 54 	 34.6 	 	 28.8 	 	 0.1000 	 0.5873 	 0.8400 	 1.1023 	 	 0.5753 	 	 0.6576 	 0.8005 	 1.6377 	 	 0.3975
[2022/07/12 16:17:09] - 55 	 34.6 	 	 28.8 	 	 0.1000 	 0.5858 	 0.8441 	 1.1009 	 	 0.5737 	 	 0.6528 	 0.8042 	 1.6422 	 	 0.3966
[2022/07/12 16:18:12] - 56 	 34.7 	 	 28.8 	 	 0.1000 	 0.5892 	 0.8403 	 1.1030 	 	 0.5729 	 	 0.6486 	 0.7987 	 1.6017 	 	 0.4091
[2022/07/12 16:19:15] - 57 	 34.5 	 	 28.8 	 	 0.1000 	 0.5830 	 0.8424 	 1.0942 	 	 0.5759 	 	 0.6588 	 0.7871 	 1.6579 	 	 0.3981
[2022/07/12 16:20:19] - 58 	 34.5 	 	 28.8 	 	 0.1000 	 0.5913 	 0.8387 	 1.1087 	 	 0.5730 	 	 0.6761 	 0.7937 	 1.6670 	 	 0.3793
[2022/07/12 16:21:22] - 59 	 34.5 	 	 28.8 	 	 0.1000 	 0.5797 	 0.8436 	 1.0975 	 	 0.5760 	 	 0.6890 	 0.7893 	 1.5940 	 	 0.4119
[2022/07/12 16:22:25] - 60 	 34.5 	 	 28.8 	 	 0.1000 	 0.5907 	 0.8404 	 1.1065 	 	 0.5711 	 	 0.6740 	 0.7962 	 1.5950 	 	 0.4070
[2022/07/12 16:23:29] - 61 	 34.5 	 	 28.8 	 	 0.1000 	 0.5844 	 0.8432 	 1.0985 	 	 0.5762 	 	 0.6642 	 0.8050 	 1.6016 	 	 0.4063
[2022/07/12 16:24:32] - 62 	 34.5 	 	 28.8 	 	 0.1000 	 0.5775 	 0.8459 	 1.0956 	 	 0.5759 	 	 0.6641 	 0.7830 	 1.6598 	 	 0.4031
[2022/07/12 16:25:35] - 63 	 34.8 	 	 28.8 	 	 0.1000 	 0.5783 	 0.8465 	 1.0940 	 	 0.5742 	 	 0.6686 	 0.7911 	 1.7011 	 	 0.3845
[2022/07/12 16:26:39] - 64 	 34.7 	 	 28.8 	 	 0.1000 	 0.5795 	 0.8435 	 1.0975 	 	 0.5755 	 	 0.6569 	 0.8030 	 1.6273 	 	 0.3991
[2022/07/12 16:27:42] - 65 	 34.6 	 	 28.8 	 	 0.1000 	 0.5792 	 0.8461 	 1.0960 	 	 0.5754 	 	 0.6558 	 0.7892 	 1.6698 	 	 0.4019
[2022/07/12 16:28:46] - 66 	 34.5 	 	 28.8 	 	 0.1000 	 0.5747 	 0.8479 	 1.0918 	 	 0.5766 	 	 0.6733 	 0.7935 	 1.6067 	 	 0.4033
[2022/07/12 16:29:50] - 67 	 35.0 	 	 28.8 	 	 0.1000 	 0.5737 	 0.8475 	 1.0907 	 	 0.5786 	 	 0.6335 	 0.8113 	 1.5976 	 	 0.4115
[2022/07/12 16:30:53] - 68 	 34.6 	 	 28.8 	 	 0.1000 	 0.5691 	 0.8477 	 1.0853 	 	 0.5803 	 	 0.6473 	 0.7982 	 1.6518 	 	 0.3958
[2022/07/12 16:31:56] - 69 	 34.7 	 	 28.8 	 	 0.1000 	 0.5727 	 0.8479 	 1.0884 	 	 0.5777 	 	 0.6645 	 0.7983 	 1.6817 	 	 0.3849
[2022/07/12 16:33:01] - 70 	 35.2 	 	 28.8 	 	 0.1000 	 0.5694 	 0.8471 	 1.0872 	 	 0.5807 	 	 0.6983 	 0.7637 	 1.6244 	 	 0.4073
[2022/07/12 16:34:04] - 71 	 34.7 	 	 28.8 	 	 0.1000 	 0.5751 	 0.8462 	 1.0918 	 	 0.5767 	 	 0.6430 	 0.8025 	 1.5897 	 	 0.4196
[2022/07/12 16:35:08] - 72 	 34.7 	 	 28.9 	 	 0.1000 	 0.5706 	 0.8480 	 1.0883 	 	 0.5792 	 	 0.6471 	 0.7965 	 1.6626 	 	 0.3923
[2022/07/12 16:36:11] - 73 	 34.4 	 	 28.8 	 	 0.1000 	 0.5698 	 0.8481 	 1.0880 	 	 0.5776 	 	 0.6626 	 0.7950 	 1.6897 	 	 0.3843
[2022/07/12 16:37:15] - 74 	 34.5 	 	 28.8 	 	 0.1000 	 0.5751 	 0.8451 	 1.0910 	 	 0.5792 	 	 0.6771 	 0.7846 	 1.5750 	 	 0.4133
[2022/07/12 16:38:18] - 75 	 34.5 	 	 28.8 	 	 0.1000 	 0.5657 	 0.8492 	 1.0836 	 	 0.5805 	 	 0.6575 	 0.8061 	 1.6087 	 	 0.4019
[2022/07/12 16:39:21] - 76 	 34.4 	 	 28.8 	 	 0.1000 	 0.5713 	 0.8466 	 1.0891 	 	 0.5792 	 	 0.6528 	 0.8048 	 1.6233 	 	 0.4090
[2022/07/12 16:40:25] - 77 	 34.6 	 	 28.8 	 	 0.1000 	 0.5714 	 0.8486 	 1.0927 	 	 0.5787 	 	 0.6624 	 0.7946 	 1.6120 	 	 0.4181
[2022/07/12 16:41:28] - 78 	 34.6 	 	 28.8 	 	 0.1000 	 0.5665 	 0.8501 	 1.0842 	 	 0.5794 	 	 0.6464 	 0.8080 	 1.6644 	 	 0.3839
[2022/07/12 16:42:31] - 79 	 34.5 	 	 28.8 	 	 0.1000 	 0.5641 	 0.8508 	 1.0822 	 	 0.5808 	 	 0.6430 	 0.7977 	 1.6510 	 	 0.3990
[2022/07/12 16:43:35] - 80 	 34.6 	 	 28.8 	 	 0.1000 	 0.5635 	 0.8497 	 1.0795 	 	 0.5828 	 	 0.6585 	 0.7965 	 1.6464 	 	 0.4067
[2022/07/12 16:44:38] - 81 	 34.5 	 	 28.8 	 	 0.1000 	 0.5629 	 0.8497 	 1.0814 	 	 0.5804 	 	 0.6782 	 0.7859 	 1.6684 	 	 0.3877
[2022/07/12 16:45:42] - 82 	 34.6 	 	 28.8 	 	 0.1000 	 0.5607 	 0.8525 	 1.0795 	 	 0.5814 	 	 0.6253 	 0.8060 	 1.6959 	 	 0.3927
[2022/07/12 16:46:45] - 83 	 34.5 	 	 28.8 	 	 0.1000 	 0.5624 	 0.8498 	 1.0825 	 	 0.5786 	 	 0.6437 	 0.7953 	 1.6933 	 	 0.3900
[2022/07/12 16:47:48] - 84 	 34.5 	 	 28.8 	 	 0.1000 	 0.5655 	 0.8495 	 1.0831 	 	 0.5790 	 	 0.6874 	 0.7808 	 1.6230 	 	 0.4051
[2022/07/12 16:48:52] - 85 	 34.6 	 	 28.8 	 	 0.1000 	 0.5637 	 0.8506 	 1.0828 	 	 0.5811 	 	 0.6694 	 0.7872 	 1.6255 	 	 0.4111
[2022/07/12 16:49:55] - 86 	 34.6 	 	 28.8 	 	 0.1000 	 0.5623 	 0.8488 	 1.0787 	 	 0.5821 	 	 0.6742 	 0.7873 	 1.6702 	 	 0.3971
[2022/07/12 16:50:58] - 87 	 34.4 	 	 28.8 	 	 0.1000 	 0.5590 	 0.8535 	 1.0776 	 	 0.5837 	 	 0.6385 	 0.8017 	 1.6541 	 	 0.3992
[2022/07/12 16:52:02] - 88 	 34.6 	 	 28.8 	 	 0.1000 	 0.5619 	 0.8515 	 1.0797 	 	 0.5821 	 	 0.6762 	 0.7796 	 1.6431 	 	 0.4069
[2022/07/12 16:53:05] - 89 	 34.7 	 	 28.8 	 	 0.1000 	 0.5616 	 0.8515 	 1.0801 	 	 0.5811 	 	 0.6565 	 0.8068 	 1.5960 	 	 0.4062
[2022/07/12 16:54:09] - 90 	 34.5 	 	 28.8 	 	 0.1000 	 0.5524 	 0.8546 	 1.0725 	 	 0.5859 	 	 0.6436 	 0.8094 	 1.6334 	 	 0.3899
[2022/07/12 16:55:12] - 91 	 34.5 	 	 28.8 	 	 0.1000 	 0.5601 	 0.8509 	 1.0771 	 	 0.5807 	 	 0.6458 	 0.8085 	 1.5972 	 	 0.4102
[2022/07/12 16:56:15] - 92 	 34.4 	 	 28.8 	 	 0.1000 	 0.5589 	 0.8519 	 1.0779 	 	 0.5825 	 	 0.6625 	 0.7978 	 1.5852 	 	 0.4078
[2022/07/12 16:57:18] - 93 	 34.5 	 	 28.8 	 	 0.1000 	 0.5554 	 0.8520 	 1.0714 	 	 0.5813 	 	 0.6250 	 0.8131 	 1.6642 	 	 0.3966
[2022/07/12 16:58:22] - 94 	 34.5 	 	 28.8 	 	 0.1000 	 0.5610 	 0.8535 	 1.0814 	 	 0.5805 	 	 0.6289 	 0.8115 	 1.6209 	 	 0.4045
[2022/07/12 16:59:25] - 95 	 34.6 	 	 28.8 	 	 0.1000 	 0.5548 	 0.8543 	 1.0735 	 	 0.5835 	 	 0.6740 	 0.7864 	 1.6467 	 	 0.3912
[2022/07/12 17:00:28] - 96 	 34.5 	 	 28.8 	 	 0.1000 	 0.5579 	 0.8526 	 1.0749 	 	 0.5835 	 	 0.6277 	 0.8051 	 1.6900 	 	 0.3940
[2022/07/12 17:01:32] - 97 	 34.5 	 	 28.8 	 	 0.1000 	 0.5538 	 0.8531 	 1.0738 	 	 0.5842 	 	 0.6709 	 0.7867 	 1.6651 	 	 0.3915
[2022/07/12 17:02:35] - 98 	 34.5 	 	 28.8 	 	 0.1000 	 0.5534 	 0.8539 	 1.0730 	 	 0.5836 	 	 0.6278 	 0.8091 	 1.5803 	 	 0.4116
[2022/07/12 17:03:38] - 99 	 34.4 	 	 28.8 	 	 0.0100 	 0.5563 	 0.8523 	 1.0744 	 	 0.5853 	 	 0.6612 	 0.7866 	 1.6624 	 	 0.4003
[2022/07/12 17:04:42] - 100 	 34.5 	 	 28.8 	 	 0.0100 	 0.4544 	 0.8811 	 0.8515 	 	 0.6684 	 	 0.4608 	 0.8567 	 1.4993 	 	 0.4621
[2022/07/12 17:05:45] - 101 	 34.5 	 	 28.8 	 	 0.0100 	 0.3743 	 0.9007 	 0.7684 	 	 0.6948 	 	 0.4479 	 0.8663 	 1.5033 	 	 0.4639
[2022/07/12 17:06:49] - 102 	 34.8 	 	 28.8 	 	 0.0100 	 0.3450 	 0.9092 	 0.7314 	 	 0.7091 	 	 0.4347 	 0.8660 	 1.5070 	 	 0.4605
[2022/07/12 17:07:53] - 103 	 34.9 	 	 28.8 	 	 0.0100 	 0.3234 	 0.9164 	 0.7055 	 	 0.7182 	 	 0.4182 	 0.8707 	 1.5654 	 	 0.4556
[2022/07/12 17:08:56] - 104 	 34.8 	 	 28.8 	 	 0.0100 	 0.3038 	 0.9222 	 0.6818 	 	 0.7251 	 	 0.4287 	 0.8683 	 1.5708 	 	 0.4608
[2022/07/12 17:10:00] - 105 	 34.6 	 	 28.8 	 	 0.0100 	 0.2874 	 0.9272 	 0.6588 	 	 0.7340 	 	 0.4230 	 0.8707 	 1.5614 	 	 0.4593
[2022/07/12 17:11:03] - 106 	 34.7 	 	 28.8 	 	 0.0100 	 0.2725 	 0.9327 	 0.6424 	 	 0.7403 	 	 0.3996 	 0.8746 	 1.6449 	 	 0.4514
[2022/07/12 17:12:07] - 107 	 34.8 	 	 28.8 	 	 0.0100 	 0.2611 	 0.9369 	 0.6270 	 	 0.7448 	 	 0.3959 	 0.8734 	 1.7100 	 	 0.4517
[2022/07/12 17:13:10] - 108 	 34.6 	 	 28.8 	 	 0.0100 	 0.2490 	 0.9396 	 0.6113 	 	 0.7500 	 	 0.4024 	 0.8703 	 1.6799 	 	 0.4477
[2022/07/12 17:14:13] - 109 	 34.4 	 	 28.8 	 	 0.0100 	 0.2393 	 0.9418 	 0.5997 	 	 0.7545 	 	 0.3965 	 0.8737 	 1.7319 	 	 0.4433
[2022/07/12 17:15:17] - 110 	 34.5 	 	 28.8 	 	 0.0100 	 0.2298 	 0.9471 	 0.5913 	 	 0.7540 	 	 0.3989 	 0.8738 	 1.7379 	 	 0.4419
[2022/07/12 17:16:20] - 111 	 34.5 	 	 28.8 	 	 0.0100 	 0.2217 	 0.9482 	 0.5794 	 	 0.7598 	 	 0.3975 	 0.8724 	 1.8063 	 	 0.4387
[2022/07/12 17:17:24] - 112 	 34.6 	 	 28.8 	 	 0.0100 	 0.2155 	 0.9498 	 0.5683 	 	 0.7660 	 	 0.3814 	 0.8777 	 1.8493 	 	 0.4318
[2022/07/12 17:18:27] - 113 	 34.5 	 	 28.8 	 	 0.0100 	 0.2069 	 0.9523 	 0.5585 	 	 0.7700 	 	 0.4028 	 0.8726 	 1.8053 	 	 0.4350
[2022/07/12 17:19:30] - 114 	 34.5 	 	 28.8 	 	 0.0100 	 0.1972 	 0.9561 	 0.5461 	 	 0.7706 	 	 0.3926 	 0.8698 	 1.9787 	 	 0.4258
[2022/07/12 17:20:34] - 115 	 34.9 	 	 28.8 	 	 0.0100 	 0.1942 	 0.9571 	 0.5452 	 	 0.7725 	 	 0.3944 	 0.8719 	 1.9107 	 	 0.4250
[2022/07/12 17:21:37] - 116 	 34.5 	 	 28.8 	 	 0.0100 	 0.1910 	 0.9581 	 0.5413 	 	 0.7749 	 	 0.4038 	 0.8644 	 1.8924 	 	 0.4319
[2022/07/12 17:22:41] - 117 	 34.5 	 	 28.8 	 	 0.0100 	 0.1841 	 0.9600 	 0.5309 	 	 0.7790 	 	 0.3862 	 0.8694 	 2.0435 	 	 0.4225
[2022/07/12 17:23:44] - 118 	 34.6 	 	 28.8 	 	 0.0100 	 0.1815 	 0.9612 	 0.5298 	 	 0.7789 	 	 0.3980 	 0.8700 	 1.9693 	 	 0.4218
[2022/07/12 17:24:47] - 119 	 34.5 	 	 28.8 	 	 0.0100 	 0.1758 	 0.9631 	 0.5251 	 	 0.7799 	 	 0.4060 	 0.8701 	 2.0060 	 	 0.4101
[2022/07/12 17:25:51] - 120 	 34.5 	 	 28.8 	 	 0.0100 	 0.1727 	 0.9634 	 0.5158 	 	 0.7818 	 	 0.3827 	 0.8758 	 1.9974 	 	 0.4236
[2022/07/12 17:26:54] - 121 	 34.5 	 	 28.8 	 	 0.0100 	 0.1667 	 0.9658 	 0.5105 	 	 0.7859 	 	 0.4095 	 0.8651 	 2.0373 	 	 0.4101
[2022/07/12 17:27:58] - 122 	 34.4 	 	 28.8 	 	 0.0100 	 0.1653 	 0.9666 	 0.5092 	 	 0.7837 	 	 0.3875 	 0.8710 	 2.1158 	 	 0.4159
[2022/07/12 17:29:01] - 123 	 34.5 	 	 28.8 	 	 0.0100 	 0.1617 	 0.9669 	 0.5039 	 	 0.7870 	 	 0.3978 	 0.8684 	 2.1041 	 	 0.4076
[2022/07/12 17:30:04] - 124 	 34.6 	 	 28.8 	 	 0.0100 	 0.1576 	 0.9687 	 0.5006 	 	 0.7898 	 	 0.4051 	 0.8643 	 2.1445 	 	 0.4054
[2022/07/12 17:31:08] - 125 	 34.6 	 	 28.8 	 	 0.0100 	 0.1558 	 0.9689 	 0.4967 	 	 0.7895 	 	 0.4066 	 0.8609 	 2.0884 	 	 0.4214
[2022/07/12 17:32:11] - 126 	 34.9 	 	 28.8 	 	 0.0100 	 0.1528 	 0.9705 	 0.4921 	 	 0.7897 	 	 0.3985 	 0.8710 	 2.0324 	 	 0.4162
[2022/07/12 17:33:14] - 127 	 34.5 	 	 28.8 	 	 0.0100 	 0.1498 	 0.9719 	 0.4875 	 	 0.7922 	 	 0.4085 	 0.8632 	 2.1715 	 	 0.4064
[2022/07/12 17:34:18] - 128 	 34.5 	 	 28.8 	 	 0.0100 	 0.1453 	 0.9725 	 0.4799 	 	 0.7950 	 	 0.4025 	 0.8690 	 2.1876 	 	 0.4012
[2022/07/12 17:35:21] - 129 	 34.6 	 	 28.8 	 	 0.0100 	 0.1455 	 0.9727 	 0.4846 	 	 0.7938 	 	 0.3926 	 0.8708 	 2.1763 	 	 0.4061
[2022/07/12 17:36:25] - 130 	 34.6 	 	 28.8 	 	 0.0100 	 0.1417 	 0.9736 	 0.4756 	 	 0.7961 	 	 0.3977 	 0.8711 	 2.1768 	 	 0.4058
[2022/07/12 17:37:28] - 131 	 34.6 	 	 28.8 	 	 0.0100 	 0.1417 	 0.9733 	 0.4754 	 	 0.7963 	 	 0.4164 	 0.8654 	 2.2040 	 	 0.3995
[2022/07/12 17:38:32] - 132 	 34.5 	 	 28.8 	 	 0.0100 	 0.1378 	 0.9742 	 0.4712 	 	 0.7998 	 	 0.3982 	 0.8678 	 2.1541 	 	 0.4051
[2022/07/12 17:39:35] - 133 	 34.5 	 	 28.8 	 	 0.0100 	 0.1370 	 0.9749 	 0.4730 	 	 0.7984 	 	 0.4024 	 0.8625 	 2.1972 	 	 0.4081
[2022/07/12 17:40:38] - 134 	 34.6 	 	 28.8 	 	 0.0100 	 0.1338 	 0.9760 	 0.4672 	 	 0.8002 	 	 0.3963 	 0.8686 	 2.2313 	 	 0.4066
[2022/07/12 17:41:42] - 135 	 34.5 	 	 28.8 	 	 0.0100 	 0.1317 	 0.9763 	 0.4640 	 	 0.8014 	 	 0.4207 	 0.8582 	 2.1955 	 	 0.4006
[2022/07/12 17:42:45] - 136 	 34.6 	 	 28.8 	 	 0.0100 	 0.1299 	 0.9764 	 0.4586 	 	 0.8010 	 	 0.4201 	 0.8628 	 2.2555 	 	 0.3946
[2022/07/12 17:43:48] - 137 	 34.5 	 	 28.8 	 	 0.0100 	 0.1266 	 0.9777 	 0.4531 	 	 0.8057 	 	 0.4150 	 0.8650 	 2.2699 	 	 0.3972
[2022/07/12 17:44:52] - 138 	 34.6 	 	 28.9 	 	 0.0100 	 0.1276 	 0.9773 	 0.4574 	 	 0.8038 	 	 0.4063 	 0.8700 	 2.2907 	 	 0.4018
[2022/07/12 17:45:55] - 139 	 34.5 	 	 28.8 	 	 0.0100 	 0.1252 	 0.9778 	 0.4557 	 	 0.8062 	 	 0.4129 	 0.8610 	 2.2641 	 	 0.4002
[2022/07/12 17:46:59] - 140 	 34.5 	 	 28.8 	 	 0.0100 	 0.1212 	 0.9796 	 0.4444 	 	 0.8086 	 	 0.3974 	 0.8669 	 2.3763 	 	 0.3962
[2022/07/12 17:48:02] - 141 	 34.6 	 	 28.8 	 	 0.0100 	 0.1207 	 0.9784 	 0.4461 	 	 0.8088 	 	 0.4165 	 0.8611 	 2.3029 	 	 0.4017
[2022/07/12 17:49:05] - 142 	 34.4 	 	 28.8 	 	 0.0100 	 0.1164 	 0.9805 	 0.4422 	 	 0.8111 	 	 0.4159 	 0.8607 	 2.3644 	 	 0.3913
[2022/07/12 17:50:08] - 143 	 34.5 	 	 28.8 	 	 0.0100 	 0.1153 	 0.9816 	 0.4370 	 	 0.8092 	 	 0.3998 	 0.8683 	 2.2864 	 	 0.4066
[2022/07/12 17:51:12] - 144 	 34.5 	 	 28.8 	 	 0.0100 	 0.1145 	 0.9807 	 0.4344 	 	 0.8148 	 	 0.3993 	 0.8669 	 2.3462 	 	 0.3992
[2022/07/12 17:52:15] - 145 	 34.5 	 	 28.8 	 	 0.0100 	 0.1112 	 0.9813 	 0.4323 	 	 0.8146 	 	 0.4158 	 0.8659 	 2.3299 	 	 0.3969
[2022/07/12 17:53:18] - 146 	 34.5 	 	 28.8 	 	 0.0100 	 0.1097 	 0.9824 	 0.4301 	 	 0.8142 	 	 0.4048 	 0.8692 	 2.3498 	 	 0.3948
[2022/07/12 17:54:21] - 147 	 34.5 	 	 28.8 	 	 0.0100 	 0.1111 	 0.9826 	 0.4320 	 	 0.8146 	 	 0.4209 	 0.8613 	 2.3667 	 	 0.3885
[2022/07/12 17:55:25] - 148 	 34.6 	 	 28.8 	 	 0.0100 	 0.1061 	 0.9832 	 0.4163 	 	 0.8206 	 	 0.4265 	 0.8557 	 2.4126 	 	 0.3940
[2022/07/12 17:56:28] - 149 	 34.5 	 	 28.7 	 	 0.0010 	 0.1062 	 0.9832 	 0.4245 	 	 0.8170 	 	 0.4124 	 0.8607 	 2.2883 	 	 0.4107
[2022/07/12 17:57:32] - 150 	 34.5 	 	 28.8 	 	 0.0010 	 0.0876 	 0.9871 	 0.3040 	 	 0.8745 	 	 0.3624 	 0.8782 	 2.4159 	 	 0.4210
[2022/07/12 17:58:35] - 151 	 34.5 	 	 28.8 	 	 0.0010 	 0.0669 	 0.9900 	 0.2502 	 	 0.8957 	 	 0.3664 	 0.8779 	 2.5041 	 	 0.4195
[2022/07/12 17:59:38] - 152 	 34.5 	 	 28.8 	 	 0.0010 	 0.0588 	 0.9914 	 0.2285 	 	 0.9045 	 	 0.3613 	 0.8796 	 2.5454 	 	 0.4150
[2022/07/12 18:00:42] - 153 	 34.4 	 	 28.8 	 	 0.0010 	 0.0535 	 0.9924 	 0.2155 	 	 0.9104 	 	 0.3616 	 0.8807 	 2.6206 	 	 0.4161
[2022/07/12 18:01:45] - 154 	 34.5 	 	 28.8 	 	 0.0010 	 0.0501 	 0.9924 	 0.2058 	 	 0.9135 	 	 0.3741 	 0.8756 	 2.6144 	 	 0.4212
[2022/07/12 18:02:48] - 155 	 34.4 	 	 28.8 	 	 0.0010 	 0.0466 	 0.9934 	 0.1968 	 	 0.9188 	 	 0.3698 	 0.8782 	 2.6579 	 	 0.4116
[2022/07/12 18:03:51] - 156 	 34.5 	 	 28.8 	 	 0.0010 	 0.0440 	 0.9937 	 0.1901 	 	 0.9208 	 	 0.3708 	 0.8803 	 2.7398 	 	 0.4154
[2022/07/12 18:04:55] - 157 	 34.4 	 	 28.8 	 	 0.0010 	 0.0418 	 0.9940 	 0.1841 	 	 0.9227 	 	 0.3696 	 0.8800 	 2.7745 	 	 0.4104
[2022/07/12 18:05:58] - 158 	 34.6 	 	 28.8 	 	 0.0010 	 0.0394 	 0.9948 	 0.1759 	 	 0.9271 	 	 0.3752 	 0.8775 	 2.7197 	 	 0.4182
[2022/07/12 18:07:01] - 159 	 34.5 	 	 28.8 	 	 0.0010 	 0.0373 	 0.9948 	 0.1690 	 	 0.9293 	 	 0.3750 	 0.8802 	 2.8242 	 	 0.4102
[2022/07/12 18:08:05] - 160 	 34.6 	 	 28.8 	 	 0.0010 	 0.0349 	 0.9951 	 0.1649 	 	 0.9310 	 	 0.3794 	 0.8769 	 2.8488 	 	 0.4151
[2022/07/12 18:09:08] - 161 	 34.7 	 	 28.8 	 	 0.0010 	 0.0329 	 0.9957 	 0.1578 	 	 0.9337 	 	 0.3783 	 0.8812 	 2.9238 	 	 0.4141
[2022/07/12 18:10:12] - 162 	 34.5 	 	 28.8 	 	 0.0010 	 0.0322 	 0.9955 	 0.1569 	 	 0.9352 	 	 0.3771 	 0.8792 	 2.9814 	 	 0.4116
[2022/07/12 18:11:15] - 163 	 34.5 	 	 28.8 	 	 0.0010 	 0.0309 	 0.9958 	 0.1527 	 	 0.9366 	 	 0.3858 	 0.8773 	 3.0263 	 	 0.4083
[2022/07/12 18:12:18] - 164 	 34.6 	 	 28.8 	 	 0.0010 	 0.0294 	 0.9957 	 0.1498 	 	 0.9388 	 	 0.3869 	 0.8769 	 2.9815 	 	 0.4086
[2022/07/12 18:13:21] - 165 	 34.4 	 	 28.8 	 	 0.0010 	 0.0284 	 0.9964 	 0.1439 	 	 0.9408 	 	 0.3850 	 0.8767 	 3.0018 	 	 0.4160
[2022/07/12 18:14:25] - 166 	 34.5 	 	 28.8 	 	 0.0010 	 0.0275 	 0.9964 	 0.1414 	 	 0.9407 	 	 0.3899 	 0.8777 	 3.0621 	 	 0.4077
[2022/07/12 18:15:28] - 167 	 34.6 	 	 28.8 	 	 0.0010 	 0.0261 	 0.9965 	 0.1377 	 	 0.9433 	 	 0.3907 	 0.8755 	 3.0174 	 	 0.4114
[2022/07/12 18:16:32] - 168 	 34.6 	 	 28.8 	 	 0.0010 	 0.0244 	 0.9970 	 0.1344 	 	 0.9453 	 	 0.3959 	 0.8783 	 3.1798 	 	 0.4063
[2022/07/12 18:17:35] - 169 	 34.4 	 	 28.8 	 	 0.0010 	 0.0239 	 0.9971 	 0.1318 	 	 0.9461 	 	 0.3940 	 0.8777 	 3.0877 	 	 0.4116
[2022/07/12 18:18:39] - 170 	 34.6 	 	 28.9 	 	 0.0010 	 0.0231 	 0.9971 	 0.1288 	 	 0.9466 	 	 0.3878 	 0.8795 	 3.1392 	 	 0.4092
[2022/07/12 18:19:42] - 171 	 34.5 	 	 28.8 	 	 0.0010 	 0.0216 	 0.9975 	 0.1261 	 	 0.9481 	 	 0.3921 	 0.8789 	 3.1300 	 	 0.4106
[2022/07/12 18:20:45] - 172 	 34.5 	 	 28.8 	 	 0.0010 	 0.0212 	 0.9975 	 0.1229 	 	 0.9503 	 	 0.3928 	 0.8799 	 3.1675 	 	 0.4113
[2022/07/12 18:21:49] - 173 	 34.5 	 	 28.8 	 	 0.0010 	 0.0205 	 0.9976 	 0.1221 	 	 0.9497 	 	 0.4092 	 0.8745 	 3.2588 	 	 0.4070
[2022/07/12 18:22:52] - 174 	 34.6 	 	 28.8 	 	 0.0010 	 0.0193 	 0.9977 	 0.1178 	 	 0.9517 	 	 0.4024 	 0.8765 	 3.2030 	 	 0.4158
[2022/07/12 18:23:55] - 175 	 34.5 	 	 28.8 	 	 0.0010 	 0.0187 	 0.9976 	 0.1157 	 	 0.9528 	 	 0.4098 	 0.8744 	 3.2772 	 	 0.4124
[2022/07/12 18:24:59] - 176 	 34.6 	 	 28.8 	 	 0.0010 	 0.0184 	 0.9977 	 0.1145 	 	 0.9540 	 	 0.4001 	 0.8777 	 3.2789 	 	 0.4087
[2022/07/12 18:26:02] - 177 	 34.5 	 	 28.8 	 	 0.0010 	 0.0177 	 0.9980 	 0.1125 	 	 0.9547 	 	 0.4116 	 0.8744 	 3.3279 	 	 0.4063
[2022/07/12 18:27:05] - 178 	 34.6 	 	 28.8 	 	 0.0010 	 0.0168 	 0.9979 	 0.1090 	 	 0.9562 	 	 0.4017 	 0.8776 	 3.3047 	 	 0.4131
[2022/07/12 18:28:09] - 179 	 34.6 	 	 28.8 	 	 0.0010 	 0.0162 	 0.9983 	 0.1076 	 	 0.9572 	 	 0.4111 	 0.8774 	 3.3892 	 	 0.4082
[2022/07/12 18:29:12] - 180 	 34.5 	 	 28.8 	 	 0.0010 	 0.0155 	 0.9979 	 0.1041 	 	 0.9587 	 	 0.4127 	 0.8753 	 3.3808 	 	 0.4087
[2022/07/12 18:30:16] - 181 	 34.5 	 	 28.8 	 	 0.0010 	 0.0151 	 0.9981 	 0.1040 	 	 0.9588 	 	 0.4097 	 0.8787 	 3.3770 	 	 0.4096
[2022/07/12 18:31:19] - 182 	 34.5 	 	 28.8 	 	 0.0010 	 0.0148 	 0.9983 	 0.1014 	 	 0.9605 	 	 0.4051 	 0.8782 	 3.4264 	 	 0.4047
[2022/07/12 18:32:22] - 183 	 34.5 	 	 28.8 	 	 0.0010 	 0.0142 	 0.9981 	 0.1004 	 	 0.9597 	 	 0.4120 	 0.8762 	 3.4463 	 	 0.4038
[2022/07/12 18:33:25] - 184 	 34.5 	 	 28.8 	 	 0.0010 	 0.0138 	 0.9983 	 0.0983 	 	 0.9614 	 	 0.4180 	 0.8745 	 3.3720 	 	 0.4135
[2022/07/12 18:34:29] - 185 	 34.5 	 	 28.8 	 	 0.0010 	 0.0132 	 0.9985 	 0.0965 	 	 0.9617 	 	 0.4226 	 0.8737 	 3.4854 	 	 0.4033
[2022/07/12 18:35:32] - 186 	 34.6 	 	 28.8 	 	 0.0010 	 0.0123 	 0.9986 	 0.0933 	 	 0.9638 	 	 0.4150 	 0.8746 	 3.4976 	 	 0.4069
[2022/07/12 18:36:35] - 187 	 34.5 	 	 28.8 	 	 0.0010 	 0.0125 	 0.9987 	 0.0965 	 	 0.9618 	 	 0.4171 	 0.8740 	 3.4669 	 	 0.4095
[2022/07/12 18:37:39] - 188 	 34.7 	 	 28.8 	 	 0.0010 	 0.0117 	 0.9985 	 0.0925 	 	 0.9645 	 	 0.4137 	 0.8793 	 3.4749 	 	 0.4116
[2022/07/12 18:38:42] - 189 	 34.4 	 	 28.8 	 	 0.0010 	 0.0113 	 0.9987 	 0.0919 	 	 0.9644 	 	 0.4173 	 0.8756 	 3.5532 	 	 0.4077
[2022/07/12 18:39:46] - 190 	 34.5 	 	 28.8 	 	 0.0010 	 0.0110 	 0.9987 	 0.0883 	 	 0.9651 	 	 0.4183 	 0.8776 	 3.5907 	 	 0.4076
[2022/07/12 18:40:49] - 191 	 34.5 	 	 28.8 	 	 0.0010 	 0.0103 	 0.9988 	 0.0873 	 	 0.9674 	 	 0.4232 	 0.8774 	 3.6081 	 	 0.4073
[2022/07/12 18:41:52] - 192 	 34.6 	 	 28.8 	 	 0.0010 	 0.0100 	 0.9989 	 0.0852 	 	 0.9680 	 	 0.4329 	 0.8740 	 3.6550 	 	 0.4070
[2022/07/12 18:42:56] - 193 	 34.5 	 	 28.8 	 	 0.0010 	 0.0096 	 0.9989 	 0.0830 	 	 0.9686 	 	 0.4316 	 0.8724 	 3.6487 	 	 0.4060
[2022/07/12 18:43:59] - 194 	 34.5 	 	 28.8 	 	 0.0010 	 0.0095 	 0.9989 	 0.0829 	 	 0.9684 	 	 0.4368 	 0.8725 	 3.6190 	 	 0.4153
[2022/07/12 18:45:02] - 195 	 34.7 	 	 28.8 	 	 0.0010 	 0.0091 	 0.9991 	 0.0815 	 	 0.9689 	 	 0.4276 	 0.8741 	 3.6494 	 	 0.4023
[2022/07/12 18:46:05] - 196 	 34.5 	 	 28.8 	 	 0.0010 	 0.0091 	 0.9990 	 0.0824 	 	 0.9690 	 	 0.4297 	 0.8736 	 3.6268 	 	 0.4009
[2022/07/12 18:47:09] - 197 	 34.5 	 	 28.8 	 	 0.0010 	 0.0086 	 0.9991 	 0.0803 	 	 0.9703 	 	 0.4337 	 0.8740 	 3.6313 	 	 0.4086
[2022/07/12 18:48:12] - 198 	 34.6 	 	 28.7 	 	 0.0010 	 0.0082 	 0.9991 	 0.0777 	 	 0.9709 	 	 0.4320 	 0.8742 	 3.7104 	 	 0.4080
[2022/07/12 18:49:16] - 199 	 34.6 	 	 28.8 	 	 0.0010 	 0.0082 	 0.9990 	 0.0782 	 	 0.9701 	 	 0.4347 	 0.8747 	 3.6971 	 	 0.4083
