[2022/07/19 12:29:33] - Namespace(attack='fgsm', attack_iters=10, batch_size=128, chkpt_iters=10, cutout=False, cutout_len=None, data_dir='../cifar-data', dropout=0, epochs=200, epsilon=8, eval=False, fgsm_alpha=0.875, fgsm_init='random', fname='experiments/cifar10_fgsm_l1/preactresnet18_0.875', half=False, l1=0.0005, l2=0, lr_drop_epoch=100, lr_max=0.1, lr_one_drop=0.01, lr_schedule='piecewise', mixup=False, mixup_alpha=None, model='PreActResNet18', norm='l_inf', pgd_alpha=2, restarts=1, resume=0, seed=0, val=False, width_factor=10)
[2022/07/19 12:29:43] - Epoch 	 Train Time 	 Test Time 	 LR 	 	 Train Loss 	 Train Acc 	 Train Robust Loss 	 Train Robust Acc 	 Test Loss 	 Test Acc 	 Test Robust Loss 	 Test Robust Acc
[2022/07/19 12:31:21] - 0 	 59.1 	 	 38.9 	 	 0.1000 	 2.1065 	 0.2235 	 8.0439 	 	 0.1524 	 	 2.2335 	 0.1456 	 2.2869 	 	 0.1207
[2022/07/19 12:32:45] - 1 	 44.8 	 	 38.7 	 	 0.1000 	 1.9983 	 0.2625 	 3.9513 	 	 0.1778 	 	 2.0756 	 0.2010 	 2.2280 	 	 0.1527
[2022/07/19 12:34:09] - 2 	 44.8 	 	 38.6 	 	 0.1000 	 1.9441 	 0.2823 	 3.5183 	 	 0.1961 	 	 1.9722 	 0.2422 	 2.1977 	 	 0.1719
[2022/07/19 12:35:32] - 3 	 44.9 	 	 38.7 	 	 0.1000 	 1.8890 	 0.2997 	 3.0506 	 	 0.2092 	 	 1.9560 	 0.2694 	 2.1855 	 	 0.1781
[2022/07/19 12:36:56] - 4 	 44.7 	 	 38.7 	 	 0.1000 	 1.8621 	 0.3106 	 2.8575 	 	 0.2190 	 	 1.9002 	 0.3088 	 2.1165 	 	 0.2066
[2022/07/19 12:38:20] - 5 	 44.8 	 	 38.7 	 	 0.1000 	 1.8482 	 0.3131 	 2.7365 	 	 0.2238 	 	 1.8890 	 0.2702 	 2.1161 	 	 0.1957
[2022/07/19 12:39:43] - 6 	 44.8 	 	 38.7 	 	 0.1000 	 1.8368 	 0.3219 	 2.6524 	 	 0.2324 	 	 1.8488 	 0.3247 	 2.1055 	 	 0.2181
[2022/07/19 12:41:09] - 7 	 44.8 	 	 38.7 	 	 0.1000 	 1.8215 	 0.3310 	 2.5861 	 	 0.2400 	 	 1.8158 	 0.3457 	 2.0752 	 	 0.2283
[2022/07/19 12:42:32] - 8 	 44.8 	 	 38.7 	 	 0.1000 	 1.8122 	 0.3339 	 2.5088 	 	 0.2455 	 	 1.8572 	 0.3135 	 2.1420 	 	 0.1853
[2022/07/19 12:43:56] - 9 	 44.5 	 	 38.6 	 	 0.1000 	 1.8211 	 0.3299 	 2.4116 	 	 0.2449 	 	 1.7835 	 0.3604 	 2.0349 	 	 0.2374
[2022/07/19 12:45:19] - 10 	 44.5 	 	 38.6 	 	 0.1000 	 1.8247 	 0.3304 	 2.3894 	 	 0.2475 	 	 1.8590 	 0.3171 	 2.0930 	 	 0.2191
[2022/07/19 12:46:42] - 11 	 44.5 	 	 38.6 	 	 0.1000 	 1.8200 	 0.3299 	 2.3679 	 	 0.2496 	 	 1.7845 	 0.3458 	 2.0339 	 	 0.2481
[2022/07/19 12:48:06] - 12 	 44.5 	 	 38.6 	 	 0.1000 	 1.8202 	 0.3337 	 2.3660 	 	 0.2509 	 	 1.7965 	 0.3511 	 2.0362 	 	 0.2465
[2022/07/19 12:49:29] - 13 	 44.5 	 	 38.6 	 	 0.1000 	 1.8106 	 0.3369 	 2.3537 	 	 0.2538 	 	 1.7752 	 0.3443 	 2.0627 	 	 0.2336
[2022/07/19 12:50:52] - 14 	 44.5 	 	 38.6 	 	 0.1000 	 1.8087 	 0.3360 	 2.3496 	 	 0.2529 	 	 1.7917 	 0.3515 	 2.0471 	 	 0.2322
[2022/07/19 12:52:15] - 15 	 44.5 	 	 38.6 	 	 0.1000 	 1.8059 	 0.3337 	 2.3474 	 	 0.2492 	 	 1.9013 	 0.2731 	 2.1978 	 	 0.1934
[2022/07/19 12:53:39] - 16 	 44.5 	 	 38.6 	 	 0.1000 	 1.8100 	 0.3342 	 2.3491 	 	 0.2503 	 	 1.7968 	 0.3619 	 2.0540 	 	 0.2427
[2022/07/19 12:55:02] - 17 	 44.5 	 	 38.6 	 	 0.1000 	 1.8069 	 0.3339 	 2.3458 	 	 0.2499 	 	 1.8422 	 0.3124 	 2.0898 	 	 0.2180
[2022/07/19 12:56:25] - 18 	 44.6 	 	 38.6 	 	 0.1000 	 1.8083 	 0.3330 	 2.3471 	 	 0.2495 	 	 1.8140 	 0.3237 	 2.1041 	 	 0.2314
[2022/07/19 12:57:48] - 19 	 44.5 	 	 38.6 	 	 0.1000 	 1.8088 	 0.3345 	 2.3460 	 	 0.2513 	 	 1.8077 	 0.3313 	 2.0804 	 	 0.2242
[2022/07/19 12:59:11] - 20 	 44.6 	 	 38.6 	 	 0.1000 	 1.8034 	 0.3348 	 2.3430 	 	 0.2525 	 	 1.7953 	 0.3447 	 2.0893 	 	 0.2267
[2022/07/19 13:00:35] - 21 	 44.5 	 	 38.6 	 	 0.1000 	 1.8036 	 0.3360 	 2.3446 	 	 0.2532 	 	 1.8406 	 0.3151 	 2.1198 	 	 0.2220
[2022/07/19 13:01:58] - 22 	 44.5 	 	 38.6 	 	 0.1000 	 1.8053 	 0.3385 	 2.3452 	 	 0.2526 	 	 1.7806 	 0.3522 	 2.0299 	 	 0.2365
[2022/07/19 13:03:21] - 23 	 44.5 	 	 38.6 	 	 0.1000 	 1.8030 	 0.3360 	 2.3426 	 	 0.2517 	 	 1.8037 	 0.3477 	 2.0630 	 	 0.2312
[2022/07/19 13:04:44] - 24 	 44.5 	 	 38.6 	 	 0.1000 	 1.8035 	 0.3399 	 2.3435 	 	 0.2523 	 	 1.7891 	 0.3391 	 2.0467 	 	 0.2317
[2022/07/19 13:06:07] - 25 	 44.5 	 	 38.6 	 	 0.1000 	 1.8071 	 0.3381 	 2.3466 	 	 0.2535 	 	 1.7631 	 0.3622 	 2.0572 	 	 0.2406
[2022/07/19 13:07:30] - 26 	 44.4 	 	 38.6 	 	 0.1000 	 1.8041 	 0.3364 	 2.3459 	 	 0.2510 	 	 1.8038 	 0.3443 	 2.0532 	 	 0.2443
[2022/07/19 13:08:53] - 27 	 44.5 	 	 38.6 	 	 0.1000 	 1.8022 	 0.3370 	 2.3433 	 	 0.2531 	 	 1.8078 	 0.3338 	 2.0594 	 	 0.2279
[2022/07/19 13:10:16] - 28 	 44.5 	 	 38.6 	 	 0.1000 	 1.8046 	 0.3392 	 2.3477 	 	 0.2532 	 	 1.8076 	 0.3484 	 2.0683 	 	 0.2216
[2022/07/19 13:11:40] - 29 	 44.7 	 	 38.6 	 	 0.1000 	 1.8039 	 0.3395 	 2.3491 	 	 0.2541 	 	 1.7923 	 0.3535 	 2.0618 	 	 0.2394
[2022/07/19 13:13:03] - 30 	 44.4 	 	 38.6 	 	 0.1000 	 1.8030 	 0.3376 	 2.3506 	 	 0.2543 	 	 1.7560 	 0.3654 	 2.0317 	 	 0.2466
[2022/07/19 13:14:26] - 31 	 44.5 	 	 38.6 	 	 0.1000 	 1.8015 	 0.3389 	 2.3512 	 	 0.2554 	 	 1.8275 	 0.3378 	 2.0531 	 	 0.2299
[2022/07/19 13:15:49] - 32 	 44.5 	 	 38.6 	 	 0.1000 	 1.8023 	 0.3381 	 2.3553 	 	 0.2520 	 	 1.7827 	 0.3634 	 2.0285 	 	 0.2540
[2022/07/19 13:17:12] - 33 	 44.5 	 	 38.6 	 	 0.1000 	 1.8005 	 0.3395 	 2.3536 	 	 0.2545 	 	 1.7845 	 0.3427 	 2.0434 	 	 0.2344
[2022/07/19 13:18:36] - 34 	 44.5 	 	 38.6 	 	 0.1000 	 1.8068 	 0.3381 	 2.3587 	 	 0.2538 	 	 1.8245 	 0.3157 	 2.0716 	 	 0.2194
[2022/07/19 13:19:59] - 35 	 44.5 	 	 38.6 	 	 0.1000 	 1.8010 	 0.3403 	 2.3542 	 	 0.2563 	 	 1.9598 	 0.2834 	 2.3554 	 	 0.1866
[2022/07/19 13:21:22] - 36 	 44.5 	 	 38.6 	 	 0.1000 	 1.7964 	 0.3384 	 2.3522 	 	 0.2538 	 	 1.7793 	 0.3632 	 2.0310 	 	 0.2427
[2022/07/19 13:22:45] - 37 	 44.4 	 	 38.6 	 	 0.1000 	 1.8010 	 0.3367 	 2.3549 	 	 0.2513 	 	 1.8247 	 0.3513 	 2.0586 	 	 0.2349
[2022/07/19 13:24:08] - 38 	 44.6 	 	 38.6 	 	 0.1000 	 1.7977 	 0.3382 	 2.3540 	 	 0.2514 	 	 1.8007 	 0.3570 	 2.0467 	 	 0.2382
[2022/07/19 13:25:31] - 39 	 44.5 	 	 38.6 	 	 0.1000 	 1.8015 	 0.3383 	 2.3558 	 	 0.2520 	 	 1.8260 	 0.3191 	 2.0860 	 	 0.2141
[2022/07/19 13:26:55] - 40 	 44.5 	 	 38.6 	 	 0.1000 	 1.8002 	 0.3389 	 2.3552 	 	 0.2513 	 	 1.7772 	 0.3708 	 2.0444 	 	 0.2420
[2022/07/19 13:28:18] - 41 	 44.6 	 	 38.6 	 	 0.1000 	 1.7986 	 0.3389 	 2.3534 	 	 0.2537 	 	 1.8161 	 0.3457 	 2.0654 	 	 0.2192
[2022/07/19 13:29:41] - 42 	 44.5 	 	 38.6 	 	 0.1000 	 1.7970 	 0.3383 	 2.3542 	 	 0.2543 	 	 1.7798 	 0.3563 	 2.0217 	 	 0.2457
[2022/07/19 13:31:04] - 43 	 44.4 	 	 38.6 	 	 0.1000 	 1.7926 	 0.3408 	 2.3503 	 	 0.2558 	 	 1.7588 	 0.3528 	 2.0411 	 	 0.2375
[2022/07/19 13:32:27] - 44 	 44.5 	 	 38.6 	 	 0.1000 	 1.7927 	 0.3402 	 2.3497 	 	 0.2541 	 	 1.7862 	 0.3495 	 2.0803 	 	 0.2369
[2022/07/19 13:33:50] - 45 	 44.5 	 	 38.6 	 	 0.1000 	 1.7985 	 0.3410 	 2.3581 	 	 0.2541 	 	 1.7613 	 0.3482 	 2.0324 	 	 0.2390
[2022/07/19 13:35:13] - 46 	 44.5 	 	 38.6 	 	 0.1000 	 1.7941 	 0.3386 	 2.3520 	 	 0.2533 	 	 1.7672 	 0.3586 	 2.0362 	 	 0.2344
[2022/07/19 13:36:36] - 47 	 44.4 	 	 38.6 	 	 0.1000 	 1.7952 	 0.3385 	 2.3527 	 	 0.2545 	 	 1.7568 	 0.3492 	 2.0430 	 	 0.2297
[2022/07/19 13:37:59] - 48 	 44.5 	 	 38.6 	 	 0.1000 	 1.7944 	 0.3400 	 2.3541 	 	 0.2547 	 	 1.8411 	 0.3382 	 2.1321 	 	 0.1992
[2022/07/19 13:39:22] - 49 	 44.4 	 	 38.6 	 	 0.1000 	 1.7950 	 0.3437 	 2.3546 	 	 0.2537 	 	 1.8595 	 0.2935 	 2.0955 	 	 0.2217
[2022/07/19 13:40:46] - 50 	 44.5 	 	 38.6 	 	 0.1000 	 1.7913 	 0.3422 	 2.3504 	 	 0.2533 	 	 1.7926 	 0.3320 	 2.0684 	 	 0.2323
[2022/07/19 13:42:09] - 51 	 44.5 	 	 38.6 	 	 0.1000 	 1.7919 	 0.3415 	 2.3528 	 	 0.2543 	 	 1.7920 	 0.3461 	 2.0190 	 	 0.2451
[2022/07/19 13:43:32] - 52 	 44.5 	 	 38.6 	 	 0.1000 	 1.7892 	 0.3409 	 2.3490 	 	 0.2552 	 	 1.7846 	 0.3469 	 2.0823 	 	 0.2192
[2022/07/19 13:44:55] - 53 	 44.5 	 	 38.6 	 	 0.1000 	 1.7898 	 0.3413 	 2.3501 	 	 0.2547 	 	 1.7477 	 0.3719 	 2.0367 	 	 0.2407
[2022/07/19 13:46:18] - 54 	 44.6 	 	 38.6 	 	 0.1000 	 1.7938 	 0.3419 	 2.3516 	 	 0.2542 	 	 1.7990 	 0.3439 	 2.0800 	 	 0.2405
[2022/07/19 13:47:41] - 55 	 44.5 	 	 38.6 	 	 0.1000 	 1.7883 	 0.3429 	 2.3468 	 	 0.2569 	 	 1.8316 	 0.3254 	 2.1161 	 	 0.2000
[2022/07/19 13:49:05] - 56 	 44.6 	 	 38.6 	 	 0.1000 	 1.7854 	 0.3448 	 2.3469 	 	 0.2544 	 	 1.7568 	 0.3714 	 2.0354 	 	 0.2423
[2022/07/19 13:50:28] - 57 	 44.5 	 	 38.6 	 	 0.1000 	 1.7952 	 0.3394 	 2.3547 	 	 0.2545 	 	 1.8011 	 0.3564 	 2.0876 	 	 0.2394
[2022/07/19 13:51:51] - 58 	 44.5 	 	 38.6 	 	 0.1000 	 1.7890 	 0.3417 	 2.3510 	 	 0.2545 	 	 1.8350 	 0.3141 	 2.1088 	 	 0.2170
[2022/07/19 13:53:14] - 59 	 44.5 	 	 38.6 	 	 0.1000 	 1.7928 	 0.3391 	 2.3521 	 	 0.2546 	 	 1.7411 	 0.3492 	 2.0080 	 	 0.2493
[2022/07/19 13:54:37] - 60 	 44.5 	 	 38.6 	 	 0.1000 	 1.7904 	 0.3436 	 2.3520 	 	 0.2534 	 	 1.8157 	 0.3438 	 2.1398 	 	 0.2222
[2022/07/19 13:56:01] - 61 	 44.5 	 	 38.6 	 	 0.1000 	 1.7925 	 0.3399 	 2.3532 	 	 0.2548 	 	 1.7759 	 0.3652 	 2.0285 	 	 0.2451
[2022/07/19 13:57:24] - 62 	 44.6 	 	 38.6 	 	 0.1000 	 1.7908 	 0.3403 	 2.3516 	 	 0.2552 	 	 1.7430 	 0.3540 	 2.0263 	 	 0.2400
[2022/07/19 13:58:47] - 63 	 45.0 	 	 38.6 	 	 0.1000 	 1.7893 	 0.3431 	 2.3499 	 	 0.2549 	 	 1.7936 	 0.3267 	 2.0786 	 	 0.2284
[2022/07/19 14:00:11] - 64 	 44.7 	 	 38.6 	 	 0.1000 	 1.7938 	 0.3375 	 2.3535 	 	 0.2535 	 	 1.7755 	 0.3374 	 2.0888 	 	 0.2229
[2022/07/19 14:01:34] - 65 	 44.7 	 	 38.7 	 	 0.1000 	 1.7848 	 0.3497 	 2.3492 	 	 0.2587 	 	 1.7886 	 0.3393 	 2.1049 	 	 0.2086
[2022/07/19 14:02:58] - 66 	 44.9 	 	 38.7 	 	 0.1000 	 1.7919 	 0.3402 	 2.3530 	 	 0.2534 	 	 1.7802 	 0.3564 	 2.0386 	 	 0.2338
[2022/07/19 14:04:21] - 67 	 44.9 	 	 38.7 	 	 0.1000 	 1.7874 	 0.3425 	 2.3500 	 	 0.2542 	 	 1.7751 	 0.3412 	 2.0557 	 	 0.2197
[2022/07/19 14:05:45] - 68 	 44.8 	 	 38.6 	 	 0.1000 	 1.7887 	 0.3434 	 2.3499 	 	 0.2550 	 	 1.7720 	 0.3382 	 2.0773 	 	 0.2266
[2022/07/19 14:07:08] - 69 	 44.8 	 	 38.7 	 	 0.1000 	 1.7873 	 0.3421 	 2.3489 	 	 0.2544 	 	 1.7792 	 0.3525 	 2.0328 	 	 0.2374
[2022/07/19 14:08:32] - 70 	 45.0 	 	 38.7 	 	 0.1000 	 1.7882 	 0.3455 	 2.3483 	 	 0.2590 	 	 1.7784 	 0.3615 	 2.0560 	 	 0.2365
[2022/07/19 14:09:56] - 71 	 44.8 	 	 38.6 	 	 0.1000 	 1.7874 	 0.3461 	 2.3497 	 	 0.2580 	 	 1.7766 	 0.3351 	 2.0560 	 	 0.2353
[2022/07/19 14:11:19] - 72 	 44.8 	 	 38.7 	 	 0.1000 	 1.7925 	 0.3426 	 2.3523 	 	 0.2541 	 	 1.7691 	 0.3461 	 2.0232 	 	 0.2367
[2022/07/19 14:12:43] - 73 	 45.0 	 	 38.7 	 	 0.1000 	 1.7914 	 0.3465 	 2.3533 	 	 0.2563 	 	 1.8159 	 0.3162 	 2.1028 	 	 0.2234
[2022/07/19 14:14:06] - 74 	 44.4 	 	 38.6 	 	 0.1000 	 1.7910 	 0.3404 	 2.3517 	 	 0.2533 	 	 1.8043 	 0.3391 	 2.0471 	 	 0.2297
[2022/07/19 14:15:29] - 75 	 44.6 	 	 38.6 	 	 0.1000 	 1.7877 	 0.3432 	 2.3502 	 	 0.2573 	 	 1.7736 	 0.3681 	 2.0392 	 	 0.2425
[2022/07/19 14:16:52] - 76 	 44.6 	 	 38.6 	 	 0.1000 	 1.7906 	 0.3415 	 2.3518 	 	 0.2551 	 	 1.8163 	 0.3474 	 2.0573 	 	 0.2453
[2022/07/19 14:18:15] - 77 	 44.5 	 	 38.6 	 	 0.1000 	 1.7924 	 0.3413 	 2.3532 	 	 0.2562 	 	 1.8310 	 0.3224 	 2.1672 	 	 0.1993
[2022/07/19 14:19:38] - 78 	 44.4 	 	 38.6 	 	 0.1000 	 1.7889 	 0.3446 	 2.3510 	 	 0.2574 	 	 1.7494 	 0.3515 	 2.0399 	 	 0.2282
[2022/07/19 14:21:01] - 79 	 44.5 	 	 38.6 	 	 0.1000 	 1.7875 	 0.3466 	 2.3475 	 	 0.2587 	 	 1.7772 	 0.3451 	 2.0577 	 	 0.2351
[2022/07/19 14:22:25] - 80 	 44.7 	 	 38.6 	 	 0.1000 	 1.7923 	 0.3423 	 2.3523 	 	 0.2552 	 	 1.7669 	 0.3746 	 2.0230 	 	 0.2387
[2022/07/19 14:23:48] - 81 	 44.5 	 	 38.6 	 	 0.1000 	 1.7875 	 0.3452 	 2.3492 	 	 0.2557 	 	 1.8428 	 0.3351 	 2.1717 	 	 0.2008
[2022/07/19 14:25:11] - 82 	 44.5 	 	 38.6 	 	 0.1000 	 1.7905 	 0.3429 	 2.3518 	 	 0.2551 	 	 1.7680 	 0.3519 	 2.0398 	 	 0.2291
[2022/07/19 14:26:34] - 83 	 44.5 	 	 38.6 	 	 0.1000 	 1.7912 	 0.3432 	 2.3527 	 	 0.2545 	 	 1.8433 	 0.3280 	 2.0894 	 	 0.2295
[2022/07/19 14:27:57] - 84 	 44.5 	 	 38.6 	 	 0.1000 	 1.7928 	 0.3408 	 2.3528 	 	 0.2538 	 	 1.8225 	 0.3381 	 2.0534 	 	 0.2276
[2022/07/19 14:29:20] - 85 	 44.4 	 	 38.6 	 	 0.1000 	 1.7875 	 0.3457 	 2.3500 	 	 0.2555 	 	 1.7632 	 0.3631 	 2.0243 	 	 0.2369
[2022/07/19 14:30:44] - 86 	 44.5 	 	 38.6 	 	 0.1000 	 1.7908 	 0.3435 	 2.3530 	 	 0.2565 	 	 1.7466 	 0.3832 	 2.0128 	 	 0.2545
[2022/07/19 14:32:07] - 87 	 44.5 	 	 38.6 	 	 0.1000 	 1.7933 	 0.3398 	 2.3539 	 	 0.2537 	 	 1.8048 	 0.3434 	 2.1071 	 	 0.2031
[2022/07/19 14:33:30] - 88 	 44.5 	 	 38.6 	 	 0.1000 	 1.7895 	 0.3433 	 2.3502 	 	 0.2558 	 	 1.8494 	 0.2946 	 2.1598 	 	 0.1925
[2022/07/19 14:34:53] - 89 	 44.5 	 	 38.6 	 	 0.1000 	 1.7928 	 0.3394 	 2.3534 	 	 0.2557 	 	 1.8383 	 0.3413 	 2.1194 	 	 0.2134
[2022/07/19 14:36:17] - 90 	 44.5 	 	 38.6 	 	 0.1000 	 1.7865 	 0.3457 	 2.3506 	 	 0.2564 	 	 1.7989 	 0.3265 	 2.1741 	 	 0.2020
[2022/07/19 14:37:40] - 91 	 44.5 	 	 38.6 	 	 0.1000 	 1.7889 	 0.3434 	 2.3510 	 	 0.2552 	 	 1.8112 	 0.3192 	 2.0992 	 	 0.2040
[2022/07/19 14:39:03] - 92 	 44.5 	 	 38.6 	 	 0.1000 	 1.7893 	 0.3443 	 2.3516 	 	 0.2560 	 	 1.7714 	 0.3583 	 2.0650 	 	 0.2279
[2022/07/19 14:40:26] - 93 	 44.5 	 	 38.6 	 	 0.1000 	 1.7937 	 0.3427 	 2.3537 	 	 0.2570 	 	 1.7916 	 0.3401 	 2.0728 	 	 0.2338
[2022/07/19 14:41:49] - 94 	 44.7 	 	 38.6 	 	 0.1000 	 1.7921 	 0.3426 	 2.3531 	 	 0.2564 	 	 1.7936 	 0.3310 	 2.0611 	 	 0.2239
[2022/07/19 14:43:12] - 95 	 44.5 	 	 38.6 	 	 0.1000 	 1.7888 	 0.3438 	 2.3495 	 	 0.2555 	 	 1.8088 	 0.3163 	 2.1142 	 	 0.2163
[2022/07/19 14:44:35] - 96 	 44.5 	 	 38.6 	 	 0.1000 	 1.7878 	 0.3411 	 2.3496 	 	 0.2571 	 	 1.7816 	 0.3499 	 2.0432 	 	 0.2260
[2022/07/19 14:45:59] - 97 	 44.6 	 	 38.6 	 	 0.1000 	 1.7874 	 0.3436 	 2.3504 	 	 0.2546 	 	 1.8030 	 0.3167 	 2.0661 	 	 0.2322
[2022/07/19 14:47:22] - 98 	 44.4 	 	 38.6 	 	 0.1000 	 1.7882 	 0.3455 	 2.3491 	 	 0.2555 	 	 1.8411 	 0.3255 	 2.1410 	 	 0.2072
[2022/07/19 14:48:45] - 99 	 44.5 	 	 38.6 	 	 0.0100 	 1.7949 	 0.3421 	 2.3563 	 	 0.2525 	 	 1.7600 	 0.3564 	 2.0422 	 	 0.2447
[2022/07/19 14:50:08] - 100 	 44.6 	 	 38.6 	 	 0.0100 	 1.7511 	 0.3602 	 2.0306 	 	 0.2768 	 	 1.7037 	 0.3797 	 1.9765 	 	 0.2599
[2022/07/19 14:51:32] - 101 	 44.5 	 	 38.6 	 	 0.0100 	 1.7391 	 0.3632 	 2.0147 	 	 0.2784 	 	 1.6818 	 0.3916 	 1.9787 	 	 0.2547
[2022/07/19 14:52:55] - 102 	 44.5 	 	 38.6 	 	 0.0100 	 1.7296 	 0.3686 	 2.0065 	 	 0.2796 	 	 1.6765 	 0.3880 	 1.9830 	 	 0.2547
[2022/07/19 14:54:18] - 103 	 44.5 	 	 38.6 	 	 0.0100 	 1.7278 	 0.3706 	 2.0053 	 	 0.2784 	 	 1.6799 	 0.3950 	 1.9723 	 	 0.2606
[2022/07/19 14:55:41] - 104 	 44.6 	 	 38.6 	 	 0.0100 	 1.7260 	 0.3709 	 2.0027 	 	 0.2795 	 	 1.6887 	 0.4030 	 1.9821 	 	 0.2564
[2022/07/19 14:57:04] - 105 	 44.5 	 	 38.6 	 	 0.0100 	 1.7274 	 0.3688 	 2.0030 	 	 0.2780 	 	 1.6957 	 0.3935 	 1.9677 	 	 0.2584
[2022/07/19 14:58:27] - 106 	 44.5 	 	 38.6 	 	 0.0100 	 1.7270 	 0.3681 	 2.0028 	 	 0.2762 	 	 1.6750 	 0.4005 	 1.9726 	 	 0.2572
[2022/07/19 14:59:50] - 107 	 44.5 	 	 38.6 	 	 0.0100 	 1.7280 	 0.3695 	 2.0024 	 	 0.2773 	 	 1.6772 	 0.3875 	 1.9844 	 	 0.2521
[2022/07/19 15:01:14] - 108 	 44.5 	 	 38.6 	 	 0.0100 	 1.7259 	 0.3712 	 1.9997 	 	 0.2777 	 	 1.6841 	 0.3981 	 1.9817 	 	 0.2523
[2022/07/19 15:02:37] - 109 	 44.5 	 	 38.6 	 	 0.0100 	 1.7258 	 0.3677 	 1.9977 	 	 0.2778 	 	 1.6914 	 0.3931 	 1.9758 	 	 0.2616
[2022/07/19 15:04:00] - 110 	 44.5 	 	 38.6 	 	 0.0100 	 1.7270 	 0.3657 	 1.9973 	 	 0.2753 	 	 1.7021 	 0.3837 	 1.9777 	 	 0.2617
[2022/07/19 15:05:24] - 111 	 44.5 	 	 38.6 	 	 0.0100 	 1.7270 	 0.3706 	 1.9980 	 	 0.2783 	 	 1.6786 	 0.3957 	 1.9726 	 	 0.2624
[2022/07/19 15:06:47] - 112 	 44.5 	 	 38.6 	 	 0.0100 	 1.7268 	 0.3692 	 1.9969 	 	 0.2794 	 	 1.6856 	 0.3875 	 1.9714 	 	 0.2638
[2022/07/19 15:08:10] - 113 	 44.5 	 	 38.6 	 	 0.0100 	 1.7271 	 0.3676 	 1.9969 	 	 0.2766 	 	 1.6894 	 0.3827 	 1.9982 	 	 0.2593
[2022/07/19 15:09:33] - 114 	 44.5 	 	 38.6 	 	 0.0100 	 1.7291 	 0.3688 	 2.0002 	 	 0.2772 	 	 1.6787 	 0.3954 	 2.0000 	 	 0.2562
[2022/07/19 15:10:56] - 115 	 44.5 	 	 38.6 	 	 0.0100 	 1.7276 	 0.3695 	 1.9978 	 	 0.2756 	 	 1.7021 	 0.3868 	 1.9822 	 	 0.2507
[2022/07/19 15:12:20] - 116 	 44.5 	 	 38.6 	 	 0.0100 	 1.7248 	 0.3726 	 1.9946 	 	 0.2786 	 	 1.7174 	 0.3628 	 2.0330 	 	 0.2245
[2022/07/19 15:13:43] - 117 	 44.5 	 	 38.6 	 	 0.0100 	 1.7272 	 0.3701 	 1.9972 	 	 0.2785 	 	 1.7257 	 0.3808 	 2.0538 	 	 0.2484
[2022/07/19 15:15:06] - 118 	 44.6 	 	 38.6 	 	 0.0100 	 1.7284 	 0.3671 	 1.9986 	 	 0.2757 	 	 1.6997 	 0.3700 	 1.9948 	 	 0.2572
[2022/07/19 15:16:29] - 119 	 44.5 	 	 38.6 	 	 0.0100 	 1.7297 	 0.3692 	 1.9986 	 	 0.2757 	 	 1.7324 	 0.3711 	 2.0286 	 	 0.2445
[2022/07/19 15:17:52] - 120 	 44.6 	 	 38.6 	 	 0.0100 	 1.7255 	 0.3692 	 1.9963 	 	 0.2771 	 	 1.6893 	 0.3889 	 1.9751 	 	 0.2626
[2022/07/19 15:19:16] - 121 	 44.5 	 	 38.6 	 	 0.0100 	 1.7228 	 0.3715 	 1.9932 	 	 0.2775 	 	 1.6840 	 0.3850 	 1.9843 	 	 0.2632
[2022/07/19 15:20:39] - 122 	 44.5 	 	 38.6 	 	 0.0100 	 1.7265 	 0.3731 	 1.9975 	 	 0.2775 	 	 1.6813 	 0.3866 	 1.9726 	 	 0.2529
[2022/07/19 15:22:02] - 123 	 44.5 	 	 38.6 	 	 0.0100 	 1.7275 	 0.3702 	 1.9976 	 	 0.2765 	 	 1.6936 	 0.3774 	 1.9788 	 	 0.2603
[2022/07/19 15:23:25] - 124 	 44.5 	 	 38.6 	 	 0.0100 	 1.7285 	 0.3679 	 1.9983 	 	 0.2761 	 	 1.6918 	 0.3972 	 1.9791 	 	 0.2643
[2022/07/19 15:24:48] - 125 	 44.5 	 	 38.6 	 	 0.0100 	 1.7305 	 0.3675 	 1.9991 	 	 0.2759 	 	 1.6696 	 0.3938 	 1.9805 	 	 0.2623
[2022/07/19 15:26:11] - 126 	 44.4 	 	 38.6 	 	 0.0100 	 1.7280 	 0.3688 	 1.9980 	 	 0.2784 	 	 1.7016 	 0.3820 	 2.0038 	 	 0.2511
[2022/07/19 15:27:34] - 127 	 44.5 	 	 38.6 	 	 0.0100 	 1.7235 	 0.3685 	 1.9943 	 	 0.2746 	 	 1.6823 	 0.3953 	 1.9679 	 	 0.2671
[2022/07/19 15:28:58] - 128 	 44.6 	 	 38.6 	 	 0.0100 	 1.7297 	 0.3698 	 1.9992 	 	 0.2768 	 	 1.7124 	 0.3838 	 1.9935 	 	 0.2553
[2022/07/19 15:30:21] - 129 	 44.5 	 	 38.6 	 	 0.0100 	 1.7247 	 0.3723 	 1.9956 	 	 0.2753 	 	 1.6961 	 0.3906 	 1.9692 	 	 0.2695
[2022/07/19 15:31:45] - 130 	 44.6 	 	 38.6 	 	 0.0100 	 1.7281 	 0.3699 	 1.9989 	 	 0.2799 	 	 1.6935 	 0.3832 	 1.9957 	 	 0.2461
[2022/07/19 15:33:08] - 131 	 44.5 	 	 38.6 	 	 0.0100 	 1.7259 	 0.3714 	 1.9963 	 	 0.2783 	 	 1.7069 	 0.3739 	 2.0260 	 	 0.2569
[2022/07/19 15:34:31] - 132 	 44.5 	 	 38.6 	 	 0.0100 	 1.7256 	 0.3683 	 1.9966 	 	 0.2750 	 	 1.7094 	 0.3877 	 1.9978 	 	 0.2558
[2022/07/19 15:35:54] - 133 	 44.5 	 	 38.6 	 	 0.0100 	 1.7275 	 0.3712 	 1.9986 	 	 0.2769 	 	 1.6799 	 0.3981 	 1.9702 	 	 0.2644
[2022/07/19 15:37:17] - 134 	 44.5 	 	 38.6 	 	 0.0100 	 1.7269 	 0.3701 	 1.9983 	 	 0.2757 	 	 1.7082 	 0.3875 	 1.9813 	 	 0.2636
[2022/07/19 15:38:40] - 135 	 44.5 	 	 38.6 	 	 0.0100 	 1.7288 	 0.3693 	 1.9990 	 	 0.2758 	 	 1.6743 	 0.3814 	 1.9938 	 	 0.2566
[2022/07/19 15:40:03] - 136 	 44.5 	 	 38.6 	 	 0.0100 	 1.7290 	 0.3709 	 1.9997 	 	 0.2788 	 	 1.6831 	 0.3955 	 1.9831 	 	 0.2560
[2022/07/19 15:41:27] - 137 	 44.5 	 	 38.6 	 	 0.0100 	 1.7237 	 0.3728 	 1.9949 	 	 0.2793 	 	 1.6891 	 0.3828 	 1.9946 	 	 0.2456
[2022/07/19 15:42:50] - 138 	 44.5 	 	 38.6 	 	 0.0100 	 1.7253 	 0.3690 	 1.9967 	 	 0.2742 	 	 1.6907 	 0.3779 	 1.9869 	 	 0.2518
[2022/07/19 15:44:13] - 139 	 44.6 	 	 38.6 	 	 0.0100 	 1.7269 	 0.3701 	 1.9990 	 	 0.2763 	 	 1.7160 	 0.3937 	 2.0325 	 	 0.2524
[2022/07/19 15:45:36] - 140 	 44.5 	 	 38.6 	 	 0.0100 	 1.7255 	 0.3712 	 1.9970 	 	 0.2769 	 	 1.6971 	 0.3870 	 1.9691 	 	 0.2659
[2022/07/19 15:47:00] - 141 	 44.6 	 	 38.6 	 	 0.0100 	 1.7270 	 0.3702 	 1.9977 	 	 0.2775 	 	 1.7104 	 0.3827 	 1.9980 	 	 0.2590
[2022/07/19 15:48:23] - 142 	 44.5 	 	 38.6 	 	 0.0100 	 1.7294 	 0.3666 	 2.0001 	 	 0.2755 	 	 1.7016 	 0.3848 	 2.0219 	 	 0.2403
[2022/07/19 15:49:46] - 143 	 44.5 	 	 38.6 	 	 0.0100 	 1.7282 	 0.3690 	 1.9998 	 	 0.2747 	 	 1.6972 	 0.3861 	 1.9919 	 	 0.2618
[2022/07/19 15:51:09] - 144 	 44.6 	 	 38.6 	 	 0.0100 	 1.7282 	 0.3721 	 1.9993 	 	 0.2782 	 	 1.6785 	 0.3932 	 1.9744 	 	 0.2674
[2022/07/19 15:52:32] - 145 	 44.5 	 	 38.6 	 	 0.0100 	 1.7259 	 0.3696 	 1.9972 	 	 0.2774 	 	 1.6878 	 0.3929 	 1.9669 	 	 0.2638
[2022/07/19 15:53:55] - 146 	 44.5 	 	 38.6 	 	 0.0100 	 1.7288 	 0.3688 	 2.0008 	 	 0.2761 	 	 1.7140 	 0.3827 	 2.0129 	 	 0.2521
[2022/07/19 15:55:18] - 147 	 44.5 	 	 38.6 	 	 0.0100 	 1.7276 	 0.3691 	 1.9982 	 	 0.2776 	 	 1.6809 	 0.3893 	 1.9802 	 	 0.2611
[2022/07/19 15:56:41] - 148 	 44.6 	 	 38.6 	 	 0.0100 	 1.7269 	 0.3678 	 1.9984 	 	 0.2737 	 	 1.6925 	 0.3799 	 1.9941 	 	 0.2590
[2022/07/19 15:58:04] - 149 	 44.5 	 	 38.6 	 	 0.0010 	 1.7249 	 0.3709 	 1.9977 	 	 0.2777 	 	 1.7003 	 0.3852 	 1.9795 	 	 0.2615
[2022/07/19 15:59:28] - 150 	 44.5 	 	 38.6 	 	 0.0010 	 1.7171 	 0.3744 	 1.9496 	 	 0.2846 	 	 1.6687 	 0.4036 	 1.9481 	 	 0.2705
[2022/07/19 16:00:51] - 151 	 44.5 	 	 38.6 	 	 0.0010 	 1.7136 	 0.3765 	 1.9472 	 	 0.2835 	 	 1.6590 	 0.4003 	 1.9594 	 	 0.2618
[2022/07/19 16:02:14] - 152 	 44.5 	 	 38.6 	 	 0.0010 	 1.7094 	 0.3789 	 1.9434 	 	 0.2838 	 	 1.6546 	 0.4008 	 1.9563 	 	 0.2649
[2022/07/19 16:03:37] - 153 	 44.4 	 	 38.6 	 	 0.0010 	 1.7062 	 0.3788 	 1.9422 	 	 0.2864 	 	 1.6571 	 0.4048 	 1.9602 	 	 0.2692
[2022/07/19 16:05:00] - 154 	 44.5 	 	 38.6 	 	 0.0010 	 1.7058 	 0.3794 	 1.9415 	 	 0.2860 	 	 1.6460 	 0.4050 	 1.9559 	 	 0.2605
[2022/07/19 16:06:24] - 155 	 44.6 	 	 38.6 	 	 0.0010 	 1.7049 	 0.3796 	 1.9415 	 	 0.2858 	 	 1.6542 	 0.4036 	 1.9517 	 	 0.2690
[2022/07/19 16:07:47] - 156 	 44.5 	 	 38.6 	 	 0.0010 	 1.7057 	 0.3770 	 1.9418 	 	 0.2848 	 	 1.6565 	 0.4024 	 1.9555 	 	 0.2640
[2022/07/19 16:09:10] - 157 	 44.4 	 	 38.6 	 	 0.0010 	 1.7037 	 0.3794 	 1.9395 	 	 0.2849 	 	 1.6531 	 0.4063 	 1.9500 	 	 0.2680
[2022/07/19 16:10:33] - 158 	 44.6 	 	 38.6 	 	 0.0010 	 1.7030 	 0.3813 	 1.9393 	 	 0.2847 	 	 1.6567 	 0.4029 	 1.9503 	 	 0.2667
[2022/07/19 16:11:56] - 159 	 44.6 	 	 38.6 	 	 0.0010 	 1.7043 	 0.3802 	 1.9404 	 	 0.2862 	 	 1.6694 	 0.4103 	 1.9607 	 	 0.2626
[2022/07/19 16:13:20] - 160 	 44.4 	 	 38.6 	 	 0.0010 	 1.7050 	 0.3811 	 1.9408 	 	 0.2872 	 	 1.6484 	 0.4096 	 1.9669 	 	 0.2579
[2022/07/19 16:14:43] - 161 	 44.5 	 	 38.6 	 	 0.0010 	 1.7041 	 0.3810 	 1.9404 	 	 0.2856 	 	 1.6513 	 0.4046 	 1.9601 	 	 0.2625
[2022/07/19 16:16:06] - 162 	 44.5 	 	 38.6 	 	 0.0010 	 1.7034 	 0.3820 	 1.9396 	 	 0.2855 	 	 1.6448 	 0.4053 	 1.9493 	 	 0.2694
[2022/07/19 16:17:29] - 163 	 44.5 	 	 38.6 	 	 0.0010 	 1.7031 	 0.3823 	 1.9388 	 	 0.2858 	 	 1.6477 	 0.4091 	 1.9463 	 	 0.2633
[2022/07/19 16:18:52] - 164 	 44.5 	 	 38.6 	 	 0.0010 	 1.7050 	 0.3785 	 1.9406 	 	 0.2851 	 	 1.6502 	 0.4011 	 1.9564 	 	 0.2631
[2022/07/19 16:20:15] - 165 	 44.5 	 	 38.6 	 	 0.0010 	 1.7036 	 0.3803 	 1.9393 	 	 0.2851 	 	 1.6508 	 0.4053 	 1.9543 	 	 0.2683
[2022/07/19 16:21:38] - 166 	 44.5 	 	 38.6 	 	 0.0010 	 1.7042 	 0.3812 	 1.9396 	 	 0.2853 	 	 1.6440 	 0.4056 	 1.9535 	 	 0.2676
[2022/07/19 16:23:02] - 167 	 44.5 	 	 38.6 	 	 0.0010 	 1.7026 	 0.3817 	 1.9378 	 	 0.2857 	 	 1.6531 	 0.4097 	 1.9509 	 	 0.2658
[2022/07/19 16:24:25] - 168 	 44.5 	 	 38.6 	 	 0.0010 	 1.7019 	 0.3811 	 1.9380 	 	 0.2866 	 	 1.6446 	 0.4100 	 1.9533 	 	 0.2619
[2022/07/19 16:25:48] - 169 	 44.5 	 	 38.6 	 	 0.0010 	 1.7028 	 0.3797 	 1.9385 	 	 0.2837 	 	 1.6473 	 0.4167 	 1.9626 	 	 0.2595
[2022/07/19 16:27:11] - 170 	 44.5 	 	 38.6 	 	 0.0010 	 1.6989 	 0.3798 	 1.9346 	 	 0.2856 	 	 1.6479 	 0.4111 	 1.9544 	 	 0.2665
[2022/07/19 16:28:34] - 171 	 44.4 	 	 38.6 	 	 0.0010 	 1.7003 	 0.3806 	 1.9357 	 	 0.2869 	 	 1.6435 	 0.4109 	 1.9582 	 	 0.2649
[2022/07/19 16:29:57] - 172 	 44.6 	 	 38.6 	 	 0.0010 	 1.7015 	 0.3823 	 1.9369 	 	 0.2872 	 	 1.6529 	 0.4055 	 1.9495 	 	 0.2645
[2022/07/19 16:31:20] - 173 	 44.5 	 	 38.6 	 	 0.0010 	 1.7013 	 0.3829 	 1.9371 	 	 0.2854 	 	 1.6448 	 0.4100 	 1.9566 	 	 0.2620
[2022/07/19 16:33:03] - 174 	 54.4 	 	 48.5 	 	 0.0010 	 1.7006 	 0.3831 	 1.9359 	 	 0.2859 	 	 1.6424 	 0.4085 	 1.9528 	 	 0.2661
[2022/07/19 16:51:40] - 175 	 44.6 	 	 38.6 	 	 0.0010 	 1.7005 	 0.3822 	 1.9366 	 	 0.2871 	 	 1.6590 	 0.4093 	 1.9486 	 	 0.2598
[2022/07/19 16:53:03] - 176 	 44.4 	 	 38.6 	 	 0.0010 	 1.7012 	 0.3830 	 1.9366 	 	 0.2876 	 	 1.6510 	 0.4062 	 1.9483 	 	 0.2668
[2022/07/19 16:54:26] - 177 	 44.6 	 	 38.6 	 	 0.0010 	 1.7001 	 0.3823 	 1.9346 	 	 0.2848 	 	 1.6459 	 0.4096 	 1.9513 	 	 0.2682
[2022/07/19 16:55:49] - 178 	 44.6 	 	 38.6 	 	 0.0010 	 1.7012 	 0.3814 	 1.9366 	 	 0.2845 	 	 1.6512 	 0.4058 	 1.9499 	 	 0.2668
[2022/07/19 16:57:12] - 179 	 44.7 	 	 38.6 	 	 0.0010 	 1.7006 	 0.3807 	 1.9355 	 	 0.2857 	 	 1.6639 	 0.3953 	 1.9628 	 	 0.2608
[2022/07/19 16:58:36] - 180 	 44.5 	 	 38.6 	 	 0.0010 	 1.7007 	 0.3815 	 1.9352 	 	 0.2845 	 	 1.6463 	 0.4052 	 1.9473 	 	 0.2693
[2022/07/19 16:59:59] - 181 	 44.5 	 	 38.6 	 	 0.0010 	 1.7004 	 0.3800 	 1.9357 	 	 0.2845 	 	 1.6543 	 0.4053 	 1.9627 	 	 0.2593
[2022/07/19 17:01:22] - 182 	 44.5 	 	 38.6 	 	 0.0010 	 1.7014 	 0.3828 	 1.9362 	 	 0.2856 	 	 1.6515 	 0.4125 	 1.9517 	 	 0.2673
[2022/07/19 17:02:45] - 183 	 44.5 	 	 38.6 	 	 0.0010 	 1.7013 	 0.3816 	 1.9358 	 	 0.2845 	 	 1.6546 	 0.4074 	 1.9618 	 	 0.2652
[2022/07/19 17:04:09] - 184 	 44.9 	 	 38.7 	 	 0.0010 	 1.7017 	 0.3854 	 1.9370 	 	 0.2877 	 	 1.6484 	 0.4092 	 1.9539 	 	 0.2679
[2022/07/19 17:05:32] - 185 	 44.8 	 	 38.7 	 	 0.0010 	 1.7014 	 0.3836 	 1.9369 	 	 0.2855 	 	 1.6468 	 0.4088 	 1.9571 	 	 0.2656
[2022/07/19 17:06:56] - 186 	 44.8 	 	 38.7 	 	 0.0010 	 1.6995 	 0.3824 	 1.9347 	 	 0.2868 	 	 1.6529 	 0.4085 	 1.9511 	 	 0.2669
[2022/07/19 17:08:19] - 187 	 44.8 	 	 38.7 	 	 0.0010 	 1.7011 	 0.3815 	 1.9351 	 	 0.2856 	 	 1.6507 	 0.4114 	 1.9541 	 	 0.2651
[2022/07/19 17:09:43] - 188 	 44.9 	 	 38.7 	 	 0.0010 	 1.6982 	 0.3830 	 1.9325 	 	 0.2853 	 	 1.6485 	 0.4054 	 1.9550 	 	 0.2687
[2022/07/19 17:11:07] - 189 	 44.9 	 	 38.7 	 	 0.0010 	 1.7010 	 0.3806 	 1.9362 	 	 0.2843 	 	 1.6561 	 0.4086 	 1.9489 	 	 0.2672
[2022/07/19 17:12:31] - 190 	 44.8 	 	 38.7 	 	 0.0010 	 1.6984 	 0.3819 	 1.9332 	 	 0.2864 	 	 1.6474 	 0.4092 	 1.9565 	 	 0.2633
[2022/07/19 17:13:54] - 191 	 44.9 	 	 38.7 	 	 0.0010 	 1.6997 	 0.3833 	 1.9348 	 	 0.2847 	 	 1.6488 	 0.4072 	 1.9511 	 	 0.2654
[2022/07/19 17:15:18] - 192 	 44.8 	 	 38.6 	 	 0.0010 	 1.7002 	 0.3827 	 1.9343 	 	 0.2863 	 	 1.6392 	 0.4077 	 1.9647 	 	 0.2538
[2022/07/19 17:16:41] - 193 	 44.7 	 	 38.6 	 	 0.0010 	 1.7002 	 0.3813 	 1.9347 	 	 0.2855 	 	 1.6491 	 0.4108 	 1.9622 	 	 0.2590
[2022/07/19 17:18:04] - 194 	 44.8 	 	 38.7 	 	 0.0010 	 1.7001 	 0.3828 	 1.9346 	 	 0.2863 	 	 1.6536 	 0.4097 	 1.9513 	 	 0.2667
[2022/07/19 17:19:28] - 195 	 44.6 	 	 38.6 	 	 0.0010 	 1.6998 	 0.3817 	 1.9342 	 	 0.2853 	 	 1.6540 	 0.4080 	 1.9701 	 	 0.2607
[2022/07/19 17:20:51] - 196 	 44.5 	 	 38.6 	 	 0.0010 	 1.7006 	 0.3833 	 1.9355 	 	 0.2868 	 	 1.6585 	 0.4070 	 1.9555 	 	 0.2612
[2022/07/19 17:22:14] - 197 	 44.5 	 	 38.6 	 	 0.0010 	 1.6980 	 0.3831 	 1.9319 	 	 0.2863 	 	 1.6518 	 0.4106 	 1.9580 	 	 0.2639
[2022/07/19 17:23:37] - 198 	 44.6 	 	 38.6 	 	 0.0010 	 1.6982 	 0.3837 	 1.9329 	 	 0.2864 	 	 1.6528 	 0.4047 	 1.9500 	 	 0.2660
[2022/07/19 17:25:00] - 199 	 44.6 	 	 38.6 	 	 0.0010 	 1.6953 	 0.3844 	 1.9300 	 	 0.2876 	 	 1.6458 	 0.4093 	 1.9426 	 	 0.2702
