[2022/07/18 11:48:06] - Namespace(attack='fgsm', attack_iters=10, batch_size=128, chkpt_iters=10, cutout=False, cutout_len=None, data_dir='../cifar-data', dropout=0, epochs=200, epsilon=8, eval=False, fgsm_alpha=0.875, fgsm_init='random', fname='experiments/fgsm_cifar10_l2/preactresnet18_5e-4', half=False, l1=0, l2=0.0005, lr_drop_epoch=100, lr_max=0.1, lr_one_drop=0.01, lr_schedule='piecewise', mixup=False, mixup_alpha=None, model='PreActResNet18', norm='l_inf', pgd_alpha=2, restarts=1, resume=0, seed=0, val=False, width_factor=10)
[2022/07/18 11:48:10] - Epoch 	 Train Time 	 Test Time 	 LR 	 	 Train Loss 	 Train Acc 	 Train Robust Loss 	 Train Robust Acc 	 Test Loss 	 Test Acc 	 Test Robust Loss 	 Test Robust Acc
[2022/07/18 11:49:13] - 0 	 35.1 	 	 28.8 	 	 0.1000 	 1.8246 	 0.3250 	 2.0371 	 	 0.2368 	 	 1.6004 	 0.4147 	 1.9664 	 	 0.2544
[2022/07/18 11:50:17] - 1 	 34.4 	 	 28.8 	 	 0.1000 	 1.5485 	 0.4379 	 1.8336 	 	 0.3066 	 	 1.4304 	 0.4876 	 1.9099 	 	 0.2719
[2022/07/18 11:51:20] - 2 	 34.5 	 	 28.8 	 	 0.1000 	 1.3890 	 0.5081 	 1.7300 	 	 0.3444 	 	 1.3543 	 0.5069 	 1.8362 	 	 0.3030
[2022/07/18 11:52:24] - 3 	 34.5 	 	 28.8 	 	 0.1000 	 1.2717 	 0.5560 	 1.6507 	 	 0.3715 	 	 1.2200 	 0.5626 	 1.8217 	 	 0.3155
[2022/07/18 11:53:27] - 4 	 34.4 	 	 28.7 	 	 0.1000 	 1.1637 	 0.6036 	 1.5776 	 	 0.4014 	 	 1.1480 	 0.5988 	 1.7741 	 	 0.3271
[2022/07/18 11:54:30] - 5 	 34.4 	 	 28.8 	 	 0.1000 	 1.0914 	 0.6343 	 1.5261 	 	 0.4189 	 	 1.1267 	 0.6009 	 1.7632 	 	 0.3388
[2022/07/18 11:55:34] - 6 	 34.5 	 	 28.8 	 	 0.1000 	 1.0318 	 0.6596 	 1.4819 	 	 0.4373 	 	 0.9636 	 0.6761 	 1.7630 	 	 0.3376
[2022/07/18 11:56:37] - 7 	 34.4 	 	 28.7 	 	 0.1000 	 0.9808 	 0.6793 	 1.4425 	 	 0.4506 	 	 0.9838 	 0.6826 	 1.6825 	 	 0.3589
[2022/07/18 11:57:40] - 8 	 34.4 	 	 28.7 	 	 0.1000 	 0.9353 	 0.7010 	 1.4068 	 	 0.4622 	 	 0.9461 	 0.6831 	 1.7097 	 	 0.3622
[2022/07/18 11:58:44] - 9 	 34.4 	 	 28.8 	 	 0.1000 	 0.9004 	 0.7143 	 1.3801 	 	 0.4759 	 	 0.8569 	 0.7133 	 1.6971 	 	 0.3623
[2022/07/18 11:59:47] - 10 	 34.5 	 	 28.7 	 	 0.1000 	 0.8660 	 0.7276 	 1.3538 	 	 0.4841 	 	 0.9080 	 0.6872 	 1.7860 	 	 0.3598
[2022/07/18 12:00:51] - 11 	 34.5 	 	 28.8 	 	 0.1000 	 0.8411 	 0.7387 	 1.3294 	 	 0.4922 	 	 0.8794 	 0.7149 	 1.6246 	 	 0.3893
[2022/07/18 12:01:54] - 12 	 34.5 	 	 28.8 	 	 0.1000 	 0.8211 	 0.7465 	 1.3165 	 	 0.4975 	 	 0.8292 	 0.7383 	 1.6112 	 	 0.3961
[2022/07/18 12:02:57] - 13 	 34.4 	 	 28.8 	 	 0.1000 	 0.7974 	 0.7551 	 1.2953 	 	 0.5049 	 	 0.8209 	 0.7349 	 1.6663 	 	 0.3834
[2022/07/18 12:04:01] - 14 	 34.5 	 	 28.8 	 	 0.1000 	 0.7760 	 0.7637 	 1.2762 	 	 0.5120 	 	 0.7988 	 0.7502 	 1.6617 	 	 0.3789
[2022/07/18 12:05:04] - 15 	 34.5 	 	 28.8 	 	 0.1000 	 0.7577 	 0.7726 	 1.2601 	 	 0.5146 	 	 0.7450 	 0.7557 	 1.6659 	 	 0.3877
[2022/07/18 12:06:07] - 16 	 34.5 	 	 28.7 	 	 0.1000 	 0.7456 	 0.7775 	 1.2500 	 	 0.5230 	 	 0.7744 	 0.7372 	 1.6649 	 	 0.3914
[2022/07/18 12:07:10] - 17 	 34.4 	 	 28.8 	 	 0.1000 	 0.7293 	 0.7813 	 1.2341 	 	 0.5289 	 	 0.7839 	 0.7623 	 1.6177 	 	 0.3926
[2022/07/18 12:08:14] - 18 	 35.1 	 	 28.7 	 	 0.1000 	 0.7137 	 0.7879 	 1.2219 	 	 0.5302 	 	 0.7299 	 0.7565 	 1.7045 	 	 0.3761
[2022/07/18 12:09:17] - 19 	 34.4 	 	 28.8 	 	 0.1000 	 0.6991 	 0.7956 	 1.2076 	 	 0.5389 	 	 0.7645 	 0.7564 	 1.6715 	 	 0.3793
[2022/07/18 12:10:21] - 20 	 34.4 	 	 28.8 	 	 0.1000 	 0.6849 	 0.8007 	 1.1960 	 	 0.5412 	 	 0.7416 	 0.7646 	 1.6390 	 	 0.3987
[2022/07/18 12:11:24] - 21 	 34.5 	 	 28.8 	 	 0.1000 	 0.6783 	 0.8029 	 1.1901 	 	 0.5405 	 	 0.7730 	 0.7599 	 1.6406 	 	 0.3888
[2022/07/18 12:12:28] - 22 	 34.5 	 	 28.8 	 	 0.1000 	 0.6698 	 0.8037 	 1.1809 	 	 0.5464 	 	 0.7295 	 0.7721 	 1.5933 	 	 0.4029
[2022/07/18 12:13:31] - 23 	 34.5 	 	 28.8 	 	 0.1000 	 0.6573 	 0.8102 	 1.1745 	 	 0.5498 	 	 0.7079 	 0.7827 	 1.5943 	 	 0.3981
[2022/07/18 12:14:34] - 24 	 34.6 	 	 28.7 	 	 0.1000 	 0.6429 	 0.8173 	 1.1591 	 	 0.5521 	 	 0.7358 	 0.7593 	 1.5671 	 	 0.4151
[2022/07/18 12:15:38] - 25 	 34.4 	 	 28.8 	 	 0.1000 	 0.6346 	 0.8178 	 1.1527 	 	 0.5571 	 	 0.7044 	 0.7838 	 1.5998 	 	 0.4109
[2022/07/18 12:16:41] - 26 	 34.4 	 	 28.8 	 	 0.1000 	 0.6282 	 0.8212 	 1.1445 	 	 0.5589 	 	 0.6939 	 0.7789 	 1.6288 	 	 0.3921
[2022/07/18 12:17:44] - 27 	 34.4 	 	 28.8 	 	 0.1000 	 0.6204 	 0.8237 	 1.1383 	 	 0.5615 	 	 0.6805 	 0.7847 	 1.6445 	 	 0.3974
[2022/07/18 12:18:47] - 28 	 34.4 	 	 28.8 	 	 0.1000 	 0.6154 	 0.8264 	 1.1337 	 	 0.5661 	 	 0.6994 	 0.7782 	 1.6809 	 	 0.3931
[2022/07/18 12:19:50] - 29 	 34.4 	 	 28.8 	 	 0.1000 	 0.6120 	 0.8261 	 1.1285 	 	 0.5640 	 	 0.6702 	 0.7913 	 1.6022 	 	 0.4041
[2022/07/18 12:20:54] - 30 	 34.5 	 	 28.8 	 	 0.1000 	 0.6018 	 0.8303 	 1.1198 	 	 0.5667 	 	 0.6750 	 0.7889 	 1.6632 	 	 0.3848
[2022/07/18 12:21:57] - 31 	 34.5 	 	 28.8 	 	 0.1000 	 0.5925 	 0.8360 	 1.1141 	 	 0.5706 	 	 0.6912 	 0.7924 	 1.6634 	 	 0.3874
[2022/07/18 12:23:00] - 32 	 34.4 	 	 28.8 	 	 0.1000 	 0.5873 	 0.8360 	 1.1064 	 	 0.5743 	 	 0.6694 	 0.7982 	 1.6914 	 	 0.3890
[2022/07/18 12:24:04] - 33 	 34.5 	 	 28.7 	 	 0.1000 	 0.5870 	 0.8362 	 1.1073 	 	 0.5711 	 	 0.6412 	 0.7948 	 1.6284 	 	 0.4018
[2022/07/18 12:25:07] - 34 	 34.4 	 	 28.7 	 	 0.1000 	 0.5751 	 0.8396 	 1.0960 	 	 0.5772 	 	 0.6539 	 0.7985 	 1.6205 	 	 0.4076
[2022/07/18 12:26:10] - 35 	 34.4 	 	 28.7 	 	 0.1000 	 0.5713 	 0.8426 	 1.0922 	 	 0.5775 	 	 0.6485 	 0.8107 	 1.6247 	 	 0.3951
[2022/07/18 12:27:13] - 36 	 34.5 	 	 28.7 	 	 0.1000 	 0.5688 	 0.8417 	 1.0909 	 	 0.5790 	 	 0.6585 	 0.7953 	 1.5992 	 	 0.4057
[2022/07/18 12:28:16] - 37 	 34.5 	 	 28.7 	 	 0.1000 	 0.5607 	 0.8455 	 1.0844 	 	 0.5804 	 	 0.6453 	 0.8044 	 1.6047 	 	 0.4010
[2022/07/18 12:29:20] - 38 	 34.5 	 	 28.8 	 	 0.1000 	 0.5546 	 0.8470 	 1.0791 	 	 0.5825 	 	 0.6613 	 0.8051 	 1.6356 	 	 0.3990
[2022/07/18 12:30:23] - 39 	 34.5 	 	 28.7 	 	 0.1000 	 0.5535 	 0.8484 	 1.0776 	 	 0.5832 	 	 0.6434 	 0.7964 	 1.7190 	 	 0.3840
[2022/07/18 12:31:27] - 40 	 34.7 	 	 28.8 	 	 0.1000 	 0.5511 	 0.8481 	 1.0737 	 	 0.5840 	 	 0.6541 	 0.8001 	 1.6186 	 	 0.4018
[2022/07/18 12:32:30] - 41 	 34.5 	 	 28.8 	 	 0.1000 	 0.5459 	 0.8502 	 1.0712 	 	 0.5849 	 	 0.6380 	 0.8020 	 1.6235 	 	 0.4091
[2022/07/18 12:33:33] - 42 	 34.5 	 	 28.7 	 	 0.1000 	 0.5443 	 0.8491 	 1.0690 	 	 0.5880 	 	 0.6457 	 0.7942 	 1.6103 	 	 0.4162
[2022/07/18 12:34:37] - 43 	 34.4 	 	 28.8 	 	 0.1000 	 0.5376 	 0.8537 	 1.0638 	 	 0.5882 	 	 0.6366 	 0.7988 	 1.6677 	 	 0.3988
[2022/07/18 12:35:40] - 44 	 34.5 	 	 28.8 	 	 0.1000 	 0.5337 	 0.8531 	 1.0591 	 	 0.5887 	 	 0.6477 	 0.8039 	 1.6027 	 	 0.4041
[2022/07/18 12:36:43] - 45 	 34.5 	 	 28.7 	 	 0.1000 	 0.5307 	 0.8548 	 1.0570 	 	 0.5905 	 	 0.6074 	 0.8039 	 1.6358 	 	 0.4015
[2022/07/18 12:37:46] - 46 	 34.4 	 	 28.8 	 	 0.1000 	 0.5314 	 0.8564 	 1.0584 	 	 0.5913 	 	 0.6107 	 0.8054 	 1.6985 	 	 0.4074
[2022/07/18 12:38:50] - 47 	 34.6 	 	 28.7 	 	 0.1000 	 0.5218 	 0.8575 	 1.0467 	 	 0.5954 	 	 0.6082 	 0.8094 	 1.6451 	 	 0.4053
[2022/07/18 12:39:53] - 48 	 34.5 	 	 28.7 	 	 0.1000 	 0.5239 	 0.8579 	 1.0525 	 	 0.5906 	 	 0.6309 	 0.7879 	 1.7072 	 	 0.3969
[2022/07/18 12:40:56] - 49 	 34.8 	 	 28.8 	 	 0.1000 	 0.5223 	 0.8579 	 1.0495 	 	 0.5934 	 	 0.6682 	 0.7903 	 1.6846 	 	 0.3937
[2022/07/18 12:42:00] - 50 	 34.6 	 	 28.7 	 	 0.1000 	 0.5168 	 0.8585 	 1.0431 	 	 0.5961 	 	 0.6168 	 0.8034 	 1.6700 	 	 0.3953
[2022/07/18 12:43:03] - 51 	 34.5 	 	 28.8 	 	 0.1000 	 0.5123 	 0.8614 	 1.0403 	 	 0.5972 	 	 0.6128 	 0.8055 	 1.6427 	 	 0.4022
[2022/07/18 12:44:07] - 52 	 34.5 	 	 28.7 	 	 0.1000 	 0.5072 	 0.8631 	 1.0359 	 	 0.5990 	 	 0.6069 	 0.8107 	 1.6415 	 	 0.4037
[2022/07/18 12:45:10] - 53 	 34.5 	 	 28.7 	 	 0.1000 	 0.5102 	 0.8624 	 1.0383 	 	 0.5974 	 	 0.6108 	 0.8083 	 1.5989 	 	 0.4230
[2022/07/18 12:46:13] - 54 	 34.5 	 	 28.7 	 	 0.1000 	 0.5019 	 0.8633 	 1.0302 	 	 0.6013 	 	 0.5975 	 0.8122 	 1.6628 	 	 0.3999
[2022/07/18 12:47:16] - 55 	 34.4 	 	 28.7 	 	 0.1000 	 0.5032 	 0.8630 	 1.0313 	 	 0.5991 	 	 0.6024 	 0.8151 	 1.6679 	 	 0.3972
[2022/07/18 12:48:20] - 56 	 34.4 	 	 28.8 	 	 0.1000 	 0.5037 	 0.8640 	 1.0307 	 	 0.5993 	 	 0.5933 	 0.8123 	 1.6631 	 	 0.4048
[2022/07/18 12:49:23] - 57 	 34.5 	 	 28.8 	 	 0.1000 	 0.4977 	 0.8672 	 1.0233 	 	 0.5995 	 	 0.6125 	 0.8037 	 1.6277 	 	 0.4122
[2022/07/18 12:50:26] - 58 	 34.4 	 	 28.7 	 	 0.1000 	 0.4999 	 0.8648 	 1.0304 	 	 0.5978 	 	 0.6219 	 0.8050 	 1.6805 	 	 0.3839
[2022/07/18 12:51:29] - 59 	 34.4 	 	 28.7 	 	 0.1000 	 0.4927 	 0.8681 	 1.0236 	 	 0.6028 	 	 0.6146 	 0.8096 	 1.6298 	 	 0.4067
[2022/07/18 12:52:33] - 60 	 34.4 	 	 28.7 	 	 0.1000 	 0.4980 	 0.8660 	 1.0274 	 	 0.6006 	 	 0.6205 	 0.7984 	 1.6201 	 	 0.4100
[2022/07/18 12:53:36] - 61 	 34.4 	 	 28.7 	 	 0.1000 	 0.4923 	 0.8691 	 1.0207 	 	 0.6019 	 	 0.6041 	 0.8148 	 1.6566 	 	 0.4102
[2022/07/18 12:54:39] - 62 	 34.4 	 	 28.7 	 	 0.1000 	 0.4890 	 0.8706 	 1.0195 	 	 0.6021 	 	 0.6181 	 0.8040 	 1.6765 	 	 0.4034
[2022/07/18 12:55:42] - 63 	 34.4 	 	 28.7 	 	 0.1000 	 0.4902 	 0.8686 	 1.0217 	 	 0.6003 	 	 0.6031 	 0.8158 	 1.6558 	 	 0.4009
[2022/07/18 12:56:45] - 64 	 34.4 	 	 28.7 	 	 0.1000 	 0.4896 	 0.8701 	 1.0210 	 	 0.6004 	 	 0.6007 	 0.8188 	 1.6382 	 	 0.3995
[2022/07/18 12:57:48] - 65 	 34.4 	 	 28.7 	 	 0.1000 	 0.4857 	 0.8699 	 1.0149 	 	 0.6015 	 	 0.6027 	 0.8090 	 1.6743 	 	 0.4093
[2022/07/18 12:58:51] - 66 	 34.4 	 	 28.7 	 	 0.1000 	 0.4848 	 0.8722 	 1.0148 	 	 0.6047 	 	 0.6195 	 0.8080 	 1.6689 	 	 0.4062
[2022/07/18 12:59:54] - 67 	 34.4 	 	 28.7 	 	 0.1000 	 0.4815 	 0.8716 	 1.0118 	 	 0.6058 	 	 0.5716 	 0.8242 	 1.6470 	 	 0.4151
[2022/07/18 13:00:58] - 68 	 34.4 	 	 28.8 	 	 0.1000 	 0.4794 	 0.8724 	 1.0070 	 	 0.6058 	 	 0.5692 	 0.8271 	 1.6922 	 	 0.3932
[2022/07/18 13:02:01] - 69 	 34.4 	 	 28.7 	 	 0.1000 	 0.4809 	 0.8710 	 1.0098 	 	 0.6050 	 	 0.6026 	 0.8152 	 1.6816 	 	 0.3950
[2022/07/18 13:03:04] - 70 	 34.4 	 	 28.7 	 	 0.1000 	 0.4742 	 0.8727 	 1.0068 	 	 0.6112 	 	 0.6197 	 0.7931 	 1.6175 	 	 0.4210
[2022/07/18 13:04:07] - 71 	 34.3 	 	 28.7 	 	 0.1000 	 0.4801 	 0.8714 	 1.0125 	 	 0.6047 	 	 0.5866 	 0.8139 	 1.6323 	 	 0.4165
[2022/07/18 13:05:10] - 72 	 34.4 	 	 28.8 	 	 0.1000 	 0.4772 	 0.8737 	 1.0066 	 	 0.6072 	 	 0.6034 	 0.8109 	 1.6858 	 	 0.3962
[2022/07/18 13:06:13] - 73 	 34.4 	 	 28.7 	 	 0.1000 	 0.4750 	 0.8714 	 1.0060 	 	 0.6066 	 	 0.5920 	 0.8167 	 1.7234 	 	 0.3957
[2022/07/18 13:07:17] - 74 	 34.4 	 	 28.7 	 	 0.1000 	 0.4755 	 0.8722 	 1.0061 	 	 0.6057 	 	 0.6109 	 0.8000 	 1.6918 	 	 0.4030
[2022/07/18 13:08:20] - 75 	 34.5 	 	 28.7 	 	 0.1000 	 0.4706 	 0.8747 	 1.0002 	 	 0.6074 	 	 0.5939 	 0.8238 	 1.6354 	 	 0.4060
[2022/07/18 13:09:23] - 76 	 34.5 	 	 28.8 	 	 0.1000 	 0.4743 	 0.8736 	 1.0056 	 	 0.6066 	 	 0.5790 	 0.8226 	 1.6737 	 	 0.4019
[2022/07/18 13:10:26] - 77 	 34.4 	 	 28.7 	 	 0.1000 	 0.4724 	 0.8752 	 1.0056 	 	 0.6055 	 	 0.6016 	 0.8074 	 1.6907 	 	 0.4089
[2022/07/18 13:11:29] - 78 	 34.4 	 	 28.8 	 	 0.1000 	 0.4684 	 0.8766 	 0.9974 	 	 0.6091 	 	 0.5711 	 0.8218 	 1.7115 	 	 0.3869
[2022/07/18 13:12:33] - 79 	 34.4 	 	 28.8 	 	 0.1000 	 0.4677 	 0.8768 	 0.9988 	 	 0.6085 	 	 0.5760 	 0.8201 	 1.6582 	 	 0.4064
[2022/07/18 13:13:36] - 80 	 34.4 	 	 28.8 	 	 0.1000 	 0.4654 	 0.8775 	 0.9954 	 	 0.6115 	 	 0.6136 	 0.8061 	 1.6807 	 	 0.4029
[2022/07/18 13:14:39] - 81 	 34.4 	 	 28.7 	 	 0.1000 	 0.4636 	 0.8780 	 0.9951 	 	 0.6110 	 	 0.5990 	 0.8183 	 1.7036 	 	 0.3912
[2022/07/18 13:15:43] - 82 	 34.4 	 	 28.8 	 	 0.1000 	 0.4645 	 0.8787 	 0.9971 	 	 0.6082 	 	 0.5617 	 0.8278 	 1.7038 	 	 0.3985
[2022/07/18 13:16:46] - 83 	 34.4 	 	 28.7 	 	 0.1000 	 0.4631 	 0.8775 	 0.9940 	 	 0.6096 	 	 0.5790 	 0.8131 	 1.6904 	 	 0.4013
[2022/07/18 13:17:49] - 84 	 34.4 	 	 28.7 	 	 0.1000 	 0.4619 	 0.8798 	 0.9935 	 	 0.6092 	 	 0.6179 	 0.8068 	 1.6431 	 	 0.4061
[2022/07/18 13:18:52] - 85 	 34.4 	 	 28.7 	 	 0.1000 	 0.4609 	 0.8774 	 0.9917 	 	 0.6095 	 	 0.5946 	 0.8203 	 1.6291 	 	 0.4108
[2022/07/18 13:19:55] - 86 	 34.4 	 	 28.7 	 	 0.1000 	 0.4620 	 0.8767 	 0.9930 	 	 0.6085 	 	 0.6014 	 0.8103 	 1.6688 	 	 0.4053
[2022/07/18 13:20:58] - 87 	 34.4 	 	 28.8 	 	 0.1000 	 0.4555 	 0.8819 	 0.9884 	 	 0.6096 	 	 0.5939 	 0.8141 	 1.7063 	 	 0.3966
[2022/07/18 13:22:01] - 88 	 34.4 	 	 28.7 	 	 0.1000 	 0.4583 	 0.8794 	 0.9900 	 	 0.6124 	 	 0.6005 	 0.8041 	 1.6772 	 	 0.4038
[2022/07/18 13:23:04] - 89 	 34.4 	 	 28.7 	 	 0.1000 	 0.4545 	 0.8793 	 0.9844 	 	 0.6137 	 	 0.5752 	 0.8290 	 1.6241 	 	 0.4121
[2022/07/18 13:24:08] - 90 	 34.4 	 	 28.7 	 	 0.1000 	 0.4510 	 0.8806 	 0.9823 	 	 0.6159 	 	 0.5956 	 0.8183 	 1.6917 	 	 0.3932
[2022/07/18 13:25:11] - 91 	 34.4 	 	 28.7 	 	 0.1000 	 0.4556 	 0.8780 	 0.9856 	 	 0.6117 	 	 0.5711 	 0.8353 	 1.6308 	 	 0.4072
[2022/07/18 13:26:14] - 92 	 34.4 	 	 28.7 	 	 0.1000 	 0.4525 	 0.8801 	 0.9852 	 	 0.6159 	 	 0.6042 	 0.8185 	 1.6214 	 	 0.4112
[2022/07/18 13:27:17] - 93 	 34.3 	 	 28.7 	 	 0.1000 	 0.4528 	 0.8819 	 0.9839 	 	 0.6132 	 	 0.5666 	 0.8330 	 1.6812 	 	 0.4036
[2022/07/18 13:28:20] - 94 	 34.4 	 	 28.7 	 	 0.1000 	 0.4569 	 0.8806 	 0.9895 	 	 0.6112 	 	 0.5769 	 0.8191 	 1.6941 	 	 0.4005
[2022/07/18 13:29:23] - 95 	 34.4 	 	 28.7 	 	 0.1000 	 0.4494 	 0.8815 	 0.9814 	 	 0.6153 	 	 0.5897 	 0.8099 	 1.6724 	 	 0.4007
[2022/07/18 13:30:27] - 96 	 34.4 	 	 28.8 	 	 0.1000 	 0.4498 	 0.8805 	 0.9803 	 	 0.6159 	 	 0.5698 	 0.8233 	 1.7126 	 	 0.3938
[2022/07/18 13:31:30] - 97 	 34.4 	 	 28.7 	 	 0.1000 	 0.4514 	 0.8811 	 0.9840 	 	 0.6131 	 	 0.6078 	 0.8070 	 1.6690 	 	 0.4010
[2022/07/18 13:32:33] - 98 	 34.4 	 	 28.7 	 	 0.1000 	 0.4471 	 0.8810 	 0.9807 	 	 0.6136 	 	 0.5776 	 0.8194 	 1.6563 	 	 0.4011
[2022/07/18 13:33:36] - 99 	 34.4 	 	 28.7 	 	 0.0100 	 0.4483 	 0.8807 	 0.9792 	 	 0.6140 	 	 0.6021 	 0.8040 	 1.6778 	 	 0.4024
[2022/07/18 13:34:39] - 100 	 34.4 	 	 28.7 	 	 0.0100 	 0.3702 	 0.9004 	 0.7758 	 	 0.6931 	 	 0.4327 	 0.8643 	 1.6151 	 	 0.4464
[2022/07/18 13:35:43] - 101 	 34.4 	 	 28.8 	 	 0.0100 	 0.3039 	 0.9196 	 0.6928 	 	 0.7207 	 	 0.4269 	 0.8691 	 1.6103 	 	 0.4496
[2022/07/18 13:36:46] - 102 	 34.4 	 	 28.7 	 	 0.0100 	 0.2762 	 0.9280 	 0.6539 	 	 0.7369 	 	 0.4111 	 0.8698 	 1.6405 	 	 0.4504
[2022/07/18 13:37:49] - 103 	 34.4 	 	 28.7 	 	 0.0100 	 0.2570 	 0.9337 	 0.6256 	 	 0.7447 	 	 0.3950 	 0.8711 	 1.7340 	 	 0.4446
[2022/07/18 13:38:52] - 104 	 34.3 	 	 28.7 	 	 0.0100 	 0.2366 	 0.9390 	 0.5975 	 	 0.7540 	 	 0.4082 	 0.8699 	 1.7622 	 	 0.4421
[2022/07/18 13:39:56] - 105 	 34.4 	 	 28.7 	 	 0.0100 	 0.2202 	 0.9450 	 0.5709 	 	 0.7638 	 	 0.3999 	 0.8677 	 1.7653 	 	 0.4435
[2022/07/18 13:40:59] - 106 	 34.4 	 	 28.8 	 	 0.0100 	 0.2071 	 0.9495 	 0.5551 	 	 0.7675 	 	 0.3806 	 0.8758 	 1.8558 	 	 0.4399
[2022/07/18 13:42:02] - 107 	 34.4 	 	 28.8 	 	 0.0100 	 0.1970 	 0.9530 	 0.5387 	 	 0.7756 	 	 0.3865 	 0.8747 	 1.8969 	 	 0.4384
[2022/07/18 13:43:05] - 108 	 34.4 	 	 28.7 	 	 0.0100 	 0.1858 	 0.9556 	 0.5231 	 	 0.7816 	 	 0.3904 	 0.8688 	 1.9379 	 	 0.4337
[2022/07/18 13:44:08] - 109 	 34.4 	 	 28.7 	 	 0.0100 	 0.1750 	 0.9593 	 0.5076 	 	 0.7864 	 	 0.3909 	 0.8734 	 2.0112 	 	 0.4281
[2022/07/18 13:45:12] - 110 	 34.4 	 	 28.8 	 	 0.0100 	 0.1665 	 0.9640 	 0.4993 	 	 0.7899 	 	 0.3874 	 0.8728 	 2.0323 	 	 0.4272
[2022/07/18 13:46:15] - 111 	 34.4 	 	 28.7 	 	 0.0100 	 0.1595 	 0.9647 	 0.4876 	 	 0.7937 	 	 0.3860 	 0.8739 	 2.0731 	 	 0.4299
[2022/07/18 13:47:18] - 112 	 34.4 	 	 28.7 	 	 0.0100 	 0.1524 	 0.9666 	 0.4762 	 	 0.7991 	 	 0.3822 	 0.8758 	 2.1559 	 	 0.4163
[2022/07/18 13:48:21] - 113 	 34.4 	 	 28.7 	 	 0.0100 	 0.1442 	 0.9684 	 0.4661 	 	 0.8011 	 	 0.4008 	 0.8695 	 2.1097 	 	 0.4174
[2022/07/18 13:49:24] - 114 	 34.3 	 	 28.7 	 	 0.0100 	 0.1389 	 0.9705 	 0.4574 	 	 0.8047 	 	 0.3906 	 0.8703 	 2.2639 	 	 0.4176
[2022/07/18 13:50:27] - 115 	 34.4 	 	 28.7 	 	 0.0100 	 0.1345 	 0.9721 	 0.4525 	 	 0.8081 	 	 0.3943 	 0.8705 	 2.2102 	 	 0.4143
[2022/07/18 13:51:30] - 116 	 34.4 	 	 28.7 	 	 0.0100 	 0.1292 	 0.9744 	 0.4462 	 	 0.8088 	 	 0.4017 	 0.8679 	 2.2101 	 	 0.4200
[2022/07/18 13:52:33] - 117 	 34.4 	 	 28.8 	 	 0.0100 	 0.1237 	 0.9756 	 0.4384 	 	 0.8128 	 	 0.3895 	 0.8693 	 2.3141 	 	 0.4207
[2022/07/18 13:53:37] - 118 	 34.4 	 	 28.7 	 	 0.0100 	 0.1195 	 0.9767 	 0.4341 	 	 0.8148 	 	 0.4089 	 0.8632 	 2.3547 	 	 0.4118
[2022/07/18 13:54:40] - 119 	 34.4 	 	 28.7 	 	 0.0100 	 0.1164 	 0.9766 	 0.4284 	 	 0.8181 	 	 0.4120 	 0.8641 	 2.3830 	 	 0.3965
[2022/07/18 13:55:43] - 120 	 34.4 	 	 28.7 	 	 0.0100 	 0.1131 	 0.9789 	 0.4238 	 	 0.8192 	 	 0.3857 	 0.8718 	 2.3622 	 	 0.4025
[2022/07/18 13:56:46] - 121 	 34.4 	 	 28.7 	 	 0.0100 	 0.1098 	 0.9792 	 0.4210 	 	 0.8197 	 	 0.3994 	 0.8695 	 2.3710 	 	 0.4050
[2022/07/18 13:57:49] - 122 	 34.4 	 	 28.7 	 	 0.0100 	 0.1065 	 0.9808 	 0.4170 	 	 0.8205 	 	 0.3923 	 0.8729 	 2.4954 	 	 0.3955
[2022/07/18 13:58:52] - 123 	 34.4 	 	 28.7 	 	 0.0100 	 0.1027 	 0.9822 	 0.4101 	 	 0.8234 	 	 0.4092 	 0.8663 	 2.4871 	 	 0.4009
[2022/07/18 13:59:56] - 124 	 34.4 	 	 28.7 	 	 0.0100 	 0.1019 	 0.9818 	 0.4122 	 	 0.8238 	 	 0.4039 	 0.8699 	 2.4566 	 	 0.4008
[2022/07/18 14:00:59] - 125 	 34.3 	 	 28.7 	 	 0.0100 	 0.0967 	 0.9831 	 0.4036 	 	 0.8258 	 	 0.4096 	 0.8644 	 2.4516 	 	 0.4031
[2022/07/18 14:02:02] - 126 	 34.4 	 	 28.7 	 	 0.0100 	 0.0951 	 0.9833 	 0.4032 	 	 0.8279 	 	 0.4145 	 0.8660 	 2.4725 	 	 0.3973
[2022/07/18 14:03:05] - 127 	 34.4 	 	 28.7 	 	 0.0100 	 0.0938 	 0.9831 	 0.3995 	 	 0.8278 	 	 0.4062 	 0.8681 	 2.5840 	 	 0.3931
[2022/07/18 14:04:08] - 128 	 34.4 	 	 28.7 	 	 0.0100 	 0.0889 	 0.9858 	 0.3911 	 	 0.8336 	 	 0.4054 	 0.8672 	 2.6256 	 	 0.3827
[2022/07/18 14:05:11] - 129 	 34.4 	 	 28.7 	 	 0.0100 	 0.0880 	 0.9856 	 0.3917 	 	 0.8333 	 	 0.4087 	 0.8664 	 2.5460 	 	 0.3941
[2022/07/18 14:06:15] - 130 	 34.4 	 	 28.7 	 	 0.0100 	 0.0855 	 0.9865 	 0.3866 	 	 0.8340 	 	 0.4023 	 0.8624 	 2.5659 	 	 0.3851
[2022/07/18 14:07:18] - 131 	 34.4 	 	 28.7 	 	 0.0100 	 0.0845 	 0.9867 	 0.3860 	 	 0.8330 	 	 0.4087 	 0.8664 	 2.6789 	 	 0.3775
[2022/07/18 14:08:21] - 132 	 34.4 	 	 28.7 	 	 0.0100 	 0.0814 	 0.9880 	 0.3824 	 	 0.8361 	 	 0.4119 	 0.8668 	 2.5751 	 	 0.3794
[2022/07/18 14:09:24] - 133 	 34.5 	 	 28.7 	 	 0.0100 	 0.0814 	 0.9868 	 0.3877 	 	 0.8350 	 	 0.4188 	 0.8633 	 2.5756 	 	 0.4017
[2022/07/18 14:10:27] - 134 	 34.4 	 	 28.7 	 	 0.0100 	 0.0783 	 0.9873 	 0.3777 	 	 0.8383 	 	 0.4024 	 0.8678 	 2.6572 	 	 0.3894
[2022/07/18 14:11:30] - 135 	 34.4 	 	 28.7 	 	 0.0100 	 0.0761 	 0.9889 	 0.3749 	 	 0.8386 	 	 0.4100 	 0.8662 	 2.6712 	 	 0.3857
[2022/07/18 14:12:34] - 136 	 34.6 	 	 28.7 	 	 0.0100 	 0.0748 	 0.9885 	 0.3714 	 	 0.8405 	 	 0.4248 	 0.8641 	 2.6581 	 	 0.3843
[2022/07/18 14:13:37] - 137 	 34.6 	 	 28.7 	 	 0.0100 	 0.0732 	 0.9892 	 0.3694 	 	 0.8398 	 	 0.4174 	 0.8634 	 2.5997 	 	 0.3863
[2022/07/18 14:14:40] - 138 	 34.5 	 	 28.7 	 	 0.0100 	 0.0706 	 0.9899 	 0.3653 	 	 0.8433 	 	 0.4170 	 0.8656 	 2.7375 	 	 0.3887
[2022/07/18 14:15:43] - 139 	 34.4 	 	 28.7 	 	 0.0100 	 0.0695 	 0.9902 	 0.3628 	 	 0.8439 	 	 0.4243 	 0.8626 	 2.6286 	 	 0.3805
[2022/07/18 14:16:47] - 140 	 34.4 	 	 28.7 	 	 0.0100 	 0.0674 	 0.9906 	 0.3580 	 	 0.8474 	 	 0.4080 	 0.8651 	 2.6936 	 	 0.3808
[2022/07/18 14:17:50] - 141 	 34.4 	 	 28.7 	 	 0.0100 	 0.0674 	 0.9905 	 0.3595 	 	 0.8451 	 	 0.4227 	 0.8625 	 2.6629 	 	 0.3921
[2022/07/18 14:18:53] - 142 	 34.4 	 	 28.7 	 	 0.0100 	 0.0639 	 0.9915 	 0.3558 	 	 0.8481 	 	 0.4187 	 0.8612 	 2.6897 	 	 0.3770
[2022/07/18 14:19:56] - 143 	 34.3 	 	 28.7 	 	 0.0100 	 0.0629 	 0.9920 	 0.3602 	 	 0.8468 	 	 0.4161 	 0.8630 	 2.6977 	 	 0.3883
[2022/07/18 14:20:59] - 144 	 34.3 	 	 28.7 	 	 0.0100 	 0.0617 	 0.9922 	 0.3480 	 	 0.8520 	 	 0.4183 	 0.8618 	 2.7595 	 	 0.3898
[2022/07/18 14:22:02] - 145 	 34.4 	 	 28.7 	 	 0.0100 	 0.0590 	 0.9921 	 0.3453 	 	 0.8514 	 	 0.4201 	 0.8640 	 2.7445 	 	 0.3814
[2022/07/18 14:23:05] - 146 	 34.4 	 	 28.7 	 	 0.0100 	 0.0585 	 0.9928 	 0.3435 	 	 0.8532 	 	 0.4137 	 0.8624 	 2.8027 	 	 0.3804
[2022/07/18 14:24:09] - 147 	 34.4 	 	 28.7 	 	 0.0100 	 0.0567 	 0.9928 	 0.3449 	 	 0.8534 	 	 0.4237 	 0.8627 	 2.7896 	 	 0.3722
[2022/07/18 14:25:12] - 148 	 34.4 	 	 28.7 	 	 0.0100 	 0.0565 	 0.9928 	 0.3366 	 	 0.8564 	 	 0.4146 	 0.8639 	 2.8718 	 	 0.3715
[2022/07/18 14:26:15] - 149 	 34.3 	 	 28.7 	 	 0.0010 	 0.0535 	 0.9931 	 0.3347 	 	 0.8573 	 	 0.4267 	 0.8637 	 2.7884 	 	 0.3848
[2022/07/18 14:27:18] - 150 	 34.3 	 	 28.7 	 	 0.0010 	 0.0412 	 0.9950 	 0.2301 	 	 0.9083 	 	 0.4038 	 0.8711 	 3.0410 	 	 0.3939
[2022/07/18 14:28:21] - 151 	 34.3 	 	 28.7 	 	 0.0010 	 0.0305 	 0.9964 	 0.1898 	 	 0.9239 	 	 0.4131 	 0.8724 	 3.1932 	 	 0.3938
[2022/07/18 14:29:24] - 152 	 34.4 	 	 28.7 	 	 0.0010 	 0.0257 	 0.9970 	 0.1676 	 	 0.9325 	 	 0.4104 	 0.8718 	 3.2435 	 	 0.3878
[2022/07/18 14:30:27] - 153 	 34.4 	 	 28.7 	 	 0.0010 	 0.0226 	 0.9973 	 0.1552 	 	 0.9379 	 	 0.4249 	 0.8716 	 3.3850 	 	 0.3892
[2022/07/18 14:31:31] - 154 	 34.4 	 	 28.7 	 	 0.0010 	 0.0206 	 0.9974 	 0.1463 	 	 0.9420 	 	 0.4319 	 0.8698 	 3.3803 	 	 0.3908
[2022/07/18 14:32:34] - 155 	 34.4 	 	 28.7 	 	 0.0010 	 0.0191 	 0.9979 	 0.1395 	 	 0.9439 	 	 0.4334 	 0.8699 	 3.5010 	 	 0.3883
[2022/07/18 14:33:37] - 156 	 34.4 	 	 28.7 	 	 0.0010 	 0.0176 	 0.9978 	 0.1320 	 	 0.9468 	 	 0.4295 	 0.8739 	 3.6700 	 	 0.3863
[2022/07/18 14:34:40] - 157 	 34.4 	 	 28.8 	 	 0.0010 	 0.0167 	 0.9980 	 0.1274 	 	 0.9488 	 	 0.4465 	 0.8705 	 3.7229 	 	 0.3845
[2022/07/18 14:35:43] - 158 	 34.4 	 	 28.7 	 	 0.0010 	 0.0155 	 0.9982 	 0.1198 	 	 0.9521 	 	 0.4439 	 0.8712 	 3.6689 	 	 0.3961
[2022/07/18 14:36:46] - 159 	 34.4 	 	 28.7 	 	 0.0010 	 0.0144 	 0.9984 	 0.1156 	 	 0.9539 	 	 0.4469 	 0.8756 	 3.7323 	 	 0.3913
[2022/07/18 14:37:50] - 160 	 34.4 	 	 28.7 	 	 0.0010 	 0.0134 	 0.9985 	 0.1134 	 	 0.9538 	 	 0.4572 	 0.8704 	 3.7621 	 	 0.3904
[2022/07/18 14:38:53] - 161 	 34.4 	 	 28.7 	 	 0.0010 	 0.0125 	 0.9987 	 0.1068 	 	 0.9563 	 	 0.4483 	 0.8726 	 3.8611 	 	 0.3885
[2022/07/18 14:39:56] - 162 	 34.4 	 	 28.7 	 	 0.0010 	 0.0120 	 0.9988 	 0.1065 	 	 0.9579 	 	 0.4523 	 0.8752 	 4.0645 	 	 0.3860
[2022/07/18 14:40:59] - 163 	 34.4 	 	 28.7 	 	 0.0010 	 0.0114 	 0.9988 	 0.1024 	 	 0.9594 	 	 0.4607 	 0.8724 	 3.9715 	 	 0.3846
[2022/07/18 14:42:02] - 164 	 34.4 	 	 28.7 	 	 0.0010 	 0.0109 	 0.9989 	 0.1005 	 	 0.9600 	 	 0.4802 	 0.8676 	 4.0023 	 	 0.3778
[2022/07/18 14:43:05] - 165 	 34.4 	 	 28.7 	 	 0.0010 	 0.0106 	 0.9987 	 0.0970 	 	 0.9614 	 	 0.4621 	 0.8721 	 4.0197 	 	 0.3878
[2022/07/18 14:44:08] - 166 	 34.3 	 	 28.7 	 	 0.0010 	 0.0101 	 0.9987 	 0.0952 	 	 0.9621 	 	 0.4746 	 0.8701 	 4.1137 	 	 0.3815
[2022/07/18 14:45:11] - 167 	 34.3 	 	 28.7 	 	 0.0010 	 0.0094 	 0.9991 	 0.0916 	 	 0.9634 	 	 0.4709 	 0.8702 	 4.0071 	 	 0.3851
[2022/07/18 14:46:14] - 168 	 34.4 	 	 28.7 	 	 0.0010 	 0.0089 	 0.9990 	 0.0898 	 	 0.9646 	 	 0.4847 	 0.8705 	 4.2294 	 	 0.3874
[2022/07/18 14:47:17] - 169 	 34.3 	 	 28.7 	 	 0.0010 	 0.0085 	 0.9992 	 0.0884 	 	 0.9651 	 	 0.4797 	 0.8700 	 4.1228 	 	 0.3855
[2022/07/18 14:48:21] - 170 	 34.3 	 	 28.7 	 	 0.0010 	 0.0082 	 0.9991 	 0.0852 	 	 0.9671 	 	 0.4733 	 0.8719 	 4.2324 	 	 0.3827
[2022/07/18 14:49:24] - 171 	 34.4 	 	 28.7 	 	 0.0010 	 0.0077 	 0.9991 	 0.0823 	 	 0.9675 	 	 0.4759 	 0.8721 	 4.1735 	 	 0.3864
[2022/07/18 14:50:27] - 172 	 34.4 	 	 28.7 	 	 0.0010 	 0.0073 	 0.9993 	 0.0828 	 	 0.9674 	 	 0.4749 	 0.8720 	 4.1979 	 	 0.3857
[2022/07/18 14:51:30] - 173 	 34.3 	 	 28.7 	 	 0.0010 	 0.0072 	 0.9993 	 0.0805 	 	 0.9687 	 	 0.5076 	 0.8670 	 4.3539 	 	 0.3813
[2022/07/18 14:52:33] - 174 	 34.4 	 	 28.7 	 	 0.0010 	 0.0069 	 0.9993 	 0.0787 	 	 0.9701 	 	 0.4982 	 0.8693 	 4.3081 	 	 0.3913
[2022/07/18 14:53:36] - 175 	 34.4 	 	 28.7 	 	 0.0010 	 0.0062 	 0.9994 	 0.0775 	 	 0.9703 	 	 0.5016 	 0.8701 	 4.3242 	 	 0.3884
[2022/07/18 14:54:39] - 176 	 34.4 	 	 28.7 	 	 0.0010 	 0.0063 	 0.9994 	 0.0767 	 	 0.9702 	 	 0.4958 	 0.8720 	 4.4265 	 	 0.3795
[2022/07/18 14:55:43] - 177 	 34.4 	 	 28.7 	 	 0.0010 	 0.0062 	 0.9995 	 0.0752 	 	 0.9706 	 	 0.5129 	 0.8683 	 4.5493 	 	 0.3783
[2022/07/18 14:56:46] - 178 	 34.4 	 	 28.7 	 	 0.0010 	 0.0057 	 0.9994 	 0.0705 	 	 0.9733 	 	 0.4906 	 0.8749 	 4.3863 	 	 0.3877
[2022/07/18 14:57:49] - 179 	 34.3 	 	 28.7 	 	 0.0010 	 0.0053 	 0.9995 	 0.0697 	 	 0.9737 	 	 0.5063 	 0.8719 	 4.5396 	 	 0.3820
[2022/07/18 14:58:52] - 180 	 34.4 	 	 28.7 	 	 0.0010 	 0.0054 	 0.9995 	 0.0699 	 	 0.9738 	 	 0.4994 	 0.8709 	 4.4459 	 	 0.3867
[2022/07/18 14:59:55] - 181 	 34.4 	 	 28.7 	 	 0.0010 	 0.0052 	 0.9995 	 0.0684 	 	 0.9738 	 	 0.5021 	 0.8721 	 4.5682 	 	 0.3826
[2022/07/18 15:00:58] - 182 	 34.4 	 	 28.7 	 	 0.0010 	 0.0053 	 0.9994 	 0.0672 	 	 0.9754 	 	 0.4958 	 0.8716 	 4.6162 	 	 0.3820
[2022/07/18 15:02:02] - 183 	 34.4 	 	 28.7 	 	 0.0010 	 0.0047 	 0.9994 	 0.0649 	 	 0.9759 	 	 0.5120 	 0.8694 	 4.6036 	 	 0.3826
[2022/07/18 15:03:05] - 184 	 34.4 	 	 28.7 	 	 0.0010 	 0.0046 	 0.9996 	 0.0640 	 	 0.9763 	 	 0.5077 	 0.8715 	 4.6012 	 	 0.3829
[2022/07/18 15:04:08] - 185 	 34.4 	 	 28.7 	 	 0.0010 	 0.0046 	 0.9996 	 0.0635 	 	 0.9758 	 	 0.5267 	 0.8684 	 4.6053 	 	 0.3786
[2022/07/18 15:05:11] - 186 	 34.4 	 	 28.7 	 	 0.0010 	 0.0044 	 0.9994 	 0.0636 	 	 0.9757 	 	 0.5155 	 0.8735 	 4.7212 	 	 0.3780
[2022/07/18 15:06:14] - 187 	 34.4 	 	 28.7 	 	 0.0010 	 0.0041 	 0.9996 	 0.0592 	 	 0.9774 	 	 0.5248 	 0.8694 	 4.7312 	 	 0.3810
[2022/07/18 15:07:17] - 188 	 34.4 	 	 28.7 	 	 0.0010 	 0.0039 	 0.9996 	 0.0607 	 	 0.9769 	 	 0.5125 	 0.8745 	 4.7160 	 	 0.3835
[2022/07/18 15:08:20] - 189 	 34.4 	 	 28.7 	 	 0.0010 	 0.0039 	 0.9996 	 0.0605 	 	 0.9776 	 	 0.5113 	 0.8730 	 4.7347 	 	 0.3832
[2022/07/18 15:09:24] - 190 	 34.4 	 	 28.7 	 	 0.0010 	 0.0036 	 0.9996 	 0.0592 	 	 0.9776 	 	 0.5244 	 0.8713 	 4.8292 	 	 0.3839
[2022/07/18 15:10:27] - 191 	 34.3 	 	 28.7 	 	 0.0010 	 0.0035 	 0.9996 	 0.0591 	 	 0.9775 	 	 0.5259 	 0.8731 	 4.8347 	 	 0.3800
[2022/07/18 15:11:30] - 192 	 34.4 	 	 28.7 	 	 0.0010 	 0.0034 	 0.9997 	 0.0546 	 	 0.9794 	 	 0.5360 	 0.8693 	 4.9013 	 	 0.3803
[2022/07/18 15:12:33] - 193 	 34.4 	 	 28.7 	 	 0.0010 	 0.0033 	 0.9997 	 0.0548 	 	 0.9797 	 	 0.5409 	 0.8686 	 4.8938 	 	 0.3802
[2022/07/18 15:13:36] - 194 	 34.4 	 	 28.7 	 	 0.0010 	 0.0033 	 0.9997 	 0.0531 	 	 0.9808 	 	 0.5369 	 0.8690 	 4.8621 	 	 0.3898
[2022/07/18 15:14:39] - 195 	 34.4 	 	 28.7 	 	 0.0010 	 0.0031 	 0.9997 	 0.0558 	 	 0.9797 	 	 0.5322 	 0.8710 	 4.8859 	 	 0.3776
[2022/07/18 15:15:42] - 196 	 34.4 	 	 28.7 	 	 0.0010 	 0.0032 	 0.9997 	 0.0560 	 	 0.9785 	 	 0.5212 	 0.8707 	 4.7849 	 	 0.3835
[2022/07/18 15:16:45] - 197 	 34.4 	 	 28.7 	 	 0.0010 	 0.0030 	 0.9997 	 0.0540 	 	 0.9798 	 	 0.5222 	 0.8719 	 4.8645 	 	 0.3832
[2022/07/18 15:17:48] - 198 	 34.4 	 	 28.7 	 	 0.0010 	 0.0029 	 0.9997 	 0.0531 	 	 0.9805 	 	 0.5344 	 0.8692 	 4.9633 	 	 0.3794
[2022/07/18 15:18:52] - 199 	 34.3 	 	 28.7 	 	 0.0010 	 0.0030 	 0.9998 	 0.0545 	 	 0.9794 	 	 0.5278 	 0.8698 	 4.8760 	 	 0.3773
