[2022/07/13 22:23:13] - Namespace(attack='pgd', attack_iters=10, batch_size=128, chkpt_iters=10, cutout=True, cutout_len=10, data_dir='../cifar-data', dropout=0, epochs=200, epsilon=8, eval=False, fgsm_alpha=1.0, fgsm_init='random', fname='experiments/cifar10_fgsm_mixup/preactresnet18_1.0', half=False, l1=0, l2=0, lr_drop_epoch=100, lr_max=0.1, lr_one_drop=0.01, lr_schedule='piecewise', mixup=True, mixup_alpha=1.0, model='PreActResNet18', norm='l_inf', pgd_alpha=2, restarts=1, resume=0, seed=0, val=False, width_factor=10)
[2022/07/13 22:23:19] - Epoch 	 Train Time 	 Test Time 	 LR 	 	 Train Loss 	 Train Acc 	 Train Robust Loss 	 Train Robust Acc 	 Test Loss 	 Test Acc 	 Test Robust Loss 	 Test Robust Acc
[2022/07/13 22:28:03] - 0 	 244.8 	 	 38.6 	 	 0.1000 	 2.2145 	 0.1560 	 2.2847 	 	 0.1287 	 	 2.0906 	 0.2538 	 2.1856 	 	 0.2079
[2022/07/13 22:32:44] - 1 	 242.4 	 	 38.6 	 	 0.1000 	 2.1502 	 0.1875 	 2.2295 	 	 0.1484 	 	 1.9675 	 0.2956 	 2.0814 	 	 0.2419
[2022/07/13 22:37:25] - 2 	 242.2 	 	 38.6 	 	 0.1000 	 2.1006 	 0.2070 	 2.2092 	 	 0.1561 	 	 1.9401 	 0.3206 	 2.0753 	 	 0.2467
[2022/07/13 22:42:06] - 3 	 242.3 	 	 38.6 	 	 0.1000 	 2.0774 	 0.2073 	 2.1987 	 	 0.1544 	 	 1.8592 	 0.3569 	 1.9990 	 	 0.2694
[2022/07/13 22:46:47] - 4 	 242.2 	 	 38.6 	 	 0.1000 	 2.0448 	 0.2271 	 2.1815 	 	 0.1621 	 	 1.8338 	 0.3498 	 2.0041 	 	 0.2654
[2022/07/13 22:51:28] - 5 	 242.6 	 	 38.6 	 	 0.1000 	 2.0111 	 0.2213 	 2.1649 	 	 0.1596 	 	 1.7895 	 0.4040 	 1.9498 	 	 0.2968
[2022/07/13 22:56:09] - 6 	 242.3 	 	 38.6 	 	 0.1000 	 2.0195 	 0.2316 	 2.1718 	 	 0.1641 	 	 1.7699 	 0.4189 	 1.9329 	 	 0.3158
[2022/07/13 23:00:50] - 7 	 242.2 	 	 38.6 	 	 0.1000 	 1.9896 	 0.2379 	 2.1555 	 	 0.1665 	 	 1.7331 	 0.3734 	 1.9585 	 	 0.2711
[2022/07/13 23:05:31] - 8 	 242.3 	 	 38.6 	 	 0.1000 	 1.9973 	 0.2548 	 2.1607 	 	 0.1733 	 	 1.7910 	 0.3875 	 1.9636 	 	 0.2938
[2022/07/13 23:10:12] - 9 	 242.2 	 	 38.6 	 	 0.1000 	 1.9793 	 0.2504 	 2.1511 	 	 0.1719 	 	 1.7365 	 0.4087 	 1.9217 	 	 0.3041
[2022/07/13 23:14:53] - 10 	 242.2 	 	 38.6 	 	 0.1000 	 1.9544 	 0.2464 	 2.1375 	 	 0.1671 	 	 1.6446 	 0.4636 	 1.8500 	 	 0.3360
[2022/07/13 23:19:34] - 11 	 242.3 	 	 38.6 	 	 0.1000 	 1.9557 	 0.2549 	 2.1422 	 	 0.1719 	 	 1.6895 	 0.4452 	 1.8690 	 	 0.3296
[2022/07/13 23:24:15] - 12 	 242.2 	 	 38.6 	 	 0.1000 	 1.9437 	 0.2466 	 2.1350 	 	 0.1666 	 	 1.6889 	 0.4310 	 1.8912 	 	 0.3116
[2022/07/13 23:28:56] - 13 	 242.3 	 	 38.6 	 	 0.1000 	 1.9388 	 0.2753 	 2.1344 	 	 0.1799 	 	 1.6663 	 0.4277 	 1.8808 	 	 0.3047
[2022/07/13 23:33:37] - 14 	 242.2 	 	 38.6 	 	 0.1000 	 1.9399 	 0.2638 	 2.1368 	 	 0.1705 	 	 1.5823 	 0.4636 	 1.8229 	 	 0.3425
[2022/07/13 23:38:18] - 15 	 242.2 	 	 38.6 	 	 0.1000 	 1.9309 	 0.2670 	 2.1322 	 	 0.1736 	 	 1.6516 	 0.4698 	 1.8393 	 	 0.3598
[2022/07/13 23:42:59] - 16 	 242.2 	 	 38.6 	 	 0.1000 	 1.9202 	 0.2738 	 2.1264 	 	 0.1766 	 	 1.5846 	 0.5010 	 1.8073 	 	 0.3639
[2022/07/13 23:47:40] - 17 	 242.2 	 	 38.8 	 	 0.1000 	 1.9015 	 0.2726 	 2.1158 	 	 0.1758 	 	 1.6050 	 0.4872 	 1.8475 	 	 0.3245
[2022/07/13 23:52:21] - 18 	 242.6 	 	 38.6 	 	 0.1000 	 1.8997 	 0.2814 	 2.1169 	 	 0.1801 	 	 1.6186 	 0.5108 	 1.8259 	 	 0.3797
[2022/07/13 23:57:02] - 19 	 242.4 	 	 38.6 	 	 0.1000 	 1.8923 	 0.2788 	 2.1135 	 	 0.1809 	 	 1.5638 	 0.4914 	 1.8312 	 	 0.3320
[2022/07/14 00:01:44] - 20 	 242.3 	 	 38.6 	 	 0.1000 	 1.9044 	 0.2670 	 2.1226 	 	 0.1723 	 	 1.5980 	 0.4768 	 1.8423 	 	 0.3364
[2022/07/14 00:06:25] - 21 	 242.4 	 	 38.6 	 	 0.1000 	 1.8811 	 0.2822 	 2.1080 	 	 0.1810 	 	 1.6232 	 0.5080 	 1.8239 	 	 0.3794
[2022/07/14 00:11:05] - 22 	 242.3 	 	 38.6 	 	 0.1000 	 1.9028 	 0.2802 	 2.1216 	 	 0.1791 	 	 1.5744 	 0.5018 	 1.7885 	 	 0.3767
[2022/07/14 00:15:46] - 23 	 242.3 	 	 38.5 	 	 0.1000 	 1.8938 	 0.2886 	 2.1164 	 	 0.1808 	 	 1.4945 	 0.5337 	 1.7752 	 	 0.3643
[2022/07/14 00:20:27] - 24 	 242.2 	 	 38.6 	 	 0.1000 	 1.9024 	 0.2908 	 2.1217 	 	 0.1841 	 	 1.5723 	 0.4980 	 1.7952 	 	 0.3719
[2022/07/14 00:25:08] - 25 	 242.3 	 	 38.7 	 	 0.1000 	 1.8715 	 0.2802 	 2.1046 	 	 0.1791 	 	 1.4102 	 0.5425 	 1.7371 	 	 0.3673
[2022/07/14 00:29:49] - 26 	 242.6 	 	 38.6 	 	 0.1000 	 1.8619 	 0.2904 	 2.1012 	 	 0.1824 	 	 1.5660 	 0.5042 	 1.7928 	 	 0.3779
[2022/07/14 00:34:30] - 27 	 242.3 	 	 38.6 	 	 0.1000 	 1.8573 	 0.2909 	 2.0954 	 	 0.1832 	 	 1.4492 	 0.5506 	 1.7430 	 	 0.3753
[2022/07/14 00:39:11] - 28 	 242.3 	 	 38.6 	 	 0.1000 	 1.8844 	 0.2792 	 2.1134 	 	 0.1749 	 	 1.5117 	 0.5206 	 1.7641 	 	 0.3700
[2022/07/14 00:43:52] - 29 	 242.2 	 	 38.6 	 	 0.1000 	 1.8963 	 0.2835 	 2.1221 	 	 0.1771 	 	 1.5644 	 0.5184 	 1.8065 	 	 0.3598
[2022/07/14 00:48:33] - 30 	 242.2 	 	 38.6 	 	 0.1000 	 1.8632 	 0.3046 	 2.1012 	 	 0.1916 	 	 1.5467 	 0.5260 	 1.8049 	 	 0.3574
[2022/07/14 00:53:14] - 31 	 242.3 	 	 38.5 	 	 0.1000 	 1.8588 	 0.2848 	 2.0992 	 	 0.1781 	 	 1.5180 	 0.5275 	 1.8137 	 	 0.3484
[2022/07/14 00:57:55] - 32 	 242.3 	 	 38.6 	 	 0.1000 	 1.8444 	 0.2912 	 2.0932 	 	 0.1815 	 	 1.5275 	 0.5292 	 1.7683 	 	 0.3843
[2022/07/14 01:02:36] - 33 	 242.2 	 	 38.6 	 	 0.1000 	 1.8575 	 0.2833 	 2.0982 	 	 0.1796 	 	 1.4770 	 0.5241 	 1.7840 	 	 0.3500
[2022/07/14 01:07:17] - 34 	 242.3 	 	 38.6 	 	 0.1000 	 1.8464 	 0.2907 	 2.0955 	 	 0.1804 	 	 1.5239 	 0.5263 	 1.7513 	 	 0.3990
[2022/07/14 01:11:58] - 35 	 242.3 	 	 38.6 	 	 0.1000 	 1.8586 	 0.3057 	 2.1016 	 	 0.1909 	 	 1.4696 	 0.5504 	 1.7585 	 	 0.3716
[2022/07/14 01:16:39] - 36 	 242.3 	 	 38.6 	 	 0.1000 	 1.8241 	 0.3109 	 2.0820 	 	 0.1925 	 	 1.3876 	 0.5794 	 1.6935 	 	 0.4008
[2022/07/14 01:21:20] - 37 	 242.2 	 	 38.6 	 	 0.1000 	 1.8436 	 0.2990 	 2.0939 	 	 0.1835 	 	 1.5463 	 0.5486 	 1.7862 	 	 0.3891
[2022/07/14 01:26:01] - 38 	 242.3 	 	 38.6 	 	 0.1000 	 1.8280 	 0.2832 	 2.0840 	 	 0.1765 	 	 1.4360 	 0.5552 	 1.7384 	 	 0.3795
[2022/07/14 01:30:41] - 39 	 242.3 	 	 38.6 	 	 0.1000 	 1.8321 	 0.3180 	 2.0886 	 	 0.1940 	 	 1.4213 	 0.5826 	 1.7017 	 	 0.4015
[2022/07/14 01:35:23] - 40 	 242.3 	 	 38.6 	 	 0.1000 	 1.8403 	 0.2949 	 2.0937 	 	 0.1841 	 	 1.4986 	 0.5193 	 1.7683 	 	 0.3583
[2022/07/14 01:40:04] - 41 	 242.2 	 	 38.6 	 	 0.1000 	 1.8336 	 0.3142 	 2.0865 	 	 0.1945 	 	 1.3589 	 0.5566 	 1.6866 	 	 0.3939
[2022/07/14 01:44:45] - 42 	 242.2 	 	 38.6 	 	 0.1000 	 1.8283 	 0.3027 	 2.0870 	 	 0.1861 	 	 1.5907 	 0.5316 	 1.7982 	 	 0.3882
[2022/07/14 01:49:25] - 43 	 242.3 	 	 38.6 	 	 0.1000 	 1.8463 	 0.2928 	 2.0957 	 	 0.1815 	 	 1.5280 	 0.5332 	 1.7743 	 	 0.3789
[2022/07/14 01:54:06] - 44 	 242.3 	 	 38.7 	 	 0.1000 	 1.8113 	 0.3033 	 2.0744 	 	 0.1865 	 	 1.6745 	 0.4996 	 1.8669 	 	 0.3676
[2022/07/14 01:58:47] - 45 	 242.2 	 	 38.6 	 	 0.1000 	 1.8276 	 0.2964 	 2.0870 	 	 0.1830 	 	 1.4500 	 0.5668 	 1.7519 	 	 0.3793
[2022/07/14 02:03:28] - 46 	 242.3 	 	 38.6 	 	 0.1000 	 1.7951 	 0.3070 	 2.0681 	 	 0.1898 	 	 1.4806 	 0.5714 	 1.7184 	 	 0.4194
[2022/07/14 02:08:09] - 47 	 242.2 	 	 38.5 	 	 0.1000 	 1.8205 	 0.3055 	 2.0828 	 	 0.1891 	 	 1.3391 	 0.5600 	 1.7423 	 	 0.3540
[2022/07/14 02:12:50] - 48 	 242.3 	 	 38.6 	 	 0.1000 	 1.8160 	 0.3114 	 2.0809 	 	 0.1896 	 	 1.4860 	 0.5455 	 1.7469 	 	 0.3810
[2022/07/14 02:17:31] - 49 	 242.3 	 	 38.6 	 	 0.1000 	 1.8130 	 0.3219 	 2.0776 	 	 0.1949 	 	 1.6540 	 0.5119 	 1.8758 	 	 0.3588
[2022/07/14 02:22:12] - 50 	 242.3 	 	 38.6 	 	 0.1000 	 1.8205 	 0.3130 	 2.0827 	 	 0.1912 	 	 1.3112 	 0.5964 	 1.6441 	 	 0.4038
[2022/07/14 02:26:53] - 51 	 242.2 	 	 38.6 	 	 0.1000 	 1.8079 	 0.3139 	 2.0742 	 	 0.1928 	 	 1.3367 	 0.5977 	 1.6525 	 	 0.4056
[2022/07/14 02:31:34] - 52 	 242.3 	 	 38.6 	 	 0.1000 	 1.8125 	 0.2919 	 2.0801 	 	 0.1821 	 	 1.4916 	 0.5779 	 1.7595 	 	 0.4018
[2022/07/14 02:36:15] - 53 	 242.2 	 	 38.6 	 	 0.1000 	 1.8212 	 0.3188 	 2.0841 	 	 0.1941 	 	 1.3386 	 0.5764 	 1.6762 	 	 0.3932
[2022/07/14 02:40:56] - 54 	 242.3 	 	 38.6 	 	 0.1000 	 1.8335 	 0.3050 	 2.0904 	 	 0.1870 	 	 1.5249 	 0.5437 	 1.7834 	 	 0.3872
[2022/07/14 02:45:36] - 55 	 242.2 	 	 38.6 	 	 0.1000 	 1.8222 	 0.3062 	 2.0832 	 	 0.1861 	 	 1.4403 	 0.5458 	 1.7260 	 	 0.3890
[2022/07/14 02:50:17] - 56 	 242.3 	 	 38.6 	 	 0.1000 	 1.8134 	 0.2999 	 2.0799 	 	 0.1870 	 	 1.4428 	 0.5514 	 1.7896 	 	 0.3576
[2022/07/14 02:54:58] - 57 	 242.4 	 	 38.6 	 	 0.1000 	 1.8270 	 0.3042 	 2.0864 	 	 0.1860 	 	 1.5591 	 0.5228 	 1.8073 	 	 0.3636
[2022/07/14 02:59:39] - 58 	 242.3 	 	 38.6 	 	 0.1000 	 1.7795 	 0.3228 	 2.0590 	 	 0.1944 	 	 1.4870 	 0.5672 	 1.7500 	 	 0.3907
[2022/07/14 03:04:20] - 59 	 242.3 	 	 38.6 	 	 0.1000 	 1.8125 	 0.3055 	 2.0767 	 	 0.1868 	 	 1.6492 	 0.4964 	 1.8495 	 	 0.3680
[2022/07/14 03:09:01] - 60 	 242.2 	 	 38.5 	 	 0.1000 	 1.8170 	 0.3078 	 2.0782 	 	 0.1886 	 	 1.4773 	 0.5593 	 1.7591 	 	 0.3842
[2022/07/14 03:13:42] - 61 	 242.4 	 	 38.5 	 	 0.1000 	 1.7911 	 0.3083 	 2.0655 	 	 0.1909 	 	 1.3339 	 0.5622 	 1.6914 	 	 0.3816
[2022/07/14 03:18:23] - 62 	 242.3 	 	 38.6 	 	 0.1000 	 1.7716 	 0.3079 	 2.0527 	 	 0.1885 	 	 1.2901 	 0.5972 	 1.6531 	 	 0.3916
[2022/07/14 03:23:04] - 63 	 242.2 	 	 38.6 	 	 0.1000 	 1.7956 	 0.3199 	 2.0672 	 	 0.1938 	 	 1.2903 	 0.6093 	 1.6454 	 	 0.4055
[2022/07/14 03:27:45] - 64 	 242.2 	 	 38.6 	 	 0.1000 	 1.7827 	 0.3134 	 2.0623 	 	 0.1910 	 	 1.6170 	 0.5208 	 1.8263 	 	 0.3812
[2022/07/14 03:32:26] - 65 	 242.5 	 	 38.6 	 	 0.1000 	 1.8219 	 0.3047 	 2.0865 	 	 0.1863 	 	 1.4349 	 0.5697 	 1.7325 	 	 0.3979
[2022/07/14 03:37:07] - 66 	 242.4 	 	 38.6 	 	 0.1000 	 1.8086 	 0.3185 	 2.0774 	 	 0.1915 	 	 1.3715 	 0.5681 	 1.6977 	 	 0.3892
[2022/07/14 03:41:48] - 67 	 242.5 	 	 38.6 	 	 0.1000 	 1.8148 	 0.3136 	 2.0807 	 	 0.1896 	 	 1.6303 	 0.5325 	 1.8493 	 	 0.3664
[2022/07/14 03:46:29] - 68 	 242.4 	 	 38.6 	 	 0.1000 	 1.7974 	 0.3032 	 2.0725 	 	 0.1858 	 	 1.6101 	 0.5016 	 1.8255 	 	 0.3709
[2022/07/14 03:51:10] - 69 	 242.6 	 	 38.6 	 	 0.1000 	 1.8059 	 0.3134 	 2.0742 	 	 0.1903 	 	 1.5089 	 0.5527 	 1.7593 	 	 0.3916
[2022/07/14 03:55:51] - 70 	 242.5 	 	 38.6 	 	 0.1000 	 1.8102 	 0.3338 	 2.0777 	 	 0.1986 	 	 1.2475 	 0.6081 	 1.6367 	 	 0.3979
[2022/07/14 04:00:33] - 71 	 242.5 	 	 38.6 	 	 0.1000 	 1.7991 	 0.2962 	 2.0743 	 	 0.1811 	 	 1.4873 	 0.5659 	 1.7462 	 	 0.3991
[2022/07/14 04:05:14] - 72 	 242.4 	 	 38.6 	 	 0.1000 	 1.7997 	 0.3118 	 2.0722 	 	 0.1893 	 	 1.3966 	 0.5835 	 1.6929 	 	 0.4168
[2022/07/14 04:09:55] - 73 	 242.5 	 	 38.6 	 	 0.1000 	 1.7885 	 0.3241 	 2.0640 	 	 0.1950 	 	 1.2988 	 0.5982 	 1.6412 	 	 0.4049
[2022/07/14 04:14:36] - 74 	 242.6 	 	 38.6 	 	 0.1000 	 1.7728 	 0.3144 	 2.0546 	 	 0.1924 	 	 1.5920 	 0.5448 	 1.8144 	 	 0.3895
[2022/07/14 04:19:17] - 75 	 242.6 	 	 38.6 	 	 0.1000 	 1.7861 	 0.3113 	 2.0664 	 	 0.1871 	 	 1.4464 	 0.5771 	 1.7270 	 	 0.4011
[2022/07/14 04:23:58] - 76 	 242.4 	 	 38.6 	 	 0.1000 	 1.7881 	 0.3130 	 2.0672 	 	 0.1891 	 	 1.5596 	 0.5189 	 1.8004 	 	 0.3642
[2022/07/14 04:28:39] - 77 	 242.5 	 	 38.6 	 	 0.1000 	 1.8034 	 0.2973 	 2.0740 	 	 0.1818 	 	 1.3045 	 0.5857 	 1.7033 	 	 0.3710
[2022/07/14 04:33:20] - 78 	 242.5 	 	 38.6 	 	 0.1000 	 1.8084 	 0.3023 	 2.0823 	 	 0.1849 	 	 1.4289 	 0.5605 	 1.7585 	 	 0.3677
[2022/07/14 04:38:01] - 79 	 242.4 	 	 38.6 	 	 0.1000 	 1.8035 	 0.3071 	 2.0774 	 	 0.1851 	 	 1.3906 	 0.5868 	 1.6785 	 	 0.4128
[2022/07/14 04:42:43] - 80 	 242.5 	 	 38.6 	 	 0.1000 	 1.8018 	 0.2946 	 2.0735 	 	 0.1825 	 	 1.2630 	 0.6073 	 1.6194 	 	 0.4045
[2022/07/14 04:47:24] - 81 	 242.4 	 	 38.6 	 	 0.1000 	 1.8112 	 0.3062 	 2.0795 	 	 0.1851 	 	 1.5100 	 0.5566 	 1.7541 	 	 0.3914
[2022/07/14 04:52:05] - 82 	 242.4 	 	 38.6 	 	 0.1000 	 1.7830 	 0.3220 	 2.0619 	 	 0.1944 	 	 1.3206 	 0.6007 	 1.6350 	 	 0.4209
[2022/07/14 04:56:46] - 83 	 242.5 	 	 38.6 	 	 0.1000 	 1.7999 	 0.3087 	 2.0753 	 	 0.1878 	 	 1.6173 	 0.5135 	 1.8402 	 	 0.3718
[2022/07/14 05:01:27] - 84 	 242.5 	 	 38.6 	 	 0.1000 	 1.7821 	 0.3048 	 2.0625 	 	 0.1867 	 	 1.6940 	 0.5100 	 1.8851 	 	 0.3675
[2022/07/14 05:06:08] - 85 	 242.5 	 	 38.6 	 	 0.1000 	 1.7870 	 0.3186 	 2.0630 	 	 0.1940 	 	 1.7065 	 0.5006 	 1.8713 	 	 0.3853
[2022/07/14 05:10:50] - 86 	 242.5 	 	 38.6 	 	 0.1000 	 1.8025 	 0.3169 	 2.0745 	 	 0.1929 	 	 1.3201 	 0.5815 	 1.6817 	 	 0.3986
[2022/07/14 05:15:31] - 87 	 242.5 	 	 38.7 	 	 0.1000 	 1.8005 	 0.3185 	 2.0746 	 	 0.1917 	 	 1.2830 	 0.6036 	 1.6159 	 	 0.4164
[2022/07/14 05:20:12] - 88 	 242.7 	 	 38.6 	 	 0.1000 	 1.7914 	 0.3172 	 2.0701 	 	 0.1925 	 	 1.2944 	 0.6122 	 1.6221 	 	 0.4202
[2022/07/14 05:24:53] - 89 	 242.6 	 	 38.7 	 	 0.1000 	 1.7766 	 0.3178 	 2.0601 	 	 0.1929 	 	 1.6076 	 0.5661 	 1.8278 	 	 0.4029
[2022/07/14 05:29:35] - 90 	 242.5 	 	 38.6 	 	 0.1000 	 1.7971 	 0.3256 	 2.0703 	 	 0.1978 	 	 1.4766 	 0.5653 	 1.7393 	 	 0.3956
[2022/07/14 05:34:16] - 91 	 242.5 	 	 38.6 	 	 0.1000 	 1.8019 	 0.2989 	 2.0749 	 	 0.1831 	 	 1.2717 	 0.6069 	 1.6121 	 	 0.4196
[2022/07/14 05:38:57] - 92 	 242.5 	 	 38.6 	 	 0.1000 	 1.7927 	 0.3154 	 2.0689 	 	 0.1916 	 	 1.5892 	 0.5163 	 1.8228 	 	 0.3733
[2022/07/14 05:43:38] - 93 	 242.5 	 	 38.7 	 	 0.1000 	 1.8022 	 0.3183 	 2.0752 	 	 0.1934 	 	 1.2452 	 0.6254 	 1.6170 	 	 0.4159
[2022/07/14 05:48:19] - 94 	 242.5 	 	 38.6 	 	 0.1000 	 1.8318 	 0.3189 	 2.0967 	 	 0.1894 	 	 1.3543 	 0.5675 	 1.6806 	 	 0.3905
[2022/07/14 05:53:01] - 95 	 242.5 	 	 38.6 	 	 0.1000 	 1.7823 	 0.3092 	 2.0621 	 	 0.1879 	 	 1.2447 	 0.5981 	 1.6245 	 	 0.4031
[2022/07/14 05:57:42] - 96 	 242.5 	 	 38.6 	 	 0.1000 	 1.8281 	 0.3278 	 2.0924 	 	 0.1989 	 	 1.3877 	 0.5739 	 1.6848 	 	 0.4108
[2022/07/14 06:02:23] - 97 	 242.5 	 	 38.6 	 	 0.1000 	 1.7957 	 0.3230 	 2.0682 	 	 0.1960 	 	 1.2818 	 0.5996 	 1.6290 	 	 0.4029
[2022/07/14 06:07:04] - 98 	 242.5 	 	 38.6 	 	 0.1000 	 1.8115 	 0.3140 	 2.0813 	 	 0.1891 	 	 1.4556 	 0.5759 	 1.7333 	 	 0.3906
[2022/07/14 06:11:45] - 99 	 242.5 	 	 38.6 	 	 0.0100 	 1.7923 	 0.3224 	 2.0695 	 	 0.1954 	 	 1.5753 	 0.5445 	 1.8089 	 	 0.3901
[2022/07/14 06:16:27] - 100 	 242.5 	 	 38.7 	 	 0.0100 	 1.7370 	 0.3498 	 2.0127 	 	 0.2139 	 	 1.1142 	 0.6511 	 1.5193 	 	 0.4493
[2022/07/14 06:21:08] - 101 	 242.5 	 	 38.7 	 	 0.0100 	 1.7017 	 0.3520 	 1.9912 	 	 0.2128 	 	 1.0709 	 0.6964 	 1.4647 	 	 0.4704
[2022/07/14 06:25:50] - 102 	 242.6 	 	 38.6 	 	 0.0100 	 1.6853 	 0.3630 	 1.9836 	 	 0.2206 	 	 1.0740 	 0.6868 	 1.4813 	 	 0.4626
[2022/07/14 06:30:31] - 103 	 242.5 	 	 38.6 	 	 0.0100 	 1.6848 	 0.3469 	 1.9866 	 	 0.2093 	 	 1.4073 	 0.6367 	 1.6611 	 	 0.4658
[2022/07/14 06:35:12] - 104 	 242.5 	 	 38.6 	 	 0.0100 	 1.6585 	 0.3434 	 1.9675 	 	 0.2103 	 	 1.5107 	 0.5845 	 1.7381 	 	 0.4333
[2022/07/14 06:39:53] - 105 	 242.4 	 	 38.7 	 	 0.0100 	 1.6871 	 0.3522 	 1.9868 	 	 0.2143 	 	 1.2652 	 0.6794 	 1.5821 	 	 0.4741
[2022/07/14 06:44:34] - 106 	 242.5 	 	 38.6 	 	 0.0100 	 1.6519 	 0.3447 	 1.9631 	 	 0.2123 	 	 1.0994 	 0.6838 	 1.5412 	 	 0.4430
[2022/07/14 06:49:15] - 107 	 242.5 	 	 38.7 	 	 0.0100 	 1.6532 	 0.3513 	 1.9652 	 	 0.2126 	 	 1.0066 	 0.7046 	 1.4342 	 	 0.4782
[2022/07/14 06:53:57] - 108 	 242.4 	 	 38.6 	 	 0.0100 	 1.6299 	 0.3657 	 1.9500 	 	 0.2238 	 	 1.0887 	 0.6942 	 1.4618 	 	 0.4804
[2022/07/14 06:58:38] - 109 	 242.5 	 	 38.6 	 	 0.0100 	 1.6505 	 0.3649 	 1.9631 	 	 0.2229 	 	 1.4482 	 0.6255 	 1.6912 	 	 0.4606
[2022/07/14 07:03:19] - 110 	 242.4 	 	 38.7 	 	 0.0100 	 1.6319 	 0.3601 	 1.9519 	 	 0.2199 	 	 1.4204 	 0.6233 	 1.6793 	 	 0.4472
[2022/07/14 07:08:00] - 111 	 242.5 	 	 38.6 	 	 0.0100 	 1.6225 	 0.3477 	 1.9460 	 	 0.2132 	 	 0.9933 	 0.6955 	 1.4421 	 	 0.4731
[2022/07/14 07:12:42] - 112 	 242.5 	 	 38.6 	 	 0.0100 	 1.6486 	 0.3583 	 1.9670 	 	 0.2158 	 	 1.0909 	 0.6939 	 1.4853 	 	 0.4799
[2022/07/14 07:17:23] - 113 	 242.4 	 	 38.6 	 	 0.0100 	 1.6102 	 0.3645 	 1.9367 	 	 0.2224 	 	 1.0355 	 0.7146 	 1.4541 	 	 0.4783
[2022/07/14 07:22:04] - 114 	 242.5 	 	 38.6 	 	 0.0100 	 1.6093 	 0.3621 	 1.9386 	 	 0.2207 	 	 0.9986 	 0.7147 	 1.4262 	 	 0.4848
[2022/07/14 07:26:45] - 115 	 242.5 	 	 38.6 	 	 0.0100 	 1.6328 	 0.3584 	 1.9567 	 	 0.2177 	 	 1.0115 	 0.7116 	 1.4468 	 	 0.4760
[2022/07/14 07:31:26] - 116 	 242.5 	 	 38.6 	 	 0.0100 	 1.6049 	 0.3662 	 1.9375 	 	 0.2206 	 	 0.9830 	 0.7241 	 1.4138 	 	 0.4906
[2022/07/14 07:36:08] - 117 	 242.5 	 	 38.6 	 	 0.0100 	 1.6372 	 0.3653 	 1.9596 	 	 0.2195 	 	 1.0288 	 0.7031 	 1.4748 	 	 0.4607
[2022/07/14 07:40:49] - 118 	 242.5 	 	 38.6 	 	 0.0100 	 1.6303 	 0.3507 	 1.9566 	 	 0.2127 	 	 1.4159 	 0.6334 	 1.6777 	 	 0.4595
[2022/07/14 07:45:30] - 119 	 242.4 	 	 38.7 	 	 0.0100 	 1.6218 	 0.3611 	 1.9486 	 	 0.2179 	 	 0.9668 	 0.7262 	 1.4167 	 	 0.4804
[2022/07/14 07:50:11] - 120 	 242.4 	 	 38.6 	 	 0.0100 	 1.6351 	 0.3597 	 1.9585 	 	 0.2160 	 	 1.0828 	 0.7064 	 1.4678 	 	 0.4842
[2022/07/14 07:54:52] - 121 	 242.4 	 	 38.6 	 	 0.0100 	 1.6028 	 0.3739 	 1.9378 	 	 0.2267 	 	 0.9826 	 0.7272 	 1.4046 	 	 0.4974
[2022/07/14 07:59:34] - 122 	 242.4 	 	 38.6 	 	 0.0100 	 1.6288 	 0.3749 	 1.9564 	 	 0.2227 	 	 1.1311 	 0.6917 	 1.5091 	 	 0.4782
[2022/07/14 08:04:15] - 123 	 242.5 	 	 38.7 	 	 0.0100 	 1.6248 	 0.3618 	 1.9563 	 	 0.2180 	 	 1.2617 	 0.6707 	 1.5890 	 	 0.4611
[2022/07/14 08:08:56] - 124 	 242.4 	 	 38.7 	 	 0.0100 	 1.6179 	 0.3582 	 1.9477 	 	 0.2170 	 	 1.0722 	 0.7034 	 1.4743 	 	 0.4763
[2022/07/14 08:13:37] - 125 	 242.5 	 	 38.6 	 	 0.0100 	 1.6275 	 0.3730 	 1.9563 	 	 0.2250 	 	 1.0238 	 0.7009 	 1.4391 	 	 0.4810
[2022/07/14 08:18:18] - 126 	 242.5 	 	 38.6 	 	 0.0100 	 1.5805 	 0.3577 	 1.9213 	 	 0.2191 	 	 1.0683 	 0.7151 	 1.4560 	 	 0.4805
[2022/07/14 08:22:59] - 127 	 242.4 	 	 38.6 	 	 0.0100 	 1.6323 	 0.3647 	 1.9610 	 	 0.2192 	 	 1.0461 	 0.7088 	 1.4830 	 	 0.4730
[2022/07/14 08:27:40] - 128 	 242.4 	 	 38.6 	 	 0.0100 	 1.6102 	 0.3620 	 1.9475 	 	 0.2178 	 	 1.3568 	 0.6490 	 1.6530 	 	 0.4549
[2022/07/14 08:32:21] - 129 	 242.5 	 	 38.7 	 	 0.0100 	 1.6260 	 0.3590 	 1.9553 	 	 0.2150 	 	 1.0655 	 0.7122 	 1.4908 	 	 0.4759
[2022/07/14 08:37:03] - 130 	 242.5 	 	 38.6 	 	 0.0100 	 1.5808 	 0.3678 	 1.9221 	 	 0.2235 	 	 1.1209 	 0.6951 	 1.5029 	 	 0.4744
[2022/07/14 08:41:44] - 131 	 242.4 	 	 38.6 	 	 0.0100 	 1.6222 	 0.3541 	 1.9520 	 	 0.2147 	 	 1.4901 	 0.6012 	 1.7319 	 	 0.4333
[2022/07/14 08:46:25] - 132 	 242.5 	 	 38.6 	 	 0.0100 	 1.6208 	 0.3546 	 1.9532 	 	 0.2151 	 	 1.3902 	 0.6664 	 1.6618 	 	 0.4837
[2022/07/14 08:51:06] - 133 	 242.4 	 	 38.6 	 	 0.0100 	 1.6159 	 0.3699 	 1.9471 	 	 0.2216 	 	 1.3457 	 0.6537 	 1.6459 	 	 0.4576
[2022/07/14 08:55:47] - 134 	 242.4 	 	 38.6 	 	 0.0100 	 1.6164 	 0.3749 	 1.9508 	 	 0.2235 	 	 0.9704 	 0.7243 	 1.3910 	 	 0.4998
[2022/07/14 09:00:28] - 135 	 242.5 	 	 38.6 	 	 0.0100 	 1.5799 	 0.3841 	 1.9272 	 	 0.2293 	 	 1.3971 	 0.6515 	 1.6660 	 	 0.4665
[2022/07/14 09:05:09] - 136 	 242.5 	 	 38.6 	 	 0.0100 	 1.6216 	 0.3758 	 1.9529 	 	 0.2231 	 	 0.9005 	 0.7344 	 1.4025 	 	 0.4762
[2022/07/14 09:09:50] - 137 	 242.5 	 	 38.6 	 	 0.0100 	 1.5915 	 0.3509 	 1.9386 	 	 0.2099 	 	 1.4371 	 0.6314 	 1.6855 	 	 0.4576
[2022/07/14 09:14:32] - 138 	 242.4 	 	 38.7 	 	 0.0100 	 1.6065 	 0.3963 	 1.9443 	 	 0.2355 	 	 1.3337 	 0.6578 	 1.6341 	 	 0.4625
[2022/07/14 09:19:13] - 139 	 242.5 	 	 38.6 	 	 0.0100 	 1.6007 	 0.3670 	 1.9399 	 	 0.2194 	 	 1.2546 	 0.6667 	 1.5905 	 	 0.4617
[2022/07/14 09:23:54] - 140 	 242.4 	 	 38.6 	 	 0.0100 	 1.5769 	 0.4065 	 1.9237 	 	 0.2411 	 	 1.3921 	 0.6516 	 1.6582 	 	 0.4708
[2022/07/14 09:28:35] - 141 	 242.5 	 	 38.6 	 	 0.0100 	 1.5913 	 0.3818 	 1.9326 	 	 0.2278 	 	 1.0119 	 0.7092 	 1.4659 	 	 0.4768
[2022/07/14 09:33:16] - 142 	 242.4 	 	 38.6 	 	 0.0100 	 1.5896 	 0.3720 	 1.9340 	 	 0.2230 	 	 0.9179 	 0.7431 	 1.4013 	 	 0.4909
[2022/07/14 09:37:57] - 143 	 242.4 	 	 38.7 	 	 0.0100 	 1.5878 	 0.3790 	 1.9321 	 	 0.2271 	 	 1.3367 	 0.6440 	 1.6384 	 	 0.4599
[2022/07/14 09:42:38] - 144 	 242.5 	 	 38.7 	 	 0.0100 	 1.5838 	 0.3998 	 1.9303 	 	 0.2400 	 	 1.0376 	 0.7321 	 1.4306 	 	 0.4998
[2022/07/14 09:47:20] - 145 	 242.4 	 	 38.7 	 	 0.0100 	 1.5872 	 0.3816 	 1.9361 	 	 0.2232 	 	 0.8941 	 0.7551 	 1.3800 	 	 0.4968
[2022/07/14 09:52:01] - 146 	 242.5 	 	 38.7 	 	 0.0100 	 1.5869 	 0.3795 	 1.9318 	 	 0.2276 	 	 1.4291 	 0.6349 	 1.6777 	 	 0.4691
[2022/07/14 09:56:42] - 147 	 242.4 	 	 38.6 	 	 0.0100 	 1.5881 	 0.4049 	 1.9347 	 	 0.2387 	 	 1.2548 	 0.6700 	 1.6091 	 	 0.4535
[2022/07/14 10:01:23] - 148 	 242.5 	 	 38.6 	 	 0.0100 	 1.5974 	 0.3539 	 1.9384 	 	 0.2128 	 	 1.0864 	 0.7132 	 1.4796 	 	 0.4862
[2022/07/14 10:06:04] - 149 	 242.5 	 	 38.7 	 	 0.0010 	 1.5774 	 0.3718 	 1.9254 	 	 0.2229 	 	 1.4081 	 0.6452 	 1.6694 	 	 0.4739
[2022/07/14 10:10:45] - 150 	 242.4 	 	 38.6 	 	 0.0010 	 1.5620 	 0.3772 	 1.8984 	 	 0.2344 	 	 1.2869 	 0.6822 	 1.6070 	 	 0.4769
[2022/07/14 10:15:27] - 151 	 242.5 	 	 38.7 	 	 0.0010 	 1.5689 	 0.3940 	 1.9035 	 	 0.2389 	 	 0.9551 	 0.7586 	 1.3881 	 	 0.5131
[2022/07/14 10:20:08] - 152 	 242.5 	 	 38.7 	 	 0.0010 	 1.5703 	 0.3674 	 1.9054 	 	 0.2240 	 	 0.9093 	 0.7662 	 1.3463 	 	 0.5208
[2022/07/14 10:24:49] - 153 	 242.4 	 	 38.6 	 	 0.0010 	 1.5665 	 0.3860 	 1.9004 	 	 0.2321 	 	 1.2146 	 0.7086 	 1.5504 	 	 0.4937
[2022/07/14 10:29:30] - 154 	 242.4 	 	 38.7 	 	 0.0010 	 1.5498 	 0.3772 	 1.8921 	 	 0.2325 	 	 0.8127 	 0.7762 	 1.3104 	 	 0.5136
[2022/07/14 10:34:11] - 155 	 242.4 	 	 38.6 	 	 0.0010 	 1.5411 	 0.3779 	 1.8858 	 	 0.2295 	 	 0.9727 	 0.7540 	 1.3954 	 	 0.5141
[2022/07/14 10:38:53] - 156 	 242.4 	 	 38.7 	 	 0.0010 	 1.4794 	 0.4060 	 1.8403 	 	 0.2484 	 	 1.1863 	 0.7139 	 1.5468 	 	 0.4913
[2022/07/14 10:43:34] - 157 	 242.4 	 	 38.6 	 	 0.0010 	 1.4951 	 0.3984 	 1.8533 	 	 0.2443 	 	 0.8915 	 0.7686 	 1.3514 	 	 0.5191
[2022/07/14 10:48:15] - 158 	 242.4 	 	 38.7 	 	 0.0010 	 1.4893 	 0.3928 	 1.8470 	 	 0.2419 	 	 0.8437 	 0.7710 	 1.3270 	 	 0.5165
[2022/07/14 10:52:56] - 159 	 242.5 	 	 38.7 	 	 0.0010 	 1.5232 	 0.3891 	 1.8749 	 	 0.2368 	 	 1.2874 	 0.6913 	 1.5874 	 	 0.4994
[2022/07/14 10:57:37] - 160 	 242.5 	 	 38.6 	 	 0.0010 	 1.5228 	 0.3879 	 1.8691 	 	 0.2390 	 	 1.1917 	 0.7115 	 1.5470 	 	 0.4873
[2022/07/14 11:02:18] - 161 	 242.5 	 	 38.6 	 	 0.0010 	 1.5487 	 0.3843 	 1.8904 	 	 0.2358 	 	 1.2822 	 0.6781 	 1.6039 	 	 0.4708
[2022/07/14 11:07:00] - 162 	 242.5 	 	 38.7 	 	 0.0010 	 1.5282 	 0.4020 	 1.8798 	 	 0.2438 	 	 1.2139 	 0.7109 	 1.5424 	 	 0.4987
[2022/07/14 11:11:41] - 163 	 242.4 	 	 38.7 	 	 0.0010 	 1.5155 	 0.3972 	 1.8670 	 	 0.2399 	 	 0.8052 	 0.7688 	 1.3191 	 	 0.5144
[2022/07/14 11:16:22] - 164 	 242.5 	 	 38.6 	 	 0.0010 	 1.4994 	 0.3881 	 1.8560 	 	 0.2402 	 	 1.2032 	 0.7199 	 1.5434 	 	 0.4996
[2022/07/14 11:21:03] - 165 	 242.5 	 	 38.7 	 	 0.0010 	 1.5352 	 0.3881 	 1.8831 	 	 0.2348 	 	 0.9482 	 0.7538 	 1.3942 	 	 0.5118
[2022/07/14 11:25:44] - 166 	 242.4 	 	 38.6 	 	 0.0010 	 1.4974 	 0.4257 	 1.8515 	 	 0.2601 	 	 0.7931 	 0.7792 	 1.3037 	 	 0.5199
[2022/07/14 11:30:25] - 167 	 242.5 	 	 38.7 	 	 0.0010 	 1.5005 	 0.4023 	 1.8533 	 	 0.2483 	 	 0.9487 	 0.7613 	 1.3897 	 	 0.5096
[2022/07/14 11:35:06] - 168 	 242.5 	 	 38.6 	 	 0.0010 	 1.5193 	 0.4124 	 1.8731 	 	 0.2489 	 	 1.1953 	 0.7157 	 1.5537 	 	 0.4861
[2022/07/14 11:39:47] - 169 	 242.4 	 	 38.6 	 	 0.0010 	 1.4985 	 0.3976 	 1.8563 	 	 0.2402 	 	 1.1149 	 0.7350 	 1.4854 	 	 0.5036
[2022/07/14 11:44:29] - 170 	 242.5 	 	 38.6 	 	 0.0010 	 1.4713 	 0.4175 	 1.8325 	 	 0.2572 	 	 0.8735 	 0.7778 	 1.3352 	 	 0.5220
[2022/07/14 11:49:10] - 171 	 242.5 	 	 38.6 	 	 0.0010 	 1.4980 	 0.3865 	 1.8576 	 	 0.2349 	 	 0.8225 	 0.7789 	 1.3314 	 	 0.5161
[2022/07/14 11:53:51] - 172 	 242.6 	 	 38.7 	 	 0.0010 	 1.5393 	 0.3943 	 1.8878 	 	 0.2396 	 	 1.2703 	 0.6968 	 1.5874 	 	 0.4911
[2022/07/14 11:58:32] - 173 	 242.6 	 	 38.6 	 	 0.0010 	 1.5102 	 0.3922 	 1.8660 	 	 0.2367 	 	 0.8503 	 0.7707 	 1.3621 	 	 0.5072
[2022/07/14 12:03:13] - 174 	 242.4 	 	 38.6 	 	 0.0010 	 1.5176 	 0.3905 	 1.8707 	 	 0.2346 	 	 1.0500 	 0.7313 	 1.4619 	 	 0.5006
[2022/07/14 12:07:55] - 175 	 242.5 	 	 38.6 	 	 0.0010 	 1.5142 	 0.4123 	 1.8695 	 	 0.2474 	 	 1.1030 	 0.7352 	 1.4865 	 	 0.4970
[2022/07/14 12:12:36] - 176 	 242.5 	 	 38.6 	 	 0.0010 	 1.5200 	 0.3909 	 1.8753 	 	 0.2376 	 	 1.3111 	 0.6793 	 1.6113 	 	 0.4866
[2022/07/14 12:17:17] - 177 	 242.4 	 	 38.6 	 	 0.0010 	 1.4705 	 0.4183 	 1.8382 	 	 0.2533 	 	 1.0364 	 0.7465 	 1.4709 	 	 0.4954
[2022/07/14 12:21:58] - 178 	 242.5 	 	 38.6 	 	 0.0010 	 1.5205 	 0.3989 	 1.8774 	 	 0.2370 	 	 1.3403 	 0.6762 	 1.6339 	 	 0.4848
[2022/07/14 12:26:39] - 179 	 242.4 	 	 38.6 	 	 0.0010 	 1.5085 	 0.3759 	 1.8648 	 	 0.2270 	 	 0.9790 	 0.7477 	 1.4232 	 	 0.5029
[2022/07/14 12:31:20] - 180 	 242.4 	 	 38.6 	 	 0.0010 	 1.4609 	 0.3962 	 1.8285 	 	 0.2421 	 	 0.8849 	 0.7730 	 1.3513 	 	 0.5170
[2022/07/14 12:36:01] - 181 	 242.4 	 	 38.6 	 	 0.0010 	 1.5075 	 0.4087 	 1.8674 	 	 0.2476 	 	 1.0086 	 0.7549 	 1.4480 	 	 0.5042
[2022/07/14 12:40:42] - 182 	 242.4 	 	 38.6 	 	 0.0010 	 1.4936 	 0.3833 	 1.8558 	 	 0.2351 	 	 0.8110 	 0.7768 	 1.2878 	 	 0.5260
[2022/07/14 12:45:23] - 183 	 242.4 	 	 38.6 	 	 0.0010 	 1.4971 	 0.3932 	 1.8583 	 	 0.2371 	 	 1.2323 	 0.7099 	 1.5572 	 	 0.5034
[2022/07/14 12:50:04] - 184 	 242.7 	 	 38.6 	 	 0.0010 	 1.5086 	 0.4290 	 1.8648 	 	 0.2593 	 	 0.9318 	 0.7643 	 1.3766 	 	 0.5188
[2022/07/14 12:54:45] - 185 	 242.4 	 	 38.6 	 	 0.0010 	 1.4753 	 0.3835 	 1.8433 	 	 0.2366 	 	 1.3156 	 0.6857 	 1.6156 	 	 0.4875
[2022/07/14 12:59:27] - 186 	 242.5 	 	 38.6 	 	 0.0010 	 1.4585 	 0.4121 	 1.8267 	 	 0.2564 	 	 0.8036 	 0.7861 	 1.3304 	 	 0.5136
[2022/07/14 13:04:08] - 187 	 242.7 	 	 38.6 	 	 0.0010 	 1.4916 	 0.4134 	 1.8497 	 	 0.2526 	 	 0.9451 	 0.7633 	 1.3940 	 	 0.5097
[2022/07/14 13:08:49] - 188 	 242.8 	 	 38.6 	 	 0.0010 	 1.4774 	 0.4042 	 1.8429 	 	 0.2456 	 	 0.8435 	 0.7910 	 1.3072 	 	 0.5336
[2022/07/14 13:13:31] - 189 	 242.6 	 	 38.6 	 	 0.0010 	 1.5127 	 0.3945 	 1.8732 	 	 0.2391 	 	 1.2888 	 0.6868 	 1.6063 	 	 0.4862
[2022/07/14 13:18:12] - 190 	 242.4 	 	 38.6 	 	 0.0010 	 1.4904 	 0.4106 	 1.8563 	 	 0.2495 	 	 1.2288 	 0.7103 	 1.5712 	 	 0.4877
[2022/07/14 13:22:53] - 191 	 242.7 	 	 38.6 	 	 0.0010 	 1.4790 	 0.4160 	 1.8424 	 	 0.2494 	 	 1.2633 	 0.6862 	 1.5920 	 	 0.4759
[2022/07/14 13:27:34] - 192 	 242.5 	 	 38.6 	 	 0.0010 	 1.4920 	 0.4037 	 1.8532 	 	 0.2451 	 	 0.9449 	 0.7649 	 1.4270 	 	 0.4999
[2022/07/14 13:32:16] - 193 	 243.1 	 	 38.6 	 	 0.0010 	 1.4854 	 0.4163 	 1.8517 	 	 0.2528 	 	 0.9347 	 0.7701 	 1.4043 	 	 0.5111
[2022/07/14 13:36:57] - 194 	 242.4 	 	 38.6 	 	 0.0010 	 1.5282 	 0.4127 	 1.8813 	 	 0.2494 	 	 0.9103 	 0.7657 	 1.3829 	 	 0.5142
[2022/07/14 13:41:38] - 195 	 242.3 	 	 38.6 	 	 0.0010 	 1.5237 	 0.4051 	 1.8775 	 	 0.2432 	 	 0.8716 	 0.7732 	 1.3321 	 	 0.5281
[2022/07/14 13:46:19] - 196 	 242.5 	 	 38.7 	 	 0.0010 	 1.4663 	 0.4015 	 1.8357 	 	 0.2456 	 	 1.3229 	 0.6840 	 1.6169 	 	 0.4880
[2022/07/14 13:51:00] - 197 	 242.4 	 	 38.6 	 	 0.0010 	 1.5117 	 0.4033 	 1.8680 	 	 0.2430 	 	 0.7561 	 0.7857 	 1.2941 	 	 0.5186
[2022/07/14 13:55:41] - 198 	 242.4 	 	 38.6 	 	 0.0010 	 1.4833 	 0.4036 	 1.8448 	 	 0.2486 	 	 1.2518 	 0.6960 	 1.5874 	 	 0.4824
[2022/07/14 14:00:22] - 199 	 242.4 	 	 38.6 	 	 0.0010 	 1.4892 	 0.4072 	 1.8497 	 	 0.2500 	 	 1.2316 	 0.7138 	 1.5672 	 	 0.4989
