[2022/07/13 22:24:09] - Namespace(attack='fgsm', attack_iters=10, batch_size=128, chkpt_iters=10, cutout=True, cutout_len=10, data_dir='../cifar-data', dropout=0, epochs=200, epsilon=8, eval=False, fgsm_alpha=0.875, fgsm_init='random', fname='experiments/cifar10_fgsm_cut/preactresnet18_0.875', half=False, l1=0, l2=0, lr_drop_epoch=100, lr_max=0.1, lr_one_drop=0.01, lr_schedule='piecewise', mixup=False, mixup_alpha=None, model='PreActResNet18', norm='l_inf', pgd_alpha=2, restarts=1, resume=0, seed=0, val=False, width_factor=10)
[2022/07/13 22:24:13] - Epoch 	 Train Time 	 Test Time 	 LR 	 	 Train Loss 	 Train Acc 	 Train Robust Loss 	 Train Robust Acc 	 Test Loss 	 Test Acc 	 Test Robust Loss 	 Test Robust Acc
[2022/07/13 22:25:16] - 0 	 35.0 	 	 28.8 	 	 0.1000 	 1.9028 	 0.2953 	 2.0904 	 	 0.2182 	 	 1.6544 	 0.3879 	 1.9972 	 	 0.2491
[2022/07/13 22:26:20] - 1 	 34.5 	 	 28.8 	 	 0.1000 	 1.6574 	 0.3961 	 1.9080 	 	 0.2822 	 	 1.5152 	 0.4438 	 1.9588 	 	 0.2723
[2022/07/13 22:27:24] - 2 	 34.5 	 	 28.8 	 	 0.1000 	 1.5203 	 0.4547 	 1.8175 	 	 0.3141 	 	 1.4512 	 0.4655 	 1.8689 	 	 0.2961
[2022/07/13 22:28:27] - 3 	 34.5 	 	 28.9 	 	 0.1000 	 1.3986 	 0.5040 	 1.7328 	 	 0.3410 	 	 1.2867 	 0.5431 	 1.8215 	 	 0.3044
[2022/07/13 22:29:31] - 4 	 34.5 	 	 28.8 	 	 0.1000 	 1.3055 	 0.5510 	 1.6694 	 	 0.3649 	 	 1.2202 	 0.5699 	 1.7839 	 	 0.3270
[2022/07/13 22:30:34] - 5 	 34.5 	 	 28.8 	 	 0.1000 	 1.2227 	 0.5845 	 1.6098 	 	 0.3867 	 	 1.1383 	 0.5853 	 1.7490 	 	 0.3442
[2022/07/13 22:31:37] - 6 	 34.5 	 	 28.8 	 	 0.1000 	 1.1630 	 0.6147 	 1.5671 	 	 0.4048 	 	 1.0555 	 0.6448 	 1.7154 	 	 0.3534
[2022/07/13 22:32:41] - 7 	 34.5 	 	 28.8 	 	 0.1000 	 1.1084 	 0.6381 	 1.5277 	 	 0.4162 	 	 1.0231 	 0.6499 	 1.7137 	 	 0.3608
[2022/07/13 22:33:44] - 8 	 34.5 	 	 28.8 	 	 0.1000 	 1.0628 	 0.6584 	 1.4965 	 	 0.4269 	 	 0.9771 	 0.6714 	 1.6872 	 	 0.3665
[2022/07/13 22:34:48] - 9 	 34.6 	 	 28.8 	 	 0.1000 	 1.0375 	 0.6693 	 1.4793 	 	 0.4357 	 	 0.9615 	 0.6859 	 1.6907 	 	 0.3630
[2022/07/13 22:35:52] - 10 	 34.5 	 	 28.8 	 	 0.1000 	 1.0073 	 0.6817 	 1.4560 	 	 0.4433 	 	 0.9786 	 0.6559 	 1.7835 	 	 0.3649
[2022/07/13 22:36:55] - 11 	 34.5 	 	 28.8 	 	 0.1000 	 0.9829 	 0.6898 	 1.4381 	 	 0.4521 	 	 0.9058 	 0.7080 	 1.6327 	 	 0.3856
[2022/07/13 22:37:59] - 12 	 34.6 	 	 28.8 	 	 0.1000 	 0.9629 	 0.7023 	 1.4267 	 	 0.4564 	 	 0.9168 	 0.7045 	 1.6387 	 	 0.3732
[2022/07/13 22:39:02] - 13 	 34.5 	 	 28.8 	 	 0.1000 	 0.9411 	 0.7101 	 1.4091 	 	 0.4641 	 	 0.8972 	 0.6934 	 1.6950 	 	 0.3793
[2022/07/13 22:40:05] - 14 	 34.4 	 	 28.8 	 	 0.1000 	 0.9247 	 0.7160 	 1.3945 	 	 0.4685 	 	 0.9039 	 0.7123 	 1.6750 	 	 0.3692
[2022/07/13 22:41:08] - 15 	 34.5 	 	 28.8 	 	 0.1000 	 0.9119 	 0.7213 	 1.3863 	 	 0.4715 	 	 0.8438 	 0.7339 	 1.6923 	 	 0.3781
[2022/07/13 22:42:12] - 16 	 34.5 	 	 28.8 	 	 0.1000 	 0.8971 	 0.7261 	 1.3725 	 	 0.4755 	 	 0.8213 	 0.7142 	 1.6857 	 	 0.3838
[2022/07/13 22:43:15] - 17 	 34.4 	 	 28.8 	 	 0.1000 	 0.8802 	 0.7342 	 1.3602 	 	 0.4803 	 	 0.8534 	 0.7286 	 1.6370 	 	 0.3926
[2022/07/13 22:44:18] - 18 	 34.5 	 	 28.8 	 	 0.1000 	 0.8732 	 0.7364 	 1.3560 	 	 0.4804 	 	 0.8188 	 0.7280 	 1.7290 	 	 0.3716
[2022/07/13 22:45:22] - 19 	 34.5 	 	 28.8 	 	 0.1000 	 0.8591 	 0.7431 	 1.3419 	 	 0.4888 	 	 0.8190 	 0.7340 	 1.6902 	 	 0.3757
[2022/07/13 22:46:25] - 20 	 34.5 	 	 28.8 	 	 0.1000 	 0.8509 	 0.7436 	 1.3370 	 	 0.4887 	 	 0.8065 	 0.7423 	 1.6150 	 	 0.3946
[2022/07/13 22:47:29] - 21 	 34.5 	 	 28.8 	 	 0.1000 	 0.8445 	 0.7476 	 1.3319 	 	 0.4916 	 	 0.8621 	 0.7286 	 1.6285 	 	 0.3864
[2022/07/13 22:48:32] - 22 	 34.6 	 	 28.8 	 	 0.1000 	 0.8385 	 0.7495 	 1.3267 	 	 0.4915 	 	 0.8130 	 0.7504 	 1.6028 	 	 0.3868
[2022/07/13 22:49:36] - 23 	 34.5 	 	 28.8 	 	 0.1000 	 0.8307 	 0.7533 	 1.3205 	 	 0.4982 	 	 0.7866 	 0.7584 	 1.6277 	 	 0.3876
[2022/07/13 22:50:39] - 24 	 34.5 	 	 28.8 	 	 0.1000 	 0.8206 	 0.7580 	 1.3136 	 	 0.4948 	 	 0.8262 	 0.7238 	 1.6353 	 	 0.3867
[2022/07/13 22:51:42] - 25 	 34.5 	 	 28.8 	 	 0.1000 	 0.8154 	 0.7599 	 1.3070 	 	 0.4998 	 	 0.7990 	 0.7443 	 1.6064 	 	 0.4014
[2022/07/13 22:52:46] - 26 	 34.5 	 	 28.8 	 	 0.1000 	 0.8120 	 0.7597 	 1.3062 	 	 0.5001 	 	 0.7743 	 0.7457 	 1.6505 	 	 0.3923
[2022/07/13 22:53:49] - 27 	 34.5 	 	 28.8 	 	 0.1000 	 0.8104 	 0.7614 	 1.3051 	 	 0.4991 	 	 0.7879 	 0.7522 	 1.6489 	 	 0.3933
[2022/07/13 22:54:52] - 28 	 34.5 	 	 28.8 	 	 0.1000 	 0.8022 	 0.7618 	 1.2975 	 	 0.5013 	 	 0.7930 	 0.7388 	 1.6323 	 	 0.4005
[2022/07/13 22:55:56] - 29 	 34.5 	 	 28.8 	 	 0.1000 	 0.8026 	 0.7627 	 1.2974 	 	 0.5026 	 	 0.7617 	 0.7683 	 1.5809 	 	 0.3998
[2022/07/13 22:56:59] - 30 	 34.5 	 	 28.8 	 	 0.1000 	 0.7946 	 0.7673 	 1.2920 	 	 0.5044 	 	 0.7642 	 0.7623 	 1.6289 	 	 0.3896
[2022/07/13 22:58:03] - 31 	 34.5 	 	 28.8 	 	 0.1000 	 0.7882 	 0.7710 	 1.2864 	 	 0.5058 	 	 0.7818 	 0.7622 	 1.6409 	 	 0.3825
[2022/07/13 22:59:06] - 32 	 34.5 	 	 28.8 	 	 0.1000 	 0.7823 	 0.7703 	 1.2793 	 	 0.5094 	 	 0.7687 	 0.7523 	 1.7024 	 	 0.3876
[2022/07/13 23:00:09] - 33 	 34.5 	 	 28.8 	 	 0.1000 	 0.7859 	 0.7686 	 1.2843 	 	 0.5078 	 	 0.7596 	 0.7573 	 1.6596 	 	 0.3898
[2022/07/13 23:01:13] - 34 	 34.5 	 	 28.8 	 	 0.1000 	 0.7778 	 0.7731 	 1.2782 	 	 0.5077 	 	 0.7318 	 0.7694 	 1.5691 	 	 0.4119
[2022/07/13 23:02:16] - 35 	 34.5 	 	 28.8 	 	 0.1000 	 0.7745 	 0.7739 	 1.2743 	 	 0.5091 	 	 0.7692 	 0.7558 	 1.6790 	 	 0.3859
[2022/07/13 23:03:19] - 36 	 34.5 	 	 28.8 	 	 0.1000 	 0.7745 	 0.7743 	 1.2743 	 	 0.5140 	 	 0.7721 	 0.7574 	 1.5993 	 	 0.3968
[2022/07/13 23:04:23] - 37 	 34.5 	 	 28.8 	 	 0.1000 	 0.7719 	 0.7749 	 1.2762 	 	 0.5107 	 	 0.7721 	 0.7595 	 1.6281 	 	 0.3881
[2022/07/13 23:05:26] - 38 	 34.5 	 	 28.8 	 	 0.1000 	 0.7677 	 0.7778 	 1.2697 	 	 0.5114 	 	 0.7379 	 0.7762 	 1.6489 	 	 0.3818
[2022/07/13 23:06:29] - 39 	 34.5 	 	 28.8 	 	 0.1000 	 0.7698 	 0.7763 	 1.2719 	 	 0.5132 	 	 0.7434 	 0.7629 	 1.6488 	 	 0.3948
[2022/07/13 23:07:33] - 40 	 34.5 	 	 28.8 	 	 0.1000 	 0.7648 	 0.7770 	 1.2658 	 	 0.5141 	 	 0.7720 	 0.7616 	 1.6140 	 	 0.3921
[2022/07/13 23:08:36] - 41 	 34.5 	 	 28.8 	 	 0.1000 	 0.7654 	 0.7774 	 1.2686 	 	 0.5142 	 	 0.7341 	 0.7637 	 1.6110 	 	 0.4045
[2022/07/13 23:09:39] - 42 	 34.5 	 	 28.8 	 	 0.1000 	 0.7648 	 0.7777 	 1.2682 	 	 0.5171 	 	 0.7388 	 0.7595 	 1.6280 	 	 0.3973
[2022/07/13 23:10:43] - 43 	 34.5 	 	 28.8 	 	 0.1000 	 0.7535 	 0.7831 	 1.2583 	 	 0.5168 	 	 0.7548 	 0.7636 	 1.6902 	 	 0.3737
[2022/07/13 23:11:46] - 44 	 34.5 	 	 28.8 	 	 0.1000 	 0.7563 	 0.7804 	 1.2619 	 	 0.5134 	 	 0.7515 	 0.7683 	 1.6190 	 	 0.3921
[2022/07/13 23:12:49] - 45 	 34.5 	 	 28.8 	 	 0.1000 	 0.7519 	 0.7816 	 1.2554 	 	 0.5170 	 	 0.7286 	 0.7589 	 1.6527 	 	 0.3859
[2022/07/13 23:13:53] - 46 	 34.5 	 	 28.8 	 	 0.1000 	 0.7463 	 0.7858 	 1.2530 	 	 0.5191 	 	 0.7224 	 0.7708 	 1.6077 	 	 0.4085
[2022/07/13 23:14:56] - 47 	 34.6 	 	 28.8 	 	 0.1000 	 0.7478 	 0.7847 	 1.2540 	 	 0.5185 	 	 0.7302 	 0.7546 	 1.6831 	 	 0.3907
[2022/07/13 23:15:59] - 48 	 34.5 	 	 28.8 	 	 0.1000 	 0.7497 	 0.7838 	 1.2576 	 	 0.5180 	 	 0.7438 	 0.7514 	 1.6736 	 	 0.3935
[2022/07/13 23:17:03] - 49 	 34.5 	 	 28.8 	 	 0.1000 	 0.7510 	 0.7836 	 1.2559 	 	 0.5178 	 	 0.7537 	 0.7497 	 1.6376 	 	 0.3952
[2022/07/13 23:18:07] - 50 	 34.6 	 	 28.8 	 	 0.1000 	 0.7467 	 0.7843 	 1.2506 	 	 0.5205 	 	 0.7155 	 0.7635 	 1.6710 	 	 0.3876
[2022/07/13 23:19:10] - 51 	 34.6 	 	 28.8 	 	 0.1000 	 0.7381 	 0.7876 	 1.2445 	 	 0.5186 	 	 0.7192 	 0.7736 	 1.5797 	 	 0.4168
[2022/07/13 23:20:14] - 52 	 34.6 	 	 28.8 	 	 0.1000 	 0.7366 	 0.7898 	 1.2465 	 	 0.5228 	 	 0.7016 	 0.7779 	 1.5883 	 	 0.4118
[2022/07/13 23:21:17] - 53 	 34.7 	 	 28.8 	 	 0.1000 	 0.7436 	 0.7843 	 1.2506 	 	 0.5236 	 	 0.7032 	 0.7692 	 1.6102 	 	 0.4132
[2022/07/13 23:22:21] - 54 	 34.7 	 	 28.8 	 	 0.1000 	 0.7446 	 0.7854 	 1.2526 	 	 0.5182 	 	 0.7093 	 0.7825 	 1.6566 	 	 0.3979
[2022/07/13 23:23:24] - 55 	 34.6 	 	 28.8 	 	 0.1000 	 0.7343 	 0.7902 	 1.2418 	 	 0.5239 	 	 0.7249 	 0.7657 	 1.6767 	 	 0.3965
[2022/07/13 23:24:27] - 56 	 34.6 	 	 28.8 	 	 0.1000 	 0.7353 	 0.7890 	 1.2417 	 	 0.5194 	 	 0.7131 	 0.7748 	 1.6446 	 	 0.3983
[2022/07/13 23:25:31] - 57 	 34.9 	 	 28.8 	 	 0.1000 	 0.7292 	 0.7909 	 1.2355 	 	 0.5241 	 	 0.7437 	 0.7491 	 1.6808 	 	 0.3957
[2022/07/13 23:26:35] - 58 	 34.8 	 	 28.8 	 	 0.1000 	 0.7414 	 0.7862 	 1.2492 	 	 0.5164 	 	 0.7260 	 0.7704 	 1.6302 	 	 0.3994
[2022/07/13 23:27:38] - 59 	 34.6 	 	 28.8 	 	 0.1000 	 0.7316 	 0.7892 	 1.2402 	 	 0.5230 	 	 0.7375 	 0.7668 	 1.6564 	 	 0.3956
[2022/07/13 23:28:42] - 60 	 34.5 	 	 28.8 	 	 0.1000 	 0.7399 	 0.7872 	 1.2492 	 	 0.5208 	 	 0.7150 	 0.7749 	 1.6818 	 	 0.3825
[2022/07/13 23:29:45] - 61 	 34.5 	 	 28.8 	 	 0.1000 	 0.7374 	 0.7897 	 1.2448 	 	 0.5216 	 	 0.7246 	 0.7728 	 1.5932 	 	 0.4120
[2022/07/13 23:30:48] - 62 	 34.5 	 	 28.8 	 	 0.1000 	 0.7236 	 0.7965 	 1.2360 	 	 0.5245 	 	 0.7013 	 0.7750 	 1.6189 	 	 0.4093
[2022/07/13 23:31:52] - 63 	 34.5 	 	 28.8 	 	 0.1000 	 0.7314 	 0.7904 	 1.2401 	 	 0.5234 	 	 0.6922 	 0.7843 	 1.5989 	 	 0.4054
[2022/07/13 23:32:55] - 64 	 34.5 	 	 28.8 	 	 0.1000 	 0.7294 	 0.7922 	 1.2405 	 	 0.5211 	 	 0.6936 	 0.7857 	 1.6191 	 	 0.4015
[2022/07/13 23:33:58] - 65 	 34.5 	 	 28.8 	 	 0.1000 	 0.7277 	 0.7937 	 1.2392 	 	 0.5233 	 	 0.7087 	 0.7704 	 1.6639 	 	 0.3944
[2022/07/13 23:35:02] - 66 	 34.4 	 	 28.8 	 	 0.1000 	 0.7224 	 0.7948 	 1.2325 	 	 0.5265 	 	 0.7484 	 0.7600 	 1.6436 	 	 0.3954
[2022/07/13 23:36:05] - 67 	 34.4 	 	 28.8 	 	 0.1000 	 0.7229 	 0.7947 	 1.2336 	 	 0.5252 	 	 0.6878 	 0.7892 	 1.5977 	 	 0.4163
[2022/07/13 23:37:08] - 68 	 34.5 	 	 28.8 	 	 0.1000 	 0.7208 	 0.7963 	 1.2331 	 	 0.5254 	 	 0.6951 	 0.7868 	 1.6442 	 	 0.3949
[2022/07/13 23:38:11] - 69 	 34.5 	 	 28.8 	 	 0.1000 	 0.7222 	 0.7947 	 1.2326 	 	 0.5241 	 	 0.6997 	 0.7886 	 1.6921 	 	 0.3906
[2022/07/13 23:39:15] - 70 	 34.6 	 	 28.8 	 	 0.1000 	 0.7201 	 0.7939 	 1.2324 	 	 0.5263 	 	 0.7409 	 0.7502 	 1.6646 	 	 0.4027
[2022/07/13 23:40:19] - 71 	 34.6 	 	 28.8 	 	 0.1000 	 0.7215 	 0.7937 	 1.2321 	 	 0.5265 	 	 0.7213 	 0.7671 	 1.6481 	 	 0.4069
[2022/07/13 23:41:22] - 72 	 34.7 	 	 28.8 	 	 0.1000 	 0.7234 	 0.7941 	 1.2365 	 	 0.5248 	 	 0.6958 	 0.7894 	 1.6486 	 	 0.3894
[2022/07/13 23:42:26] - 73 	 34.6 	 	 28.8 	 	 0.1000 	 0.7212 	 0.7947 	 1.2357 	 	 0.5238 	 	 0.7041 	 0.7856 	 1.6393 	 	 0.3951
[2022/07/13 23:43:29] - 74 	 34.6 	 	 28.8 	 	 0.1000 	 0.7200 	 0.7960 	 1.2310 	 	 0.5263 	 	 0.7190 	 0.7674 	 1.5912 	 	 0.4085
[2022/07/13 23:44:33] - 75 	 34.7 	 	 28.8 	 	 0.1000 	 0.7181 	 0.7940 	 1.2273 	 	 0.5274 	 	 0.6861 	 0.7796 	 1.5761 	 	 0.4188
[2022/07/13 23:45:36] - 76 	 34.5 	 	 28.8 	 	 0.1000 	 0.7157 	 0.7948 	 1.2274 	 	 0.5282 	 	 0.6949 	 0.7839 	 1.6711 	 	 0.3862
[2022/07/13 23:46:39] - 77 	 34.5 	 	 28.8 	 	 0.1000 	 0.7210 	 0.7956 	 1.2338 	 	 0.5286 	 	 0.7035 	 0.7769 	 1.5638 	 	 0.4132
[2022/07/13 23:47:43] - 78 	 34.5 	 	 28.8 	 	 0.1000 	 0.7167 	 0.7956 	 1.2283 	 	 0.5279 	 	 0.6887 	 0.7859 	 1.6441 	 	 0.3888
[2022/07/13 23:48:46] - 79 	 34.4 	 	 28.8 	 	 0.1000 	 0.7149 	 0.7987 	 1.2273 	 	 0.5276 	 	 0.7193 	 0.7770 	 1.6423 	 	 0.3881
[2022/07/13 23:49:49] - 80 	 34.5 	 	 28.8 	 	 0.1000 	 0.7138 	 0.7985 	 1.2246 	 	 0.5315 	 	 0.7334 	 0.7600 	 1.6148 	 	 0.4161
[2022/07/13 23:50:53] - 81 	 34.5 	 	 28.8 	 	 0.1000 	 0.7137 	 0.7970 	 1.2270 	 	 0.5259 	 	 0.7279 	 0.7768 	 1.6308 	 	 0.3948
[2022/07/13 23:51:56] - 82 	 34.5 	 	 28.8 	 	 0.1000 	 0.7113 	 0.7989 	 1.2240 	 	 0.5303 	 	 0.6803 	 0.7849 	 1.6387 	 	 0.4005
[2022/07/13 23:52:59] - 83 	 34.5 	 	 28.8 	 	 0.1000 	 0.7086 	 0.7982 	 1.2226 	 	 0.5312 	 	 0.6890 	 0.7762 	 1.6794 	 	 0.3930
[2022/07/13 23:54:03] - 84 	 34.5 	 	 28.8 	 	 0.1000 	 0.7149 	 0.7962 	 1.2257 	 	 0.5285 	 	 0.7361 	 0.7506 	 1.6136 	 	 0.4044
[2022/07/13 23:55:06] - 85 	 34.5 	 	 28.8 	 	 0.1000 	 0.7120 	 0.7974 	 1.2250 	 	 0.5273 	 	 0.7033 	 0.7716 	 1.5928 	 	 0.4105
[2022/07/13 23:56:09] - 86 	 34.5 	 	 28.8 	 	 0.1000 	 0.7077 	 0.7987 	 1.2203 	 	 0.5312 	 	 0.7155 	 0.7789 	 1.6482 	 	 0.3992
[2022/07/13 23:57:12] - 87 	 34.5 	 	 28.8 	 	 0.1000 	 0.7098 	 0.7991 	 1.2211 	 	 0.5288 	 	 0.6888 	 0.7771 	 1.6598 	 	 0.3934
[2022/07/13 23:58:16] - 88 	 34.5 	 	 28.8 	 	 0.1000 	 0.7139 	 0.7973 	 1.2258 	 	 0.5300 	 	 0.6996 	 0.7718 	 1.5946 	 	 0.4164
[2022/07/13 23:59:19] - 89 	 34.4 	 	 28.8 	 	 0.1000 	 0.7124 	 0.7981 	 1.2251 	 	 0.5298 	 	 0.6976 	 0.7929 	 1.5390 	 	 0.4217
[2022/07/14 00:00:23] - 90 	 34.5 	 	 28.8 	 	 0.1000 	 0.7037 	 0.8006 	 1.2183 	 	 0.5300 	 	 0.6913 	 0.7863 	 1.6368 	 	 0.3967
[2022/07/14 00:01:26] - 91 	 34.5 	 	 28.8 	 	 0.1000 	 0.7111 	 0.7979 	 1.2230 	 	 0.5284 	 	 0.6822 	 0.7958 	 1.5969 	 	 0.4043
[2022/07/14 00:02:29] - 92 	 34.5 	 	 28.8 	 	 0.1000 	 0.7057 	 0.8021 	 1.2205 	 	 0.5305 	 	 0.6994 	 0.7862 	 1.5768 	 	 0.4099
[2022/07/14 00:03:33] - 93 	 34.5 	 	 28.8 	 	 0.1000 	 0.7101 	 0.7975 	 1.2216 	 	 0.5318 	 	 0.6796 	 0.8010 	 1.5860 	 	 0.4092
[2022/07/14 00:04:36] - 94 	 34.5 	 	 28.8 	 	 0.1000 	 0.7127 	 0.7971 	 1.2262 	 	 0.5274 	 	 0.6973 	 0.7760 	 1.6015 	 	 0.4114
[2022/07/14 00:05:39] - 95 	 34.4 	 	 28.8 	 	 0.1000 	 0.7050 	 0.8053 	 1.2214 	 	 0.5278 	 	 0.7076 	 0.7711 	 1.6356 	 	 0.3851
[2022/07/14 00:06:43] - 96 	 34.5 	 	 28.8 	 	 0.1000 	 0.7106 	 0.7986 	 1.2210 	 	 0.5310 	 	 0.6905 	 0.7888 	 1.6330 	 	 0.3974
[2022/07/14 00:07:46] - 97 	 34.5 	 	 28.8 	 	 0.1000 	 0.7028 	 0.7999 	 1.2171 	 	 0.5294 	 	 0.7118 	 0.7684 	 1.6587 	 	 0.4020
[2022/07/14 00:08:49] - 98 	 34.5 	 	 28.8 	 	 0.1000 	 0.7035 	 0.8012 	 1.2182 	 	 0.5295 	 	 0.7251 	 0.7776 	 1.5903 	 	 0.3995
[2022/07/14 00:09:52] - 99 	 34.5 	 	 28.8 	 	 0.0100 	 0.7047 	 0.7997 	 1.2187 	 	 0.5309 	 	 0.7081 	 0.7732 	 1.5779 	 	 0.4216
[2022/07/14 00:10:56] - 100 	 34.5 	 	 28.8 	 	 0.0100 	 0.6092 	 0.8300 	 1.0217 	 	 0.6053 	 	 0.5149 	 0.8370 	 1.4455 	 	 0.4665
[2022/07/14 00:12:00] - 101 	 34.5 	 	 28.8 	 	 0.0100 	 0.5238 	 0.8521 	 0.9473 	 	 0.6290 	 	 0.4996 	 0.8473 	 1.4406 	 	 0.4681
[2022/07/14 00:13:03] - 102 	 34.5 	 	 28.8 	 	 0.0100 	 0.4950 	 0.8620 	 0.9159 	 	 0.6395 	 	 0.4848 	 0.8552 	 1.4323 	 	 0.4703
[2022/07/14 00:14:06] - 103 	 34.5 	 	 28.8 	 	 0.0100 	 0.4727 	 0.8682 	 0.8921 	 	 0.6477 	 	 0.4729 	 0.8547 	 1.4623 	 	 0.4686
[2022/07/14 00:15:10] - 104 	 34.5 	 	 28.8 	 	 0.0100 	 0.4572 	 0.8738 	 0.8787 	 	 0.6519 	 	 0.4719 	 0.8545 	 1.4879 	 	 0.4665
[2022/07/14 00:16:13] - 105 	 34.5 	 	 28.8 	 	 0.0100 	 0.4424 	 0.8791 	 0.8627 	 	 0.6558 	 	 0.4725 	 0.8527 	 1.4534 	 	 0.4708
[2022/07/14 00:17:16] - 106 	 34.5 	 	 28.8 	 	 0.0100 	 0.4306 	 0.8832 	 0.8518 	 	 0.6606 	 	 0.4521 	 0.8646 	 1.4840 	 	 0.4656
[2022/07/14 00:18:20] - 107 	 34.5 	 	 28.8 	 	 0.0100 	 0.4194 	 0.8873 	 0.8408 	 	 0.6649 	 	 0.4429 	 0.8618 	 1.5247 	 	 0.4642
[2022/07/14 00:19:23] - 108 	 34.5 	 	 28.8 	 	 0.0100 	 0.4062 	 0.8927 	 0.8250 	 	 0.6706 	 	 0.4452 	 0.8605 	 1.5128 	 	 0.4670
[2022/07/14 00:20:26] - 109 	 34.5 	 	 28.8 	 	 0.0100 	 0.3976 	 0.8950 	 0.8171 	 	 0.6740 	 	 0.4361 	 0.8645 	 1.5421 	 	 0.4580
[2022/07/14 00:21:30] - 110 	 34.4 	 	 28.8 	 	 0.0100 	 0.3871 	 0.8993 	 0.8092 	 	 0.6747 	 	 0.4387 	 0.8626 	 1.5641 	 	 0.4535
[2022/07/14 00:22:33] - 111 	 34.5 	 	 28.8 	 	 0.0100 	 0.3797 	 0.9012 	 0.8029 	 	 0.6780 	 	 0.4405 	 0.8592 	 1.5999 	 	 0.4565
[2022/07/14 00:23:36] - 112 	 34.5 	 	 28.8 	 	 0.0100 	 0.3721 	 0.9031 	 0.7927 	 	 0.6805 	 	 0.4259 	 0.8656 	 1.6047 	 	 0.4535
[2022/07/14 00:24:40] - 113 	 34.5 	 	 28.8 	 	 0.0100 	 0.3657 	 0.9052 	 0.7889 	 	 0.6829 	 	 0.4407 	 0.8625 	 1.5614 	 	 0.4582
[2022/07/14 00:25:43] - 114 	 34.5 	 	 28.8 	 	 0.0100 	 0.3599 	 0.9079 	 0.7818 	 	 0.6824 	 	 0.4223 	 0.8682 	 1.6496 	 	 0.4495
[2022/07/14 00:26:46] - 115 	 34.5 	 	 28.8 	 	 0.0100 	 0.3543 	 0.9108 	 0.7771 	 	 0.6861 	 	 0.4361 	 0.8632 	 1.6059 	 	 0.4497
[2022/07/14 00:27:50] - 116 	 34.5 	 	 28.8 	 	 0.0100 	 0.3493 	 0.9129 	 0.7740 	 	 0.6848 	 	 0.4426 	 0.8621 	 1.5677 	 	 0.4568
[2022/07/14 00:28:53] - 117 	 34.5 	 	 28.8 	 	 0.0100 	 0.3425 	 0.9145 	 0.7655 	 	 0.6898 	 	 0.4225 	 0.8626 	 1.6300 	 	 0.4579
[2022/07/14 00:29:56] - 118 	 34.4 	 	 28.8 	 	 0.0100 	 0.3374 	 0.9171 	 0.7629 	 	 0.6893 	 	 0.4313 	 0.8633 	 1.6149 	 	 0.4509
[2022/07/14 00:31:00] - 119 	 34.5 	 	 28.8 	 	 0.0100 	 0.3301 	 0.9185 	 0.7537 	 	 0.6942 	 	 0.4251 	 0.8678 	 1.6819 	 	 0.4439
[2022/07/14 00:32:03] - 120 	 34.5 	 	 28.9 	 	 0.0100 	 0.3264 	 0.9215 	 0.7487 	 	 0.6937 	 	 0.4242 	 0.8658 	 1.6568 	 	 0.4499
[2022/07/14 00:33:06] - 121 	 34.5 	 	 28.8 	 	 0.0100 	 0.3216 	 0.9226 	 0.7503 	 	 0.6930 	 	 0.4343 	 0.8614 	 1.6669 	 	 0.4484
[2022/07/14 00:34:10] - 122 	 34.5 	 	 28.8 	 	 0.0100 	 0.3213 	 0.9230 	 0.7450 	 	 0.6969 	 	 0.4320 	 0.8577 	 1.7336 	 	 0.4461
[2022/07/14 00:35:13] - 123 	 34.5 	 	 28.8 	 	 0.0100 	 0.3140 	 0.9259 	 0.7375 	 	 0.6980 	 	 0.4445 	 0.8581 	 1.7738 	 	 0.4378
[2022/07/14 00:36:16] - 124 	 34.5 	 	 28.8 	 	 0.0100 	 0.3101 	 0.9279 	 0.7395 	 	 0.6977 	 	 0.4398 	 0.8584 	 1.7162 	 	 0.4399
[2022/07/14 00:37:20] - 125 	 34.4 	 	 28.8 	 	 0.0100 	 0.3087 	 0.9277 	 0.7349 	 	 0.6975 	 	 0.4366 	 0.8588 	 1.7189 	 	 0.4420
[2022/07/14 00:38:23] - 126 	 34.5 	 	 28.8 	 	 0.0100 	 0.3058 	 0.9282 	 0.7348 	 	 0.6984 	 	 0.4401 	 0.8634 	 1.6627 	 	 0.4534
[2022/07/14 00:39:26] - 127 	 34.5 	 	 28.8 	 	 0.0100 	 0.2996 	 0.9318 	 0.7239 	 	 0.7029 	 	 0.4410 	 0.8581 	 1.7328 	 	 0.4402
[2022/07/14 00:40:29] - 128 	 34.5 	 	 28.8 	 	 0.0100 	 0.2966 	 0.9326 	 0.7227 	 	 0.7013 	 	 0.4280 	 0.8643 	 1.8264 	 	 0.4267
[2022/07/14 00:41:33] - 129 	 34.5 	 	 28.8 	 	 0.0100 	 0.2918 	 0.9355 	 0.7209 	 	 0.7028 	 	 0.4279 	 0.8652 	 1.7792 	 	 0.4327
[2022/07/14 00:42:36] - 130 	 34.5 	 	 28.8 	 	 0.0100 	 0.2915 	 0.9339 	 0.7196 	 	 0.7050 	 	 0.4252 	 0.8640 	 1.7550 	 	 0.4313
[2022/07/14 00:43:40] - 131 	 34.5 	 	 28.8 	 	 0.0100 	 0.2861 	 0.9361 	 0.7108 	 	 0.7066 	 	 0.4179 	 0.8648 	 1.7625 	 	 0.4324
[2022/07/14 00:44:43] - 132 	 34.5 	 	 28.8 	 	 0.0100 	 0.2842 	 0.9367 	 0.7114 	 	 0.7054 	 	 0.4285 	 0.8661 	 1.7545 	 	 0.4359
[2022/07/14 00:45:46] - 133 	 34.5 	 	 28.8 	 	 0.0100 	 0.2818 	 0.9374 	 0.7116 	 	 0.7064 	 	 0.4288 	 0.8602 	 1.8131 	 	 0.4363
[2022/07/14 00:46:50] - 134 	 34.6 	 	 28.8 	 	 0.0100 	 0.2748 	 0.9403 	 0.6996 	 	 0.7093 	 	 0.4228 	 0.8645 	 1.8544 	 	 0.4296
[2022/07/14 00:47:53] - 135 	 34.5 	 	 28.8 	 	 0.0100 	 0.2748 	 0.9387 	 0.7013 	 	 0.7121 	 	 0.4261 	 0.8656 	 1.8049 	 	 0.4378
[2022/07/14 00:48:56] - 136 	 34.4 	 	 28.8 	 	 0.0100 	 0.2708 	 0.9422 	 0.6977 	 	 0.7112 	 	 0.4398 	 0.8600 	 1.7733 	 	 0.4371
[2022/07/14 00:49:59] - 137 	 34.5 	 	 28.8 	 	 0.0100 	 0.2724 	 0.9403 	 0.7004 	 	 0.7097 	 	 0.4233 	 0.8663 	 1.7702 	 	 0.4368
[2022/07/14 00:51:03] - 138 	 34.5 	 	 28.8 	 	 0.0100 	 0.2663 	 0.9425 	 0.6902 	 	 0.7125 	 	 0.4212 	 0.8675 	 1.8185 	 	 0.4342
[2022/07/14 00:52:06] - 139 	 34.5 	 	 28.8 	 	 0.0100 	 0.2662 	 0.9433 	 0.6897 	 	 0.7131 	 	 0.4404 	 0.8585 	 1.8240 	 	 0.4316
[2022/07/14 00:53:10] - 140 	 34.4 	 	 28.8 	 	 0.0100 	 0.2625 	 0.9446 	 0.6879 	 	 0.7147 	 	 0.4202 	 0.8608 	 1.8658 	 	 0.4249
[2022/07/14 00:54:13] - 141 	 34.5 	 	 28.8 	 	 0.0100 	 0.2599 	 0.9438 	 0.6831 	 	 0.7165 	 	 0.4245 	 0.8595 	 1.8594 	 	 0.4346
[2022/07/14 00:55:16] - 142 	 34.5 	 	 28.8 	 	 0.0100 	 0.2543 	 0.9453 	 0.6770 	 	 0.7178 	 	 0.4211 	 0.8590 	 1.9091 	 	 0.4247
[2022/07/14 00:56:20] - 143 	 34.5 	 	 28.8 	 	 0.0100 	 0.2538 	 0.9477 	 0.6757 	 	 0.7191 	 	 0.4322 	 0.8627 	 1.8449 	 	 0.4276
[2022/07/14 00:57:23] - 144 	 34.5 	 	 28.8 	 	 0.0100 	 0.2518 	 0.9470 	 0.6755 	 	 0.7202 	 	 0.4149 	 0.8659 	 1.8657 	 	 0.4246
[2022/07/14 00:58:26] - 145 	 34.5 	 	 28.8 	 	 0.0100 	 0.2481 	 0.9481 	 0.6727 	 	 0.7215 	 	 0.4268 	 0.8643 	 1.8873 	 	 0.4256
[2022/07/14 00:59:29] - 146 	 34.4 	 	 28.8 	 	 0.0100 	 0.2467 	 0.9492 	 0.6681 	 	 0.7210 	 	 0.4224 	 0.8620 	 1.8275 	 	 0.4350
[2022/07/14 01:00:33] - 147 	 34.5 	 	 28.8 	 	 0.0100 	 0.2456 	 0.9488 	 0.6675 	 	 0.7224 	 	 0.4333 	 0.8603 	 1.8554 	 	 0.4319
[2022/07/14 01:01:36] - 148 	 34.5 	 	 28.8 	 	 0.0100 	 0.2407 	 0.9504 	 0.6630 	 	 0.7254 	 	 0.4260 	 0.8637 	 1.9011 	 	 0.4244
[2022/07/14 01:02:39] - 149 	 34.5 	 	 28.8 	 	 0.0010 	 0.2372 	 0.9525 	 0.6580 	 	 0.7226 	 	 0.4318 	 0.8601 	 1.8223 	 	 0.4336
[2022/07/14 01:03:43] - 150 	 34.5 	 	 28.8 	 	 0.0010 	 0.2186 	 0.9559 	 0.5433 	 	 0.7768 	 	 0.3798 	 0.8794 	 1.8831 	 	 0.4429
[2022/07/14 01:04:46] - 151 	 34.5 	 	 28.8 	 	 0.0010 	 0.1825 	 0.9635 	 0.4894 	 	 0.7980 	 	 0.3747 	 0.8792 	 1.9505 	 	 0.4435
[2022/07/14 01:05:49] - 152 	 34.5 	 	 28.8 	 	 0.0010 	 0.1674 	 0.9679 	 0.4667 	 	 0.8051 	 	 0.3703 	 0.8803 	 1.9765 	 	 0.4394
[2022/07/14 01:06:53] - 153 	 34.5 	 	 28.8 	 	 0.0010 	 0.1606 	 0.9689 	 0.4537 	 	 0.8107 	 	 0.3688 	 0.8808 	 1.9814 	 	 0.4395
[2022/07/14 01:07:56] - 154 	 34.6 	 	 28.8 	 	 0.0010 	 0.1520 	 0.9710 	 0.4402 	 	 0.8159 	 	 0.3703 	 0.8778 	 1.9701 	 	 0.4454
[2022/07/14 01:08:59] - 155 	 34.5 	 	 28.8 	 	 0.0010 	 0.1464 	 0.9719 	 0.4318 	 	 0.8191 	 	 0.3694 	 0.8797 	 1.9895 	 	 0.4409
[2022/07/14 01:10:03] - 156 	 34.5 	 	 28.8 	 	 0.0010 	 0.1424 	 0.9727 	 0.4244 	 	 0.8220 	 	 0.3662 	 0.8789 	 2.0794 	 	 0.4373
[2022/07/14 01:11:06] - 157 	 34.4 	 	 28.8 	 	 0.0010 	 0.1384 	 0.9740 	 0.4169 	 	 0.8239 	 	 0.3646 	 0.8799 	 2.1372 	 	 0.4365
[2022/07/14 01:12:09] - 158 	 34.5 	 	 28.8 	 	 0.0010 	 0.1339 	 0.9752 	 0.4098 	 	 0.8282 	 	 0.3715 	 0.8792 	 2.0611 	 	 0.4435
[2022/07/14 01:13:12] - 159 	 34.4 	 	 28.8 	 	 0.0010 	 0.1297 	 0.9757 	 0.4023 	 	 0.8295 	 	 0.3648 	 0.8809 	 2.0974 	 	 0.4366
[2022/07/14 01:14:16] - 160 	 34.5 	 	 28.8 	 	 0.0010 	 0.1270 	 0.9764 	 0.3979 	 	 0.8328 	 	 0.3702 	 0.8786 	 2.1176 	 	 0.4387
[2022/07/14 01:15:19] - 161 	 34.5 	 	 28.8 	 	 0.0010 	 0.1234 	 0.9773 	 0.3917 	 	 0.8352 	 	 0.3672 	 0.8802 	 2.1707 	 	 0.4358
[2022/07/14 01:16:23] - 162 	 34.5 	 	 28.8 	 	 0.0010 	 0.1217 	 0.9782 	 0.3883 	 	 0.8360 	 	 0.3608 	 0.8814 	 2.2090 	 	 0.4324
[2022/07/14 01:17:26] - 163 	 34.5 	 	 28.8 	 	 0.0010 	 0.1171 	 0.9786 	 0.3829 	 	 0.8392 	 	 0.3642 	 0.8803 	 2.2161 	 	 0.4339
[2022/07/14 01:18:29] - 164 	 34.5 	 	 28.8 	 	 0.0010 	 0.1143 	 0.9798 	 0.3768 	 	 0.8410 	 	 0.3689 	 0.8768 	 2.2102 	 	 0.4345
[2022/07/14 01:19:32] - 165 	 34.5 	 	 28.8 	 	 0.0010 	 0.1134 	 0.9806 	 0.3734 	 	 0.8421 	 	 0.3683 	 0.8785 	 2.2132 	 	 0.4394
[2022/07/14 01:20:36] - 166 	 34.5 	 	 28.8 	 	 0.0010 	 0.1110 	 0.9805 	 0.3708 	 	 0.8425 	 	 0.3687 	 0.8783 	 2.2228 	 	 0.4338
[2022/07/14 01:21:39] - 167 	 34.4 	 	 28.8 	 	 0.0010 	 0.1105 	 0.9800 	 0.3700 	 	 0.8445 	 	 0.3716 	 0.8781 	 2.1867 	 	 0.4348
[2022/07/14 01:22:42] - 168 	 34.4 	 	 28.8 	 	 0.0010 	 0.1058 	 0.9824 	 0.3600 	 	 0.8489 	 	 0.3752 	 0.8768 	 2.3115 	 	 0.4319
[2022/07/14 01:23:45] - 169 	 34.5 	 	 28.8 	 	 0.0010 	 0.1035 	 0.9824 	 0.3574 	 	 0.8473 	 	 0.3737 	 0.8788 	 2.2775 	 	 0.4331
[2022/07/14 01:24:49] - 170 	 34.5 	 	 28.8 	 	 0.0010 	 0.1018 	 0.9827 	 0.3559 	 	 0.8497 	 	 0.3695 	 0.8773 	 2.2901 	 	 0.4358
[2022/07/14 01:25:52] - 171 	 34.5 	 	 28.8 	 	 0.0010 	 0.0988 	 0.9831 	 0.3474 	 	 0.8537 	 	 0.3684 	 0.8795 	 2.2479 	 	 0.4362
[2022/07/14 01:26:56] - 172 	 34.5 	 	 28.8 	 	 0.0010 	 0.0976 	 0.9830 	 0.3443 	 	 0.8545 	 	 0.3751 	 0.8746 	 2.3409 	 	 0.4334
[2022/07/14 01:27:59] - 173 	 34.5 	 	 28.8 	 	 0.0010 	 0.0964 	 0.9837 	 0.3424 	 	 0.8557 	 	 0.3771 	 0.8782 	 2.4130 	 	 0.4270
[2022/07/14 01:29:02] - 174 	 34.5 	 	 28.8 	 	 0.0010 	 0.0939 	 0.9842 	 0.3393 	 	 0.8582 	 	 0.3746 	 0.8761 	 2.3460 	 	 0.4334
[2022/07/14 01:30:05] - 175 	 34.4 	 	 28.8 	 	 0.0010 	 0.0925 	 0.9846 	 0.3398 	 	 0.8571 	 	 0.3794 	 0.8779 	 2.3921 	 	 0.4268
[2022/07/14 01:31:09] - 176 	 34.5 	 	 28.8 	 	 0.0010 	 0.0909 	 0.9849 	 0.3342 	 	 0.8585 	 	 0.3717 	 0.8775 	 2.3623 	 	 0.4346
[2022/07/14 01:32:12] - 177 	 34.5 	 	 28.8 	 	 0.0010 	 0.0897 	 0.9868 	 0.3350 	 	 0.8599 	 	 0.3751 	 0.8760 	 2.4013 	 	 0.4268
[2022/07/14 01:33:15] - 178 	 34.4 	 	 28.8 	 	 0.0010 	 0.0853 	 0.9867 	 0.3260 	 	 0.8622 	 	 0.3706 	 0.8782 	 2.4299 	 	 0.4290
[2022/07/14 01:34:18] - 179 	 34.4 	 	 28.8 	 	 0.0010 	 0.0863 	 0.9858 	 0.3254 	 	 0.8621 	 	 0.3798 	 0.8764 	 2.4443 	 	 0.4250
[2022/07/14 01:35:22] - 180 	 34.5 	 	 28.8 	 	 0.0010 	 0.0841 	 0.9869 	 0.3227 	 	 0.8642 	 	 0.3756 	 0.8764 	 2.4367 	 	 0.4281
[2022/07/14 01:36:25] - 181 	 34.5 	 	 28.8 	 	 0.0010 	 0.0814 	 0.9875 	 0.3179 	 	 0.8672 	 	 0.3754 	 0.8792 	 2.4882 	 	 0.4257
[2022/07/14 01:37:29] - 182 	 34.4 	 	 28.8 	 	 0.0010 	 0.0801 	 0.9883 	 0.3164 	 	 0.8667 	 	 0.3737 	 0.8764 	 2.5392 	 	 0.4184
[2022/07/14 01:38:32] - 183 	 34.4 	 	 28.8 	 	 0.0010 	 0.0787 	 0.9883 	 0.3140 	 	 0.8648 	 	 0.3792 	 0.8760 	 2.4766 	 	 0.4245
[2022/07/14 01:39:35] - 184 	 34.5 	 	 28.8 	 	 0.0010 	 0.0781 	 0.9879 	 0.3123 	 	 0.8692 	 	 0.3728 	 0.8782 	 2.4638 	 	 0.4251
[2022/07/14 01:40:39] - 185 	 34.5 	 	 28.8 	 	 0.0010 	 0.0769 	 0.9880 	 0.3112 	 	 0.8701 	 	 0.3823 	 0.8741 	 2.4582 	 	 0.4227
[2022/07/14 01:41:42] - 186 	 34.5 	 	 28.8 	 	 0.0010 	 0.0748 	 0.9890 	 0.3053 	 	 0.8718 	 	 0.3825 	 0.8794 	 2.5887 	 	 0.4192
[2022/07/14 01:42:45] - 187 	 34.5 	 	 28.8 	 	 0.0010 	 0.0748 	 0.9889 	 0.3057 	 	 0.8703 	 	 0.3865 	 0.8743 	 2.4945 	 	 0.4257
[2022/07/14 01:43:48] - 188 	 34.5 	 	 28.8 	 	 0.0010 	 0.0733 	 0.9888 	 0.3007 	 	 0.8748 	 	 0.3798 	 0.8766 	 2.5654 	 	 0.4221
[2022/07/14 01:44:52] - 189 	 34.5 	 	 28.8 	 	 0.0010 	 0.0726 	 0.9895 	 0.3027 	 	 0.8728 	 	 0.3788 	 0.8766 	 2.5274 	 	 0.4182
[2022/07/14 01:45:55] - 190 	 34.5 	 	 28.8 	 	 0.0010 	 0.0719 	 0.9897 	 0.2992 	 	 0.8754 	 	 0.3810 	 0.8774 	 2.6012 	 	 0.4216
[2022/07/14 01:46:59] - 191 	 34.5 	 	 28.8 	 	 0.0010 	 0.0697 	 0.9899 	 0.2984 	 	 0.8747 	 	 0.3843 	 0.8759 	 2.5835 	 	 0.4194
[2022/07/14 01:48:02] - 192 	 34.5 	 	 28.8 	 	 0.0010 	 0.0682 	 0.9902 	 0.2917 	 	 0.8793 	 	 0.3877 	 0.8767 	 2.6418 	 	 0.4155
[2022/07/14 01:49:05] - 193 	 34.4 	 	 28.8 	 	 0.0010 	 0.0672 	 0.9901 	 0.2905 	 	 0.8777 	 	 0.3891 	 0.8739 	 2.5734 	 	 0.4228
[2022/07/14 01:50:08] - 194 	 34.5 	 	 28.8 	 	 0.0010 	 0.0681 	 0.9907 	 0.2945 	 	 0.8768 	 	 0.3992 	 0.8712 	 2.5311 	 	 0.4247
[2022/07/14 01:51:12] - 195 	 34.5 	 	 28.8 	 	 0.0010 	 0.0668 	 0.9905 	 0.2878 	 	 0.8801 	 	 0.3820 	 0.8750 	 2.6027 	 	 0.4158
[2022/07/14 01:52:15] - 196 	 34.5 	 	 28.8 	 	 0.0010 	 0.0653 	 0.9904 	 0.2880 	 	 0.8815 	 	 0.3824 	 0.8791 	 2.6267 	 	 0.4173
[2022/07/14 01:53:18] - 197 	 34.5 	 	 28.8 	 	 0.0010 	 0.0637 	 0.9913 	 0.2860 	 	 0.8806 	 	 0.3898 	 0.8751 	 2.6425 	 	 0.4193
[2022/07/14 01:54:22] - 198 	 34.5 	 	 28.8 	 	 0.0010 	 0.0629 	 0.9911 	 0.2835 	 	 0.8822 	 	 0.3885 	 0.8727 	 2.6316 	 	 0.4198
[2022/07/14 01:55:25] - 199 	 34.5 	 	 28.8 	 	 0.0010 	 0.0630 	 0.9915 	 0.2854 	 	 0.8795 	 	 0.3863 	 0.8756 	 2.6287 	 	 0.4196
