[2022/07/10 19:55:26] - Namespace(attack='fgsm', attack_iters=10, batch_size=128, chkpt_iters=10, cutout=False, cutout_len=None, data_dir='../cifar-data', dropout=0, epochs=200, epsilon=8, eval=False, fgsm_alpha=0.875, fgsm_init='random', fname='experiments/cifar10_fgsm/preactresnet18_0.875_2', half=False, l1=0, l2=0, lr_drop_epoch=100, lr_max=0.1, lr_one_drop=0.01, lr_schedule='piecewise', mixup=False, mixup_alpha=None, model='PreActResNet18', norm='l_inf', pgd_alpha=2, restarts=1, resume=0, seed=0, val=False, width_factor=10)
[2022/07/10 19:55:37] - Epoch 	 Train Time 	 Test Time 	 LR 	 	 Train Loss 	 Train Acc 	 Train Robust Loss 	 Train Robust Acc 	 Test Loss 	 Test Acc 	 Test Robust Loss 	 Test Robust Acc
[2022/07/10 19:56:55] - 0 	 49.0 	 	 28.9 	 	 0.1000 	 1.8305 	 0.3227 	 2.0424 	 	 0.2344 	 	 1.6260 	 0.4063 	 1.9697 	 	 0.2608
[2022/07/10 19:57:58] - 1 	 34.5 	 	 28.8 	 	 0.1000 	 1.5488 	 0.4359 	 1.8309 	 	 0.3085 	 	 1.4291 	 0.4824 	 1.9089 	 	 0.2726
[2022/07/10 19:59:02] - 2 	 34.5 	 	 28.9 	 	 0.1000 	 1.3841 	 0.5105 	 1.7225 	 	 0.3484 	 	 1.3553 	 0.5129 	 1.8380 	 	 0.3063
[2022/07/10 20:00:06] - 3 	 34.7 	 	 28.8 	 	 0.1000 	 1.2581 	 0.5644 	 1.6315 	 	 0.3768 	 	 1.1908 	 0.5792 	 1.7877 	 	 0.3232
[2022/07/10 20:01:09] - 4 	 34.5 	 	 28.8 	 	 0.1000 	 1.1458 	 0.6172 	 1.5496 	 	 0.4120 	 	 1.1245 	 0.6231 	 1.7348 	 	 0.3387
[2022/07/10 20:02:12] - 5 	 34.5 	 	 28.8 	 	 0.1000 	 1.0683 	 0.6510 	 1.4907 	 	 0.4305 	 	 1.0806 	 0.6188 	 1.7422 	 	 0.3443
[2022/07/10 20:03:16] - 6 	 34.5 	 	 28.8 	 	 0.1000 	 1.0102 	 0.6777 	 1.4480 	 	 0.4494 	 	 0.9609 	 0.6858 	 1.6911 	 	 0.3587
[2022/07/10 20:04:19] - 7 	 34.5 	 	 28.8 	 	 0.1000 	 0.9562 	 0.6986 	 1.4070 	 	 0.4616 	 	 0.9467 	 0.6952 	 1.6846 	 	 0.3639
[2022/07/10 20:05:23] - 8 	 34.5 	 	 28.8 	 	 0.1000 	 0.9166 	 0.7153 	 1.3774 	 	 0.4717 	 	 0.9160 	 0.6931 	 1.6674 	 	 0.3728
[2022/07/10 20:06:26] - 9 	 34.5 	 	 28.8 	 	 0.1000 	 0.8860 	 0.7293 	 1.3536 	 	 0.4837 	 	 0.8681 	 0.7181 	 1.6591 	 	 0.3711
[2022/07/10 20:07:30] - 10 	 34.5 	 	 28.8 	 	 0.1000 	 0.8568 	 0.7387 	 1.3316 	 	 0.4920 	 	 0.9070 	 0.6914 	 1.7001 	 	 0.3775
[2022/07/10 20:08:34] - 11 	 34.5 	 	 28.8 	 	 0.1000 	 0.8355 	 0.7475 	 1.3125 	 	 0.4962 	 	 0.8853 	 0.7190 	 1.6212 	 	 0.3888
[2022/07/10 20:09:37] - 12 	 34.5 	 	 28.8 	 	 0.1000 	 0.8173 	 0.7555 	 1.3016 	 	 0.5028 	 	 0.8413 	 0.7404 	 1.6105 	 	 0.3887
[2022/07/10 20:10:40] - 13 	 34.5 	 	 28.8 	 	 0.1000 	 0.7988 	 0.7638 	 1.2847 	 	 0.5103 	 	 0.8259 	 0.7234 	 1.7048 	 	 0.3813
[2022/07/10 20:11:44] - 14 	 34.6 	 	 28.8 	 	 0.1000 	 0.7812 	 0.7695 	 1.2701 	 	 0.5163 	 	 0.8326 	 0.7436 	 1.6395 	 	 0.3778
[2022/07/10 20:12:47] - 15 	 34.5 	 	 28.8 	 	 0.1000 	 0.7637 	 0.7771 	 1.2540 	 	 0.5194 	 	 0.7844 	 0.7517 	 1.6483 	 	 0.3822
[2022/07/10 20:13:50] - 16 	 34.5 	 	 28.8 	 	 0.1000 	 0.7524 	 0.7812 	 1.2466 	 	 0.5238 	 	 0.7983 	 0.7377 	 1.6322 	 	 0.3879
[2022/07/10 20:14:54] - 17 	 34.5 	 	 28.8 	 	 0.1000 	 0.7389 	 0.7857 	 1.2343 	 	 0.5271 	 	 0.7966 	 0.7499 	 1.6447 	 	 0.3838
[2022/07/10 20:15:57] - 18 	 34.5 	 	 28.8 	 	 0.1000 	 0.7285 	 0.7878 	 1.2260 	 	 0.5276 	 	 0.7408 	 0.7653 	 1.7263 	 	 0.3692
[2022/07/10 20:17:00] - 19 	 34.6 	 	 28.8 	 	 0.1000 	 0.7162 	 0.7956 	 1.2139 	 	 0.5365 	 	 0.7705 	 0.7494 	 1.6622 	 	 0.3801
[2022/07/10 20:18:04] - 20 	 34.5 	 	 28.8 	 	 0.1000 	 0.7047 	 0.7987 	 1.2061 	 	 0.5382 	 	 0.7525 	 0.7620 	 1.6816 	 	 0.3847
[2022/07/10 20:19:08] - 21 	 34.6 	 	 28.8 	 	 0.1000 	 0.7027 	 0.7988 	 1.2019 	 	 0.5381 	 	 0.8000 	 0.7569 	 1.6530 	 	 0.3836
[2022/07/10 20:20:11] - 22 	 34.5 	 	 28.8 	 	 0.1000 	 0.6953 	 0.8011 	 1.1960 	 	 0.5425 	 	 0.7525 	 0.7651 	 1.6112 	 	 0.3922
[2022/07/10 20:21:14] - 23 	 34.5 	 	 28.8 	 	 0.1000 	 0.6879 	 0.8033 	 1.1919 	 	 0.5459 	 	 0.7288 	 0.7828 	 1.6005 	 	 0.3947
[2022/07/10 20:22:18] - 24 	 34.5 	 	 28.8 	 	 0.1000 	 0.6764 	 0.8104 	 1.1839 	 	 0.5439 	 	 0.7865 	 0.7426 	 1.5600 	 	 0.4141
[2022/07/10 20:23:21] - 25 	 34.5 	 	 28.8 	 	 0.1000 	 0.6697 	 0.8119 	 1.1752 	 	 0.5483 	 	 0.7424 	 0.7668 	 1.5925 	 	 0.4091
[2022/07/10 20:24:24] - 26 	 34.5 	 	 28.8 	 	 0.1000 	 0.6671 	 0.8132 	 1.1723 	 	 0.5493 	 	 0.7252 	 0.7726 	 1.6632 	 	 0.3781
[2022/07/10 20:25:28] - 27 	 34.5 	 	 28.8 	 	 0.1000 	 0.6612 	 0.8149 	 1.1686 	 	 0.5501 	 	 0.7333 	 0.7685 	 1.6800 	 	 0.3827
[2022/07/10 20:26:31] - 28 	 34.5 	 	 28.8 	 	 0.1000 	 0.6604 	 0.8136 	 1.1666 	 	 0.5513 	 	 0.7432 	 0.7668 	 1.6431 	 	 0.3944
[2022/07/10 20:27:34] - 29 	 34.5 	 	 28.8 	 	 0.1000 	 0.6552 	 0.8153 	 1.1626 	 	 0.5541 	 	 0.7363 	 0.7763 	 1.6202 	 	 0.3988
[2022/07/10 20:28:38] - 30 	 34.7 	 	 28.8 	 	 0.1000 	 0.6514 	 0.8180 	 1.1582 	 	 0.5531 	 	 0.7092 	 0.7816 	 1.6289 	 	 0.3899
[2022/07/10 20:29:41] - 31 	 34.5 	 	 28.8 	 	 0.1000 	 0.6420 	 0.8223 	 1.1527 	 	 0.5559 	 	 0.7445 	 0.7737 	 1.6784 	 	 0.3779
[2022/07/10 20:30:45] - 32 	 34.5 	 	 28.8 	 	 0.1000 	 0.6415 	 0.8214 	 1.1510 	 	 0.5578 	 	 0.7244 	 0.7802 	 1.6738 	 	 0.3838
[2022/07/10 20:31:48] - 33 	 34.5 	 	 28.8 	 	 0.1000 	 0.6425 	 0.8196 	 1.1509 	 	 0.5555 	 	 0.7117 	 0.7733 	 1.6519 	 	 0.3853
[2022/07/10 20:32:51] - 34 	 34.5 	 	 28.8 	 	 0.1000 	 0.6331 	 0.8246 	 1.1420 	 	 0.5595 	 	 0.6832 	 0.7897 	 1.6141 	 	 0.4132
[2022/07/10 20:33:55] - 35 	 34.5 	 	 28.8 	 	 0.1000 	 0.6302 	 0.8269 	 1.1387 	 	 0.5613 	 	 0.6959 	 0.7898 	 1.6209 	 	 0.4015
[2022/07/10 20:34:58] - 36 	 34.5 	 	 28.8 	 	 0.1000 	 0.6319 	 0.8242 	 1.1417 	 	 0.5624 	 	 0.7188 	 0.7788 	 1.6137 	 	 0.3987
[2022/07/10 20:36:01] - 37 	 34.5 	 	 28.8 	 	 0.1000 	 0.6238 	 0.8285 	 1.1359 	 	 0.5614 	 	 0.7043 	 0.7834 	 1.6326 	 	 0.3896
[2022/07/10 20:37:04] - 38 	 34.5 	 	 28.8 	 	 0.1000 	 0.6227 	 0.8278 	 1.1339 	 	 0.5620 	 	 0.7221 	 0.7861 	 1.6479 	 	 0.3906
[2022/07/10 20:38:08] - 39 	 34.5 	 	 28.8 	 	 0.1000 	 0.6200 	 0.8304 	 1.1321 	 	 0.5622 	 	 0.6966 	 0.7855 	 1.6601 	 	 0.3886
[2022/07/10 20:39:11] - 40 	 34.5 	 	 28.8 	 	 0.1000 	 0.6186 	 0.8306 	 1.1293 	 	 0.5644 	 	 0.7156 	 0.7834 	 1.6125 	 	 0.3993
[2022/07/10 20:40:15] - 41 	 34.5 	 	 28.8 	 	 0.1000 	 0.6173 	 0.8310 	 1.1296 	 	 0.5646 	 	 0.6746 	 0.7950 	 1.6047 	 	 0.4091
[2022/07/10 20:41:18] - 42 	 34.5 	 	 28.8 	 	 0.1000 	 0.6165 	 0.8294 	 1.1295 	 	 0.5670 	 	 0.7200 	 0.7681 	 1.6096 	 	 0.4121
[2022/07/10 20:42:21] - 43 	 34.5 	 	 28.8 	 	 0.1000 	 0.6121 	 0.8313 	 1.1250 	 	 0.5644 	 	 0.7014 	 0.7782 	 1.6398 	 	 0.3878
[2022/07/10 20:43:25] - 44 	 34.5 	 	 28.8 	 	 0.1000 	 0.6102 	 0.8322 	 1.1246 	 	 0.5646 	 	 0.6978 	 0.7875 	 1.5691 	 	 0.4108
[2022/07/10 20:44:28] - 45 	 34.5 	 	 28.8 	 	 0.1000 	 0.6076 	 0.8338 	 1.1196 	 	 0.5684 	 	 0.6570 	 0.7881 	 1.6731 	 	 0.3841
[2022/07/10 20:45:31] - 46 	 34.5 	 	 28.8 	 	 0.1000 	 0.6074 	 0.8346 	 1.1218 	 	 0.5681 	 	 0.6636 	 0.7916 	 1.6133 	 	 0.4092
[2022/07/10 20:46:35] - 47 	 34.5 	 	 28.8 	 	 0.1000 	 0.6009 	 0.8361 	 1.1137 	 	 0.5721 	 	 0.6785 	 0.7867 	 1.6182 	 	 0.4046
[2022/07/10 20:47:38] - 48 	 34.5 	 	 28.8 	 	 0.1000 	 0.6021 	 0.8372 	 1.1172 	 	 0.5699 	 	 0.6929 	 0.7640 	 1.6975 	 	 0.3879
[2022/07/10 20:48:41] - 49 	 34.5 	 	 28.8 	 	 0.1000 	 0.6024 	 0.8354 	 1.1153 	 	 0.5698 	 	 0.7159 	 0.7672 	 1.6610 	 	 0.3978
[2022/07/10 20:49:45] - 50 	 34.5 	 	 28.8 	 	 0.1000 	 0.5988 	 0.8362 	 1.1111 	 	 0.5713 	 	 0.6670 	 0.7828 	 1.6770 	 	 0.3859
[2022/07/10 20:50:48] - 51 	 34.5 	 	 28.8 	 	 0.1000 	 0.5944 	 0.8393 	 1.1109 	 	 0.5723 	 	 0.6756 	 0.7809 	 1.6319 	 	 0.4056
[2022/07/10 20:51:51] - 52 	 34.5 	 	 28.8 	 	 0.1000 	 0.5930 	 0.8412 	 1.1074 	 	 0.5728 	 	 0.6780 	 0.7841 	 1.6555 	 	 0.3934
[2022/07/10 20:52:55] - 53 	 34.5 	 	 28.8 	 	 0.1000 	 0.5973 	 0.8377 	 1.1140 	 	 0.5753 	 	 0.6794 	 0.7892 	 1.6448 	 	 0.4011
[2022/07/10 20:53:58] - 54 	 34.5 	 	 28.8 	 	 0.1000 	 0.5881 	 0.8401 	 1.1033 	 	 0.5732 	 	 0.6670 	 0.7958 	 1.6508 	 	 0.3950
[2022/07/10 20:55:01] - 55 	 34.5 	 	 28.8 	 	 0.1000 	 0.5899 	 0.8409 	 1.1056 	 	 0.5717 	 	 0.6670 	 0.8010 	 1.6083 	 	 0.4063
[2022/07/10 20:56:04] - 56 	 34.5 	 	 28.8 	 	 0.1000 	 0.5915 	 0.8396 	 1.1030 	 	 0.5736 	 	 0.6514 	 0.7975 	 1.6031 	 	 0.4098
[2022/07/10 20:57:08] - 57 	 34.5 	 	 28.8 	 	 0.1000 	 0.5819 	 0.8425 	 1.0951 	 	 0.5763 	 	 0.6479 	 0.7896 	 1.6580 	 	 0.3996
[2022/07/10 20:58:11] - 58 	 34.5 	 	 28.8 	 	 0.1000 	 0.5939 	 0.8384 	 1.1121 	 	 0.5706 	 	 0.6878 	 0.7874 	 1.6895 	 	 0.3747
[2022/07/10 20:59:15] - 59 	 34.6 	 	 28.8 	 	 0.1000 	 0.5821 	 0.8427 	 1.0989 	 	 0.5758 	 	 0.6718 	 0.7893 	 1.5969 	 	 0.4085
[2022/07/10 21:00:18] - 60 	 34.5 	 	 28.8 	 	 0.1000 	 0.5918 	 0.8402 	 1.1079 	 	 0.5716 	 	 0.6774 	 0.7948 	 1.6081 	 	 0.4059
[2022/07/10 21:01:22] - 61 	 34.5 	 	 28.8 	 	 0.1000 	 0.5849 	 0.8430 	 1.0988 	 	 0.5765 	 	 0.6575 	 0.8073 	 1.5933 	 	 0.4057
[2022/07/10 21:02:25] - 62 	 34.5 	 	 28.8 	 	 0.1000 	 0.5763 	 0.8455 	 1.0944 	 	 0.5757 	 	 0.6796 	 0.7865 	 1.6532 	 	 0.4007
[2022/07/10 21:03:28] - 63 	 34.5 	 	 28.8 	 	 0.1000 	 0.5795 	 0.8460 	 1.0950 	 	 0.5747 	 	 0.6636 	 0.7960 	 1.6417 	 	 0.3999
[2022/07/10 21:04:32] - 64 	 34.6 	 	 28.8 	 	 0.1000 	 0.5828 	 0.8423 	 1.0999 	 	 0.5731 	 	 0.6576 	 0.8045 	 1.6348 	 	 0.4015
[2022/07/10 21:05:35] - 65 	 34.6 	 	 28.8 	 	 0.1000 	 0.5794 	 0.8442 	 1.0948 	 	 0.5754 	 	 0.6664 	 0.7880 	 1.6488 	 	 0.4013
[2022/07/10 21:06:38] - 66 	 34.6 	 	 28.8 	 	 0.1000 	 0.5769 	 0.8447 	 1.0937 	 	 0.5764 	 	 0.6666 	 0.7900 	 1.6281 	 	 0.4031
[2022/07/10 21:07:42] - 67 	 34.7 	 	 28.8 	 	 0.1000 	 0.5729 	 0.8469 	 1.0894 	 	 0.5773 	 	 0.6416 	 0.8075 	 1.5881 	 	 0.4170
[2022/07/10 21:08:45] - 68 	 34.5 	 	 28.8 	 	 0.1000 	 0.5712 	 0.8470 	 1.0868 	 	 0.5805 	 	 0.6522 	 0.8013 	 1.6426 	 	 0.3920
[2022/07/10 21:09:49] - 69 	 34.5 	 	 28.8 	 	 0.1000 	 0.5741 	 0.8465 	 1.0910 	 	 0.5783 	 	 0.6510 	 0.8071 	 1.6953 	 	 0.3778
[2022/07/10 21:10:52] - 70 	 34.5 	 	 28.8 	 	 0.1000 	 0.5728 	 0.8452 	 1.0927 	 	 0.5790 	 	 0.6934 	 0.7673 	 1.6233 	 	 0.4147
[2022/07/10 21:11:56] - 71 	 34.5 	 	 28.8 	 	 0.1000 	 0.5743 	 0.8473 	 1.0923 	 	 0.5763 	 	 0.6539 	 0.7958 	 1.5979 	 	 0.4153
[2022/07/10 21:12:59] - 72 	 34.5 	 	 28.8 	 	 0.1000 	 0.5760 	 0.8455 	 1.0912 	 	 0.5783 	 	 0.6389 	 0.8007 	 1.6435 	 	 0.3979
[2022/07/10 21:14:02] - 73 	 34.5 	 	 28.8 	 	 0.1000 	 0.5703 	 0.8469 	 1.0879 	 	 0.5782 	 	 0.6562 	 0.7995 	 1.6633 	 	 0.3967
[2022/07/10 21:15:05] - 74 	 34.5 	 	 28.8 	 	 0.1000 	 0.5757 	 0.8442 	 1.0925 	 	 0.5778 	 	 0.6671 	 0.7961 	 1.5756 	 	 0.4164
[2022/07/10 21:16:09] - 75 	 34.5 	 	 28.8 	 	 0.1000 	 0.5682 	 0.8482 	 1.0845 	 	 0.5790 	 	 0.6707 	 0.8016 	 1.6223 	 	 0.3935
[2022/07/10 21:17:12] - 76 	 34.5 	 	 28.8 	 	 0.1000 	 0.5698 	 0.8476 	 1.0878 	 	 0.5792 	 	 0.6589 	 0.8107 	 1.6026 	 	 0.4019
[2022/07/10 21:18:15] - 77 	 34.6 	 	 28.7 	 	 0.1000 	 0.5733 	 0.8467 	 1.0927 	 	 0.5795 	 	 0.6736 	 0.7844 	 1.6315 	 	 0.4148
[2022/07/10 21:19:19] - 78 	 34.5 	 	 28.8 	 	 0.1000 	 0.5702 	 0.8488 	 1.0866 	 	 0.5789 	 	 0.6434 	 0.8064 	 1.6844 	 	 0.3800
[2022/07/10 21:20:22] - 79 	 34.5 	 	 28.8 	 	 0.1000 	 0.5664 	 0.8498 	 1.0839 	 	 0.5809 	 	 0.6316 	 0.8039 	 1.6489 	 	 0.3987
[2022/07/10 21:21:26] - 80 	 34.7 	 	 28.8 	 	 0.1000 	 0.5665 	 0.8498 	 1.0819 	 	 0.5827 	 	 0.6884 	 0.7822 	 1.6208 	 	 0.4078
[2022/07/10 21:22:29] - 81 	 34.6 	 	 28.8 	 	 0.1000 	 0.5681 	 0.8493 	 1.0856 	 	 0.5782 	 	 0.6817 	 0.7854 	 1.6388 	 	 0.3964
[2022/07/10 21:23:33] - 82 	 34.6 	 	 28.8 	 	 0.1000 	 0.5650 	 0.8508 	 1.0830 	 	 0.5816 	 	 0.6283 	 0.8102 	 1.6654 	 	 0.3949
[2022/07/10 21:24:36] - 83 	 34.6 	 	 28.8 	 	 0.1000 	 0.5612 	 0.8508 	 1.0801 	 	 0.5797 	 	 0.6586 	 0.7854 	 1.6806 	 	 0.3971
[2022/07/10 21:25:39] - 84 	 34.6 	 	 28.8 	 	 0.1000 	 0.5641 	 0.8502 	 1.0836 	 	 0.5823 	 	 0.6981 	 0.7752 	 1.6439 	 	 0.3985
[2022/07/10 21:26:43] - 85 	 34.5 	 	 28.8 	 	 0.1000 	 0.5639 	 0.8514 	 1.0829 	 	 0.5809 	 	 0.6640 	 0.7950 	 1.5779 	 	 0.4164
[2022/07/10 21:27:46] - 86 	 34.5 	 	 28.8 	 	 0.1000 	 0.5628 	 0.8471 	 1.0794 	 	 0.5836 	 	 0.6798 	 0.7882 	 1.6528 	 	 0.3990
[2022/07/10 21:28:49] - 87 	 34.5 	 	 28.8 	 	 0.1000 	 0.5595 	 0.8527 	 1.0785 	 	 0.5824 	 	 0.6462 	 0.7925 	 1.6388 	 	 0.4066
[2022/07/10 21:29:53] - 88 	 34.5 	 	 28.8 	 	 0.1000 	 0.5617 	 0.8497 	 1.0790 	 	 0.5830 	 	 0.6865 	 0.7711 	 1.6360 	 	 0.4086
[2022/07/10 21:30:56] - 89 	 34.5 	 	 28.8 	 	 0.1000 	 0.5604 	 0.8512 	 1.0786 	 	 0.5812 	 	 0.6523 	 0.8117 	 1.5793 	 	 0.4112
[2022/07/10 21:31:59] - 90 	 34.5 	 	 28.8 	 	 0.1000 	 0.5531 	 0.8530 	 1.0738 	 	 0.5868 	 	 0.6410 	 0.8065 	 1.6408 	 	 0.3882
[2022/07/10 21:33:03] - 91 	 34.5 	 	 28.8 	 	 0.1000 	 0.5623 	 0.8484 	 1.0783 	 	 0.5795 	 	 0.6406 	 0.8135 	 1.5762 	 	 0.4143
[2022/07/10 21:34:06] - 92 	 34.6 	 	 28.8 	 	 0.1000 	 0.5561 	 0.8538 	 1.0743 	 	 0.5839 	 	 0.6621 	 0.7971 	 1.5951 	 	 0.4015
[2022/07/10 21:35:10] - 93 	 34.6 	 	 28.8 	 	 0.1000 	 0.5587 	 0.8507 	 1.0758 	 	 0.5825 	 	 0.6412 	 0.8140 	 1.6323 	 	 0.3957
[2022/07/10 21:36:13] - 94 	 34.6 	 	 28.8 	 	 0.1000 	 0.5623 	 0.8524 	 1.0806 	 	 0.5812 	 	 0.6359 	 0.8065 	 1.6419 	 	 0.3957
[2022/07/10 21:37:16] - 95 	 34.6 	 	 28.8 	 	 0.1000 	 0.5549 	 0.8548 	 1.0741 	 	 0.5813 	 	 0.6651 	 0.7906 	 1.6453 	 	 0.3943
[2022/07/10 21:38:20] - 96 	 34.6 	 	 28.8 	 	 0.1000 	 0.5568 	 0.8536 	 1.0742 	 	 0.5837 	 	 0.6329 	 0.7980 	 1.7310 	 	 0.3847
[2022/07/10 21:39:23] - 97 	 34.7 	 	 28.8 	 	 0.1000 	 0.5558 	 0.8522 	 1.0752 	 	 0.5838 	 	 0.6652 	 0.7880 	 1.6488 	 	 0.4018
[2022/07/10 21:40:26] - 98 	 34.6 	 	 28.8 	 	 0.1000 	 0.5533 	 0.8535 	 1.0742 	 	 0.5834 	 	 0.6377 	 0.8019 	 1.6366 	 	 0.3984
[2022/07/10 21:41:30] - 99 	 34.5 	 	 28.8 	 	 0.0100 	 0.5578 	 0.8529 	 1.0764 	 	 0.5819 	 	 0.6660 	 0.7872 	 1.6376 	 	 0.4027
[2022/07/10 21:42:33] - 100 	 34.5 	 	 28.8 	 	 0.0100 	 0.4584 	 0.8783 	 0.8568 	 	 0.6675 	 	 0.4657 	 0.8551 	 1.4840 	 	 0.4624
[2022/07/10 21:43:37] - 101 	 34.5 	 	 28.8 	 	 0.0100 	 0.3783 	 0.8992 	 0.7735 	 	 0.6937 	 	 0.4480 	 0.8653 	 1.4863 	 	 0.4644
[2022/07/10 21:44:40] - 102 	 34.5 	 	 28.8 	 	 0.0100 	 0.3486 	 0.9087 	 0.7348 	 	 0.7081 	 	 0.4315 	 0.8704 	 1.4922 	 	 0.4595
[2022/07/10 21:45:44] - 103 	 34.5 	 	 28.8 	 	 0.0100 	 0.3269 	 0.9153 	 0.7101 	 	 0.7167 	 	 0.4199 	 0.8718 	 1.5397 	 	 0.4590
[2022/07/10 21:46:47] - 104 	 34.5 	 	 28.8 	 	 0.0100 	 0.3076 	 0.9211 	 0.6863 	 	 0.7245 	 	 0.4272 	 0.8677 	 1.5560 	 	 0.4569
[2022/07/10 21:47:50] - 105 	 34.5 	 	 28.8 	 	 0.0100 	 0.2907 	 0.9259 	 0.6623 	 	 0.7325 	 	 0.4255 	 0.8667 	 1.5513 	 	 0.4590
[2022/07/10 21:48:53] - 106 	 34.5 	 	 28.8 	 	 0.0100 	 0.2759 	 0.9316 	 0.6457 	 	 0.7376 	 	 0.4018 	 0.8749 	 1.6168 	 	 0.4525
[2022/07/10 21:49:57] - 107 	 34.5 	 	 28.8 	 	 0.0100 	 0.2645 	 0.9345 	 0.6305 	 	 0.7415 	 	 0.3979 	 0.8721 	 1.6784 	 	 0.4543
[2022/07/10 21:51:00] - 108 	 34.5 	 	 28.8 	 	 0.0100 	 0.2512 	 0.9384 	 0.6153 	 	 0.7480 	 	 0.3983 	 0.8737 	 1.6803 	 	 0.4492
[2022/07/10 21:52:03] - 109 	 34.6 	 	 28.8 	 	 0.0100 	 0.2412 	 0.9426 	 0.6022 	 	 0.7529 	 	 0.3993 	 0.8689 	 1.7281 	 	 0.4400
[2022/07/10 21:53:07] - 110 	 34.5 	 	 28.8 	 	 0.0100 	 0.2306 	 0.9459 	 0.5916 	 	 0.7555 	 	 0.4003 	 0.8695 	 1.7591 	 	 0.4406
[2022/07/10 21:54:10] - 111 	 34.5 	 	 28.8 	 	 0.0100 	 0.2235 	 0.9489 	 0.5830 	 	 0.7596 	 	 0.3974 	 0.8727 	 1.7770 	 	 0.4393
[2022/07/10 21:55:14] - 112 	 34.5 	 	 28.8 	 	 0.0100 	 0.2146 	 0.9504 	 0.5693 	 	 0.7659 	 	 0.3853 	 0.8729 	 1.8551 	 	 0.4318
[2022/07/10 21:56:17] - 113 	 34.5 	 	 28.8 	 	 0.0100 	 0.2090 	 0.9519 	 0.5613 	 	 0.7682 	 	 0.4044 	 0.8674 	 1.7974 	 	 0.4424
[2022/07/10 21:57:20] - 114 	 34.5 	 	 28.8 	 	 0.0100 	 0.1997 	 0.9563 	 0.5485 	 	 0.7698 	 	 0.3999 	 0.8715 	 1.9258 	 	 0.4323
[2022/07/10 21:58:23] - 115 	 34.5 	 	 28.8 	 	 0.0100 	 0.1953 	 0.9566 	 0.5448 	 	 0.7716 	 	 0.3985 	 0.8680 	 1.9137 	 	 0.4286
[2022/07/10 21:59:27] - 116 	 34.5 	 	 28.8 	 	 0.0100 	 0.1917 	 0.9580 	 0.5429 	 	 0.7738 	 	 0.4147 	 0.8650 	 1.8592 	 	 0.4322
[2022/07/10 22:00:30] - 117 	 34.5 	 	 28.8 	 	 0.0100 	 0.1830 	 0.9603 	 0.5283 	 	 0.7794 	 	 0.3930 	 0.8716 	 2.0259 	 	 0.4305
[2022/07/10 22:01:33] - 118 	 34.5 	 	 28.8 	 	 0.0100 	 0.1803 	 0.9610 	 0.5268 	 	 0.7803 	 	 0.3978 	 0.8664 	 1.9708 	 	 0.4210
[2022/07/10 22:02:37] - 119 	 34.5 	 	 28.8 	 	 0.0100 	 0.1773 	 0.9623 	 0.5242 	 	 0.7795 	 	 0.4071 	 0.8680 	 1.9506 	 	 0.4197
[2022/07/10 22:03:40] - 120 	 34.6 	 	 28.8 	 	 0.0100 	 0.1722 	 0.9636 	 0.5150 	 	 0.7819 	 	 0.3972 	 0.8712 	 1.9973 	 	 0.4173
[2022/07/10 22:04:44] - 121 	 34.5 	 	 28.8 	 	 0.0100 	 0.1654 	 0.9659 	 0.5069 	 	 0.7875 	 	 0.4113 	 0.8643 	 2.0112 	 	 0.4223
[2022/07/10 22:05:47] - 122 	 34.5 	 	 28.8 	 	 0.0100 	 0.1651 	 0.9661 	 0.5097 	 	 0.7859 	 	 0.3916 	 0.8702 	 2.1397 	 	 0.4093
[2022/07/10 22:06:50] - 123 	 34.5 	 	 28.8 	 	 0.0100 	 0.1617 	 0.9673 	 0.5050 	 	 0.7863 	 	 0.4001 	 0.8693 	 2.0737 	 	 0.4120
[2022/07/10 22:07:54] - 124 	 34.5 	 	 28.8 	 	 0.0100 	 0.1578 	 0.9690 	 0.4992 	 	 0.7891 	 	 0.4042 	 0.8666 	 2.1139 	 	 0.4141
[2022/07/10 22:08:57] - 125 	 34.5 	 	 28.8 	 	 0.0100 	 0.1554 	 0.9694 	 0.4966 	 	 0.7911 	 	 0.4049 	 0.8606 	 2.0911 	 	 0.4190
[2022/07/10 22:10:00] - 126 	 34.5 	 	 28.8 	 	 0.0100 	 0.1529 	 0.9702 	 0.4951 	 	 0.7901 	 	 0.4002 	 0.8709 	 2.1176 	 	 0.4093
[2022/07/10 22:11:03] - 127 	 34.5 	 	 28.8 	 	 0.0100 	 0.1503 	 0.9706 	 0.4892 	 	 0.7920 	 	 0.4075 	 0.8659 	 2.1972 	 	 0.4095
[2022/07/10 22:12:07] - 128 	 34.6 	 	 28.8 	 	 0.0100 	 0.1455 	 0.9721 	 0.4808 	 	 0.7960 	 	 0.4027 	 0.8692 	 2.2211 	 	 0.4000
[2022/07/10 22:13:10] - 129 	 34.6 	 	 28.8 	 	 0.0100 	 0.1440 	 0.9733 	 0.4813 	 	 0.7951 	 	 0.3907 	 0.8727 	 2.2016 	 	 0.4121
[2022/07/10 22:14:14] - 130 	 34.5 	 	 28.8 	 	 0.0100 	 0.1407 	 0.9737 	 0.4753 	 	 0.7976 	 	 0.3913 	 0.8730 	 2.1491 	 	 0.4062
[2022/07/10 22:15:17] - 131 	 34.5 	 	 28.8 	 	 0.0100 	 0.1390 	 0.9738 	 0.4715 	 	 0.7996 	 	 0.4091 	 0.8643 	 2.2230 	 	 0.4035
[2022/07/10 22:16:20] - 132 	 34.5 	 	 28.8 	 	 0.0100 	 0.1368 	 0.9752 	 0.4716 	 	 0.7992 	 	 0.4036 	 0.8681 	 2.1854 	 	 0.4017
[2022/07/10 22:17:24] - 133 	 34.5 	 	 28.8 	 	 0.0100 	 0.1371 	 0.9750 	 0.4753 	 	 0.7957 	 	 0.4032 	 0.8660 	 2.2221 	 	 0.4121
[2022/07/10 22:18:27] - 134 	 34.5 	 	 28.8 	 	 0.0100 	 0.1336 	 0.9754 	 0.4682 	 	 0.8025 	 	 0.4074 	 0.8674 	 2.2897 	 	 0.4004
[2022/07/10 22:19:30] - 135 	 34.5 	 	 28.8 	 	 0.0100 	 0.1314 	 0.9769 	 0.4655 	 	 0.8012 	 	 0.4149 	 0.8616 	 2.2021 	 	 0.3987
[2022/07/10 22:20:34] - 136 	 34.5 	 	 28.8 	 	 0.0100 	 0.1276 	 0.9769 	 0.4521 	 	 0.8076 	 	 0.4083 	 0.8714 	 2.2837 	 	 0.3947
[2022/07/10 22:21:37] - 137 	 34.6 	 	 28.8 	 	 0.0100 	 0.1264 	 0.9778 	 0.4543 	 	 0.8059 	 	 0.4158 	 0.8650 	 2.2708 	 	 0.4017
[2022/07/10 22:22:40] - 138 	 34.5 	 	 28.8 	 	 0.0100 	 0.1244 	 0.9786 	 0.4499 	 	 0.8060 	 	 0.4127 	 0.8639 	 2.3040 	 	 0.4008
[2022/07/10 22:23:43] - 139 	 34.5 	 	 28.8 	 	 0.0100 	 0.1240 	 0.9788 	 0.4548 	 	 0.8039 	 	 0.4293 	 0.8587 	 2.1988 	 	 0.4026
[2022/07/10 22:24:47] - 140 	 34.5 	 	 28.8 	 	 0.0100 	 0.1218 	 0.9791 	 0.4484 	 	 0.8086 	 	 0.4037 	 0.8643 	 2.2945 	 	 0.4023
[2022/07/10 22:25:50] - 141 	 34.5 	 	 28.8 	 	 0.0100 	 0.1183 	 0.9794 	 0.4429 	 	 0.8115 	 	 0.4124 	 0.8608 	 2.3136 	 	 0.4078
[2022/07/10 22:26:54] - 142 	 34.5 	 	 28.8 	 	 0.0100 	 0.1149 	 0.9813 	 0.4398 	 	 0.8114 	 	 0.4126 	 0.8660 	 2.2792 	 	 0.4016
[2022/07/10 22:27:57] - 143 	 34.5 	 	 28.8 	 	 0.0100 	 0.1151 	 0.9812 	 0.4378 	 	 0.8119 	 	 0.4044 	 0.8632 	 2.3207 	 	 0.3935
[2022/07/10 22:29:00] - 144 	 34.5 	 	 28.8 	 	 0.0100 	 0.1137 	 0.9810 	 0.4355 	 	 0.8149 	 	 0.4028 	 0.8658 	 2.3094 	 	 0.4036
[2022/07/10 22:30:03] - 145 	 34.5 	 	 28.8 	 	 0.0100 	 0.1117 	 0.9814 	 0.4330 	 	 0.8154 	 	 0.4101 	 0.8647 	 2.3434 	 	 0.3985
[2022/07/10 22:31:07] - 146 	 34.5 	 	 28.8 	 	 0.0100 	 0.1069 	 0.9828 	 0.4213 	 	 0.8187 	 	 0.3942 	 0.8712 	 2.3746 	 	 0.3948
[2022/07/10 22:32:10] - 147 	 34.5 	 	 28.8 	 	 0.0100 	 0.1096 	 0.9819 	 0.4300 	 	 0.8164 	 	 0.4369 	 0.8530 	 2.3694 	 	 0.3858
[2022/07/10 22:33:13] - 148 	 34.5 	 	 28.8 	 	 0.0100 	 0.1055 	 0.9830 	 0.4216 	 	 0.8207 	 	 0.4120 	 0.8659 	 2.4689 	 	 0.3895
[2022/07/10 22:34:16] - 149 	 34.5 	 	 28.8 	 	 0.0010 	 0.1041 	 0.9840 	 0.4205 	 	 0.8201 	 	 0.4200 	 0.8621 	 2.3881 	 	 0.3961
[2022/07/10 22:35:20] - 150 	 34.5 	 	 28.8 	 	 0.0010 	 0.0863 	 0.9867 	 0.3032 	 	 0.8754 	 	 0.3685 	 0.8802 	 2.4500 	 	 0.4191
[2022/07/10 22:36:23] - 151 	 34.5 	 	 28.8 	 	 0.0010 	 0.0664 	 0.9898 	 0.2498 	 	 0.8976 	 	 0.3690 	 0.8794 	 2.4999 	 	 0.4220
[2022/07/10 22:37:27] - 152 	 34.5 	 	 28.8 	 	 0.0010 	 0.0579 	 0.9910 	 0.2278 	 	 0.9067 	 	 0.3661 	 0.8804 	 2.5486 	 	 0.4203
[2022/07/10 22:38:30] - 153 	 34.5 	 	 28.8 	 	 0.0010 	 0.0528 	 0.9926 	 0.2136 	 	 0.9125 	 	 0.3704 	 0.8796 	 2.6242 	 	 0.4180
[2022/07/10 22:39:33] - 154 	 34.5 	 	 28.8 	 	 0.0010 	 0.0491 	 0.9928 	 0.2042 	 	 0.9164 	 	 0.3788 	 0.8759 	 2.6209 	 	 0.4205
[2022/07/10 22:40:37] - 155 	 34.5 	 	 28.8 	 	 0.0010 	 0.0455 	 0.9940 	 0.1944 	 	 0.9189 	 	 0.3773 	 0.8780 	 2.7082 	 	 0.4117
[2022/07/10 22:41:40] - 156 	 34.5 	 	 28.8 	 	 0.0010 	 0.0431 	 0.9938 	 0.1870 	 	 0.9226 	 	 0.3730 	 0.8815 	 2.7699 	 	 0.4180
[2022/07/10 22:42:43] - 157 	 34.5 	 	 28.8 	 	 0.0010 	 0.0415 	 0.9940 	 0.1811 	 	 0.9251 	 	 0.3799 	 0.8775 	 2.8297 	 	 0.4157
[2022/07/10 22:43:46] - 158 	 34.5 	 	 28.8 	 	 0.0010 	 0.0385 	 0.9949 	 0.1753 	 	 0.9271 	 	 0.3792 	 0.8782 	 2.7503 	 	 0.4211
[2022/07/10 22:44:50] - 159 	 34.5 	 	 28.8 	 	 0.0010 	 0.0370 	 0.9951 	 0.1690 	 	 0.9304 	 	 0.3772 	 0.8793 	 2.8503 	 	 0.4125
[2022/07/10 22:45:53] - 160 	 34.5 	 	 28.8 	 	 0.0010 	 0.0344 	 0.9954 	 0.1636 	 	 0.9321 	 	 0.3867 	 0.8782 	 2.8675 	 	 0.4153
[2022/07/10 22:46:57] - 161 	 34.5 	 	 28.8 	 	 0.0010 	 0.0324 	 0.9957 	 0.1573 	 	 0.9345 	 	 0.3795 	 0.8794 	 2.9495 	 	 0.4139
[2022/07/10 22:48:00] - 162 	 34.5 	 	 28.8 	 	 0.0010 	 0.0316 	 0.9957 	 0.1569 	 	 0.9342 	 	 0.3771 	 0.8812 	 3.0015 	 	 0.4125
[2022/07/10 22:49:03] - 163 	 34.5 	 	 28.8 	 	 0.0010 	 0.0302 	 0.9963 	 0.1504 	 	 0.9375 	 	 0.3892 	 0.8787 	 3.0551 	 	 0.4109
[2022/07/10 22:50:06] - 164 	 34.4 	 	 28.8 	 	 0.0010 	 0.0284 	 0.9967 	 0.1466 	 	 0.9396 	 	 0.3878 	 0.8774 	 2.9947 	 	 0.4103
[2022/07/10 22:51:10] - 165 	 34.5 	 	 28.8 	 	 0.0010 	 0.0279 	 0.9964 	 0.1437 	 	 0.9402 	 	 0.3932 	 0.8769 	 3.0445 	 	 0.4180
[2022/07/10 22:52:13] - 166 	 34.5 	 	 28.8 	 	 0.0010 	 0.0264 	 0.9967 	 0.1406 	 	 0.9433 	 	 0.3925 	 0.8784 	 3.0991 	 	 0.4085
[2022/07/10 22:53:16] - 167 	 34.5 	 	 28.8 	 	 0.0010 	 0.0257 	 0.9968 	 0.1385 	 	 0.9438 	 	 0.3912 	 0.8772 	 3.0454 	 	 0.4120
[2022/07/10 22:54:19] - 168 	 34.5 	 	 28.8 	 	 0.0010 	 0.0238 	 0.9971 	 0.1335 	 	 0.9456 	 	 0.4001 	 0.8776 	 3.1803 	 	 0.4125
[2022/07/10 22:55:23] - 169 	 34.5 	 	 28.8 	 	 0.0010 	 0.0235 	 0.9969 	 0.1315 	 	 0.9466 	 	 0.3936 	 0.8780 	 3.1039 	 	 0.4162
[2022/07/10 22:56:26] - 170 	 34.5 	 	 28.8 	 	 0.0010 	 0.0223 	 0.9973 	 0.1274 	 	 0.9492 	 	 0.3898 	 0.8817 	 3.1799 	 	 0.4121
[2022/07/10 22:57:30] - 171 	 34.5 	 	 28.8 	 	 0.0010 	 0.0213 	 0.9973 	 0.1255 	 	 0.9499 	 	 0.3969 	 0.8777 	 3.1377 	 	 0.4133
[2022/07/10 22:58:33] - 172 	 34.5 	 	 28.8 	 	 0.0010 	 0.0206 	 0.9975 	 0.1226 	 	 0.9511 	 	 0.3996 	 0.8772 	 3.1621 	 	 0.4154
[2022/07/10 22:59:36] - 173 	 34.5 	 	 28.8 	 	 0.0010 	 0.0195 	 0.9978 	 0.1204 	 	 0.9521 	 	 0.4126 	 0.8750 	 3.2730 	 	 0.4132
[2022/07/10 23:00:40] - 174 	 34.6 	 	 28.8 	 	 0.0010 	 0.0188 	 0.9979 	 0.1180 	 	 0.9531 	 	 0.4042 	 0.8756 	 3.2064 	 	 0.4191
[2022/07/10 23:01:43] - 175 	 34.4 	 	 28.8 	 	 0.0010 	 0.0179 	 0.9978 	 0.1148 	 	 0.9546 	 	 0.4117 	 0.8742 	 3.3261 	 	 0.4106
[2022/07/10 23:02:46] - 176 	 34.5 	 	 28.8 	 	 0.0010 	 0.0181 	 0.9978 	 0.1152 	 	 0.9531 	 	 0.4024 	 0.8783 	 3.3178 	 	 0.4114
[2022/07/10 23:03:49] - 177 	 34.5 	 	 28.8 	 	 0.0010 	 0.0168 	 0.9983 	 0.1117 	 	 0.9555 	 	 0.4165 	 0.8736 	 3.3225 	 	 0.4130
[2022/07/10 23:04:53] - 178 	 34.5 	 	 28.8 	 	 0.0010 	 0.0160 	 0.9982 	 0.1087 	 	 0.9566 	 	 0.4003 	 0.8780 	 3.3091 	 	 0.4147
[2022/07/10 23:05:56] - 179 	 34.5 	 	 28.8 	 	 0.0010 	 0.0157 	 0.9982 	 0.1070 	 	 0.9579 	 	 0.4168 	 0.8748 	 3.4251 	 	 0.4154
[2022/07/10 23:07:00] - 180 	 34.5 	 	 28.8 	 	 0.0010 	 0.0151 	 0.9983 	 0.1049 	 	 0.9584 	 	 0.4164 	 0.8744 	 3.3989 	 	 0.4129
[2022/07/10 23:08:03] - 181 	 34.5 	 	 28.8 	 	 0.0010 	 0.0144 	 0.9985 	 0.1029 	 	 0.9594 	 	 0.4138 	 0.8763 	 3.4470 	 	 0.4118
[2022/07/10 23:09:06] - 182 	 34.5 	 	 28.8 	 	 0.0010 	 0.0145 	 0.9983 	 0.1015 	 	 0.9607 	 	 0.4036 	 0.8801 	 3.4554 	 	 0.4130
[2022/07/10 23:10:09] - 183 	 34.5 	 	 28.8 	 	 0.0010 	 0.0135 	 0.9984 	 0.1007 	 	 0.9608 	 	 0.4156 	 0.8747 	 3.4348 	 	 0.4110
[2022/07/10 23:11:13] - 184 	 34.5 	 	 28.8 	 	 0.0010 	 0.0135 	 0.9986 	 0.0971 	 	 0.9613 	 	 0.4131 	 0.8755 	 3.4267 	 	 0.4137
[2022/07/10 23:12:16] - 185 	 34.5 	 	 28.8 	 	 0.0010 	 0.0125 	 0.9986 	 0.0969 	 	 0.9620 	 	 0.4167 	 0.8754 	 3.5039 	 	 0.4073
[2022/07/10 23:13:19] - 186 	 34.5 	 	 28.8 	 	 0.0010 	 0.0121 	 0.9987 	 0.0956 	 	 0.9622 	 	 0.4173 	 0.8768 	 3.4967 	 	 0.4109
[2022/07/10 23:14:22] - 187 	 34.5 	 	 28.8 	 	 0.0010 	 0.0118 	 0.9986 	 0.0928 	 	 0.9639 	 	 0.4231 	 0.8738 	 3.4819 	 	 0.4120
[2022/07/10 23:15:26] - 188 	 34.4 	 	 28.8 	 	 0.0010 	 0.0113 	 0.9987 	 0.0922 	 	 0.9644 	 	 0.4206 	 0.8761 	 3.4612 	 	 0.4129
[2022/07/10 23:16:29] - 189 	 34.5 	 	 28.8 	 	 0.0010 	 0.0111 	 0.9987 	 0.0904 	 	 0.9645 	 	 0.4165 	 0.8780 	 3.5648 	 	 0.4081
[2022/07/10 23:17:33] - 190 	 34.5 	 	 28.8 	 	 0.0010 	 0.0104 	 0.9989 	 0.0863 	 	 0.9674 	 	 0.4199 	 0.8790 	 3.5827 	 	 0.4127
[2022/07/10 23:18:36] - 191 	 34.5 	 	 28.8 	 	 0.0010 	 0.0099 	 0.9990 	 0.0880 	 	 0.9660 	 	 0.4288 	 0.8755 	 3.6448 	 	 0.4093
[2022/07/10 23:19:39] - 192 	 34.5 	 	 28.8 	 	 0.0010 	 0.0094 	 0.9988 	 0.0855 	 	 0.9680 	 	 0.4345 	 0.8728 	 3.6464 	 	 0.4104
[2022/07/10 23:20:43] - 193 	 34.5 	 	 28.8 	 	 0.0010 	 0.0096 	 0.9988 	 0.0845 	 	 0.9682 	 	 0.4340 	 0.8731 	 3.6156 	 	 0.4094
[2022/07/10 23:21:46] - 194 	 34.5 	 	 28.8 	 	 0.0010 	 0.0093 	 0.9988 	 0.0823 	 	 0.9688 	 	 0.4360 	 0.8740 	 3.6059 	 	 0.4139
[2022/07/10 23:22:49] - 195 	 34.5 	 	 28.8 	 	 0.0010 	 0.0088 	 0.9990 	 0.0803 	 	 0.9702 	 	 0.4334 	 0.8743 	 3.6234 	 	 0.4083
[2022/07/10 23:23:52] - 196 	 34.5 	 	 28.8 	 	 0.0010 	 0.0086 	 0.9989 	 0.0815 	 	 0.9697 	 	 0.4268 	 0.8748 	 3.5955 	 	 0.4081
[2022/07/10 23:24:56] - 197 	 34.5 	 	 28.8 	 	 0.0010 	 0.0083 	 0.9991 	 0.0786 	 	 0.9705 	 	 0.4344 	 0.8744 	 3.6306 	 	 0.4155
[2022/07/10 23:25:59] - 198 	 34.5 	 	 28.8 	 	 0.0010 	 0.0077 	 0.9992 	 0.0772 	 	 0.9701 	 	 0.4332 	 0.8750 	 3.6814 	 	 0.4129
[2022/07/10 23:27:02] - 199 	 34.5 	 	 28.8 	 	 0.0010 	 0.0081 	 0.9989 	 0.0783 	 	 0.9713 	 	 0.4374 	 0.8728 	 3.6835 	 	 0.4121
