[2022/07/12 15:17:08] - Namespace(attack='fgsm', attack_iters=10, batch_size=128, chkpt_iters=10, cutout=False, cutout_len=None, data_dir='../cifar-data', dropout=0, epochs=200, epsilon=8, eval=False, fgsm_alpha=0.875, fgsm_init='random', fname='experiments/cifar10_fgsm_mix/preactresnet18_0.875', half=False, l1=0, l2=0, lr_drop_epoch=100, lr_max=0.1, lr_one_drop=0.01, lr_schedule='piecewise', mixup=True, mixup_alpha=1.0, model='PreActResNet18', norm='l_inf', pgd_alpha=2, restarts=1, resume=0, seed=0, val=False, width_factor=10)
[2022/07/12 15:17:11] - Epoch 	 Train Time 	 Test Time 	 LR 	 	 Train Loss 	 Train Acc 	 Train Robust Loss 	 Train Robust Acc 	 Test Loss 	 Test Acc 	 Test Robust Loss 	 Test Robust Acc
[2022/07/12 15:18:36] - 0 	 46.2 	 	 38.6 	 	 0.1000 	 2.0254 	 0.2278 	 2.1468 	 	 0.1385 	 	 1.7567 	 0.3774 	 2.1195 	 	 0.2138
[2022/07/12 15:19:59] - 1 	 44.2 	 	 38.6 	 	 0.1000 	 1.9022 	 0.2590 	 2.0408 	 	 0.1483 	 	 1.6841 	 0.4374 	 1.9778 	 	 0.2758
[2022/07/12 15:21:22] - 2 	 44.1 	 	 38.6 	 	 0.1000 	 1.8335 	 0.2759 	 1.9930 	 	 0.1450 	 	 1.5187 	 0.5083 	 1.9200 	 	 0.2869
[2022/07/12 15:22:45] - 3 	 44.1 	 	 38.6 	 	 0.1000 	 1.7908 	 0.3080 	 1.9671 	 	 0.1610 	 	 1.5314 	 0.4936 	 1.9486 	 	 0.2790
[2022/07/12 15:24:08] - 4 	 44.1 	 	 38.6 	 	 0.1000 	 1.7322 	 0.3429 	 1.9339 	 	 0.1744 	 	 1.5068 	 0.5438 	 1.8965 	 	 0.2991
[2022/07/12 15:25:30] - 5 	 44.1 	 	 38.6 	 	 0.1000 	 1.6596 	 0.3533 	 1.8772 	 	 0.1784 	 	 1.2831 	 0.5925 	 1.9403 	 	 0.2688
[2022/07/12 15:26:53] - 6 	 44.2 	 	 38.5 	 	 0.1000 	 1.6564 	 0.3334 	 1.8619 	 	 0.1580 	 	 1.2365 	 0.6408 	 1.9003 	 	 0.2816
[2022/07/12 15:28:16] - 7 	 44.1 	 	 38.6 	 	 0.1000 	 1.6204 	 0.3587 	 1.8458 	 	 0.1688 	 	 1.3931 	 0.6072 	 1.8591 	 	 0.3208
[2022/07/12 15:29:39] - 8 	 44.1 	 	 38.5 	 	 0.1000 	 1.5972 	 0.3687 	 1.8260 	 	 0.1757 	 	 1.1801 	 0.6527 	 1.8281 	 	 0.3099
[2022/07/12 15:31:01] - 9 	 44.1 	 	 38.6 	 	 0.1000 	 1.6014 	 0.3873 	 1.8360 	 	 0.1839 	 	 1.2015 	 0.6702 	 1.8128 	 	 0.3155
[2022/07/12 15:32:24] - 10 	 44.1 	 	 38.5 	 	 0.1000 	 1.5872 	 0.3819 	 1.8244 	 	 0.1795 	 	 1.0715 	 0.6932 	 1.8042 	 	 0.3200
[2022/07/12 15:33:47] - 11 	 44.1 	 	 38.6 	 	 0.1000 	 1.5571 	 0.3845 	 1.8022 	 	 0.1838 	 	 1.0942 	 0.6959 	 1.8018 	 	 0.3212
[2022/07/12 15:35:10] - 12 	 44.3 	 	 38.6 	 	 0.1000 	 1.5718 	 0.3919 	 1.8149 	 	 0.1847 	 	 1.2620 	 0.6643 	 1.8317 	 	 0.3093
[2022/07/12 15:36:33] - 13 	 44.3 	 	 38.6 	 	 0.1000 	 1.5523 	 0.3906 	 1.7988 	 	 0.1885 	 	 1.0984 	 0.6819 	 1.8096 	 	 0.3188
[2022/07/12 15:37:56] - 14 	 44.3 	 	 38.6 	 	 0.1000 	 1.5373 	 0.3937 	 1.7887 	 	 0.1852 	 	 1.1004 	 0.6802 	 1.7862 	 	 0.3519
[2022/07/12 15:39:19] - 15 	 44.3 	 	 38.6 	 	 0.1000 	 1.5173 	 0.3974 	 1.7658 	 	 0.1884 	 	 1.1711 	 0.6742 	 1.8730 	 	 0.2987
[2022/07/12 15:40:42] - 16 	 44.2 	 	 38.6 	 	 0.1000 	 1.5194 	 0.3889 	 1.7673 	 	 0.1815 	 	 1.1303 	 0.6900 	 1.8184 	 	 0.3216
[2022/07/12 15:42:05] - 17 	 44.2 	 	 38.6 	 	 0.1000 	 1.5050 	 0.4005 	 1.7636 	 	 0.1905 	 	 1.1468 	 0.7060 	 1.7546 	 	 0.3451
[2022/07/12 15:43:28] - 18 	 44.2 	 	 38.6 	 	 0.1000 	 1.5136 	 0.4273 	 1.7780 	 	 0.2064 	 	 1.0996 	 0.7012 	 1.8358 	 	 0.3158
[2022/07/12 15:44:50] - 19 	 44.2 	 	 38.5 	 	 0.1000 	 1.5045 	 0.4022 	 1.7555 	 	 0.1927 	 	 1.1293 	 0.6798 	 1.9242 	 	 0.2813
[2022/07/12 15:46:14] - 20 	 44.2 	 	 38.6 	 	 0.1000 	 1.5041 	 0.4018 	 1.7554 	 	 0.1894 	 	 1.1160 	 0.6903 	 1.8560 	 	 0.3164
[2022/07/12 15:47:36] - 21 	 44.2 	 	 38.6 	 	 0.1000 	 1.4846 	 0.4015 	 1.7416 	 	 0.1902 	 	 0.9960 	 0.7430 	 1.8006 	 	 0.3366
[2022/07/12 15:48:59] - 22 	 44.2 	 	 38.6 	 	 0.1000 	 1.4469 	 0.4160 	 1.7142 	 	 0.2026 	 	 1.0311 	 0.7350 	 1.7592 	 	 0.3384
[2022/07/12 15:50:22] - 23 	 44.2 	 	 38.6 	 	 0.1000 	 1.4749 	 0.4042 	 1.7331 	 	 0.1969 	 	 1.1758 	 0.6718 	 1.8363 	 	 0.3396
[2022/07/12 15:51:45] - 24 	 44.2 	 	 38.5 	 	 0.1000 	 1.4911 	 0.4316 	 1.7550 	 	 0.2097 	 	 1.0331 	 0.7171 	 1.8011 	 	 0.3299
[2022/07/12 15:53:07] - 25 	 44.1 	 	 38.6 	 	 0.1000 	 1.4880 	 0.3963 	 1.7460 	 	 0.1845 	 	 0.9716 	 0.7565 	 1.7620 	 	 0.3454
[2022/07/12 15:54:30] - 26 	 44.1 	 	 38.6 	 	 0.1000 	 1.5013 	 0.4083 	 1.7591 	 	 0.1900 	 	 0.9821 	 0.7475 	 1.8079 	 	 0.3327
[2022/07/12 15:55:53] - 27 	 44.1 	 	 38.6 	 	 0.1000 	 1.4614 	 0.3989 	 1.7127 	 	 0.1887 	 	 1.0314 	 0.7367 	 1.7729 	 	 0.3321
[2022/07/12 15:57:15] - 28 	 44.1 	 	 38.6 	 	 0.1000 	 1.4673 	 0.3921 	 1.7135 	 	 0.1886 	 	 1.1897 	 0.6275 	 1.9465 	 	 0.2824
[2022/07/12 15:58:38] - 29 	 44.1 	 	 38.6 	 	 0.1000 	 1.4494 	 0.4137 	 1.7100 	 	 0.2005 	 	 0.9965 	 0.7282 	 1.7981 	 	 0.3274
[2022/07/12 16:00:01] - 30 	 44.3 	 	 38.6 	 	 0.1000 	 1.4740 	 0.3945 	 1.7146 	 	 0.1871 	 	 1.1397 	 0.6953 	 1.8430 	 	 0.2986
[2022/07/12 16:01:24] - 31 	 44.4 	 	 38.6 	 	 0.1000 	 1.4786 	 0.4077 	 1.7339 	 	 0.1916 	 	 1.1839 	 0.7021 	 1.8628 	 	 0.3041
[2022/07/12 16:02:47] - 32 	 44.5 	 	 38.6 	 	 0.1000 	 1.4487 	 0.3994 	 1.7008 	 	 0.1923 	 	 1.0915 	 0.7139 	 1.8463 	 	 0.3277
[2022/07/12 16:04:10] - 33 	 44.4 	 	 38.6 	 	 0.1000 	 1.4752 	 0.4275 	 1.7366 	 	 0.2066 	 	 0.9553 	 0.7361 	 1.8084 	 	 0.3265
[2022/07/12 16:05:33] - 34 	 44.4 	 	 38.6 	 	 0.1000 	 1.4488 	 0.4068 	 1.6978 	 	 0.1973 	 	 1.0088 	 0.7406 	 1.7775 	 	 0.3283
[2022/07/12 16:06:57] - 35 	 44.4 	 	 38.7 	 	 0.1000 	 1.4440 	 0.4099 	 1.7023 	 	 0.2002 	 	 1.2483 	 0.7049 	 1.7629 	 	 0.3566
[2022/07/12 16:08:20] - 36 	 44.4 	 	 38.6 	 	 0.1000 	 1.4476 	 0.4076 	 1.7030 	 	 0.1990 	 	 1.1770 	 0.6825 	 1.8775 	 	 0.2973
[2022/07/12 16:09:43] - 37 	 44.5 	 	 38.6 	 	 0.1000 	 1.4523 	 0.4310 	 1.7295 	 	 0.2091 	 	 1.0512 	 0.7419 	 1.7359 	 	 0.3594
[2022/07/12 16:11:06] - 38 	 44.4 	 	 38.6 	 	 0.1000 	 1.4325 	 0.4086 	 1.6933 	 	 0.1958 	 	 0.8127 	 0.7712 	 1.8577 	 	 0.3291
[2022/07/12 16:12:29] - 39 	 44.4 	 	 38.6 	 	 0.1000 	 1.4464 	 0.4584 	 1.7340 	 	 0.2262 	 	 1.0715 	 0.6991 	 1.8664 	 	 0.3211
[2022/07/12 16:13:52] - 40 	 44.2 	 	 38.6 	 	 0.1000 	 1.4332 	 0.4226 	 1.7053 	 	 0.2080 	 	 1.1461 	 0.6992 	 1.6986 	 	 0.3732
[2022/07/12 16:15:15] - 41 	 44.1 	 	 38.6 	 	 0.1000 	 1.4378 	 0.4323 	 1.7135 	 	 0.2142 	 	 1.0431 	 0.7053 	 1.8191 	 	 0.3328
[2022/07/12 16:16:38] - 42 	 44.2 	 	 38.6 	 	 0.1000 	 1.4376 	 0.4163 	 1.7024 	 	 0.2001 	 	 0.8737 	 0.7691 	 1.6979 	 	 0.3675
[2022/07/12 16:18:00] - 43 	 44.1 	 	 38.6 	 	 0.1000 	 1.4304 	 0.4121 	 1.6908 	 	 0.2007 	 	 1.1390 	 0.7265 	 1.8643 	 	 0.2980
[2022/07/12 16:19:23] - 44 	 44.1 	 	 38.6 	 	 0.1000 	 1.4341 	 0.4182 	 1.6984 	 	 0.2039 	 	 0.9239 	 0.7542 	 1.8201 	 	 0.3287
[2022/07/12 16:20:46] - 45 	 44.1 	 	 38.5 	 	 0.1000 	 1.4428 	 0.4339 	 1.7132 	 	 0.2130 	 	 0.9575 	 0.7520 	 1.8759 	 	 0.3129
[2022/07/12 16:22:09] - 46 	 44.3 	 	 38.6 	 	 0.1000 	 1.4294 	 0.4191 	 1.6942 	 	 0.2015 	 	 1.2198 	 0.6757 	 1.8953 	 	 0.3028
[2022/07/12 16:23:31] - 47 	 44.2 	 	 38.6 	 	 0.1000 	 1.4525 	 0.4180 	 1.7102 	 	 0.1995 	 	 1.1235 	 0.7092 	 1.7977 	 	 0.3292
[2022/07/12 16:24:54] - 48 	 44.2 	 	 38.6 	 	 0.1000 	 1.4441 	 0.4171 	 1.7039 	 	 0.2029 	 	 1.0717 	 0.7277 	 1.7653 	 	 0.3485
[2022/07/12 16:26:17] - 49 	 44.1 	 	 38.6 	 	 0.1000 	 1.4327 	 0.4498 	 1.7103 	 	 0.2268 	 	 0.8912 	 0.7679 	 1.7928 	 	 0.3347
[2022/07/12 16:27:40] - 50 	 44.1 	 	 38.6 	 	 0.1000 	 1.4445 	 0.4212 	 1.7031 	 	 0.2078 	 	 0.9502 	 0.7586 	 1.7738 	 	 0.3400
[2022/07/12 16:29:03] - 51 	 44.1 	 	 38.6 	 	 0.1000 	 1.4563 	 0.4050 	 1.7066 	 	 0.1919 	 	 0.8963 	 0.7642 	 1.7950 	 	 0.3258
[2022/07/12 16:30:25] - 52 	 44.1 	 	 38.6 	 	 0.1000 	 1.4330 	 0.4094 	 1.6960 	 	 0.1987 	 	 1.0069 	 0.7474 	 1.8117 	 	 0.3339
[2022/07/12 16:31:48] - 53 	 44.2 	 	 38.6 	 	 0.1000 	 1.4192 	 0.4300 	 1.6885 	 	 0.2163 	 	 0.9183 	 0.7604 	 1.7692 	 	 0.3468
[2022/07/12 16:33:11] - 54 	 44.2 	 	 38.6 	 	 0.1000 	 1.4196 	 0.4087 	 1.6770 	 	 0.1988 	 	 1.0544 	 0.7197 	 1.9640 	 	 0.2905
[2022/07/12 16:34:34] - 55 	 44.3 	 	 38.6 	 	 0.1000 	 1.4191 	 0.4365 	 1.6887 	 	 0.2175 	 	 1.0068 	 0.7525 	 1.7561 	 	 0.3510
[2022/07/12 16:35:57] - 56 	 44.1 	 	 38.5 	 	 0.1000 	 1.4312 	 0.4152 	 1.6882 	 	 0.2013 	 	 0.9682 	 0.7519 	 1.9168 	 	 0.2846
[2022/07/12 16:37:19] - 57 	 44.1 	 	 38.6 	 	 0.1000 	 1.4173 	 0.4119 	 1.6765 	 	 0.2007 	 	 1.0661 	 0.7274 	 1.7615 	 	 0.3459
[2022/07/12 16:38:42] - 58 	 44.1 	 	 38.5 	 	 0.1000 	 1.4375 	 0.4378 	 1.7147 	 	 0.2148 	 	 0.9125 	 0.7629 	 1.7432 	 	 0.3438
[2022/07/12 16:40:04] - 59 	 44.1 	 	 38.5 	 	 0.1000 	 1.4243 	 0.4368 	 1.6964 	 	 0.2173 	 	 0.9783 	 0.7341 	 1.8999 	 	 0.3006
[2022/07/12 16:41:27] - 60 	 44.1 	 	 38.5 	 	 0.1000 	 1.4233 	 0.4279 	 1.6890 	 	 0.2129 	 	 1.1597 	 0.6974 	 1.8536 	 	 0.3115
[2022/07/12 16:42:50] - 61 	 44.1 	 	 38.6 	 	 0.1000 	 1.4089 	 0.4300 	 1.6838 	 	 0.2146 	 	 1.0159 	 0.7391 	 1.8057 	 	 0.3264
[2022/07/12 16:44:13] - 62 	 44.1 	 	 38.5 	 	 0.1000 	 1.4340 	 0.4180 	 1.7045 	 	 0.2009 	 	 0.9275 	 0.7721 	 1.7221 	 	 0.3555
[2022/07/12 16:45:35] - 63 	 44.1 	 	 38.5 	 	 0.1000 	 1.4399 	 0.4331 	 1.7152 	 	 0.2104 	 	 0.9468 	 0.7630 	 1.7829 	 	 0.3418
[2022/07/12 16:46:58] - 64 	 44.2 	 	 38.6 	 	 0.1000 	 1.4127 	 0.4359 	 1.6925 	 	 0.2162 	 	 1.0672 	 0.7351 	 1.8457 	 	 0.3095
[2022/07/12 16:48:21] - 65 	 44.2 	 	 38.5 	 	 0.1000 	 1.4491 	 0.4392 	 1.7225 	 	 0.2107 	 	 0.9059 	 0.7709 	 1.6797 	 	 0.3694
[2022/07/12 16:49:44] - 66 	 44.2 	 	 38.6 	 	 0.1000 	 1.4206 	 0.4245 	 1.6914 	 	 0.2067 	 	 0.9461 	 0.7785 	 1.7797 	 	 0.3383
[2022/07/12 16:51:07] - 67 	 44.5 	 	 38.6 	 	 0.1000 	 1.4280 	 0.4235 	 1.6962 	 	 0.2051 	 	 0.8815 	 0.7695 	 1.8079 	 	 0.3194
[2022/07/12 16:52:30] - 68 	 44.6 	 	 38.6 	 	 0.1000 	 1.4080 	 0.4330 	 1.6829 	 	 0.2137 	 	 1.0433 	 0.7197 	 1.8374 	 	 0.3325
[2022/07/12 16:53:53] - 69 	 44.2 	 	 38.6 	 	 0.1000 	 1.4331 	 0.4057 	 1.6836 	 	 0.1939 	 	 0.8414 	 0.7857 	 1.8637 	 	 0.3068
[2022/07/12 16:55:16] - 70 	 44.4 	 	 38.6 	 	 0.1000 	 1.4240 	 0.4196 	 1.6874 	 	 0.2017 	 	 0.9523 	 0.7488 	 1.9037 	 	 0.2902
[2022/07/12 16:56:39] - 71 	 44.2 	 	 38.6 	 	 0.1000 	 1.4236 	 0.4233 	 1.6900 	 	 0.2055 	 	 1.0119 	 0.7592 	 1.8081 	 	 0.3214
[2022/07/12 16:58:02] - 72 	 44.1 	 	 38.5 	 	 0.1000 	 1.4127 	 0.4484 	 1.6925 	 	 0.2223 	 	 1.0837 	 0.7068 	 1.8321 	 	 0.3291
[2022/07/12 16:59:24] - 73 	 44.1 	 	 38.6 	 	 0.1000 	 1.4133 	 0.4345 	 1.6820 	 	 0.2160 	 	 0.9451 	 0.7630 	 1.7223 	 	 0.3554
[2022/07/12 17:00:47] - 74 	 44.2 	 	 38.6 	 	 0.1000 	 1.4153 	 0.3970 	 1.6691 	 	 0.1918 	 	 1.0914 	 0.7388 	 1.7473 	 	 0.3569
[2022/07/12 17:02:10] - 75 	 44.1 	 	 38.6 	 	 0.1000 	 1.4238 	 0.4447 	 1.6977 	 	 0.2214 	 	 0.8657 	 0.7688 	 1.9427 	 	 0.2998
[2022/07/12 17:03:32] - 76 	 44.1 	 	 38.5 	 	 0.1000 	 1.4186 	 0.4282 	 1.6919 	 	 0.2066 	 	 0.9262 	 0.7690 	 1.7802 	 	 0.3273
[2022/07/12 17:04:55] - 77 	 44.2 	 	 38.6 	 	 0.1000 	 1.3928 	 0.4106 	 1.6571 	 	 0.1959 	 	 1.0108 	 0.7186 	 1.9482 	 	 0.2866
[2022/07/12 17:06:18] - 78 	 44.2 	 	 38.6 	 	 0.1000 	 1.4261 	 0.4173 	 1.6864 	 	 0.2015 	 	 1.0072 	 0.7485 	 1.7799 	 	 0.3422
[2022/07/12 17:07:41] - 79 	 44.2 	 	 38.6 	 	 0.1000 	 1.4256 	 0.4123 	 1.6855 	 	 0.2001 	 	 0.8561 	 0.7775 	 1.8078 	 	 0.3339
[2022/07/12 17:09:04] - 80 	 44.3 	 	 38.6 	 	 0.1000 	 1.4149 	 0.4352 	 1.6879 	 	 0.2188 	 	 0.9792 	 0.7344 	 1.7620 	 	 0.3374
[2022/07/12 17:10:27] - 81 	 44.2 	 	 38.6 	 	 0.1000 	 1.4330 	 0.4069 	 1.6990 	 	 0.1936 	 	 0.9895 	 0.7582 	 1.7415 	 	 0.3507
[2022/07/12 17:11:50] - 82 	 44.3 	 	 38.5 	 	 0.1000 	 1.4423 	 0.4270 	 1.7081 	 	 0.2042 	 	 1.0224 	 0.7623 	 1.7053 	 	 0.3751
[2022/07/12 17:13:13] - 83 	 44.2 	 	 38.5 	 	 0.1000 	 1.4083 	 0.4129 	 1.6715 	 	 0.2008 	 	 0.9596 	 0.7451 	 1.9296 	 	 0.2823
[2022/07/12 17:14:36] - 84 	 44.4 	 	 38.6 	 	 0.1000 	 1.4398 	 0.4504 	 1.7171 	 	 0.2236 	 	 1.0700 	 0.7163 	 1.7364 	 	 0.3569
[2022/07/12 17:15:58] - 85 	 44.1 	 	 38.6 	 	 0.1000 	 1.4151 	 0.4341 	 1.6960 	 	 0.2120 	 	 0.9642 	 0.7327 	 1.8318 	 	 0.3157
[2022/07/12 17:17:21] - 86 	 44.1 	 	 38.5 	 	 0.1000 	 1.3935 	 0.4413 	 1.6753 	 	 0.2201 	 	 0.8981 	 0.7584 	 1.8008 	 	 0.3303
[2022/07/12 17:18:44] - 87 	 44.1 	 	 38.6 	 	 0.1000 	 1.4036 	 0.4109 	 1.6632 	 	 0.2030 	 	 1.0551 	 0.7473 	 1.7140 	 	 0.3671
[2022/07/12 17:20:07] - 88 	 44.1 	 	 38.6 	 	 0.1000 	 1.4346 	 0.4270 	 1.6953 	 	 0.2063 	 	 1.0100 	 0.7453 	 1.6946 	 	 0.3740
[2022/07/12 17:21:29] - 89 	 44.1 	 	 38.6 	 	 0.1000 	 1.3986 	 0.4395 	 1.6722 	 	 0.2187 	 	 1.0000 	 0.7281 	 1.6812 	 	 0.3789
[2022/07/12 17:22:53] - 90 	 44.1 	 	 38.6 	 	 0.1000 	 1.4170 	 0.4353 	 1.6866 	 	 0.2142 	 	 1.0200 	 0.7233 	 1.7280 	 	 0.3560
[2022/07/12 17:24:15] - 91 	 44.2 	 	 38.6 	 	 0.1000 	 1.4302 	 0.4471 	 1.7124 	 	 0.2212 	 	 0.8859 	 0.7693 	 1.7122 	 	 0.3727
[2022/07/12 17:25:38] - 92 	 44.1 	 	 38.6 	 	 0.1000 	 1.4096 	 0.4476 	 1.6903 	 	 0.2231 	 	 1.0180 	 0.7240 	 1.7890 	 	 0.3413
[2022/07/12 17:27:01] - 93 	 44.1 	 	 38.6 	 	 0.1000 	 1.4456 	 0.4399 	 1.7170 	 	 0.2170 	 	 0.8676 	 0.7644 	 1.9436 	 	 0.3031
[2022/07/12 17:28:23] - 94 	 44.1 	 	 38.6 	 	 0.1000 	 1.4484 	 0.4094 	 1.7012 	 	 0.1928 	 	 0.9616 	 0.7479 	 1.7469 	 	 0.3495
[2022/07/12 17:29:46] - 95 	 44.2 	 	 38.6 	 	 0.1000 	 1.3880 	 0.4205 	 1.6650 	 	 0.2048 	 	 0.9808 	 0.7608 	 1.7725 	 	 0.3415
[2022/07/12 17:31:09] - 96 	 44.1 	 	 38.6 	 	 0.1000 	 1.4207 	 0.4494 	 1.6988 	 	 0.2236 	 	 0.8738 	 0.7637 	 1.8194 	 	 0.3368
[2022/07/12 17:32:31] - 97 	 44.2 	 	 38.5 	 	 0.1000 	 1.4227 	 0.4343 	 1.6934 	 	 0.2129 	 	 0.8013 	 0.7673 	 1.9310 	 	 0.3158
[2022/07/12 17:33:54] - 98 	 44.2 	 	 38.6 	 	 0.1000 	 1.4278 	 0.4154 	 1.6869 	 	 0.2014 	 	 0.7702 	 0.7881 	 1.9252 	 	 0.2987
[2022/07/12 17:35:17] - 99 	 44.0 	 	 38.6 	 	 0.0100 	 1.4228 	 0.4248 	 1.6974 	 	 0.2040 	 	 0.8404 	 0.7800 	 1.8185 	 	 0.3232
[2022/07/12 17:36:40] - 100 	 44.1 	 	 38.6 	 	 0.0100 	 1.3129 	 0.4316 	 1.5340 	 	 0.2343 	 	 0.7875 	 0.8195 	 1.6053 	 	 0.4039
[2022/07/12 17:38:03] - 101 	 44.1 	 	 38.6 	 	 0.0100 	 1.3033 	 0.4551 	 1.5355 	 	 0.2503 	 	 0.8006 	 0.8304 	 1.5945 	 	 0.4054
[2022/07/12 17:39:26] - 102 	 44.0 	 	 38.6 	 	 0.0100 	 1.3057 	 0.4653 	 1.5370 	 	 0.2568 	 	 0.7113 	 0.8385 	 1.5695 	 	 0.4150
[2022/07/12 17:40:48] - 103 	 44.1 	 	 38.6 	 	 0.0100 	 1.2882 	 0.4492 	 1.5132 	 	 0.2463 	 	 0.7207 	 0.8445 	 1.5629 	 	 0.4172
[2022/07/12 17:42:11] - 104 	 44.1 	 	 38.5 	 	 0.0100 	 1.2957 	 0.4590 	 1.5259 	 	 0.2536 	 	 0.7280 	 0.8392 	 1.5776 	 	 0.4117
[2022/07/12 17:43:34] - 105 	 44.0 	 	 38.5 	 	 0.0100 	 1.2747 	 0.4885 	 1.5235 	 	 0.2774 	 	 0.6802 	 0.8426 	 1.5780 	 	 0.4147
[2022/07/12 17:44:56] - 106 	 44.0 	 	 38.5 	 	 0.0100 	 1.2487 	 0.4486 	 1.4714 	 	 0.2521 	 	 0.6922 	 0.8486 	 1.6160 	 	 0.3997
[2022/07/12 17:46:19] - 107 	 44.0 	 	 38.5 	 	 0.0100 	 1.2222 	 0.4802 	 1.4645 	 	 0.2774 	 	 0.6992 	 0.8390 	 1.5862 	 	 0.4110
[2022/07/12 17:47:41] - 108 	 44.1 	 	 38.6 	 	 0.0100 	 1.2649 	 0.4828 	 1.5071 	 	 0.2707 	 	 0.6949 	 0.8408 	 1.6010 	 	 0.4016
[2022/07/12 17:49:04] - 109 	 44.0 	 	 38.5 	 	 0.0100 	 1.2613 	 0.4717 	 1.4983 	 	 0.2618 	 	 0.6894 	 0.8461 	 1.5332 	 	 0.4294
[2022/07/12 17:50:27] - 110 	 44.1 	 	 38.5 	 	 0.0100 	 1.2781 	 0.4643 	 1.5134 	 	 0.2591 	 	 0.6434 	 0.8577 	 1.5739 	 	 0.4164
[2022/07/12 17:51:50] - 111 	 44.1 	 	 38.5 	 	 0.0100 	 1.2686 	 0.4825 	 1.5115 	 	 0.2708 	 	 0.7593 	 0.8429 	 1.5656 	 	 0.4198
[2022/07/12 17:53:12] - 112 	 44.0 	 	 38.5 	 	 0.0100 	 1.2160 	 0.4602 	 1.4459 	 	 0.2621 	 	 0.7125 	 0.8408 	 1.5403 	 	 0.4336
[2022/07/12 17:54:35] - 113 	 44.0 	 	 38.5 	 	 0.0100 	 1.2347 	 0.4832 	 1.4812 	 	 0.2769 	 	 0.7642 	 0.8338 	 1.6236 	 	 0.3995
[2022/07/12 17:55:58] - 114 	 44.0 	 	 38.5 	 	 0.0100 	 1.2060 	 0.4608 	 1.4377 	 	 0.2662 	 	 0.6209 	 0.8631 	 1.5790 	 	 0.4190
[2022/07/12 17:57:20] - 115 	 44.1 	 	 38.5 	 	 0.0100 	 1.2389 	 0.4576 	 1.4734 	 	 0.2551 	 	 0.7090 	 0.8428 	 1.5534 	 	 0.4260
[2022/07/12 17:58:43] - 116 	 44.1 	 	 38.5 	 	 0.0100 	 1.2273 	 0.4684 	 1.4632 	 	 0.2695 	 	 0.7601 	 0.8431 	 1.5911 	 	 0.4064
[2022/07/12 18:00:05] - 117 	 44.1 	 	 38.5 	 	 0.0100 	 1.1978 	 0.4926 	 1.4500 	 	 0.2865 	 	 0.7127 	 0.8464 	 1.5925 	 	 0.4144
[2022/07/12 18:01:28] - 118 	 44.0 	 	 38.5 	 	 0.0100 	 1.1728 	 0.4758 	 1.4174 	 	 0.2771 	 	 0.5760 	 0.8613 	 1.6423 	 	 0.4034
[2022/07/12 18:02:50] - 119 	 44.0 	 	 38.5 	 	 0.0100 	 1.2153 	 0.4801 	 1.4624 	 	 0.2761 	 	 0.6090 	 0.8691 	 1.6145 	 	 0.4046
[2022/07/12 18:04:13] - 120 	 44.0 	 	 38.5 	 	 0.0100 	 1.2171 	 0.4543 	 1.4472 	 	 0.2561 	 	 0.6947 	 0.8505 	 1.5854 	 	 0.4156
[2022/07/12 18:05:36] - 121 	 44.1 	 	 38.5 	 	 0.0100 	 1.2583 	 0.4907 	 1.5084 	 	 0.2738 	 	 0.6148 	 0.8671 	 1.6076 	 	 0.4121
[2022/07/12 18:06:58] - 122 	 44.0 	 	 38.5 	 	 0.0100 	 1.1992 	 0.4749 	 1.4443 	 	 0.2744 	 	 0.6514 	 0.8611 	 1.6047 	 	 0.4088
[2022/07/12 18:08:21] - 123 	 44.0 	 	 38.6 	 	 0.0100 	 1.2161 	 0.4936 	 1.4698 	 	 0.2828 	 	 0.6981 	 0.8466 	 1.6499 	 	 0.3924
[2022/07/12 18:09:44] - 124 	 44.3 	 	 38.5 	 	 0.0100 	 1.1984 	 0.4903 	 1.4485 	 	 0.2886 	 	 0.7563 	 0.8406 	 1.6658 	 	 0.3920
[2022/07/12 18:11:06] - 125 	 44.0 	 	 38.5 	 	 0.0100 	 1.2069 	 0.4567 	 1.4441 	 	 0.2616 	 	 0.7217 	 0.8521 	 1.5943 	 	 0.4075
[2022/07/12 18:12:29] - 126 	 44.2 	 	 38.5 	 	 0.0100 	 1.1833 	 0.4643 	 1.4212 	 	 0.2714 	 	 0.7731 	 0.8375 	 1.6102 	 	 0.4012
[2022/07/12 18:13:52] - 127 	 44.1 	 	 38.5 	 	 0.0100 	 1.2132 	 0.4850 	 1.4643 	 	 0.2751 	 	 0.6408 	 0.8636 	 1.6238 	 	 0.4079
[2022/07/12 18:15:14] - 128 	 44.1 	 	 38.5 	 	 0.0100 	 1.1915 	 0.4760 	 1.4340 	 	 0.2740 	 	 0.5556 	 0.8675 	 1.6801 	 	 0.3969
[2022/07/12 18:16:37] - 129 	 44.1 	 	 38.6 	 	 0.0100 	 1.2278 	 0.5227 	 1.4952 	 	 0.2977 	 	 0.7685 	 0.8317 	 1.6168 	 	 0.4013
[2022/07/12 18:18:00] - 130 	 44.1 	 	 38.5 	 	 0.0100 	 1.1937 	 0.4728 	 1.4400 	 	 0.2735 	 	 0.5636 	 0.8640 	 1.6879 	 	 0.3988
[2022/07/12 18:19:22] - 131 	 44.0 	 	 38.5 	 	 0.0100 	 1.1794 	 0.4993 	 1.4338 	 	 0.2905 	 	 0.7502 	 0.8369 	 1.5469 	 	 0.4300
[2022/07/12 18:20:45] - 132 	 44.2 	 	 38.5 	 	 0.0100 	 1.1993 	 0.4916 	 1.4531 	 	 0.2829 	 	 0.5971 	 0.8664 	 1.6230 	 	 0.4018
[2022/07/12 18:22:08] - 133 	 44.4 	 	 38.5 	 	 0.0100 	 1.1731 	 0.4788 	 1.4207 	 	 0.2754 	 	 0.6442 	 0.8561 	 1.6433 	 	 0.4018
[2022/07/12 18:23:31] - 134 	 44.2 	 	 38.5 	 	 0.0100 	 1.2087 	 0.4853 	 1.4586 	 	 0.2757 	 	 0.6743 	 0.8599 	 1.6454 	 	 0.3987
[2022/07/12 18:24:53] - 135 	 44.2 	 	 38.5 	 	 0.0100 	 1.1680 	 0.4851 	 1.4151 	 	 0.2832 	 	 0.6853 	 0.8589 	 1.6498 	 	 0.3863
[2022/07/12 18:26:16] - 136 	 44.3 	 	 38.5 	 	 0.0100 	 1.2170 	 0.4755 	 1.4636 	 	 0.2676 	 	 0.6948 	 0.8540 	 1.6962 	 	 0.3835
[2022/07/12 18:27:39] - 137 	 44.2 	 	 38.5 	 	 0.0100 	 1.2287 	 0.4835 	 1.4771 	 	 0.2729 	 	 0.6595 	 0.8636 	 1.6663 	 	 0.3969
[2022/07/12 18:29:02] - 138 	 44.1 	 	 38.5 	 	 0.0100 	 1.2088 	 0.4970 	 1.4682 	 	 0.2861 	 	 0.7823 	 0.8343 	 1.6633 	 	 0.3951
[2022/07/12 18:30:24] - 139 	 44.0 	 	 38.5 	 	 0.0100 	 1.2094 	 0.4757 	 1.4557 	 	 0.2705 	 	 0.7941 	 0.8164 	 1.5887 	 	 0.4165
[2022/07/12 18:31:47] - 140 	 44.2 	 	 38.5 	 	 0.0100 	 1.2044 	 0.4829 	 1.4562 	 	 0.2759 	 	 0.6780 	 0.8512 	 1.6954 	 	 0.3899
[2022/07/12 18:33:10] - 141 	 44.2 	 	 38.6 	 	 0.0100 	 1.2216 	 0.4770 	 1.4685 	 	 0.2672 	 	 0.6355 	 0.8680 	 1.6264 	 	 0.4035
[2022/07/12 18:34:33] - 142 	 44.2 	 	 38.6 	 	 0.0100 	 1.1996 	 0.5108 	 1.4630 	 	 0.2943 	 	 0.6806 	 0.8562 	 1.6725 	 	 0.3954
[2022/07/12 18:35:56] - 143 	 44.2 	 	 38.6 	 	 0.0100 	 1.2052 	 0.4824 	 1.4528 	 	 0.2735 	 	 0.5388 	 0.8671 	 1.6917 	 	 0.4004
[2022/07/12 18:37:18] - 144 	 44.1 	 	 38.5 	 	 0.0100 	 1.1859 	 0.4732 	 1.4303 	 	 0.2646 	 	 0.6548 	 0.8530 	 1.6395 	 	 0.4041
[2022/07/12 18:38:41] - 145 	 44.1 	 	 38.6 	 	 0.0100 	 1.2079 	 0.4847 	 1.4567 	 	 0.2745 	 	 0.6372 	 0.8636 	 1.6429 	 	 0.3988
[2022/07/12 18:40:04] - 146 	 44.1 	 	 38.5 	 	 0.0100 	 1.2215 	 0.4848 	 1.4703 	 	 0.2743 	 	 0.7665 	 0.8465 	 1.6167 	 	 0.4079
[2022/07/12 18:41:26] - 147 	 44.1 	 	 38.5 	 	 0.0100 	 1.2232 	 0.4966 	 1.4779 	 	 0.2803 	 	 0.7333 	 0.8480 	 1.6556 	 	 0.3917
[2022/07/12 18:42:49] - 148 	 44.1 	 	 38.6 	 	 0.0100 	 1.1821 	 0.4636 	 1.4240 	 	 0.2676 	 	 0.6176 	 0.8625 	 1.6694 	 	 0.4015
[2022/07/12 18:44:11] - 149 	 44.1 	 	 38.5 	 	 0.0010 	 1.1721 	 0.5091 	 1.4349 	 	 0.2964 	 	 0.7848 	 0.8406 	 1.6201 	 	 0.4070
[2022/07/12 18:45:34] - 150 	 44.1 	 	 38.5 	 	 0.0010 	 1.1931 	 0.4646 	 1.4079 	 	 0.2733 	 	 0.6114 	 0.8741 	 1.6255 	 	 0.4182
[2022/07/12 18:46:57] - 151 	 44.1 	 	 38.6 	 	 0.0010 	 1.1974 	 0.5232 	 1.4319 	 	 0.3123 	 	 0.5442 	 0.8812 	 1.6095 	 	 0.4226
[2022/07/12 18:48:20] - 152 	 44.1 	 	 38.6 	 	 0.0010 	 1.1660 	 0.4913 	 1.3855 	 	 0.2987 	 	 0.5981 	 0.8788 	 1.5974 	 	 0.4237
[2022/07/12 18:49:43] - 153 	 44.1 	 	 38.6 	 	 0.0010 	 1.1429 	 0.4847 	 1.3570 	 	 0.2948 	 	 0.6925 	 0.8621 	 1.5697 	 	 0.4310
[2022/07/12 18:51:05] - 154 	 44.2 	 	 38.5 	 	 0.0010 	 1.1536 	 0.4802 	 1.3679 	 	 0.2927 	 	 0.6149 	 0.8740 	 1.6144 	 	 0.4232
[2022/07/12 18:52:28] - 155 	 44.3 	 	 38.6 	 	 0.0010 	 1.1829 	 0.5453 	 1.4258 	 	 0.3349 	 	 0.5987 	 0.8721 	 1.5873 	 	 0.4334
[2022/07/12 18:53:51] - 156 	 44.3 	 	 38.5 	 	 0.0010 	 1.0891 	 0.5046 	 1.3097 	 	 0.3225 	 	 0.6568 	 0.8654 	 1.5656 	 	 0.4361
[2022/07/12 18:55:14] - 157 	 44.1 	 	 38.5 	 	 0.0010 	 1.1306 	 0.4969 	 1.3485 	 	 0.3103 	 	 0.6180 	 0.8754 	 1.5955 	 	 0.4352
[2022/07/12 18:56:36] - 158 	 44.0 	 	 38.5 	 	 0.0010 	 1.1054 	 0.5260 	 1.3349 	 	 0.3348 	 	 0.5678 	 0.8830 	 1.6172 	 	 0.4288
[2022/07/12 18:57:59] - 159 	 44.1 	 	 38.5 	 	 0.0010 	 1.1073 	 0.5184 	 1.3289 	 	 0.3304 	 	 0.5805 	 0.8777 	 1.6031 	 	 0.4290
[2022/07/12 18:59:22] - 160 	 44.0 	 	 38.6 	 	 0.0010 	 1.1078 	 0.5030 	 1.3280 	 	 0.3208 	 	 0.6461 	 0.8701 	 1.5922 	 	 0.4320
[2022/07/12 19:00:45] - 161 	 44.1 	 	 38.6 	 	 0.0010 	 1.1086 	 0.4993 	 1.3254 	 	 0.3141 	 	 0.5196 	 0.8838 	 1.6647 	 	 0.4263
[2022/07/12 19:02:07] - 162 	 44.1 	 	 38.5 	 	 0.0010 	 1.1122 	 0.5105 	 1.3362 	 	 0.3213 	 	 0.5570 	 0.8830 	 1.5873 	 	 0.4399
[2022/07/12 19:03:30] - 163 	 44.1 	 	 38.6 	 	 0.0010 	 1.1334 	 0.4770 	 1.3408 	 	 0.2971 	 	 0.6169 	 0.8725 	 1.6373 	 	 0.4200
[2022/07/12 19:04:53] - 164 	 44.1 	 	 38.6 	 	 0.0010 	 1.0984 	 0.4981 	 1.3149 	 	 0.3170 	 	 0.5486 	 0.8834 	 1.6372 	 	 0.4284
[2022/07/12 19:06:15] - 165 	 44.1 	 	 38.5 	 	 0.0010 	 1.1329 	 0.5024 	 1.3494 	 	 0.3142 	 	 0.6040 	 0.8780 	 1.6128 	 	 0.4290
[2022/07/12 19:07:38] - 166 	 44.1 	 	 38.5 	 	 0.0010 	 1.1055 	 0.4798 	 1.3113 	 	 0.3003 	 	 0.5430 	 0.8842 	 1.6491 	 	 0.4331
[2022/07/12 19:09:01] - 167 	 44.1 	 	 38.6 	 	 0.0010 	 1.0920 	 0.4821 	 1.3001 	 	 0.3144 	 	 0.5350 	 0.8885 	 1.6676 	 	 0.4247
[2022/07/12 19:10:23] - 168 	 44.1 	 	 38.6 	 	 0.0010 	 1.0742 	 0.5145 	 1.2926 	 	 0.3324 	 	 0.5076 	 0.8876 	 1.6563 	 	 0.4330
[2022/07/12 19:11:46] - 169 	 44.1 	 	 38.5 	 	 0.0010 	 1.1446 	 0.5378 	 1.3804 	 	 0.3413 	 	 0.5341 	 0.8829 	 1.6290 	 	 0.4326
[2022/07/12 19:13:09] - 170 	 44.1 	 	 38.6 	 	 0.0010 	 1.0915 	 0.4998 	 1.3045 	 	 0.3161 	 	 0.5844 	 0.8765 	 1.6479 	 	 0.4246
[2022/07/12 19:14:32] - 171 	 44.1 	 	 38.6 	 	 0.0010 	 1.0838 	 0.5161 	 1.3048 	 	 0.3333 	 	 0.4648 	 0.8902 	 1.6787 	 	 0.4302
[2022/07/12 19:15:54] - 172 	 44.0 	 	 38.5 	 	 0.0010 	 1.0879 	 0.5018 	 1.3032 	 	 0.3239 	 	 0.4563 	 0.8923 	 1.7180 	 	 0.4298
[2022/07/12 19:17:17] - 173 	 44.1 	 	 38.5 	 	 0.0010 	 1.0937 	 0.5414 	 1.3232 	 	 0.3467 	 	 0.5593 	 0.8792 	 1.6587 	 	 0.4269
[2022/07/12 19:18:40] - 174 	 44.1 	 	 38.6 	 	 0.0010 	 1.1101 	 0.4820 	 1.3156 	 	 0.3066 	 	 0.5336 	 0.8850 	 1.6698 	 	 0.4243
[2022/07/12 19:20:02] - 175 	 44.1 	 	 38.6 	 	 0.0010 	 1.1075 	 0.5118 	 1.3249 	 	 0.3256 	 	 0.6367 	 0.8723 	 1.5971 	 	 0.4316
[2022/07/12 19:21:25] - 176 	 44.2 	 	 38.6 	 	 0.0010 	 1.0980 	 0.5241 	 1.3213 	 	 0.3426 	 	 0.6476 	 0.8719 	 1.6572 	 	 0.4194
[2022/07/12 19:22:48] - 177 	 44.1 	 	 38.6 	 	 0.0010 	 1.0804 	 0.5195 	 1.3025 	 	 0.3320 	 	 0.6394 	 0.8729 	 1.5915 	 	 0.4383
[2022/07/12 19:24:10] - 178 	 44.1 	 	 38.6 	 	 0.0010 	 1.0692 	 0.4910 	 1.2788 	 	 0.3209 	 	 0.6685 	 0.8652 	 1.6454 	 	 0.4177
[2022/07/12 19:25:33] - 179 	 44.1 	 	 38.6 	 	 0.0010 	 1.0469 	 0.4981 	 1.2584 	 	 0.3257 	 	 0.5094 	 0.8846 	 1.7274 	 	 0.4225
[2022/07/12 19:26:56] - 180 	 44.1 	 	 38.5 	 	 0.0010 	 1.0607 	 0.4919 	 1.2672 	 	 0.3219 	 	 0.6013 	 0.8789 	 1.6500 	 	 0.4293
[2022/07/12 19:28:19] - 181 	 44.1 	 	 38.6 	 	 0.0010 	 1.0996 	 0.4922 	 1.3092 	 	 0.3155 	 	 0.5736 	 0.8823 	 1.6241 	 	 0.4367
[2022/07/12 19:29:41] - 182 	 44.1 	 	 38.6 	 	 0.0010 	 1.0630 	 0.4967 	 1.2729 	 	 0.3239 	 	 0.4425 	 0.8959 	 1.7288 	 	 0.4285
[2022/07/12 19:31:04] - 183 	 44.2 	 	 38.6 	 	 0.0010 	 1.0654 	 0.5171 	 1.2820 	 	 0.3367 	 	 0.4650 	 0.8862 	 1.7236 	 	 0.4299
[2022/07/12 19:32:27] - 184 	 44.2 	 	 38.6 	 	 0.0010 	 1.0493 	 0.5379 	 1.2755 	 	 0.3604 	 	 0.5433 	 0.8822 	 1.6072 	 	 0.4443
[2022/07/12 19:33:50] - 185 	 44.1 	 	 38.6 	 	 0.0010 	 1.0661 	 0.5422 	 1.2938 	 	 0.3486 	 	 0.6592 	 0.8664 	 1.6541 	 	 0.4178
[2022/07/12 19:35:13] - 186 	 44.2 	 	 38.6 	 	 0.0010 	 1.0894 	 0.5201 	 1.3088 	 	 0.3383 	 	 0.6459 	 0.8679 	 1.6499 	 	 0.4145
[2022/07/12 19:36:35] - 187 	 44.1 	 	 38.5 	 	 0.0010 	 1.0908 	 0.5010 	 1.3018 	 	 0.3197 	 	 0.5099 	 0.8881 	 1.7321 	 	 0.4130
[2022/07/12 19:37:58] - 188 	 44.1 	 	 38.6 	 	 0.0010 	 1.1077 	 0.5027 	 1.3203 	 	 0.3207 	 	 0.5893 	 0.8828 	 1.6747 	 	 0.4231
[2022/07/12 19:39:21] - 189 	 44.1 	 	 38.6 	 	 0.0010 	 1.0628 	 0.5099 	 1.2774 	 	 0.3352 	 	 0.5859 	 0.8787 	 1.6762 	 	 0.4209
[2022/07/12 19:40:44] - 190 	 44.1 	 	 38.6 	 	 0.0010 	 1.0706 	 0.4976 	 1.2793 	 	 0.3227 	 	 0.5959 	 0.8785 	 1.6616 	 	 0.4229
[2022/07/12 19:42:06] - 191 	 44.0 	 	 38.6 	 	 0.0010 	 1.0874 	 0.5288 	 1.3069 	 	 0.3441 	 	 0.6430 	 0.8710 	 1.6406 	 	 0.4300
[2022/07/12 19:43:29] - 192 	 44.0 	 	 38.6 	 	 0.0010 	 1.0998 	 0.4933 	 1.3080 	 	 0.3154 	 	 0.5040 	 0.8902 	 1.7447 	 	 0.4277
[2022/07/12 19:44:52] - 193 	 44.1 	 	 38.6 	 	 0.0010 	 1.0611 	 0.5484 	 1.2911 	 	 0.3600 	 	 0.5731 	 0.8797 	 1.6640 	 	 0.4220
[2022/07/12 19:46:14] - 194 	 44.1 	 	 38.6 	 	 0.0010 	 1.0778 	 0.5251 	 1.2951 	 	 0.3420 	 	 0.6562 	 0.8691 	 1.6385 	 	 0.4231
[2022/07/12 19:47:37] - 195 	 44.1 	 	 38.6 	 	 0.0010 	 1.0658 	 0.5264 	 1.2814 	 	 0.3476 	 	 0.6364 	 0.8727 	 1.6743 	 	 0.4115
[2022/07/12 19:48:59] - 196 	 44.1 	 	 38.6 	 	 0.0010 	 1.0813 	 0.5138 	 1.2927 	 	 0.3341 	 	 0.6225 	 0.8757 	 1.6487 	 	 0.4208
[2022/07/12 19:50:22] - 197 	 44.1 	 	 38.6 	 	 0.0010 	 1.0718 	 0.5244 	 1.2844 	 	 0.3423 	 	 0.5787 	 0.8752 	 1.6666 	 	 0.4246
[2022/07/12 19:51:45] - 198 	 44.2 	 	 38.6 	 	 0.0010 	 1.0881 	 0.5161 	 1.3044 	 	 0.3376 	 	 0.4851 	 0.8937 	 1.7628 	 	 0.4245
[2022/07/12 19:53:08] - 199 	 44.1 	 	 38.6 	 	 0.0010 	 1.0650 	 0.5278 	 1.2814 	 	 0.3480 	 	 0.6368 	 0.8709 	 1.6471 	 	 0.4206
