[2022/07/10 19:52:15] - Namespace(attack='fgsm', attack_iters=10, batch_size=128, chkpt_iters=10, cutout=False, cutout_len=None, data_dir='../cifar-data', dropout=0, epochs=200, epsilon=8, eval=False, fgsm_alpha=0.75, fgsm_init='random', fname='experiments/cifar10_fgsm/preactresnet18_0.75_2', half=False, l1=0, l2=0, lr_drop_epoch=100, lr_max=0.1, lr_one_drop=0.01, lr_schedule='piecewise', mixup=False, mixup_alpha=None, model='PreActResNet18', norm='l_inf', pgd_alpha=2, restarts=1, resume=0, seed=0, val=False, width_factor=10)
[2022/07/10 19:52:18] - Epoch 	 Train Time 	 Test Time 	 LR 	 	 Train Loss 	 Train Acc 	 Train Robust Loss 	 Train Robust Acc 	 Test Loss 	 Test Acc 	 Test Robust Loss 	 Test Robust Acc
[2022/07/10 19:54:18] - 0 	 81.2 	 	 38.7 	 	 0.1000 	 1.8159 	 0.3273 	 2.0243 	 	 0.2396 	 	 1.5833 	 0.4161 	 1.9891 	 	 0.2572
[2022/07/10 19:55:41] - 1 	 44.1 	 	 38.7 	 	 0.1000 	 1.5067 	 0.4540 	 1.7933 	 	 0.3217 	 	 1.3770 	 0.5178 	 1.9119 	 	 0.2670
[2022/07/10 19:57:04] - 2 	 44.1 	 	 38.7 	 	 0.1000 	 1.3211 	 0.5353 	 1.6658 	 	 0.3665 	 	 1.3138 	 0.5506 	 1.8912 	 	 0.2798
[2022/07/10 19:58:27] - 3 	 44.1 	 	 38.7 	 	 0.1000 	 1.1748 	 0.6022 	 1.5604 	 	 0.4081 	 	 1.1175 	 0.6032 	 1.8383 	 	 0.3125
[2022/07/10 19:59:50] - 4 	 44.1 	 	 38.6 	 	 0.1000 	 1.0768 	 0.6470 	 1.4853 	 	 0.4342 	 	 1.0330 	 0.6495 	 1.8264 	 	 0.3229
[2022/07/10 20:01:13] - 5 	 44.2 	 	 38.7 	 	 0.1000 	 0.9990 	 0.6783 	 1.4243 	 	 0.4576 	 	 0.9721 	 0.6913 	 1.7926 	 	 0.3196
[2022/07/10 20:02:36] - 6 	 44.2 	 	 38.7 	 	 0.1000 	 0.9411 	 0.7032 	 1.3784 	 	 0.4760 	 	 0.9122 	 0.7137 	 1.7371 	 	 0.3461
[2022/07/10 20:03:59] - 7 	 44.6 	 	 38.6 	 	 0.1000 	 0.8953 	 0.7204 	 1.3440 	 	 0.4890 	 	 0.9163 	 0.6954 	 1.7802 	 	 0.3461
[2022/07/10 20:05:22] - 8 	 44.2 	 	 38.7 	 	 0.1000 	 0.8552 	 0.7362 	 1.3121 	 	 0.5005 	 	 0.8834 	 0.6994 	 1.7713 	 	 0.3313
[2022/07/10 20:06:45] - 9 	 44.3 	 	 38.6 	 	 0.1000 	 0.8273 	 0.7481 	 1.2904 	 	 0.5090 	 	 0.8338 	 0.7309 	 1.7278 	 	 0.3660
[2022/07/10 20:08:09] - 10 	 44.2 	 	 38.7 	 	 0.1000 	 0.7985 	 0.7592 	 1.2701 	 	 0.5165 	 	 0.8525 	 0.7289 	 1.6590 	 	 0.3792
[2022/07/10 20:09:32] - 11 	 44.3 	 	 38.7 	 	 0.1000 	 0.7758 	 0.7697 	 1.2490 	 	 0.5257 	 	 0.8014 	 0.7412 	 1.8152 	 	 0.3384
[2022/07/10 20:10:55] - 12 	 44.3 	 	 38.6 	 	 0.1000 	 0.7569 	 0.7768 	 1.2353 	 	 0.5286 	 	 0.8093 	 0.7519 	 1.7020 	 	 0.3582
[2022/07/10 20:12:18] - 13 	 44.2 	 	 38.7 	 	 0.1000 	 0.7421 	 0.7817 	 1.2225 	 	 0.5364 	 	 0.7898 	 0.7512 	 1.6875 	 	 0.3811
[2022/07/10 20:13:41] - 14 	 44.1 	 	 38.6 	 	 0.1000 	 0.7207 	 0.7885 	 1.2036 	 	 0.5413 	 	 0.7645 	 0.7635 	 1.6790 	 	 0.3734
[2022/07/10 20:15:03] - 15 	 44.1 	 	 38.6 	 	 0.1000 	 0.7050 	 0.7949 	 1.1901 	 	 0.5455 	 	 0.7481 	 0.7572 	 1.7332 	 	 0.3741
[2022/07/10 20:16:26] - 16 	 44.2 	 	 38.7 	 	 0.1000 	 0.6931 	 0.7995 	 1.1813 	 	 0.5502 	 	 0.7546 	 0.7587 	 1.7246 	 	 0.3624
[2022/07/10 20:17:49] - 17 	 44.1 	 	 38.6 	 	 0.1000 	 0.6851 	 0.8027 	 1.1742 	 	 0.5525 	 	 0.7632 	 0.7420 	 1.6892 	 	 0.3730
[2022/07/10 20:19:12] - 18 	 44.2 	 	 38.7 	 	 0.1000 	 0.6684 	 0.8073 	 1.1578 	 	 0.5594 	 	 0.7562 	 0.7482 	 1.7185 	 	 0.3743
[2022/07/10 20:20:35] - 19 	 44.2 	 	 38.7 	 	 0.1000 	 0.6621 	 0.8106 	 1.1557 	 	 0.5607 	 	 0.7295 	 0.7696 	 1.6962 	 	 0.3743
[2022/07/10 20:21:58] - 20 	 44.2 	 	 38.7 	 	 0.1000 	 0.6528 	 0.8134 	 1.1444 	 	 0.5630 	 	 0.7193 	 0.7560 	 1.7053 	 	 0.3948
[2022/07/10 20:23:21] - 21 	 44.4 	 	 38.7 	 	 0.1000 	 0.6455 	 0.8162 	 1.1369 	 	 0.5647 	 	 0.7097 	 0.7834 	 1.6489 	 	 0.3827
[2022/07/10 20:24:44] - 22 	 44.3 	 	 38.6 	 	 0.1000 	 0.6377 	 0.8206 	 1.1326 	 	 0.5683 	 	 0.6897 	 0.7852 	 1.7672 	 	 0.3623
[2022/07/10 20:26:07] - 23 	 44.1 	 	 38.6 	 	 0.1000 	 0.6359 	 0.8192 	 1.1320 	 	 0.5701 	 	 0.6966 	 0.7762 	 1.7586 	 	 0.3723
[2022/07/10 20:27:30] - 24 	 44.2 	 	 38.6 	 	 0.1000 	 0.6261 	 0.8241 	 1.1223 	 	 0.5692 	 	 0.6826 	 0.7702 	 1.7844 	 	 0.3744
[2022/07/10 20:28:53] - 25 	 44.2 	 	 38.6 	 	 0.1000 	 0.6173 	 0.8281 	 1.1139 	 	 0.5743 	 	 0.6729 	 0.7914 	 1.7442 	 	 0.3757
[2022/07/10 20:30:16] - 26 	 44.2 	 	 38.7 	 	 0.1000 	 0.6151 	 0.8260 	 1.1146 	 	 0.5742 	 	 0.6857 	 0.7752 	 1.7748 	 	 0.3650
[2022/07/10 20:31:38] - 27 	 44.1 	 	 38.7 	 	 0.1000 	 0.6073 	 0.8309 	 1.1064 	 	 0.5754 	 	 0.6568 	 0.7903 	 1.6787 	 	 0.3837
[2022/07/10 20:33:01] - 28 	 44.3 	 	 38.7 	 	 0.1000 	 0.6031 	 0.8328 	 1.1019 	 	 0.5780 	 	 0.6782 	 0.7840 	 1.7594 	 	 0.3679
[2022/07/10 20:34:24] - 29 	 44.3 	 	 38.6 	 	 0.1000 	 0.6028 	 0.8321 	 1.1017 	 	 0.5800 	 	 0.6813 	 0.7942 	 1.6839 	 	 0.3774
[2022/07/10 20:35:47] - 30 	 44.2 	 	 38.7 	 	 0.1000 	 0.5948 	 0.8348 	 1.0918 	 	 0.5810 	 	 0.6561 	 0.8019 	 1.7067 	 	 0.3808
[2022/07/10 20:37:10] - 31 	 44.2 	 	 38.7 	 	 0.1000 	 0.5871 	 0.8378 	 1.0883 	 	 0.5794 	 	 0.6869 	 0.7786 	 1.6804 	 	 0.3825
[2022/07/10 20:38:33] - 32 	 44.2 	 	 38.7 	 	 0.1000 	 0.5892 	 0.8384 	 1.0887 	 	 0.5830 	 	 0.6642 	 0.8000 	 1.6671 	 	 0.3780
[2022/07/10 20:39:56] - 33 	 44.3 	 	 38.6 	 	 0.1000 	 0.5836 	 0.8410 	 1.0851 	 	 0.5830 	 	 0.6873 	 0.7769 	 1.7446 	 	 0.3669
[2022/07/10 20:41:19] - 34 	 44.1 	 	 38.7 	 	 0.1000 	 0.5805 	 0.8393 	 1.0807 	 	 0.5850 	 	 0.7073 	 0.7654 	 1.7689 	 	 0.3735
[2022/07/10 20:42:42] - 35 	 44.3 	 	 38.7 	 	 0.1000 	 0.5790 	 0.8415 	 1.0789 	 	 0.5869 	 	 0.6372 	 0.7936 	 1.7742 	 	 0.3780
[2022/07/10 20:44:05] - 36 	 44.2 	 	 38.7 	 	 0.1000 	 0.5784 	 0.8402 	 1.0770 	 	 0.5876 	 	 0.6941 	 0.7702 	 1.6646 	 	 0.3912
[2022/07/10 20:45:27] - 37 	 44.2 	 	 38.6 	 	 0.1000 	 0.5730 	 0.8437 	 1.0748 	 	 0.5865 	 	 0.6702 	 0.7980 	 1.7110 	 	 0.3699
[2022/07/10 20:46:50] - 38 	 44.1 	 	 38.7 	 	 0.1000 	 0.5631 	 0.8472 	 1.0642 	 	 0.5916 	 	 0.6492 	 0.7769 	 1.7433 	 	 0.3804
[2022/07/10 20:48:13] - 39 	 44.2 	 	 38.6 	 	 0.1000 	 0.5680 	 0.8442 	 1.0695 	 	 0.5902 	 	 0.6648 	 0.7936 	 1.7021 	 	 0.3748
[2022/07/10 20:49:36] - 40 	 44.3 	 	 38.6 	 	 0.1000 	 0.5668 	 0.8452 	 1.0697 	 	 0.5904 	 	 0.6417 	 0.7968 	 1.7550 	 	 0.3698
[2022/07/10 20:50:59] - 41 	 44.2 	 	 38.6 	 	 0.1000 	 0.5625 	 0.8476 	 1.0653 	 	 0.5911 	 	 0.6284 	 0.8051 	 1.7522 	 	 0.3704
[2022/07/10 20:52:22] - 42 	 44.1 	 	 38.6 	 	 0.1000 	 0.5588 	 0.8470 	 1.0624 	 	 0.5925 	 	 0.6426 	 0.7873 	 1.6567 	 	 0.3992
[2022/07/10 20:53:45] - 43 	 44.2 	 	 38.7 	 	 0.1000 	 0.5550 	 0.8490 	 1.0566 	 	 0.5916 	 	 0.6626 	 0.7846 	 1.7195 	 	 0.3821
[2022/07/10 20:55:08] - 44 	 44.2 	 	 38.7 	 	 0.1000 	 0.5600 	 0.8481 	 1.0654 	 	 0.5927 	 	 0.6352 	 0.7941 	 1.7302 	 	 0.3834
[2022/07/10 20:56:31] - 45 	 44.2 	 	 38.7 	 	 0.1000 	 0.5577 	 0.8493 	 1.0612 	 	 0.5909 	 	 0.6610 	 0.7886 	 1.7663 	 	 0.3669
[2022/07/10 20:57:54] - 46 	 44.2 	 	 38.7 	 	 0.1000 	 0.5522 	 0.8530 	 1.0570 	 	 0.5922 	 	 0.6568 	 0.7998 	 1.6789 	 	 0.3882
[2022/07/10 20:59:16] - 47 	 44.1 	 	 38.6 	 	 0.1000 	 0.5514 	 0.8512 	 1.0536 	 	 0.5966 	 	 0.6370 	 0.8029 	 1.6618 	 	 0.3879
[2022/07/10 21:00:39] - 48 	 44.2 	 	 38.6 	 	 0.1000 	 0.5469 	 0.8532 	 1.0528 	 	 0.5970 	 	 0.6341 	 0.7963 	 1.7622 	 	 0.3733
[2022/07/10 21:02:02] - 49 	 44.4 	 	 38.6 	 	 0.1000 	 0.5504 	 0.8515 	 1.0529 	 	 0.5956 	 	 0.6058 	 0.8083 	 1.7446 	 	 0.3783
[2022/07/10 21:03:25] - 50 	 44.1 	 	 38.6 	 	 0.1000 	 0.5419 	 0.8565 	 1.0475 	 	 0.5986 	 	 0.6182 	 0.8070 	 1.6961 	 	 0.3846
[2022/07/10 21:04:48] - 51 	 44.1 	 	 38.6 	 	 0.1000 	 0.5408 	 0.8545 	 1.0450 	 	 0.5972 	 	 0.6651 	 0.7891 	 1.8340 	 	 0.3557
[2022/07/10 21:06:11] - 52 	 44.1 	 	 38.7 	 	 0.1000 	 0.5396 	 0.8566 	 1.0464 	 	 0.5987 	 	 0.6357 	 0.8016 	 1.7599 	 	 0.3765
[2022/07/10 21:07:34] - 53 	 44.2 	 	 38.6 	 	 0.1000 	 0.5384 	 0.8570 	 1.0431 	 	 0.5963 	 	 0.6142 	 0.8092 	 1.7431 	 	 0.3812
[2022/07/10 21:08:57] - 54 	 44.2 	 	 38.7 	 	 0.1000 	 0.5365 	 0.8586 	 1.0417 	 	 0.5990 	 	 0.6232 	 0.7952 	 1.7870 	 	 0.3766
[2022/07/10 21:10:20] - 55 	 44.2 	 	 38.7 	 	 0.1000 	 0.5330 	 0.8575 	 1.0395 	 	 0.6000 	 	 0.6484 	 0.7816 	 1.7489 	 	 0.3767
[2022/07/10 21:11:42] - 56 	 44.2 	 	 38.7 	 	 0.1000 	 0.5339 	 0.8573 	 1.0388 	 	 0.6001 	 	 0.6249 	 0.8048 	 1.7354 	 	 0.3823
[2022/07/10 21:13:05] - 57 	 44.1 	 	 38.6 	 	 0.1000 	 0.5317 	 0.8598 	 1.0394 	 	 0.6003 	 	 0.6344 	 0.7988 	 1.7382 	 	 0.3835
[2022/07/10 21:14:28] - 58 	 44.2 	 	 38.7 	 	 0.1000 	 0.5350 	 0.8587 	 1.0424 	 	 0.5985 	 	 0.6438 	 0.8008 	 1.7359 	 	 0.3699
[2022/07/10 21:15:51] - 59 	 44.2 	 	 38.7 	 	 0.1000 	 0.5273 	 0.8604 	 1.0348 	 	 0.6046 	 	 0.6331 	 0.7992 	 1.7255 	 	 0.3777
[2022/07/10 21:17:14] - 60 	 44.1 	 	 38.6 	 	 0.1000 	 0.5271 	 0.8598 	 1.0327 	 	 0.5996 	 	 0.6522 	 0.7909 	 1.7372 	 	 0.3754
[2022/07/10 21:18:37] - 61 	 44.2 	 	 38.6 	 	 0.1000 	 0.5299 	 0.8596 	 1.0370 	 	 0.6002 	 	 0.6626 	 0.7884 	 1.8208 	 	 0.3628
[2022/07/10 21:20:00] - 62 	 44.2 	 	 38.6 	 	 0.1000 	 0.5331 	 0.8586 	 1.0378 	 	 0.5993 	 	 0.6523 	 0.7967 	 1.7199 	 	 0.3811
[2022/07/10 21:21:23] - 63 	 44.2 	 	 38.6 	 	 0.1000 	 0.5245 	 0.8617 	 1.0314 	 	 0.6027 	 	 0.6391 	 0.8012 	 1.7285 	 	 0.3775
[2022/07/10 21:22:45] - 64 	 44.2 	 	 38.7 	 	 0.1000 	 0.5261 	 0.8627 	 1.0325 	 	 0.6032 	 	 0.6164 	 0.8118 	 1.7186 	 	 0.3791
[2022/07/10 21:24:08] - 65 	 44.2 	 	 38.6 	 	 0.1000 	 0.5233 	 0.8613 	 1.0284 	 	 0.6024 	 	 0.6176 	 0.8120 	 1.7526 	 	 0.3721
[2022/07/10 21:25:31] - 66 	 44.2 	 	 38.6 	 	 0.1000 	 0.5243 	 0.8609 	 1.0289 	 	 0.6036 	 	 0.6418 	 0.7980 	 1.6815 	 	 0.3785
[2022/07/10 21:26:54] - 67 	 44.3 	 	 38.7 	 	 0.1000 	 0.5192 	 0.8639 	 1.0278 	 	 0.6056 	 	 0.6061 	 0.8030 	 1.7060 	 	 0.3938
[2022/07/10 21:28:17] - 68 	 44.1 	 	 38.6 	 	 0.1000 	 0.5216 	 0.8613 	 1.0263 	 	 0.6062 	 	 0.6223 	 0.8021 	 1.7176 	 	 0.3790
[2022/07/10 21:29:39] - 69 	 44.1 	 	 38.6 	 	 0.1000 	 0.5213 	 0.8613 	 1.0267 	 	 0.6055 	 	 0.6335 	 0.7958 	 1.7076 	 	 0.3836
[2022/07/10 21:31:03] - 70 	 44.1 	 	 38.6 	 	 0.1000 	 0.5176 	 0.8646 	 1.0252 	 	 0.6021 	 	 0.6252 	 0.8175 	 1.6838 	 	 0.3879
[2022/07/10 21:32:25] - 71 	 44.2 	 	 38.6 	 	 0.1000 	 0.5171 	 0.8647 	 1.0237 	 	 0.6077 	 	 0.6116 	 0.8063 	 1.7497 	 	 0.3718
[2022/07/10 21:33:48] - 72 	 44.2 	 	 38.6 	 	 0.1000 	 0.5169 	 0.8636 	 1.0229 	 	 0.6038 	 	 0.6206 	 0.8107 	 1.7117 	 	 0.3765
[2022/07/10 21:35:11] - 73 	 44.2 	 	 38.6 	 	 0.1000 	 0.5198 	 0.8630 	 1.0289 	 	 0.6075 	 	 0.6147 	 0.8071 	 1.7079 	 	 0.3905
[2022/07/10 21:36:34] - 74 	 44.3 	 	 38.7 	 	 0.1000 	 0.5182 	 0.8631 	 1.0259 	 	 0.6047 	 	 0.6488 	 0.7969 	 1.7721 	 	 0.3650
[2022/07/10 21:37:57] - 75 	 44.2 	 	 38.7 	 	 0.1000 	 0.5162 	 0.8634 	 1.0206 	 	 0.6075 	 	 0.5986 	 0.8228 	 1.7085 	 	 0.3803
[2022/07/10 21:39:19] - 76 	 44.1 	 	 38.6 	 	 0.1000 	 0.5222 	 0.8632 	 1.0278 	 	 0.6042 	 	 0.6242 	 0.8053 	 1.7009 	 	 0.3926
[2022/07/10 21:40:42] - 77 	 44.2 	 	 38.7 	 	 0.1000 	 0.5171 	 0.8624 	 1.0246 	 	 0.6055 	 	 0.6273 	 0.8030 	 1.7240 	 	 0.3894
[2022/07/10 21:42:05] - 78 	 44.2 	 	 38.7 	 	 0.1000 	 0.5127 	 0.8665 	 1.0230 	 	 0.6052 	 	 0.6456 	 0.8107 	 1.6752 	 	 0.3946
[2022/07/10 21:43:28] - 79 	 44.2 	 	 38.6 	 	 0.1000 	 0.5114 	 0.8659 	 1.0166 	 	 0.6071 	 	 0.6306 	 0.8009 	 1.6921 	 	 0.3868
[2022/07/10 21:44:51] - 80 	 44.1 	 	 38.7 	 	 0.1000 	 0.5168 	 0.8641 	 1.0255 	 	 0.6039 	 	 0.6135 	 0.8192 	 1.6980 	 	 0.3893
[2022/07/10 21:46:14] - 81 	 44.2 	 	 38.7 	 	 0.1000 	 0.5116 	 0.8653 	 1.0190 	 	 0.6068 	 	 0.6354 	 0.8042 	 1.7829 	 	 0.3617
[2022/07/10 21:47:37] - 82 	 44.2 	 	 38.7 	 	 0.1000 	 0.5178 	 0.8646 	 1.0233 	 	 0.6065 	 	 0.6213 	 0.8048 	 1.7166 	 	 0.3737
[2022/07/10 21:49:00] - 83 	 44.1 	 	 38.6 	 	 0.1000 	 0.5099 	 0.8663 	 1.0170 	 	 0.6065 	 	 0.6678 	 0.7913 	 1.6994 	 	 0.3839
[2022/07/10 21:50:22] - 84 	 44.2 	 	 38.6 	 	 0.1000 	 0.5094 	 0.8684 	 1.0169 	 	 0.6070 	 	 0.6187 	 0.8111 	 1.7195 	 	 0.3695
[2022/07/10 21:51:45] - 85 	 44.2 	 	 38.6 	 	 0.1000 	 0.5165 	 0.8637 	 1.0238 	 	 0.6058 	 	 0.6371 	 0.8081 	 1.7035 	 	 0.3897
[2022/07/10 21:53:08] - 86 	 44.2 	 	 38.7 	 	 0.1000 	 0.5109 	 0.8657 	 1.0158 	 	 0.6078 	 	 0.6136 	 0.8041 	 1.7738 	 	 0.3704
[2022/07/10 21:54:31] - 87 	 44.2 	 	 38.7 	 	 0.1000 	 0.5089 	 0.8680 	 1.0168 	 	 0.6055 	 	 0.6049 	 0.8216 	 1.6495 	 	 0.3931
[2022/07/10 21:55:54] - 88 	 44.1 	 	 38.7 	 	 0.1000 	 0.5131 	 0.8665 	 1.0209 	 	 0.6058 	 	 0.6156 	 0.8083 	 1.7366 	 	 0.3820
[2022/07/10 21:57:16] - 89 	 44.1 	 	 38.7 	 	 0.1000 	 0.5109 	 0.8683 	 1.0185 	 	 0.6048 	 	 0.6213 	 0.8079 	 1.7541 	 	 0.3654
[2022/07/10 21:58:40] - 90 	 44.1 	 	 38.6 	 	 0.1000 	 0.5096 	 0.8666 	 1.0175 	 	 0.6078 	 	 0.6031 	 0.8193 	 1.7547 	 	 0.3821
[2022/07/10 22:00:02] - 91 	 44.2 	 	 38.7 	 	 0.1000 	 0.5070 	 0.8684 	 1.0140 	 	 0.6073 	 	 0.6473 	 0.7772 	 1.7080 	 	 0.3989
[2022/07/10 22:01:25] - 92 	 44.3 	 	 38.7 	 	 0.1000 	 0.5098 	 0.8657 	 1.0145 	 	 0.6091 	 	 0.6241 	 0.8076 	 1.7215 	 	 0.3800
[2022/07/10 22:02:48] - 93 	 44.1 	 	 38.6 	 	 0.1000 	 0.5069 	 0.8672 	 1.0167 	 	 0.6082 	 	 0.6397 	 0.7905 	 1.7439 	 	 0.3873
[2022/07/10 22:04:11] - 94 	 44.4 	 	 38.6 	 	 0.1000 	 0.5089 	 0.8671 	 1.0152 	 	 0.6064 	 	 0.5877 	 0.8241 	 1.7344 	 	 0.3822
[2022/07/10 22:05:34] - 95 	 44.2 	 	 38.7 	 	 0.1000 	 0.5078 	 0.8646 	 1.0164 	 	 0.6085 	 	 0.6148 	 0.8042 	 1.6925 	 	 0.3874
[2022/07/10 22:06:57] - 96 	 44.1 	 	 38.7 	 	 0.1000 	 0.5064 	 0.8681 	 1.0153 	 	 0.6066 	 	 0.5944 	 0.8223 	 1.7468 	 	 0.3758
[2022/07/10 22:08:20] - 97 	 44.2 	 	 38.6 	 	 0.1000 	 0.5042 	 0.8689 	 1.0117 	 	 0.6102 	 	 0.6340 	 0.7912 	 1.8020 	 	 0.3649
[2022/07/10 22:09:43] - 98 	 44.2 	 	 38.7 	 	 0.1000 	 0.5050 	 0.8679 	 1.0119 	 	 0.6083 	 	 0.6053 	 0.8190 	 1.6276 	 	 0.4031
[2022/07/10 22:11:06] - 99 	 44.3 	 	 38.6 	 	 0.0100 	 0.5047 	 0.8701 	 1.0155 	 	 0.6068 	 	 0.6104 	 0.8054 	 1.7765 	 	 0.3845
[2022/07/10 22:12:29] - 100 	 44.2 	 	 38.6 	 	 0.0100 	 0.4072 	 0.8901 	 0.7891 	 	 0.6946 	 	 0.4341 	 0.8675 	 1.5510 	 	 0.4464
[2022/07/10 22:13:52] - 101 	 44.2 	 	 38.6 	 	 0.0100 	 0.3309 	 0.9121 	 0.7030 	 	 0.7226 	 	 0.4122 	 0.8715 	 1.5916 	 	 0.4426
[2022/07/10 22:15:15] - 102 	 44.1 	 	 38.7 	 	 0.0100 	 0.3048 	 0.9197 	 0.6709 	 	 0.7358 	 	 0.3965 	 0.8732 	 1.6520 	 	 0.4419
[2022/07/10 22:16:38] - 103 	 44.2 	 	 38.6 	 	 0.0100 	 0.2825 	 0.9263 	 0.6421 	 	 0.7466 	 	 0.3839 	 0.8792 	 1.6725 	 	 0.4349
[2022/07/10 22:18:00] - 104 	 44.1 	 	 38.6 	 	 0.0100 	 0.2641 	 0.9326 	 0.6176 	 	 0.7527 	 	 0.3764 	 0.8786 	 1.7369 	 	 0.4278
[2022/07/10 22:19:23] - 105 	 44.1 	 	 38.6 	 	 0.0100 	 0.2467 	 0.9391 	 0.5951 	 	 0.7601 	 	 0.3793 	 0.8779 	 1.7421 	 	 0.4337
[2022/07/10 22:20:46] - 106 	 44.2 	 	 38.6 	 	 0.0100 	 0.2353 	 0.9417 	 0.5812 	 	 0.7656 	 	 0.3741 	 0.8781 	 1.7956 	 	 0.4337
[2022/07/10 22:22:09] - 107 	 44.2 	 	 38.6 	 	 0.0100 	 0.2214 	 0.9460 	 0.5646 	 	 0.7711 	 	 0.3688 	 0.8792 	 1.8057 	 	 0.4344
[2022/07/10 22:23:32] - 108 	 44.2 	 	 38.6 	 	 0.0100 	 0.2132 	 0.9482 	 0.5519 	 	 0.7757 	 	 0.3658 	 0.8805 	 1.9262 	 	 0.4157
[2022/07/10 22:24:55] - 109 	 44.1 	 	 38.7 	 	 0.0100 	 0.2026 	 0.9525 	 0.5370 	 	 0.7811 	 	 0.3837 	 0.8726 	 1.9037 	 	 0.4270
[2022/07/10 22:26:18] - 110 	 44.1 	 	 38.7 	 	 0.0100 	 0.1917 	 0.9551 	 0.5239 	 	 0.7862 	 	 0.3740 	 0.8780 	 1.8538 	 	 0.4314
[2022/07/10 22:27:41] - 111 	 44.1 	 	 38.8 	 	 0.0100 	 0.1849 	 0.9576 	 0.5170 	 	 0.7893 	 	 0.3594 	 0.8783 	 1.9623 	 	 0.4195
[2022/07/10 22:29:03] - 112 	 44.1 	 	 38.7 	 	 0.0100 	 0.1757 	 0.9609 	 0.5038 	 	 0.7942 	 	 0.3606 	 0.8803 	 2.0194 	 	 0.4154
[2022/07/10 22:30:26] - 113 	 44.2 	 	 38.7 	 	 0.0100 	 0.1699 	 0.9625 	 0.4954 	 	 0.7950 	 	 0.3725 	 0.8753 	 2.0722 	 	 0.4108
[2022/07/10 22:31:49] - 114 	 44.2 	 	 38.7 	 	 0.0100 	 0.1633 	 0.9645 	 0.4890 	 	 0.7974 	 	 0.3619 	 0.8782 	 2.0922 	 	 0.4097
[2022/07/10 22:33:12] - 115 	 44.1 	 	 38.7 	 	 0.0100 	 0.1596 	 0.9649 	 0.4819 	 	 0.8035 	 	 0.3677 	 0.8776 	 2.0586 	 	 0.4139
[2022/07/10 22:34:35] - 116 	 44.2 	 	 38.7 	 	 0.0100 	 0.1554 	 0.9667 	 0.4769 	 	 0.8019 	 	 0.3628 	 0.8803 	 2.0190 	 	 0.4200
[2022/07/10 22:35:58] - 117 	 44.2 	 	 38.7 	 	 0.0100 	 0.1504 	 0.9683 	 0.4727 	 	 0.8025 	 	 0.3848 	 0.8698 	 2.0856 	 	 0.4156
[2022/07/10 22:37:21] - 118 	 44.2 	 	 38.7 	 	 0.0100 	 0.1470 	 0.9696 	 0.4653 	 	 0.8066 	 	 0.3670 	 0.8771 	 2.1325 	 	 0.4020
[2022/07/10 22:38:43] - 119 	 44.2 	 	 38.7 	 	 0.0100 	 0.1437 	 0.9697 	 0.4630 	 	 0.8063 	 	 0.3716 	 0.8760 	 2.1762 	 	 0.3993
[2022/07/10 22:40:07] - 120 	 44.1 	 	 38.6 	 	 0.0100 	 0.1391 	 0.9714 	 0.4585 	 	 0.8084 	 	 0.3705 	 0.8763 	 2.1863 	 	 0.4085
[2022/07/10 22:41:29] - 121 	 44.1 	 	 38.6 	 	 0.0100 	 0.1358 	 0.9721 	 0.4503 	 	 0.8115 	 	 0.3751 	 0.8774 	 2.2115 	 	 0.4040
[2022/07/10 22:42:52] - 122 	 44.1 	 	 38.6 	 	 0.0100 	 0.1312 	 0.9735 	 0.4473 	 	 0.8121 	 	 0.3826 	 0.8712 	 2.2746 	 	 0.3929
[2022/07/10 22:44:15] - 123 	 44.2 	 	 38.6 	 	 0.0100 	 0.1295 	 0.9750 	 0.4457 	 	 0.8121 	 	 0.3785 	 0.8702 	 2.2342 	 	 0.4021
[2022/07/10 22:45:38] - 124 	 44.2 	 	 38.6 	 	 0.0100 	 0.1280 	 0.9756 	 0.4470 	 	 0.8121 	 	 0.3821 	 0.8741 	 2.2748 	 	 0.3996
[2022/07/10 22:47:00] - 125 	 44.1 	 	 38.6 	 	 0.0100 	 0.1254 	 0.9767 	 0.4397 	 	 0.8154 	 	 0.3760 	 0.8769 	 2.3085 	 	 0.3891
[2022/07/10 22:48:23] - 126 	 44.4 	 	 38.6 	 	 0.0100 	 0.1217 	 0.9775 	 0.4341 	 	 0.8165 	 	 0.3856 	 0.8724 	 2.3460 	 	 0.3889
[2022/07/10 22:49:46] - 127 	 44.2 	 	 38.6 	 	 0.0100 	 0.1219 	 0.9780 	 0.4380 	 	 0.8151 	 	 0.3875 	 0.8702 	 2.3123 	 	 0.3907
[2022/07/10 22:51:09] - 128 	 44.1 	 	 38.7 	 	 0.0100 	 0.1187 	 0.9788 	 0.4313 	 	 0.8173 	 	 0.3824 	 0.8746 	 2.3304 	 	 0.3876
[2022/07/10 22:52:32] - 129 	 44.2 	 	 38.6 	 	 0.0100 	 0.1152 	 0.9794 	 0.4260 	 	 0.8198 	 	 0.3780 	 0.8772 	 2.2933 	 	 0.3889
[2022/07/10 22:53:55] - 130 	 44.2 	 	 38.6 	 	 0.0100 	 0.1132 	 0.9810 	 0.4256 	 	 0.8181 	 	 0.3953 	 0.8660 	 2.3912 	 	 0.3817
[2022/07/10 22:55:18] - 131 	 44.1 	 	 38.7 	 	 0.0100 	 0.1091 	 0.9811 	 0.4157 	 	 0.8230 	 	 0.3858 	 0.8697 	 2.3838 	 	 0.3877
[2022/07/10 22:56:40] - 132 	 44.1 	 	 38.6 	 	 0.0100 	 0.1104 	 0.9813 	 0.4206 	 	 0.8223 	 	 0.3909 	 0.8698 	 2.3082 	 	 0.3913
[2022/07/10 22:58:03] - 133 	 44.1 	 	 38.6 	 	 0.0100 	 0.1078 	 0.9813 	 0.4145 	 	 0.8248 	 	 0.3984 	 0.8657 	 2.4579 	 	 0.3859
[2022/07/10 22:59:26] - 134 	 44.2 	 	 38.7 	 	 0.0100 	 0.1068 	 0.9812 	 0.4139 	 	 0.8257 	 	 0.3782 	 0.8742 	 2.4231 	 	 0.3834
[2022/07/10 23:00:49] - 135 	 44.2 	 	 38.7 	 	 0.0100 	 0.1032 	 0.9822 	 0.4056 	 	 0.8297 	 	 0.3941 	 0.8685 	 2.4279 	 	 0.3901
[2022/07/10 23:02:12] - 136 	 44.2 	 	 38.7 	 	 0.0100 	 0.1000 	 0.9840 	 0.4012 	 	 0.8298 	 	 0.3830 	 0.8740 	 2.4587 	 	 0.3833
[2022/07/10 23:03:34] - 137 	 44.1 	 	 38.6 	 	 0.0100 	 0.0993 	 0.9842 	 0.4040 	 	 0.8276 	 	 0.3849 	 0.8718 	 2.4489 	 	 0.3833
[2022/07/10 23:04:57] - 138 	 44.2 	 	 38.6 	 	 0.0100 	 0.0993 	 0.9837 	 0.4015 	 	 0.8306 	 	 0.3887 	 0.8680 	 2.4203 	 	 0.3955
[2022/07/10 23:06:20] - 139 	 44.1 	 	 38.6 	 	 0.0100 	 0.0969 	 0.9847 	 0.3985 	 	 0.8305 	 	 0.3826 	 0.8725 	 2.4747 	 	 0.3819
[2022/07/10 23:07:43] - 140 	 44.2 	 	 38.6 	 	 0.0100 	 0.0946 	 0.9849 	 0.3960 	 	 0.8320 	 	 0.3813 	 0.8728 	 2.5423 	 	 0.3781
[2022/07/10 23:09:06] - 141 	 44.2 	 	 38.6 	 	 0.0100 	 0.0944 	 0.9852 	 0.3973 	 	 0.8308 	 	 0.3858 	 0.8755 	 2.5612 	 	 0.3696
[2022/07/10 23:10:29] - 142 	 44.2 	 	 38.6 	 	 0.0100 	 0.0918 	 0.9851 	 0.3902 	 	 0.8348 	 	 0.3799 	 0.8756 	 2.5546 	 	 0.3804
[2022/07/10 23:11:52] - 143 	 44.2 	 	 38.6 	 	 0.0100 	 0.0895 	 0.9856 	 0.3855 	 	 0.8377 	 	 0.3890 	 0.8710 	 2.7114 	 	 0.3650
[2022/07/10 23:13:14] - 144 	 44.2 	 	 38.6 	 	 0.0100 	 0.0896 	 0.9865 	 0.3922 	 	 0.8324 	 	 0.3894 	 0.8726 	 2.5716 	 	 0.3694
[2022/07/10 23:14:37] - 145 	 44.2 	 	 38.6 	 	 0.0100 	 0.0881 	 0.9861 	 0.3828 	 	 0.8364 	 	 0.3884 	 0.8681 	 2.5663 	 	 0.3809
[2022/07/10 23:16:00] - 146 	 44.2 	 	 38.6 	 	 0.0100 	 0.0853 	 0.9872 	 0.3789 	 	 0.8398 	 	 0.3989 	 0.8706 	 2.5371 	 	 0.3910
[2022/07/10 23:17:23] - 147 	 44.1 	 	 38.7 	 	 0.0100 	 0.0835 	 0.9881 	 0.3767 	 	 0.8394 	 	 0.3860 	 0.8731 	 2.6120 	 	 0.3714
[2022/07/10 23:18:46] - 148 	 44.2 	 	 38.6 	 	 0.0100 	 0.0818 	 0.9876 	 0.3734 	 	 0.8412 	 	 0.3967 	 0.8658 	 2.6074 	 	 0.3766
[2022/07/10 23:20:08] - 149 	 44.1 	 	 38.6 	 	 0.0010 	 0.0819 	 0.9884 	 0.3727 	 	 0.8414 	 	 0.3948 	 0.8683 	 2.5962 	 	 0.3793
[2022/07/10 23:21:31] - 150 	 44.1 	 	 38.6 	 	 0.0010 	 0.0669 	 0.9901 	 0.2593 	 	 0.8951 	 	 0.3529 	 0.8830 	 2.6822 	 	 0.3961
[2022/07/10 23:22:54] - 151 	 44.1 	 	 38.6 	 	 0.0010 	 0.0491 	 0.9929 	 0.2113 	 	 0.9149 	 	 0.3570 	 0.8844 	 2.7687 	 	 0.4029
[2022/07/10 23:24:17] - 152 	 44.1 	 	 38.5 	 	 0.0010 	 0.0427 	 0.9939 	 0.1918 	 	 0.9236 	 	 0.3521 	 0.8831 	 2.8351 	 	 0.4003
[2022/07/10 23:25:40] - 153 	 44.1 	 	 38.6 	 	 0.0010 	 0.0387 	 0.9946 	 0.1787 	 	 0.9279 	 	 0.3562 	 0.8865 	 2.8913 	 	 0.4016
[2022/07/10 23:27:02] - 154 	 44.1 	 	 38.6 	 	 0.0010 	 0.0355 	 0.9951 	 0.1701 	 	 0.9320 	 	 0.3532 	 0.8849 	 2.9025 	 	 0.4030
[2022/07/10 23:28:25] - 155 	 44.2 	 	 38.6 	 	 0.0010 	 0.0332 	 0.9953 	 0.1631 	 	 0.9340 	 	 0.3671 	 0.8842 	 2.9352 	 	 0.4014
[2022/07/10 23:29:48] - 156 	 44.1 	 	 38.6 	 	 0.0010 	 0.0311 	 0.9960 	 0.1555 	 	 0.9369 	 	 0.3593 	 0.8881 	 3.0049 	 	 0.4014
[2022/07/10 23:31:10] - 157 	 44.1 	 	 38.6 	 	 0.0010 	 0.0295 	 0.9961 	 0.1494 	 	 0.9396 	 	 0.3686 	 0.8865 	 3.0381 	 	 0.4002
[2022/07/10 23:32:33] - 158 	 44.2 	 	 38.6 	 	 0.0010 	 0.0274 	 0.9965 	 0.1438 	 	 0.9423 	 	 0.3655 	 0.8860 	 3.0940 	 	 0.4017
[2022/07/10 23:33:56] - 159 	 44.1 	 	 38.6 	 	 0.0010 	 0.0256 	 0.9965 	 0.1387 	 	 0.9437 	 	 0.3723 	 0.8831 	 3.1260 	 	 0.3949
[2022/07/10 23:35:19] - 160 	 44.1 	 	 38.6 	 	 0.0010 	 0.0248 	 0.9968 	 0.1347 	 	 0.9466 	 	 0.3673 	 0.8858 	 3.1802 	 	 0.4010
[2022/07/10 23:36:42] - 161 	 44.1 	 	 38.6 	 	 0.0010 	 0.0224 	 0.9974 	 0.1296 	 	 0.9488 	 	 0.3757 	 0.8833 	 3.2271 	 	 0.4036
[2022/07/10 23:38:04] - 162 	 44.1 	 	 38.6 	 	 0.0010 	 0.0222 	 0.9973 	 0.1273 	 	 0.9484 	 	 0.3743 	 0.8869 	 3.2732 	 	 0.4051
[2022/07/10 23:39:27] - 163 	 44.1 	 	 38.6 	 	 0.0010 	 0.0205 	 0.9978 	 0.1231 	 	 0.9504 	 	 0.3789 	 0.8839 	 3.2868 	 	 0.4023
[2022/07/10 23:40:50] - 164 	 44.1 	 	 38.6 	 	 0.0010 	 0.0199 	 0.9974 	 0.1214 	 	 0.9516 	 	 0.3711 	 0.8875 	 3.2926 	 	 0.4051
[2022/07/10 23:42:13] - 165 	 44.3 	 	 38.6 	 	 0.0010 	 0.0191 	 0.9975 	 0.1157 	 	 0.9539 	 	 0.3771 	 0.8846 	 3.3509 	 	 0.4013
[2022/07/10 23:43:36] - 166 	 44.2 	 	 38.6 	 	 0.0010 	 0.0182 	 0.9978 	 0.1138 	 	 0.9552 	 	 0.3828 	 0.8837 	 3.3311 	 	 0.4042
[2022/07/10 23:44:58] - 167 	 44.2 	 	 38.6 	 	 0.0010 	 0.0170 	 0.9983 	 0.1092 	 	 0.9575 	 	 0.3863 	 0.8843 	 3.3688 	 	 0.4050
[2022/07/10 23:46:21] - 168 	 44.2 	 	 38.6 	 	 0.0010 	 0.0164 	 0.9982 	 0.1075 	 	 0.9569 	 	 0.3884 	 0.8819 	 3.3545 	 	 0.4007
[2022/07/10 23:47:44] - 169 	 44.2 	 	 38.6 	 	 0.0010 	 0.0156 	 0.9981 	 0.1058 	 	 0.9584 	 	 0.3801 	 0.8851 	 3.4182 	 	 0.4065
[2022/07/10 23:49:07] - 170 	 44.2 	 	 38.6 	 	 0.0010 	 0.0150 	 0.9985 	 0.1013 	 	 0.9604 	 	 0.3943 	 0.8821 	 3.5103 	 	 0.4012
[2022/07/10 23:50:30] - 171 	 44.3 	 	 38.6 	 	 0.0010 	 0.0146 	 0.9982 	 0.1003 	 	 0.9600 	 	 0.3896 	 0.8855 	 3.5377 	 	 0.4024
[2022/07/10 23:51:53] - 172 	 44.2 	 	 38.6 	 	 0.0010 	 0.0137 	 0.9983 	 0.0980 	 	 0.9623 	 	 0.3992 	 0.8813 	 3.5024 	 	 0.3966
[2022/07/10 23:53:16] - 173 	 44.2 	 	 38.6 	 	 0.0010 	 0.0133 	 0.9986 	 0.0964 	 	 0.9620 	 	 0.3878 	 0.8853 	 3.5531 	 	 0.4030
[2022/07/10 23:54:38] - 174 	 44.2 	 	 38.6 	 	 0.0010 	 0.0122 	 0.9988 	 0.0934 	 	 0.9634 	 	 0.3977 	 0.8831 	 3.5498 	 	 0.4061
[2022/07/10 23:56:01] - 175 	 44.2 	 	 38.6 	 	 0.0010 	 0.0119 	 0.9987 	 0.0918 	 	 0.9650 	 	 0.3890 	 0.8853 	 3.5420 	 	 0.4049
[2022/07/10 23:57:24] - 176 	 44.2 	 	 38.7 	 	 0.0010 	 0.0117 	 0.9989 	 0.0903 	 	 0.9647 	 	 0.4032 	 0.8810 	 3.6297 	 	 0.4040
[2022/07/10 23:58:47] - 177 	 44.1 	 	 38.6 	 	 0.0010 	 0.0113 	 0.9987 	 0.0893 	 	 0.9645 	 	 0.3904 	 0.8865 	 3.6082 	 	 0.4044
[2022/07/11 00:00:10] - 178 	 44.2 	 	 38.6 	 	 0.0010 	 0.0106 	 0.9990 	 0.0856 	 	 0.9676 	 	 0.4014 	 0.8838 	 3.6770 	 	 0.4039
[2022/07/11 00:01:32] - 179 	 44.3 	 	 38.6 	 	 0.0010 	 0.0105 	 0.9988 	 0.0839 	 	 0.9689 	 	 0.4053 	 0.8832 	 3.6648 	 	 0.4013
[2022/07/11 00:02:56] - 180 	 44.3 	 	 38.6 	 	 0.0010 	 0.0098 	 0.9991 	 0.0846 	 	 0.9670 	 	 0.3983 	 0.8827 	 3.6908 	 	 0.4030
[2022/07/11 00:04:19] - 181 	 44.1 	 	 38.6 	 	 0.0010 	 0.0099 	 0.9990 	 0.0825 	 	 0.9692 	 	 0.3932 	 0.8845 	 3.6374 	 	 0.3988
[2022/07/11 00:05:41] - 182 	 44.1 	 	 38.6 	 	 0.0010 	 0.0096 	 0.9989 	 0.0815 	 	 0.9689 	 	 0.4049 	 0.8819 	 3.6770 	 	 0.4005
[2022/07/11 00:07:04] - 183 	 44.1 	 	 38.6 	 	 0.0010 	 0.0090 	 0.9990 	 0.0788 	 	 0.9697 	 	 0.3977 	 0.8828 	 3.7112 	 	 0.4025
[2022/07/11 00:08:27] - 184 	 44.2 	 	 38.6 	 	 0.0010 	 0.0088 	 0.9991 	 0.0797 	 	 0.9700 	 	 0.4084 	 0.8825 	 3.7829 	 	 0.4007
[2022/07/11 00:09:50] - 185 	 44.2 	 	 38.6 	 	 0.0010 	 0.0085 	 0.9990 	 0.0778 	 	 0.9703 	 	 0.4033 	 0.8855 	 3.8729 	 	 0.4022
[2022/07/11 00:11:12] - 186 	 44.2 	 	 38.6 	 	 0.0010 	 0.0080 	 0.9992 	 0.0754 	 	 0.9722 	 	 0.4044 	 0.8838 	 3.7484 	 	 0.4063
[2022/07/11 00:12:35] - 187 	 44.2 	 	 38.6 	 	 0.0010 	 0.0076 	 0.9993 	 0.0728 	 	 0.9730 	 	 0.4106 	 0.8841 	 3.7966 	 	 0.4041
[2022/07/11 00:13:58] - 188 	 44.1 	 	 38.6 	 	 0.0010 	 0.0074 	 0.9993 	 0.0734 	 	 0.9729 	 	 0.4093 	 0.8817 	 3.7819 	 	 0.4060
[2022/07/11 00:15:21] - 189 	 44.1 	 	 38.6 	 	 0.0010 	 0.0071 	 0.9992 	 0.0708 	 	 0.9740 	 	 0.4039 	 0.8838 	 3.8294 	 	 0.4046
[2022/07/11 00:16:44] - 190 	 44.2 	 	 38.6 	 	 0.0010 	 0.0067 	 0.9994 	 0.0699 	 	 0.9741 	 	 0.4023 	 0.8836 	 3.7893 	 	 0.4055
[2022/07/11 00:18:07] - 191 	 44.2 	 	 38.6 	 	 0.0010 	 0.0063 	 0.9995 	 0.0684 	 	 0.9753 	 	 0.4071 	 0.8837 	 3.8166 	 	 0.4090
[2022/07/11 00:19:29] - 192 	 44.2 	 	 38.6 	 	 0.0010 	 0.0062 	 0.9995 	 0.0690 	 	 0.9756 	 	 0.4232 	 0.8787 	 3.9641 	 	 0.4034
[2022/07/11 00:20:52] - 193 	 44.2 	 	 38.6 	 	 0.0010 	 0.0058 	 0.9996 	 0.0653 	 	 0.9756 	 	 0.4118 	 0.8836 	 3.8979 	 	 0.4085
[2022/07/11 00:22:15] - 194 	 44.2 	 	 38.6 	 	 0.0010 	 0.0060 	 0.9993 	 0.0641 	 	 0.9765 	 	 0.4278 	 0.8811 	 3.9481 	 	 0.4022
[2022/07/11 00:23:38] - 195 	 44.1 	 	 38.6 	 	 0.0010 	 0.0058 	 0.9994 	 0.0641 	 	 0.9770 	 	 0.4138 	 0.8817 	 3.8762 	 	 0.3993
[2022/07/11 00:25:00] - 196 	 44.1 	 	 38.6 	 	 0.0010 	 0.0055 	 0.9995 	 0.0631 	 	 0.9773 	 	 0.4136 	 0.8855 	 3.9253 	 	 0.4057
[2022/07/11 00:26:23] - 197 	 44.1 	 	 38.6 	 	 0.0010 	 0.0055 	 0.9994 	 0.0620 	 	 0.9770 	 	 0.4133 	 0.8842 	 3.9781 	 	 0.4065
[2022/07/11 00:27:46] - 198 	 44.2 	 	 38.6 	 	 0.0010 	 0.0052 	 0.9996 	 0.0612 	 	 0.9780 	 	 0.4168 	 0.8828 	 3.9849 	 	 0.4023
[2022/07/11 00:29:09] - 199 	 44.2 	 	 38.6 	 	 0.0010 	 0.0051 	 0.9995 	 0.0615 	 	 0.9782 	 	 0.4189 	 0.8832 	 3.9722 	 	 0.4000
