[2022/05/28 01:37:53] - Namespace(attack='pgd', attack_iters=10, batch_size=128, chkpt_iters=10, cutout=False, cutout_len=None, data_dir='../cifar-data', epochs=200, epsilon=8, eval=False, fgsm_alpha=1.0, fgsm_init='random', fname='experiments/cifar10_l1/preactresnet18_5e-4', half=False, l1=0.0005, l2=0, lr_drop_epoch=100, lr_max=0.1, lr_one_drop=0.01, lr_schedule='piecewise', mixup=False, mixup_alpha=None, model='PreActResNet18', norm='l_inf', pgd_alpha=2, restarts=1, resume=0, seed=0, val=False, width_factor=10)
[2022/05/28 01:37:56] - Epoch 	 Train Time 	 Test Time 	 LR 	 	 Train Loss 	 Train Acc 	 Train Robust Loss 	 Train Robust Acc 	 Test Loss 	 Test Acc 	 Test Robust Loss 	 Test Robust Acc
[2022/05/28 01:42:03] - 0 	 208.6 	 	 38.6 	 	 0.1000 	 2.1481 	 0.1996 	 7.3574 	 	 0.1436 	 	 2.2532 	 0.1241 	 2.2825 	 	 0.1159
[2022/05/28 01:46:09] - 1 	 206.4 	 	 38.6 	 	 0.1000 	 2.1178 	 0.2173 	 3.8213 	 	 0.1577 	 	 2.1882 	 0.1705 	 2.2307 	 	 0.1416
[2022/05/28 01:50:14] - 2 	 206.4 	 	 38.6 	 	 0.1000 	 2.0988 	 0.2250 	 3.6075 	 	 0.1680 	 	 2.1472 	 0.2241 	 2.2643 	 	 0.1663
[2022/05/28 01:54:19] - 3 	 206.5 	 	 38.6 	 	 0.1000 	 2.0796 	 0.2351 	 3.3377 	 	 0.1771 	 	 2.0985 	 0.2098 	 2.1769 	 	 0.1765
[2022/05/28 01:58:24] - 4 	 206.2 	 	 38.5 	 	 0.1000 	 2.0654 	 0.2399 	 3.0642 	 	 0.1806 	 	 2.1645 	 0.1804 	 2.2518 	 	 0.1502
[2022/05/28 02:02:29] - 5 	 206.3 	 	 38.6 	 	 0.1000 	 2.0640 	 0.2406 	 2.9517 	 	 0.1856 	 	 2.0903 	 0.2346 	 2.1524 	 	 0.1964
[2022/05/28 02:06:34] - 6 	 206.2 	 	 38.6 	 	 0.1000 	 2.0482 	 0.2494 	 2.7651 	 	 0.1884 	 	 2.0857 	 0.2484 	 2.1519 	 	 0.2033
[2022/05/28 02:10:39] - 7 	 206.5 	 	 38.6 	 	 0.1000 	 2.0254 	 0.2608 	 2.7032 	 	 0.1967 	 	 2.0347 	 0.2686 	 2.1210 	 	 0.2177
[2022/05/28 02:14:45] - 8 	 206.5 	 	 38.6 	 	 0.1000 	 1.9804 	 0.2788 	 2.6701 	 	 0.2026 	 	 2.0444 	 0.2516 	 2.1785 	 	 0.1898
[2022/05/28 02:18:49] - 9 	 206.3 	 	 38.6 	 	 0.1000 	 1.9447 	 0.2910 	 2.5587 	 	 0.2111 	 	 1.9023 	 0.3055 	 2.0595 	 	 0.2315
[2022/05/28 02:22:55] - 10 	 206.3 	 	 38.5 	 	 0.1000 	 1.9343 	 0.2954 	 2.4804 	 	 0.2157 	 	 1.9256 	 0.2939 	 2.0856 	 	 0.2223
[2022/05/28 02:27:00] - 11 	 206.3 	 	 38.5 	 	 0.1000 	 1.9297 	 0.2907 	 2.4519 	 	 0.2132 	 	 1.9292 	 0.2968 	 2.0687 	 	 0.2355
[2022/05/28 02:31:05] - 12 	 206.3 	 	 38.5 	 	 0.1000 	 1.9268 	 0.2945 	 2.4468 	 	 0.2143 	 	 1.9312 	 0.3090 	 2.0708 	 	 0.2450
[2022/05/28 02:35:10] - 13 	 206.2 	 	 38.5 	 	 0.1000 	 1.9213 	 0.2965 	 2.4407 	 	 0.2165 	 	 1.8818 	 0.3137 	 2.0476 	 	 0.2435
[2022/05/28 02:39:15] - 14 	 206.4 	 	 38.6 	 	 0.1000 	 1.9160 	 0.2988 	 2.4360 	 	 0.2173 	 	 1.8993 	 0.2998 	 2.1097 	 	 0.2123
[2022/05/28 02:43:20] - 15 	 206.4 	 	 38.6 	 	 0.1000 	 1.9154 	 0.2988 	 2.4337 	 	 0.2181 	 	 1.9022 	 0.2686 	 2.0763 	 	 0.2115
[2022/05/28 02:47:24] - 16 	 206.3 	 	 38.5 	 	 0.1000 	 1.9118 	 0.3000 	 2.4312 	 	 0.2199 	 	 1.9250 	 0.2943 	 2.1288 	 	 0.2070
[2022/05/28 02:51:29] - 17 	 206.3 	 	 38.5 	 	 0.1000 	 1.9128 	 0.3007 	 2.4310 	 	 0.2184 	 	 1.9141 	 0.2952 	 2.0634 	 	 0.2296
[2022/05/28 02:55:34] - 18 	 206.3 	 	 38.5 	 	 0.1000 	 1.9138 	 0.3012 	 2.4295 	 	 0.2197 	 	 1.8975 	 0.2866 	 2.0600 	 	 0.2301
[2022/05/28 02:59:39] - 19 	 206.2 	 	 38.5 	 	 0.1000 	 1.9150 	 0.2995 	 2.4310 	 	 0.2185 	 	 1.8950 	 0.2903 	 2.0853 	 	 0.2245
[2022/05/28 03:03:44] - 20 	 206.3 	 	 38.5 	 	 0.1000 	 1.9140 	 0.3025 	 2.4336 	 	 0.2186 	 	 1.8752 	 0.3271 	 2.0413 	 	 0.2482
[2022/05/28 03:07:49] - 21 	 206.3 	 	 38.5 	 	 0.1000 	 1.9094 	 0.3033 	 2.4307 	 	 0.2208 	 	 1.8986 	 0.3235 	 2.0872 	 	 0.2260
[2022/05/28 03:11:54] - 22 	 206.3 	 	 38.5 	 	 0.1000 	 1.9126 	 0.3032 	 2.4337 	 	 0.2191 	 	 1.8927 	 0.3270 	 2.0640 	 	 0.2345
[2022/05/28 03:15:59] - 23 	 206.2 	 	 38.5 	 	 0.1000 	 1.9121 	 0.3038 	 2.4331 	 	 0.2198 	 	 1.8917 	 0.3097 	 2.0712 	 	 0.2272
[2022/05/28 03:20:04] - 24 	 206.3 	 	 38.5 	 	 0.1000 	 1.9160 	 0.3039 	 2.4372 	 	 0.2207 	 	 1.9677 	 0.2732 	 2.1235 	 	 0.2164
[2022/05/28 03:24:08] - 25 	 206.3 	 	 38.5 	 	 0.1000 	 1.9106 	 0.3035 	 2.4318 	 	 0.2197 	 	 1.9007 	 0.3055 	 2.0746 	 	 0.2352
[2022/05/28 03:28:13] - 26 	 206.2 	 	 38.6 	 	 0.1000 	 1.9126 	 0.3028 	 2.4332 	 	 0.2204 	 	 1.9027 	 0.3011 	 2.0695 	 	 0.2383
[2022/05/28 03:32:18] - 27 	 206.2 	 	 38.6 	 	 0.1000 	 1.9086 	 0.3032 	 2.4310 	 	 0.2189 	 	 1.8997 	 0.2887 	 2.0547 	 	 0.2313
[2022/05/28 03:36:23] - 28 	 206.2 	 	 38.5 	 	 0.1000 	 1.9152 	 0.3029 	 2.4391 	 	 0.2196 	 	 1.8965 	 0.3197 	 2.0568 	 	 0.2398
[2022/05/28 03:40:28] - 29 	 206.3 	 	 38.5 	 	 0.1000 	 1.9165 	 0.3014 	 2.4403 	 	 0.2182 	 	 1.8794 	 0.3325 	 2.0438 	 	 0.2472
[2022/05/28 03:44:33] - 30 	 206.2 	 	 38.5 	 	 0.1000 	 1.9113 	 0.3056 	 2.4394 	 	 0.2222 	 	 1.9059 	 0.3153 	 2.0711 	 	 0.2336
[2022/05/28 03:48:38] - 31 	 206.3 	 	 38.6 	 	 0.1000 	 1.9103 	 0.3063 	 2.4402 	 	 0.2232 	 	 1.9204 	 0.3166 	 2.0745 	 	 0.2373
[2022/05/28 03:52:42] - 32 	 206.2 	 	 38.6 	 	 0.1000 	 1.9110 	 0.3044 	 2.4457 	 	 0.2206 	 	 1.9081 	 0.3081 	 2.0553 	 	 0.2468
[2022/05/28 03:56:47] - 33 	 206.2 	 	 38.5 	 	 0.1000 	 1.9044 	 0.3056 	 2.4411 	 	 0.2192 	 	 1.9077 	 0.3084 	 2.0788 	 	 0.2298
[2022/05/28 04:00:52] - 34 	 206.2 	 	 38.5 	 	 0.1000 	 1.9017 	 0.3069 	 2.4399 	 	 0.2237 	 	 1.8564 	 0.3229 	 2.0535 	 	 0.2366
[2022/05/28 04:04:57] - 35 	 206.3 	 	 38.5 	 	 0.1000 	 1.9046 	 0.3066 	 2.4419 	 	 0.2210 	 	 1.9062 	 0.2806 	 2.0866 	 	 0.2167
[2022/05/28 04:09:01] - 36 	 206.2 	 	 38.5 	 	 0.1000 	 1.9069 	 0.3051 	 2.4436 	 	 0.2208 	 	 1.9338 	 0.3076 	 2.0685 	 	 0.2380
[2022/05/28 04:13:06] - 37 	 206.1 	 	 38.5 	 	 0.1000 	 1.9124 	 0.3008 	 2.4488 	 	 0.2171 	 	 1.9370 	 0.3142 	 2.0824 	 	 0.2293
[2022/05/28 04:17:11] - 38 	 206.2 	 	 38.5 	 	 0.1000 	 1.9044 	 0.3067 	 2.4414 	 	 0.2201 	 	 1.8736 	 0.3330 	 2.0590 	 	 0.2412
[2022/05/28 04:21:16] - 39 	 206.2 	 	 38.5 	 	 0.1000 	 1.9071 	 0.3043 	 2.4429 	 	 0.2203 	 	 1.9164 	 0.2985 	 2.0755 	 	 0.2312
[2022/05/28 04:25:21] - 40 	 206.2 	 	 38.5 	 	 0.1000 	 1.9111 	 0.3041 	 2.4459 	 	 0.2194 	 	 1.9234 	 0.3157 	 2.0670 	 	 0.2453
[2022/05/28 04:29:26] - 41 	 206.3 	 	 38.5 	 	 0.1000 	 1.9079 	 0.3059 	 2.4439 	 	 0.2195 	 	 1.9246 	 0.3118 	 2.0875 	 	 0.2277
[2022/05/28 04:33:30] - 42 	 206.2 	 	 38.5 	 	 0.1000 	 1.9082 	 0.3063 	 2.4453 	 	 0.2194 	 	 1.8763 	 0.3281 	 2.0538 	 	 0.2382
[2022/05/28 04:37:35] - 43 	 206.2 	 	 38.5 	 	 0.1000 	 1.9061 	 0.3095 	 2.4432 	 	 0.2220 	 	 1.8587 	 0.3270 	 2.0508 	 	 0.2392
[2022/05/28 04:41:40] - 44 	 206.3 	 	 38.6 	 	 0.1000 	 1.9090 	 0.3054 	 2.4452 	 	 0.2215 	 	 1.8700 	 0.3246 	 2.0546 	 	 0.2427
[2022/05/28 04:45:45] - 45 	 206.3 	 	 38.5 	 	 0.1000 	 1.9105 	 0.3063 	 2.4473 	 	 0.2204 	 	 1.9182 	 0.3127 	 2.0725 	 	 0.2398
[2022/05/28 04:49:50] - 46 	 206.4 	 	 38.6 	 	 0.1000 	 1.9058 	 0.3058 	 2.4420 	 	 0.2200 	 	 1.8700 	 0.3129 	 2.0650 	 	 0.2241
[2022/05/28 04:53:55] - 47 	 206.2 	 	 38.5 	 	 0.1000 	 1.9070 	 0.3075 	 2.4437 	 	 0.2200 	 	 1.8879 	 0.3182 	 2.0403 	 	 0.2461
[2022/05/28 04:57:59] - 48 	 206.2 	 	 38.5 	 	 0.1000 	 1.9072 	 0.3036 	 2.4443 	 	 0.2197 	 	 1.8712 	 0.3167 	 2.0506 	 	 0.2324
[2022/05/28 05:02:04] - 49 	 206.3 	 	 38.5 	 	 0.1000 	 1.9104 	 0.3057 	 2.4466 	 	 0.2229 	 	 1.8878 	 0.2992 	 2.0716 	 	 0.2317
[2022/05/28 05:06:09] - 50 	 206.2 	 	 38.6 	 	 0.1000 	 1.9082 	 0.3054 	 2.4435 	 	 0.2199 	 	 1.8895 	 0.3173 	 2.0474 	 	 0.2383
[2022/05/28 05:10:14] - 51 	 206.2 	 	 38.5 	 	 0.1000 	 1.9073 	 0.3062 	 2.4439 	 	 0.2198 	 	 1.9054 	 0.3136 	 2.0534 	 	 0.2377
[2022/05/28 05:14:19] - 52 	 206.4 	 	 38.5 	 	 0.1000 	 1.9073 	 0.3081 	 2.4424 	 	 0.2193 	 	 1.8898 	 0.3305 	 2.0489 	 	 0.2527
[2022/05/28 05:18:24] - 53 	 206.3 	 	 38.5 	 	 0.1000 	 1.9017 	 0.3090 	 2.4400 	 	 0.2208 	 	 1.8779 	 0.3200 	 2.0696 	 	 0.2274
[2022/05/28 05:22:29] - 54 	 206.3 	 	 38.6 	 	 0.1000 	 1.9082 	 0.3063 	 2.4427 	 	 0.2204 	 	 1.8868 	 0.3087 	 2.0800 	 	 0.2295
[2022/05/28 05:26:34] - 55 	 206.5 	 	 38.5 	 	 0.1000 	 1.9028 	 0.3046 	 2.4388 	 	 0.2219 	 	 1.8646 	 0.3111 	 2.0505 	 	 0.2319
[2022/05/28 05:30:39] - 56 	 206.3 	 	 38.5 	 	 0.1000 	 1.9053 	 0.3058 	 2.4429 	 	 0.2179 	 	 1.8748 	 0.3341 	 2.0466 	 	 0.2442
[2022/05/28 05:34:44] - 57 	 206.4 	 	 38.5 	 	 0.1000 	 1.9118 	 0.3029 	 2.4462 	 	 0.2190 	 	 1.8778 	 0.3143 	 2.0740 	 	 0.2284
[2022/05/28 05:38:48] - 58 	 206.3 	 	 38.6 	 	 0.1000 	 1.9066 	 0.3049 	 2.4436 	 	 0.2192 	 	 1.9068 	 0.2853 	 2.0742 	 	 0.2192
[2022/05/28 05:42:53] - 59 	 206.2 	 	 38.6 	 	 0.1000 	 1.9067 	 0.3047 	 2.4428 	 	 0.2198 	 	 1.8805 	 0.3097 	 2.0569 	 	 0.2338
[2022/05/28 05:46:58] - 60 	 206.2 	 	 38.6 	 	 0.1000 	 1.9058 	 0.3075 	 2.4429 	 	 0.2204 	 	 1.9159 	 0.3030 	 2.0803 	 	 0.2257
[2022/05/28 05:51:03] - 61 	 206.2 	 	 38.5 	 	 0.1000 	 1.9066 	 0.3072 	 2.4431 	 	 0.2201 	 	 1.9151 	 0.3006 	 2.0720 	 	 0.2319
[2022/05/28 05:55:08] - 62 	 206.2 	 	 38.6 	 	 0.1000 	 1.9065 	 0.3077 	 2.4431 	 	 0.2206 	 	 1.8755 	 0.3131 	 2.0405 	 	 0.2450
[2022/05/28 05:59:13] - 63 	 206.3 	 	 38.5 	 	 0.1000 	 1.9047 	 0.3078 	 2.4415 	 	 0.2218 	 	 1.9122 	 0.3072 	 2.0701 	 	 0.2318
[2022/05/28 06:03:17] - 64 	 206.2 	 	 38.5 	 	 0.1000 	 1.9088 	 0.3047 	 2.4437 	 	 0.2180 	 	 1.8878 	 0.3330 	 2.0673 	 	 0.2470
[2022/05/28 06:07:22] - 65 	 206.2 	 	 38.5 	 	 0.1000 	 1.9038 	 0.3094 	 2.4415 	 	 0.2240 	 	 1.9190 	 0.2894 	 2.1010 	 	 0.1973
[2022/05/28 06:11:27] - 66 	 206.2 	 	 38.6 	 	 0.1000 	 1.9039 	 0.3081 	 2.4411 	 	 0.2230 	 	 1.9147 	 0.3238 	 2.0802 	 	 0.2247
[2022/05/28 06:15:32] - 67 	 206.2 	 	 38.6 	 	 0.1000 	 1.9045 	 0.3049 	 2.4421 	 	 0.2202 	 	 1.8943 	 0.3253 	 2.0482 	 	 0.2410
[2022/05/28 06:19:37] - 68 	 206.3 	 	 38.6 	 	 0.1000 	 1.9076 	 0.3080 	 2.4433 	 	 0.2190 	 	 1.8783 	 0.3137 	 2.0562 	 	 0.2387
[2022/05/28 06:23:41] - 69 	 206.2 	 	 38.5 	 	 0.1000 	 1.9041 	 0.3059 	 2.4408 	 	 0.2194 	 	 1.8734 	 0.3156 	 2.0401 	 	 0.2438
[2022/05/28 06:27:47] - 70 	 206.3 	 	 38.6 	 	 0.1000 	 1.9004 	 0.3109 	 2.4385 	 	 0.2233 	 	 1.8695 	 0.3299 	 2.0451 	 	 0.2457
[2022/05/28 06:31:51] - 71 	 206.4 	 	 38.5 	 	 0.1000 	 1.9015 	 0.3078 	 2.4406 	 	 0.2206 	 	 1.9109 	 0.3171 	 2.0700 	 	 0.2356
[2022/05/28 06:35:56] - 72 	 206.2 	 	 38.6 	 	 0.1000 	 1.9040 	 0.3086 	 2.4426 	 	 0.2199 	 	 1.8786 	 0.3248 	 2.0640 	 	 0.2379
[2022/05/28 06:40:01] - 73 	 206.2 	 	 38.5 	 	 0.1000 	 1.9040 	 0.3084 	 2.4429 	 	 0.2191 	 	 1.8937 	 0.3134 	 2.0632 	 	 0.2408
[2022/05/28 06:44:06] - 74 	 206.2 	 	 38.5 	 	 0.1000 	 1.9026 	 0.3101 	 2.4411 	 	 0.2202 	 	 1.8705 	 0.3249 	 2.0637 	 	 0.2277
[2022/05/28 06:48:11] - 75 	 206.3 	 	 38.5 	 	 0.1000 	 1.9010 	 0.3113 	 2.4421 	 	 0.2218 	 	 1.9050 	 0.3049 	 2.0662 	 	 0.2359
[2022/05/28 06:52:15] - 76 	 206.2 	 	 38.5 	 	 0.1000 	 1.9008 	 0.3084 	 2.4407 	 	 0.2186 	 	 1.8773 	 0.3399 	 2.0446 	 	 0.2452
[2022/05/28 06:56:20] - 77 	 206.3 	 	 38.5 	 	 0.1000 	 1.9031 	 0.3078 	 2.4413 	 	 0.2199 	 	 1.8542 	 0.3270 	 2.0514 	 	 0.2290
[2022/05/28 07:00:25] - 78 	 206.2 	 	 38.5 	 	 0.1000 	 1.8999 	 0.3128 	 2.4398 	 	 0.2217 	 	 1.8779 	 0.3327 	 2.0453 	 	 0.2420
[2022/05/28 07:04:29] - 79 	 206.2 	 	 38.5 	 	 0.1000 	 1.8978 	 0.3100 	 2.4396 	 	 0.2216 	 	 1.8797 	 0.3213 	 2.0604 	 	 0.2409
[2022/05/28 07:08:35] - 80 	 206.3 	 	 38.6 	 	 0.1000 	 1.9023 	 0.3083 	 2.4406 	 	 0.2218 	 	 1.8907 	 0.3343 	 2.0583 	 	 0.2369
[2022/05/28 07:12:39] - 81 	 206.2 	 	 38.5 	 	 0.1000 	 1.9024 	 0.3085 	 2.4424 	 	 0.2184 	 	 1.8634 	 0.3257 	 2.0464 	 	 0.2398
[2022/05/28 07:16:44] - 82 	 206.2 	 	 38.5 	 	 0.1000 	 1.9026 	 0.3072 	 2.4409 	 	 0.2209 	 	 1.8433 	 0.3411 	 2.0353 	 	 0.2433
[2022/05/28 07:20:49] - 83 	 206.2 	 	 38.5 	 	 0.1000 	 1.8960 	 0.3124 	 2.4364 	 	 0.2200 	 	 1.8776 	 0.3173 	 2.0576 	 	 0.2318
[2022/05/28 07:24:54] - 84 	 206.2 	 	 38.5 	 	 0.1000 	 1.9039 	 0.3080 	 2.4417 	 	 0.2190 	 	 1.8750 	 0.3210 	 2.0569 	 	 0.2333
[2022/05/28 07:28:58] - 85 	 206.3 	 	 38.5 	 	 0.1000 	 1.9029 	 0.3061 	 2.4422 	 	 0.2217 	 	 1.8498 	 0.3405 	 2.0403 	 	 0.2439
[2022/05/28 07:33:03] - 86 	 206.2 	 	 38.6 	 	 0.1000 	 1.9042 	 0.3084 	 2.4451 	 	 0.2200 	 	 1.8582 	 0.3438 	 2.0402 	 	 0.2465
[2022/05/28 07:37:08] - 87 	 206.4 	 	 38.6 	 	 0.1000 	 1.9008 	 0.3084 	 2.4405 	 	 0.2178 	 	 1.8645 	 0.3257 	 2.0693 	 	 0.2278
[2022/05/28 07:41:13] - 88 	 206.2 	 	 38.5 	 	 0.1000 	 1.9027 	 0.3064 	 2.4415 	 	 0.2195 	 	 1.8600 	 0.3202 	 2.0522 	 	 0.2306
[2022/05/28 07:45:18] - 89 	 206.2 	 	 38.5 	 	 0.1000 	 1.9023 	 0.3082 	 2.4417 	 	 0.2191 	 	 1.9172 	 0.3256 	 2.0711 	 	 0.2376
[2022/05/28 07:49:23] - 90 	 206.3 	 	 38.6 	 	 0.1000 	 1.9033 	 0.3089 	 2.4428 	 	 0.2206 	 	 1.8678 	 0.3229 	 2.0649 	 	 0.2324
[2022/05/28 07:53:28] - 91 	 206.3 	 	 38.6 	 	 0.1000 	 1.9000 	 0.3066 	 2.4403 	 	 0.2201 	 	 1.8725 	 0.3140 	 2.0434 	 	 0.2311
[2022/05/28 07:57:32] - 92 	 206.3 	 	 38.5 	 	 0.1000 	 1.9081 	 0.3038 	 2.4464 	 	 0.2161 	 	 1.8800 	 0.3371 	 2.0555 	 	 0.2420
[2022/05/28 08:01:37] - 93 	 206.3 	 	 38.5 	 	 0.1000 	 1.9011 	 0.3091 	 2.4402 	 	 0.2217 	 	 1.8904 	 0.2963 	 2.0604 	 	 0.2296
[2022/05/28 08:05:42] - 94 	 206.4 	 	 38.5 	 	 0.1000 	 1.9025 	 0.3063 	 2.4422 	 	 0.2182 	 	 1.8896 	 0.3111 	 2.0526 	 	 0.2404
[2022/05/28 08:09:47] - 95 	 206.4 	 	 38.5 	 	 0.1000 	 1.8991 	 0.3102 	 2.4393 	 	 0.2214 	 	 1.8993 	 0.3156 	 2.0652 	 	 0.2351
[2022/05/28 08:13:52] - 96 	 206.3 	 	 38.5 	 	 0.1000 	 1.9017 	 0.3101 	 2.4412 	 	 0.2205 	 	 1.8914 	 0.3060 	 2.0594 	 	 0.2220
[2022/05/28 08:17:57] - 97 	 206.2 	 	 38.5 	 	 0.1000 	 1.8977 	 0.3089 	 2.4381 	 	 0.2191 	 	 1.8616 	 0.3232 	 2.0421 	 	 0.2382
[2022/05/28 08:22:01] - 98 	 206.2 	 	 38.6 	 	 0.1000 	 1.9001 	 0.3098 	 2.4404 	 	 0.2182 	 	 1.8550 	 0.3383 	 2.0325 	 	 0.2509
[2022/05/28 08:26:06] - 99 	 206.3 	 	 38.6 	 	 0.0100 	 1.9041 	 0.3070 	 2.4419 	 	 0.2191 	 	 1.8857 	 0.3192 	 2.0595 	 	 0.2436
[2022/05/28 08:30:12] - 100 	 206.4 	 	 38.6 	 	 0.0100 	 1.8690 	 0.3214 	 2.1337 	 	 0.2343 	 	 1.8408 	 0.3380 	 2.0090 	 	 0.2536
[2022/05/28 08:34:17] - 101 	 206.2 	 	 38.5 	 	 0.0100 	 1.8556 	 0.3270 	 2.1189 	 	 0.2380 	 	 1.8081 	 0.3533 	 1.9980 	 	 0.2553
[2022/05/28 08:38:21] - 102 	 206.1 	 	 38.6 	 	 0.0100 	 1.8492 	 0.3297 	 2.1142 	 	 0.2362 	 	 1.8082 	 0.3429 	 2.0145 	 	 0.2462
[2022/05/28 08:42:26] - 103 	 206.4 	 	 38.6 	 	 0.0100 	 1.8500 	 0.3271 	 2.1136 	 	 0.2350 	 	 1.8171 	 0.3508 	 1.9996 	 	 0.2588
[2022/05/28 08:46:31] - 104 	 206.3 	 	 38.5 	 	 0.0100 	 1.8501 	 0.3328 	 2.1140 	 	 0.2367 	 	 1.8438 	 0.3477 	 2.0140 	 	 0.2610
[2022/05/28 08:50:36] - 105 	 206.2 	 	 38.5 	 	 0.0100 	 1.8490 	 0.3291 	 2.1124 	 	 0.2349 	 	 1.8051 	 0.3504 	 2.0028 	 	 0.2522
[2022/05/28 08:54:41] - 106 	 206.2 	 	 38.5 	 	 0.0100 	 1.8506 	 0.3286 	 2.1132 	 	 0.2355 	 	 1.8080 	 0.3523 	 2.0037 	 	 0.2480
[2022/05/28 08:58:46] - 107 	 206.2 	 	 38.5 	 	 0.0100 	 1.8495 	 0.3301 	 2.1122 	 	 0.2358 	 	 1.8233 	 0.3417 	 2.0096 	 	 0.2459
[2022/05/28 09:02:51] - 108 	 206.2 	 	 38.6 	 	 0.0100 	 1.8511 	 0.3299 	 2.1122 	 	 0.2359 	 	 1.8090 	 0.3475 	 2.0063 	 	 0.2580
[2022/05/28 09:06:55] - 109 	 206.1 	 	 38.6 	 	 0.0100 	 1.8507 	 0.3302 	 2.1113 	 	 0.2344 	 	 1.8171 	 0.3500 	 2.0099 	 	 0.2576
[2022/05/28 09:11:01] - 110 	 206.2 	 	 38.5 	 	 0.0100 	 1.8509 	 0.3269 	 2.1095 	 	 0.2354 	 	 1.8212 	 0.3384 	 2.0081 	 	 0.2553
[2022/05/28 09:15:05] - 111 	 206.2 	 	 38.5 	 	 0.0100 	 1.8496 	 0.3296 	 2.1089 	 	 0.2347 	 	 1.8221 	 0.3475 	 2.0096 	 	 0.2570
[2022/05/28 09:19:10] - 112 	 206.2 	 	 38.6 	 	 0.0100 	 1.8503 	 0.3313 	 2.1090 	 	 0.2368 	 	 1.8101 	 0.3461 	 2.0100 	 	 0.2537
[2022/05/28 09:23:15] - 113 	 206.4 	 	 38.6 	 	 0.0100 	 1.8499 	 0.3290 	 2.1088 	 	 0.2351 	 	 1.8437 	 0.3311 	 2.0132 	 	 0.2523
[2022/05/28 09:27:20] - 114 	 206.2 	 	 38.5 	 	 0.0100 	 1.8508 	 0.3304 	 2.1100 	 	 0.2362 	 	 1.8110 	 0.3481 	 2.0097 	 	 0.2571
[2022/05/28 09:31:24] - 115 	 206.3 	 	 38.5 	 	 0.0100 	 1.8487 	 0.3318 	 2.1082 	 	 0.2356 	 	 1.8428 	 0.3458 	 2.0178 	 	 0.2505
[2022/05/28 09:35:29] - 116 	 206.2 	 	 38.6 	 	 0.0100 	 1.8493 	 0.3305 	 2.1087 	 	 0.2371 	 	 1.8186 	 0.3429 	 2.0084 	 	 0.2531
[2022/05/28 09:39:34] - 117 	 206.3 	 	 38.5 	 	 0.0100 	 1.8493 	 0.3316 	 2.1085 	 	 0.2361 	 	 1.8170 	 0.3482 	 2.0034 	 	 0.2567
[2022/05/28 09:43:39] - 118 	 206.3 	 	 38.5 	 	 0.0100 	 1.8498 	 0.3290 	 2.1097 	 	 0.2352 	 	 1.8155 	 0.3520 	 2.0264 	 	 0.2543
[2022/05/28 09:47:44] - 119 	 206.2 	 	 38.5 	 	 0.0100 	 1.8513 	 0.3302 	 2.1105 	 	 0.2359 	 	 1.8464 	 0.3403 	 2.0416 	 	 0.2511
[2022/05/28 09:51:49] - 120 	 206.2 	 	 38.5 	 	 0.0100 	 1.8485 	 0.3299 	 2.1080 	 	 0.2341 	 	 1.8183 	 0.3488 	 1.9993 	 	 0.2606
[2022/05/28 09:55:54] - 121 	 206.3 	 	 38.5 	 	 0.0100 	 1.8473 	 0.3323 	 2.1073 	 	 0.2370 	 	 1.8110 	 0.3470 	 2.0015 	 	 0.2596
[2022/05/28 09:59:58] - 122 	 206.2 	 	 38.5 	 	 0.0100 	 1.8503 	 0.3294 	 2.1098 	 	 0.2358 	 	 1.8101 	 0.3488 	 1.9974 	 	 0.2606
[2022/05/28 10:04:03] - 123 	 206.4 	 	 38.6 	 	 0.0100 	 1.8495 	 0.3303 	 2.1090 	 	 0.2345 	 	 1.8397 	 0.3376 	 2.0151 	 	 0.2537
[2022/05/28 10:08:08] - 124 	 206.4 	 	 38.6 	 	 0.0100 	 1.8508 	 0.3286 	 2.1095 	 	 0.2355 	 	 1.8276 	 0.3450 	 2.0131 	 	 0.2546
[2022/05/28 10:12:13] - 125 	 206.2 	 	 38.5 	 	 0.0100 	 1.8492 	 0.3284 	 2.1077 	 	 0.2349 	 	 1.8065 	 0.3516 	 1.9954 	 	 0.2565
[2022/05/28 10:16:18] - 126 	 206.3 	 	 38.5 	 	 0.0100 	 1.8500 	 0.3285 	 2.1090 	 	 0.2354 	 	 1.8174 	 0.3502 	 2.0123 	 	 0.2567
[2022/05/28 10:20:23] - 127 	 206.3 	 	 38.5 	 	 0.0100 	 1.8461 	 0.3298 	 2.1061 	 	 0.2364 	 	 1.8223 	 0.3460 	 2.0085 	 	 0.2534
[2022/05/28 10:24:27] - 128 	 206.2 	 	 38.6 	 	 0.0100 	 1.8488 	 0.3309 	 2.1083 	 	 0.2369 	 	 1.8296 	 0.3511 	 2.0150 	 	 0.2573
[2022/05/28 10:28:32] - 129 	 206.2 	 	 38.6 	 	 0.0100 	 1.8492 	 0.3304 	 2.1100 	 	 0.2354 	 	 1.8234 	 0.3422 	 2.0103 	 	 0.2586
[2022/05/28 10:32:37] - 130 	 206.2 	 	 38.6 	 	 0.0100 	 1.8494 	 0.3295 	 2.1087 	 	 0.2368 	 	 1.8152 	 0.3587 	 2.0110 	 	 0.2493
[2022/05/28 10:36:42] - 131 	 206.2 	 	 38.5 	 	 0.0100 	 1.8500 	 0.3291 	 2.1097 	 	 0.2348 	 	 1.8122 	 0.3407 	 2.0114 	 	 0.2564
[2022/05/28 10:40:47] - 132 	 206.3 	 	 38.5 	 	 0.0100 	 1.8493 	 0.3286 	 2.1082 	 	 0.2357 	 	 1.8293 	 0.3547 	 2.0230 	 	 0.2513
[2022/05/28 10:44:52] - 133 	 206.4 	 	 38.6 	 	 0.0100 	 1.8495 	 0.3312 	 2.1094 	 	 0.2377 	 	 1.8112 	 0.3478 	 2.0023 	 	 0.2544
[2022/05/28 10:48:57] - 134 	 206.2 	 	 38.5 	 	 0.0100 	 1.8486 	 0.3288 	 2.1095 	 	 0.2354 	 	 1.8435 	 0.3436 	 2.0096 	 	 0.2595
[2022/05/28 10:53:01] - 135 	 206.3 	 	 38.5 	 	 0.0100 	 1.8502 	 0.3291 	 2.1092 	 	 0.2338 	 	 1.8305 	 0.3387 	 2.0032 	 	 0.2599
[2022/05/28 10:57:06] - 136 	 206.1 	 	 38.6 	 	 0.0100 	 1.8523 	 0.3278 	 2.1109 	 	 0.2344 	 	 1.8237 	 0.3449 	 2.0066 	 	 0.2549
[2022/05/28 11:01:11] - 137 	 206.3 	 	 38.5 	 	 0.0100 	 1.8473 	 0.3323 	 2.1078 	 	 0.2373 	 	 1.8107 	 0.3449 	 2.0111 	 	 0.2514
[2022/05/28 11:05:16] - 138 	 206.2 	 	 38.5 	 	 0.0100 	 1.8454 	 0.3325 	 2.1064 	 	 0.2346 	 	 1.8165 	 0.3398 	 2.0061 	 	 0.2544
[2022/05/28 11:09:21] - 139 	 206.3 	 	 38.6 	 	 0.0100 	 1.8480 	 0.3309 	 2.1097 	 	 0.2354 	 	 1.8048 	 0.3558 	 2.0086 	 	 0.2534
[2022/05/28 11:13:26] - 140 	 206.2 	 	 38.5 	 	 0.0100 	 1.8464 	 0.3308 	 2.1080 	 	 0.2349 	 	 1.8055 	 0.3459 	 2.0010 	 	 0.2547
[2022/05/28 11:17:30] - 141 	 206.2 	 	 38.5 	 	 0.0100 	 1.8478 	 0.3307 	 2.1085 	 	 0.2364 	 	 1.8403 	 0.3453 	 2.0085 	 	 0.2570
[2022/05/28 11:21:36] - 142 	 206.5 	 	 38.6 	 	 0.0100 	 1.8509 	 0.3285 	 2.1110 	 	 0.2347 	 	 1.8181 	 0.3442 	 2.0216 	 	 0.2535
[2022/05/28 11:25:40] - 143 	 206.3 	 	 38.5 	 	 0.0100 	 1.8495 	 0.3307 	 2.1100 	 	 0.2357 	 	 1.8250 	 0.3395 	 2.0046 	 	 0.2613
[2022/05/28 11:29:45] - 144 	 206.2 	 	 38.6 	 	 0.0100 	 1.8493 	 0.3321 	 2.1104 	 	 0.2366 	 	 1.8083 	 0.3409 	 2.0079 	 	 0.2526
[2022/05/28 11:33:50] - 145 	 206.4 	 	 38.5 	 	 0.0100 	 1.8482 	 0.3290 	 2.1082 	 	 0.2356 	 	 1.8324 	 0.3394 	 2.0045 	 	 0.2617
[2022/05/28 11:37:55] - 146 	 206.2 	 	 38.5 	 	 0.0100 	 1.8485 	 0.3300 	 2.1108 	 	 0.2335 	 	 1.8482 	 0.3331 	 2.0436 	 	 0.2388
[2022/05/28 11:42:00] - 147 	 206.2 	 	 38.5 	 	 0.0100 	 1.8478 	 0.3297 	 2.1084 	 	 0.2362 	 	 1.8109 	 0.3511 	 2.0060 	 	 0.2572
[2022/05/28 11:46:05] - 148 	 206.3 	 	 38.6 	 	 0.0100 	 1.8513 	 0.3289 	 2.1111 	 	 0.2333 	 	 1.8275 	 0.3368 	 2.0131 	 	 0.2546
[2022/05/28 11:50:10] - 149 	 206.2 	 	 38.6 	 	 0.0010 	 1.8492 	 0.3275 	 2.1098 	 	 0.2328 	 	 1.8167 	 0.3470 	 2.0056 	 	 0.2540
[2022/05/28 11:54:15] - 150 	 206.3 	 	 38.5 	 	 0.0010 	 1.8406 	 0.3322 	 2.0665 	 	 0.2421 	 	 1.8073 	 0.3548 	 1.9855 	 	 0.2640
[2022/05/28 11:58:20] - 151 	 206.3 	 	 38.5 	 	 0.0010 	 1.8363 	 0.3346 	 2.0642 	 	 0.2408 	 	 1.7937 	 0.3587 	 1.9850 	 	 0.2611
[2022/05/28 12:02:25] - 152 	 206.3 	 	 38.5 	 	 0.0010 	 1.8314 	 0.3390 	 2.0607 	 	 0.2426 	 	 1.7815 	 0.3630 	 1.9848 	 	 0.2567
[2022/05/28 12:06:30] - 153 	 206.3 	 	 38.6 	 	 0.0010 	 1.8294 	 0.3372 	 2.0604 	 	 0.2419 	 	 1.8011 	 0.3497 	 1.9945 	 	 0.2581
[2022/05/28 12:10:35] - 154 	 206.5 	 	 38.6 	 	 0.0010 	 1.8291 	 0.3380 	 2.0586 	 	 0.2422 	 	 1.7871 	 0.3580 	 1.9858 	 	 0.2586
[2022/05/28 12:14:39] - 155 	 206.3 	 	 38.6 	 	 0.0010 	 1.8289 	 0.3367 	 2.0595 	 	 0.2417 	 	 1.8120 	 0.3537 	 1.9907 	 	 0.2620
[2022/05/28 12:18:44] - 156 	 206.4 	 	 38.6 	 	 0.0010 	 1.8298 	 0.3356 	 2.0593 	 	 0.2418 	 	 1.8008 	 0.3550 	 1.9871 	 	 0.2619
[2022/05/28 12:22:49] - 157 	 206.3 	 	 38.5 	 	 0.0010 	 1.8283 	 0.3390 	 2.0588 	 	 0.2419 	 	 1.7906 	 0.3526 	 1.9828 	 	 0.2631
[2022/05/28 12:26:54] - 158 	 206.2 	 	 38.5 	 	 0.0010 	 1.8272 	 0.3387 	 2.0577 	 	 0.2410 	 	 1.7957 	 0.3564 	 1.9847 	 	 0.2655
[2022/05/28 12:30:59] - 159 	 206.3 	 	 38.5 	 	 0.0010 	 1.8289 	 0.3365 	 2.0586 	 	 0.2403 	 	 1.8092 	 0.3542 	 1.9965 	 	 0.2602
[2022/05/28 12:35:04] - 160 	 206.2 	 	 38.5 	 	 0.0010 	 1.8287 	 0.3380 	 2.0590 	 	 0.2422 	 	 1.7882 	 0.3566 	 2.0003 	 	 0.2528
[2022/05/28 12:39:09] - 161 	 206.3 	 	 38.5 	 	 0.0010 	 1.8286 	 0.3369 	 2.0576 	 	 0.2413 	 	 1.7996 	 0.3535 	 1.9868 	 	 0.2631
[2022/05/28 12:43:14] - 162 	 206.3 	 	 38.6 	 	 0.0010 	 1.8283 	 0.3395 	 2.0580 	 	 0.2427 	 	 1.7858 	 0.3597 	 1.9843 	 	 0.2653
[2022/05/28 12:47:19] - 163 	 206.2 	 	 38.5 	 	 0.0010 	 1.8272 	 0.3398 	 2.0564 	 	 0.2420 	 	 1.7823 	 0.3622 	 1.9802 	 	 0.2618
[2022/05/28 12:51:23] - 164 	 206.2 	 	 38.5 	 	 0.0010 	 1.8275 	 0.3374 	 2.0576 	 	 0.2429 	 	 1.7928 	 0.3571 	 1.9819 	 	 0.2647
[2022/05/28 12:55:28] - 165 	 206.3 	 	 38.5 	 	 0.0010 	 1.8289 	 0.3386 	 2.0580 	 	 0.2419 	 	 1.7864 	 0.3596 	 1.9864 	 	 0.2613
[2022/05/28 12:59:33] - 166 	 206.3 	 	 38.5 	 	 0.0010 	 1.8283 	 0.3378 	 2.0577 	 	 0.2422 	 	 1.7869 	 0.3567 	 1.9857 	 	 0.2601
[2022/05/28 13:03:38] - 167 	 206.3 	 	 38.6 	 	 0.0010 	 1.8281 	 0.3388 	 2.0565 	 	 0.2408 	 	 1.7959 	 0.3593 	 1.9870 	 	 0.2646
[2022/05/28 13:07:43] - 168 	 206.2 	 	 38.5 	 	 0.0010 	 1.8277 	 0.3394 	 2.0564 	 	 0.2433 	 	 1.7753 	 0.3649 	 1.9833 	 	 0.2597
[2022/05/28 13:11:47] - 169 	 206.3 	 	 38.6 	 	 0.0010 	 1.8266 	 0.3373 	 2.0557 	 	 0.2401 	 	 1.7897 	 0.3678 	 1.9921 	 	 0.2605
[2022/05/28 13:15:53] - 170 	 206.3 	 	 38.5 	 	 0.0010 	 1.8263 	 0.3397 	 2.0548 	 	 0.2428 	 	 1.7926 	 0.3553 	 1.9923 	 	 0.2588
[2022/05/28 13:19:58] - 171 	 206.3 	 	 38.5 	 	 0.0010 	 1.8265 	 0.3368 	 2.0552 	 	 0.2414 	 	 1.7852 	 0.3614 	 1.9800 	 	 0.2625
[2022/05/28 13:24:02] - 172 	 206.2 	 	 38.6 	 	 0.0010 	 1.8286 	 0.3386 	 2.0563 	 	 0.2423 	 	 1.7914 	 0.3573 	 1.9830 	 	 0.2649
[2022/05/28 13:28:07] - 173 	 206.2 	 	 38.6 	 	 0.0010 	 1.8288 	 0.3396 	 2.0564 	 	 0.2436 	 	 1.7839 	 0.3611 	 1.9864 	 	 0.2598
[2022/05/28 13:32:12] - 174 	 206.2 	 	 38.5 	 	 0.0010 	 1.8266 	 0.3385 	 2.0554 	 	 0.2418 	 	 1.7805 	 0.3629 	 1.9861 	 	 0.2597
[2022/05/28 13:36:17] - 175 	 206.3 	 	 38.5 	 	 0.0010 	 1.8269 	 0.3389 	 2.0555 	 	 0.2431 	 	 1.8116 	 0.3592 	 1.9905 	 	 0.2632
[2022/05/28 13:40:21] - 176 	 206.3 	 	 38.5 	 	 0.0010 	 1.8273 	 0.3405 	 2.0556 	 	 0.2429 	 	 1.7827 	 0.3568 	 1.9896 	 	 0.2594
[2022/05/28 13:44:26] - 177 	 206.4 	 	 38.5 	 	 0.0010 	 1.8255 	 0.3397 	 2.0535 	 	 0.2417 	 	 1.7854 	 0.3592 	 1.9881 	 	 0.2589
[2022/05/28 13:48:31] - 178 	 206.2 	 	 38.5 	 	 0.0010 	 1.8275 	 0.3381 	 2.0557 	 	 0.2416 	 	 1.7992 	 0.3599 	 1.9902 	 	 0.2682
[2022/05/28 13:52:36] - 179 	 206.2 	 	 38.6 	 	 0.0010 	 1.8267 	 0.3390 	 2.0543 	 	 0.2408 	 	 1.8020 	 0.3539 	 1.9910 	 	 0.2623
[2022/05/28 13:56:41] - 180 	 206.2 	 	 38.5 	 	 0.0010 	 1.8247 	 0.3401 	 2.0533 	 	 0.2423 	 	 1.8083 	 0.3468 	 1.9913 	 	 0.2587
[2022/05/28 14:00:46] - 181 	 206.2 	 	 38.5 	 	 0.0010 	 1.8260 	 0.3398 	 2.0550 	 	 0.2417 	 	 1.7946 	 0.3650 	 1.9882 	 	 0.2633
[2022/05/28 14:04:51] - 182 	 206.2 	 	 38.6 	 	 0.0010 	 1.8287 	 0.3376 	 2.0556 	 	 0.2411 	 	 1.7947 	 0.3629 	 1.9896 	 	 0.2588
[2022/05/28 14:08:56] - 183 	 206.3 	 	 38.6 	 	 0.0010 	 1.8266 	 0.3396 	 2.0547 	 	 0.2416 	 	 1.7843 	 0.3595 	 1.9893 	 	 0.2605
[2022/05/28 14:13:01] - 184 	 206.2 	 	 38.6 	 	 0.0010 	 1.8285 	 0.3398 	 2.0553 	 	 0.2414 	 	 1.8057 	 0.3553 	 1.9919 	 	 0.2628
[2022/05/28 14:17:05] - 185 	 206.2 	 	 38.5 	 	 0.0010 	 1.8281 	 0.3386 	 2.0559 	 	 0.2409 	 	 1.8042 	 0.3499 	 1.9903 	 	 0.2603
[2022/05/28 14:21:10] - 186 	 206.2 	 	 38.5 	 	 0.0010 	 1.8257 	 0.3380 	 2.0535 	 	 0.2418 	 	 1.8089 	 0.3558 	 1.9943 	 	 0.2649
[2022/05/28 14:25:15] - 187 	 206.3 	 	 38.5 	 	 0.0010 	 1.8263 	 0.3403 	 2.0541 	 	 0.2420 	 	 1.7967 	 0.3522 	 1.9860 	 	 0.2621
[2022/05/28 14:29:20] - 188 	 206.2 	 	 38.5 	 	 0.0010 	 1.8274 	 0.3416 	 2.0540 	 	 0.2415 	 	 1.7817 	 0.3546 	 1.9840 	 	 0.2650
[2022/05/28 14:33:24] - 189 	 206.4 	 	 38.5 	 	 0.0010 	 1.8280 	 0.3378 	 2.0550 	 	 0.2408 	 	 1.8056 	 0.3606 	 1.9862 	 	 0.2658
[2022/05/28 14:37:30] - 190 	 206.3 	 	 38.6 	 	 0.0010 	 1.8263 	 0.3404 	 2.0534 	 	 0.2423 	 	 1.7907 	 0.3633 	 1.9874 	 	 0.2638
[2022/05/28 14:41:35] - 191 	 206.2 	 	 38.5 	 	 0.0010 	 1.8260 	 0.3405 	 2.0534 	 	 0.2418 	 	 1.7952 	 0.3596 	 1.9773 	 	 0.2665
[2022/05/28 14:45:39] - 192 	 206.3 	 	 38.5 	 	 0.0010 	 1.8269 	 0.3387 	 2.0539 	 	 0.2430 	 	 1.7740 	 0.3574 	 2.0038 	 	 0.2497
[2022/05/28 14:49:44] - 193 	 206.3 	 	 38.5 	 	 0.0010 	 1.8277 	 0.3387 	 2.0552 	 	 0.2412 	 	 1.7885 	 0.3549 	 2.0026 	 	 0.2517
[2022/05/28 14:53:49] - 194 	 206.2 	 	 38.5 	 	 0.0010 	 1.8264 	 0.3386 	 2.0536 	 	 0.2416 	 	 1.7960 	 0.3617 	 1.9845 	 	 0.2640
[2022/05/28 14:57:54] - 195 	 206.3 	 	 38.6 	 	 0.0010 	 1.8263 	 0.3414 	 2.0528 	 	 0.2432 	 	 1.7902 	 0.3608 	 1.9897 	 	 0.2614
[2022/05/28 15:01:58] - 196 	 206.2 	 	 38.5 	 	 0.0010 	 1.8269 	 0.3395 	 2.0544 	 	 0.2421 	 	 1.8005 	 0.3604 	 1.9854 	 	 0.2675
[2022/05/28 15:06:03] - 197 	 206.3 	 	 38.5 	 	 0.0010 	 1.8246 	 0.3410 	 2.0520 	 	 0.2435 	 	 1.7822 	 0.3624 	 1.9814 	 	 0.2642
[2022/05/28 15:10:08] - 198 	 206.3 	 	 38.5 	 	 0.0010 	 1.8254 	 0.3389 	 2.0529 	 	 0.2417 	 	 1.7915 	 0.3624 	 1.9844 	 	 0.2602
[2022/05/28 15:14:13] - 199 	 206.2 	 	 38.5 	 	 0.0010 	 1.8248 	 0.3391 	 2.0518 	 	 0.2404 	 	 1.7974 	 0.3533 	 1.9873 	 	 0.2626
