[2022/05/28 01:39:17] - Namespace(attack='pgd', attack_iters=10, batch_size=128, chkpt_iters=10, cutout=False, cutout_len=None, data_dir='../cifar-data', epochs=200, epsilon=8, eval=False, fgsm_alpha=1.0, fgsm_init='random', fname='experiments/cifar10_l1/preactresnet18_5e-7', half=False, l1=5e-07, l2=0, lr_drop_epoch=100, lr_max=0.1, lr_one_drop=0.01, lr_schedule='piecewise', mixup=False, mixup_alpha=None, model='PreActResNet18', norm='l_inf', pgd_alpha=2, restarts=1, resume=0, seed=0, val=False, width_factor=10)
[2022/05/28 01:39:21] - Epoch 	 Train Time 	 Test Time 	 LR 	 	 Train Loss 	 Train Acc 	 Train Robust Loss 	 Train Robust Acc 	 Test Loss 	 Test Acc 	 Test Robust Loss 	 Test Robust Acc
[2022/05/28 01:43:28] - 0 	 208.8 	 	 38.7 	 	 0.1000 	 1.9796 	 0.2735 	 2.2091 	 	 0.1961 	 	 1.7539 	 0.3590 	 1.9899 	 	 0.2591
[2022/05/28 01:47:34] - 1 	 206.5 	 	 38.6 	 	 0.1000 	 1.7071 	 0.3865 	 2.0187 	 	 0.2607 	 	 1.6094 	 0.4574 	 1.8706 	 	 0.2981
[2022/05/28 01:51:39] - 2 	 206.6 	 	 38.6 	 	 0.1000 	 1.5901 	 0.4395 	 1.9396 	 	 0.2852 	 	 1.5699 	 0.4596 	 1.8462 	 	 0.3115
[2022/05/28 01:55:44] - 3 	 206.6 	 	 38.6 	 	 0.1000 	 1.4928 	 0.4835 	 1.8740 	 	 0.3057 	 	 1.3883 	 0.5289 	 1.7365 	 	 0.3478
[2022/05/28 01:59:50] - 4 	 206.5 	 	 38.6 	 	 0.1000 	 1.4122 	 0.5183 	 1.8213 	 	 0.3211 	 	 1.3317 	 0.5305 	 1.7138 	 	 0.3545
[2022/05/28 02:03:55] - 5 	 206.6 	 	 38.6 	 	 0.1000 	 1.3377 	 0.5561 	 1.7731 	 	 0.3416 	 	 1.2586 	 0.5939 	 1.6595 	 	 0.3649
[2022/05/28 02:08:01] - 6 	 206.6 	 	 38.6 	 	 0.1000 	 1.2776 	 0.5850 	 1.7319 	 	 0.3534 	 	 1.2215 	 0.6091 	 1.6386 	 	 0.4006
[2022/05/28 02:12:06] - 7 	 206.7 	 	 38.6 	 	 0.1000 	 1.2306 	 0.6063 	 1.7037 	 	 0.3674 	 	 1.2091 	 0.6080 	 1.6137 	 	 0.4043
[2022/05/28 02:16:12] - 8 	 206.8 	 	 38.6 	 	 0.1000 	 1.1870 	 0.6231 	 1.6735 	 	 0.3729 	 	 1.1739 	 0.6219 	 1.6086 	 	 0.3896
[2022/05/28 02:20:17] - 9 	 206.5 	 	 38.6 	 	 0.1000 	 1.1587 	 0.6408 	 1.6574 	 	 0.3802 	 	 1.1224 	 0.6418 	 1.5594 	 	 0.4123
[2022/05/28 02:24:23] - 10 	 206.7 	 	 38.7 	 	 0.1000 	 1.1325 	 0.6503 	 1.6407 	 	 0.3884 	 	 1.1358 	 0.6415 	 1.5564 	 	 0.4256
[2022/05/28 02:28:28] - 11 	 206.5 	 	 38.7 	 	 0.1000 	 1.1141 	 0.6576 	 1.6296 	 	 0.3959 	 	 1.0681 	 0.6547 	 1.5540 	 	 0.4190
[2022/05/28 02:32:33] - 12 	 206.6 	 	 38.6 	 	 0.1000 	 1.0909 	 0.6672 	 1.6136 	 	 0.4000 	 	 1.0937 	 0.6702 	 1.5416 	 	 0.4247
[2022/05/28 02:36:39] - 13 	 206.6 	 	 38.7 	 	 0.1000 	 1.0751 	 0.6768 	 1.6028 	 	 0.4045 	 	 1.0412 	 0.6651 	 1.5324 	 	 0.4261
[2022/05/28 02:40:44] - 14 	 206.7 	 	 38.6 	 	 0.1000 	 1.0527 	 0.6851 	 1.5872 	 	 0.4082 	 	 1.0622 	 0.6676 	 1.5416 	 	 0.4165
[2022/05/28 02:44:49] - 15 	 206.5 	 	 38.6 	 	 0.1000 	 1.0351 	 0.6937 	 1.5755 	 	 0.4147 	 	 1.0384 	 0.6742 	 1.5294 	 	 0.4256
[2022/05/28 02:48:54] - 16 	 206.5 	 	 38.6 	 	 0.1000 	 1.0274 	 0.6952 	 1.5709 	 	 0.4153 	 	 1.0202 	 0.6800 	 1.5124 	 	 0.4261
[2022/05/28 02:53:00] - 17 	 206.6 	 	 38.7 	 	 0.1000 	 1.0176 	 0.6994 	 1.5636 	 	 0.4172 	 	 1.0307 	 0.6671 	 1.5212 	 	 0.4279
[2022/05/28 02:57:05] - 18 	 206.6 	 	 38.6 	 	 0.1000 	 1.0050 	 0.7019 	 1.5537 	 	 0.4209 	 	 1.0310 	 0.6497 	 1.5244 	 	 0.4200
[2022/05/28 03:01:10] - 19 	 206.5 	 	 38.7 	 	 0.1000 	 0.9935 	 0.7104 	 1.5473 	 	 0.4234 	 	 1.0124 	 0.6735 	 1.5087 	 	 0.4356
[2022/05/28 03:05:16] - 20 	 206.6 	 	 38.6 	 	 0.1000 	 0.9828 	 0.7120 	 1.5376 	 	 0.4280 	 	 0.9670 	 0.6815 	 1.4777 	 	 0.4511
[2022/05/28 03:09:22] - 21 	 206.6 	 	 38.6 	 	 0.1000 	 0.9766 	 0.7145 	 1.5335 	 	 0.4303 	 	 0.9817 	 0.7062 	 1.4664 	 	 0.4549
[2022/05/28 03:13:27] - 22 	 206.6 	 	 38.6 	 	 0.1000 	 0.9692 	 0.7204 	 1.5305 	 	 0.4294 	 	 0.9699 	 0.6981 	 1.4863 	 	 0.4354
[2022/05/28 03:17:32] - 23 	 206.6 	 	 38.6 	 	 0.1000 	 0.9647 	 0.7200 	 1.5266 	 	 0.4310 	 	 0.9223 	 0.7102 	 1.4984 	 	 0.4359
[2022/05/28 03:21:38] - 24 	 206.6 	 	 38.6 	 	 0.1000 	 0.9583 	 0.7243 	 1.5212 	 	 0.4340 	 	 0.9421 	 0.7001 	 1.4776 	 	 0.4507
[2022/05/28 03:25:43] - 25 	 206.5 	 	 38.6 	 	 0.1000 	 0.9441 	 0.7311 	 1.5136 	 	 0.4362 	 	 0.9311 	 0.7239 	 1.4916 	 	 0.4386
[2022/05/28 03:29:48] - 26 	 206.5 	 	 38.6 	 	 0.1000 	 0.9465 	 0.7287 	 1.5136 	 	 0.4339 	 	 0.9415 	 0.6899 	 1.4770 	 	 0.4364
[2022/05/28 03:33:53] - 27 	 206.6 	 	 38.6 	 	 0.1000 	 0.9414 	 0.7320 	 1.5098 	 	 0.4372 	 	 0.9266 	 0.7126 	 1.4609 	 	 0.4531
[2022/05/28 03:37:58] - 28 	 206.7 	 	 38.6 	 	 0.1000 	 0.9342 	 0.7348 	 1.5050 	 	 0.4406 	 	 0.9443 	 0.7115 	 1.4925 	 	 0.4350
[2022/05/28 03:42:04] - 29 	 206.6 	 	 38.7 	 	 0.1000 	 0.9353 	 0.7327 	 1.5055 	 	 0.4404 	 	 0.9289 	 0.7152 	 1.4601 	 	 0.4568
[2022/05/28 03:46:10] - 30 	 206.6 	 	 38.7 	 	 0.1000 	 0.9251 	 0.7379 	 1.4982 	 	 0.4432 	 	 0.8921 	 0.7364 	 1.4501 	 	 0.4528
[2022/05/28 03:50:15] - 31 	 206.5 	 	 38.6 	 	 0.1000 	 0.9204 	 0.7400 	 1.4965 	 	 0.4398 	 	 1.0143 	 0.6920 	 1.5028 	 	 0.4442
[2022/05/28 03:54:20] - 32 	 206.5 	 	 38.6 	 	 0.1000 	 0.9200 	 0.7388 	 1.4946 	 	 0.4422 	 	 0.9259 	 0.7293 	 1.4473 	 	 0.4541
[2022/05/28 03:58:25] - 33 	 206.6 	 	 38.6 	 	 0.1000 	 0.9142 	 0.7430 	 1.4904 	 	 0.4444 	 	 0.9427 	 0.7085 	 1.4955 	 	 0.4388
[2022/05/28 04:02:30] - 34 	 206.6 	 	 38.6 	 	 0.1000 	 0.9106 	 0.7424 	 1.4877 	 	 0.4456 	 	 0.9650 	 0.6920 	 1.4979 	 	 0.4363
[2022/05/28 04:06:35] - 35 	 206.4 	 	 38.6 	 	 0.1000 	 0.9121 	 0.7419 	 1.4886 	 	 0.4456 	 	 0.9032 	 0.7163 	 1.4716 	 	 0.4403
[2022/05/28 04:10:40] - 36 	 206.5 	 	 38.6 	 	 0.1000 	 0.9083 	 0.7435 	 1.4845 	 	 0.4478 	 	 0.9739 	 0.7001 	 1.4702 	 	 0.4511
[2022/05/28 04:14:46] - 37 	 206.6 	 	 38.6 	 	 0.1000 	 0.9042 	 0.7462 	 1.4839 	 	 0.4471 	 	 0.9682 	 0.7182 	 1.4747 	 	 0.4572
[2022/05/28 04:18:51] - 38 	 206.6 	 	 38.6 	 	 0.1000 	 0.8951 	 0.7513 	 1.4762 	 	 0.4499 	 	 0.9341 	 0.6993 	 1.4520 	 	 0.4529
[2022/05/28 04:22:56] - 39 	 206.6 	 	 38.6 	 	 0.1000 	 0.8979 	 0.7480 	 1.4798 	 	 0.4498 	 	 0.9486 	 0.7412 	 1.4529 	 	 0.4654
[2022/05/28 04:27:02] - 40 	 206.5 	 	 38.6 	 	 0.1000 	 0.8963 	 0.7517 	 1.4784 	 	 0.4500 	 	 0.8891 	 0.7264 	 1.4590 	 	 0.4578
[2022/05/28 04:31:07] - 41 	 206.6 	 	 38.6 	 	 0.1000 	 0.8916 	 0.7539 	 1.4743 	 	 0.4500 	 	 0.9017 	 0.7401 	 1.4397 	 	 0.4550
[2022/05/28 04:35:13] - 42 	 206.6 	 	 38.6 	 	 0.1000 	 0.8914 	 0.7541 	 1.4741 	 	 0.4510 	 	 0.9356 	 0.7103 	 1.4600 	 	 0.4566
[2022/05/28 04:39:18] - 43 	 206.5 	 	 38.6 	 	 0.1000 	 0.8870 	 0.7554 	 1.4708 	 	 0.4493 	 	 0.8699 	 0.7373 	 1.4483 	 	 0.4492
[2022/05/28 04:43:23] - 44 	 206.5 	 	 38.7 	 	 0.1000 	 0.8902 	 0.7523 	 1.4754 	 	 0.4506 	 	 0.8712 	 0.7336 	 1.4292 	 	 0.4632
[2022/05/28 04:47:28] - 45 	 206.6 	 	 38.6 	 	 0.1000 	 0.8899 	 0.7515 	 1.4731 	 	 0.4518 	 	 0.9371 	 0.7121 	 1.4493 	 	 0.4584
[2022/05/28 04:51:33] - 46 	 206.6 	 	 38.7 	 	 0.1000 	 0.8876 	 0.7534 	 1.4722 	 	 0.4506 	 	 0.9127 	 0.7418 	 1.4383 	 	 0.4619
[2022/05/28 04:55:39] - 47 	 206.5 	 	 38.6 	 	 0.1000 	 0.8838 	 0.7579 	 1.4698 	 	 0.4534 	 	 0.9223 	 0.7144 	 1.4455 	 	 0.4508
[2022/05/28 04:59:44] - 48 	 206.6 	 	 38.6 	 	 0.1000 	 0.8812 	 0.7596 	 1.4688 	 	 0.4532 	 	 0.8932 	 0.7250 	 1.4615 	 	 0.4422
[2022/05/28 05:03:49] - 49 	 206.5 	 	 38.6 	 	 0.1000 	 0.8807 	 0.7566 	 1.4649 	 	 0.4522 	 	 0.8606 	 0.7152 	 1.4376 	 	 0.4564
[2022/05/28 05:07:55] - 50 	 206.6 	 	 38.6 	 	 0.1000 	 0.8764 	 0.7592 	 1.4644 	 	 0.4540 	 	 0.8774 	 0.7419 	 1.4344 	 	 0.4623
[2022/05/28 05:12:00] - 51 	 206.6 	 	 38.6 	 	 0.1000 	 0.8716 	 0.7618 	 1.4602 	 	 0.4552 	 	 0.9244 	 0.7142 	 1.4674 	 	 0.4499
[2022/05/28 05:16:05] - 52 	 206.7 	 	 38.6 	 	 0.1000 	 0.8735 	 0.7612 	 1.4623 	 	 0.4555 	 	 0.8681 	 0.7368 	 1.4314 	 	 0.4582
[2022/05/28 05:20:10] - 53 	 206.6 	 	 38.6 	 	 0.1000 	 0.8743 	 0.7584 	 1.4617 	 	 0.4560 	 	 0.8717 	 0.7464 	 1.4474 	 	 0.4573
[2022/05/28 05:24:16] - 54 	 206.6 	 	 38.6 	 	 0.1000 	 0.8723 	 0.7629 	 1.4596 	 	 0.4534 	 	 0.8740 	 0.7159 	 1.4471 	 	 0.4542
[2022/05/28 05:28:21] - 55 	 206.6 	 	 38.6 	 	 0.1000 	 0.8680 	 0.7628 	 1.4578 	 	 0.4569 	 	 0.8771 	 0.7350 	 1.4343 	 	 0.4585
[2022/05/28 05:32:26] - 56 	 206.6 	 	 38.7 	 	 0.1000 	 0.8680 	 0.7618 	 1.4578 	 	 0.4593 	 	 0.8958 	 0.7277 	 1.4398 	 	 0.4484
[2022/05/28 05:36:31] - 57 	 206.5 	 	 38.7 	 	 0.1000 	 0.8663 	 0.7647 	 1.4571 	 	 0.4574 	 	 0.8762 	 0.7398 	 1.4278 	 	 0.4646
[2022/05/28 05:40:36] - 58 	 206.6 	 	 38.6 	 	 0.1000 	 0.8695 	 0.7612 	 1.4597 	 	 0.4579 	 	 0.9052 	 0.7233 	 1.4506 	 	 0.4592
[2022/05/28 05:44:42] - 59 	 206.5 	 	 38.6 	 	 0.1000 	 0.8657 	 0.7636 	 1.4551 	 	 0.4598 	 	 0.8721 	 0.7329 	 1.4285 	 	 0.4624
[2022/05/28 05:48:47] - 60 	 206.6 	 	 38.6 	 	 0.1000 	 0.8628 	 0.7642 	 1.4523 	 	 0.4582 	 	 0.8966 	 0.7179 	 1.4442 	 	 0.4612
[2022/05/28 05:52:52] - 61 	 206.5 	 	 38.6 	 	 0.1000 	 0.8656 	 0.7632 	 1.4570 	 	 0.4570 	 	 0.9023 	 0.7250 	 1.4459 	 	 0.4554
[2022/05/28 05:56:58] - 62 	 206.5 	 	 38.6 	 	 0.1000 	 0.8665 	 0.7615 	 1.4577 	 	 0.4563 	 	 0.8796 	 0.7264 	 1.4452 	 	 0.4582
[2022/05/28 06:01:03] - 63 	 206.6 	 	 38.6 	 	 0.1000 	 0.8563 	 0.7663 	 1.4487 	 	 0.4606 	 	 0.9239 	 0.7282 	 1.4452 	 	 0.4663
[2022/05/28 06:05:08] - 64 	 206.6 	 	 38.6 	 	 0.1000 	 0.8604 	 0.7650 	 1.4520 	 	 0.4571 	 	 0.8704 	 0.7320 	 1.4378 	 	 0.4556
[2022/05/28 06:09:13] - 65 	 206.6 	 	 38.7 	 	 0.1000 	 0.8526 	 0.7690 	 1.4474 	 	 0.4598 	 	 0.9048 	 0.7309 	 1.4909 	 	 0.4449
[2022/05/28 06:13:19] - 66 	 206.6 	 	 38.7 	 	 0.1000 	 0.8580 	 0.7662 	 1.4488 	 	 0.4605 	 	 0.8656 	 0.7461 	 1.4326 	 	 0.4589
[2022/05/28 06:17:24] - 67 	 206.5 	 	 38.6 	 	 0.1000 	 0.8556 	 0.7676 	 1.4510 	 	 0.4587 	 	 0.8922 	 0.7287 	 1.4239 	 	 0.4733
[2022/05/28 06:21:29] - 68 	 206.6 	 	 38.6 	 	 0.1000 	 0.8567 	 0.7686 	 1.4484 	 	 0.4603 	 	 0.8844 	 0.7376 	 1.4327 	 	 0.4657
[2022/05/28 06:25:34] - 69 	 206.5 	 	 38.7 	 	 0.1000 	 0.8516 	 0.7709 	 1.4445 	 	 0.4610 	 	 0.8981 	 0.7284 	 1.4355 	 	 0.4574
[2022/05/28 06:29:40] - 70 	 206.7 	 	 38.6 	 	 0.1000 	 0.8542 	 0.7676 	 1.4468 	 	 0.4601 	 	 0.8539 	 0.7518 	 1.4575 	 	 0.4577
[2022/05/28 06:33:45] - 71 	 206.7 	 	 38.6 	 	 0.1000 	 0.8523 	 0.7684 	 1.4472 	 	 0.4630 	 	 0.8688 	 0.7349 	 1.4241 	 	 0.4623
[2022/05/28 06:37:51] - 72 	 206.6 	 	 38.6 	 	 0.1000 	 0.8499 	 0.7708 	 1.4440 	 	 0.4619 	 	 0.8831 	 0.7305 	 1.4468 	 	 0.4556
[2022/05/28 06:41:56] - 73 	 206.6 	 	 38.6 	 	 0.1000 	 0.8513 	 0.7725 	 1.4471 	 	 0.4616 	 	 0.8980 	 0.7146 	 1.4302 	 	 0.4660
[2022/05/28 06:46:01] - 74 	 206.6 	 	 38.6 	 	 0.1000 	 0.8543 	 0.7672 	 1.4486 	 	 0.4588 	 	 0.9272 	 0.7304 	 1.4495 	 	 0.4608
[2022/05/28 06:50:06] - 75 	 206.6 	 	 38.6 	 	 0.1000 	 0.8522 	 0.7707 	 1.4447 	 	 0.4612 	 	 0.8465 	 0.7599 	 1.4210 	 	 0.4674
[2022/05/28 06:54:12] - 76 	 206.6 	 	 38.6 	 	 0.1000 	 0.8576 	 0.7683 	 1.4495 	 	 0.4576 	 	 0.8766 	 0.7377 	 1.4034 	 	 0.4823
[2022/05/28 06:58:17] - 77 	 206.6 	 	 38.7 	 	 0.1000 	 0.8538 	 0.7690 	 1.4470 	 	 0.4599 	 	 0.8718 	 0.7404 	 1.4172 	 	 0.4694
[2022/05/28 07:02:22] - 78 	 206.6 	 	 38.6 	 	 0.1000 	 0.8460 	 0.7723 	 1.4435 	 	 0.4605 	 	 0.8760 	 0.7456 	 1.4224 	 	 0.4701
[2022/05/28 07:06:28] - 79 	 206.6 	 	 38.6 	 	 0.1000 	 0.8472 	 0.7711 	 1.4412 	 	 0.4622 	 	 0.8958 	 0.7266 	 1.4321 	 	 0.4593
[2022/05/28 07:10:33] - 80 	 206.5 	 	 38.7 	 	 0.1000 	 0.8488 	 0.7720 	 1.4460 	 	 0.4630 	 	 0.8569 	 0.7568 	 1.4267 	 	 0.4610
[2022/05/28 07:14:38] - 81 	 206.5 	 	 38.6 	 	 0.1000 	 0.8484 	 0.7715 	 1.4447 	 	 0.4608 	 	 0.9020 	 0.7334 	 1.4645 	 	 0.4471
[2022/05/28 07:18:43] - 82 	 206.5 	 	 38.6 	 	 0.1000 	 0.8513 	 0.7715 	 1.4471 	 	 0.4614 	 	 0.8625 	 0.7374 	 1.4241 	 	 0.4573
[2022/05/28 07:22:49] - 83 	 206.6 	 	 38.6 	 	 0.1000 	 0.8431 	 0.7736 	 1.4399 	 	 0.4626 	 	 0.8948 	 0.7221 	 1.4467 	 	 0.4490
[2022/05/28 07:26:54] - 84 	 206.6 	 	 38.6 	 	 0.1000 	 0.8443 	 0.7754 	 1.4414 	 	 0.4611 	 	 0.8625 	 0.7555 	 1.4350 	 	 0.4560
[2022/05/28 07:30:59] - 85 	 206.6 	 	 38.7 	 	 0.1000 	 0.8454 	 0.7754 	 1.4429 	 	 0.4627 	 	 0.8854 	 0.7428 	 1.4272 	 	 0.4726
[2022/05/28 07:35:05] - 86 	 206.6 	 	 38.7 	 	 0.1000 	 0.8444 	 0.7737 	 1.4398 	 	 0.4645 	 	 0.8521 	 0.7448 	 1.4453 	 	 0.4538
[2022/05/28 07:39:10] - 87 	 206.8 	 	 38.6 	 	 0.1000 	 0.8442 	 0.7711 	 1.4408 	 	 0.4637 	 	 0.8457 	 0.7615 	 1.4195 	 	 0.4677
[2022/05/28 07:43:15] - 88 	 206.6 	 	 38.6 	 	 0.1000 	 0.8425 	 0.7740 	 1.4389 	 	 0.4648 	 	 0.8591 	 0.7277 	 1.4792 	 	 0.4433
[2022/05/28 07:47:20] - 89 	 206.6 	 	 38.7 	 	 0.1000 	 0.8437 	 0.7729 	 1.4394 	 	 0.4609 	 	 0.8969 	 0.7348 	 1.4299 	 	 0.4726
[2022/05/28 07:51:26] - 90 	 206.6 	 	 38.6 	 	 0.1000 	 0.8438 	 0.7730 	 1.4409 	 	 0.4644 	 	 0.8951 	 0.7461 	 1.4395 	 	 0.4692
[2022/05/28 07:55:31] - 91 	 206.5 	 	 38.6 	 	 0.1000 	 0.8430 	 0.7726 	 1.4371 	 	 0.4650 	 	 0.8748 	 0.7272 	 1.3972 	 	 0.4784
[2022/05/28 07:59:36] - 92 	 206.6 	 	 38.6 	 	 0.1000 	 0.8398 	 0.7727 	 1.4349 	 	 0.4646 	 	 0.8699 	 0.7398 	 1.4459 	 	 0.4560
[2022/05/28 08:03:42] - 93 	 206.7 	 	 38.6 	 	 0.1000 	 0.8394 	 0.7759 	 1.4378 	 	 0.4634 	 	 0.9169 	 0.7091 	 1.4643 	 	 0.4537
[2022/05/28 08:07:47] - 94 	 206.6 	 	 38.7 	 	 0.1000 	 0.8386 	 0.7770 	 1.4360 	 	 0.4624 	 	 0.8594 	 0.7465 	 1.4333 	 	 0.4653
[2022/05/28 08:11:52] - 95 	 206.6 	 	 38.6 	 	 0.1000 	 0.8422 	 0.7748 	 1.4386 	 	 0.4604 	 	 0.9050 	 0.7011 	 1.4413 	 	 0.4493
[2022/05/28 08:15:57] - 96 	 206.5 	 	 38.7 	 	 0.1000 	 0.8399 	 0.7748 	 1.4384 	 	 0.4645 	 	 0.8361 	 0.7557 	 1.4048 	 	 0.4685
[2022/05/28 08:20:02] - 97 	 206.6 	 	 38.6 	 	 0.1000 	 0.8404 	 0.7761 	 1.4371 	 	 0.4642 	 	 0.8734 	 0.7409 	 1.4225 	 	 0.4631
[2022/05/28 08:24:08] - 98 	 206.5 	 	 38.6 	 	 0.1000 	 0.8374 	 0.7753 	 1.4365 	 	 0.4650 	 	 0.8664 	 0.7441 	 1.4232 	 	 0.4662
[2022/05/28 08:28:13] - 99 	 206.6 	 	 38.6 	 	 0.0100 	 0.8396 	 0.7765 	 1.4381 	 	 0.4623 	 	 0.8355 	 0.7391 	 1.4638 	 	 0.4505
[2022/05/28 08:32:18] - 100 	 206.5 	 	 38.6 	 	 0.0100 	 0.7218 	 0.8117 	 1.2485 	 	 0.5292 	 	 0.7059 	 0.7898 	 1.2868 	 	 0.5141
[2022/05/28 08:36:24] - 101 	 206.5 	 	 38.6 	 	 0.0100 	 0.6468 	 0.8314 	 1.1843 	 	 0.5504 	 	 0.6639 	 0.8112 	 1.2503 	 	 0.5258
[2022/05/28 08:40:29] - 102 	 206.6 	 	 38.6 	 	 0.0100 	 0.6183 	 0.8431 	 1.1588 	 	 0.5571 	 	 0.6459 	 0.8151 	 1.2524 	 	 0.5241
[2022/05/28 08:44:34] - 103 	 206.5 	 	 38.6 	 	 0.0100 	 0.5991 	 0.8489 	 1.1386 	 	 0.5647 	 	 0.6365 	 0.8158 	 1.2380 	 	 0.5280
[2022/05/28 08:48:40] - 104 	 206.6 	 	 38.6 	 	 0.0100 	 0.5810 	 0.8538 	 1.1215 	 	 0.5717 	 	 0.6339 	 0.8207 	 1.2591 	 	 0.5227
[2022/05/28 08:52:45] - 105 	 206.6 	 	 38.6 	 	 0.0100 	 0.5650 	 0.8597 	 1.1053 	 	 0.5752 	 	 0.6335 	 0.8162 	 1.2437 	 	 0.5252
[2022/05/28 08:56:50] - 106 	 206.6 	 	 38.6 	 	 0.0100 	 0.5541 	 0.8640 	 1.0982 	 	 0.5793 	 	 0.5921 	 0.8284 	 1.2743 	 	 0.5172
[2022/05/28 09:00:55] - 107 	 206.6 	 	 38.6 	 	 0.0100 	 0.5416 	 0.8680 	 1.0838 	 	 0.5805 	 	 0.5994 	 0.8254 	 1.2553 	 	 0.5232
[2022/05/28 09:05:01] - 108 	 206.6 	 	 38.6 	 	 0.0100 	 0.5338 	 0.8703 	 1.0772 	 	 0.5835 	 	 0.5931 	 0.8269 	 1.2795 	 	 0.5194
[2022/05/28 09:09:06] - 109 	 206.7 	 	 38.7 	 	 0.0100 	 0.5251 	 0.8741 	 1.0676 	 	 0.5873 	 	 0.6190 	 0.8150 	 1.2638 	 	 0.5246
[2022/05/28 09:13:12] - 110 	 206.6 	 	 38.6 	 	 0.0100 	 0.5150 	 0.8781 	 1.0600 	 	 0.5881 	 	 0.6392 	 0.8114 	 1.2610 	 	 0.5272
[2022/05/28 09:17:17] - 111 	 206.6 	 	 38.6 	 	 0.0100 	 0.5052 	 0.8824 	 1.0512 	 	 0.5924 	 	 0.5819 	 0.8332 	 1.2714 	 	 0.5276
[2022/05/28 09:21:22] - 112 	 206.6 	 	 38.6 	 	 0.0100 	 0.4960 	 0.8853 	 1.0420 	 	 0.5952 	 	 0.5914 	 0.8244 	 1.2876 	 	 0.5205
[2022/05/28 09:25:27] - 113 	 206.6 	 	 38.6 	 	 0.0100 	 0.4904 	 0.8874 	 1.0365 	 	 0.5953 	 	 0.6045 	 0.8122 	 1.2911 	 	 0.5182
[2022/05/28 09:29:33] - 114 	 206.6 	 	 38.7 	 	 0.0100 	 0.4857 	 0.8882 	 1.0345 	 	 0.5978 	 	 0.5907 	 0.8237 	 1.2874 	 	 0.5217
[2022/05/28 09:33:38] - 115 	 206.6 	 	 38.7 	 	 0.0100 	 0.4776 	 0.8910 	 1.0241 	 	 0.6009 	 	 0.6221 	 0.8258 	 1.3159 	 	 0.5176
[2022/05/28 09:37:43] - 116 	 206.6 	 	 38.7 	 	 0.0100 	 0.4729 	 0.8945 	 1.0224 	 	 0.6002 	 	 0.6088 	 0.8232 	 1.2679 	 	 0.5253
[2022/05/28 09:41:48] - 117 	 206.6 	 	 38.6 	 	 0.0100 	 0.4686 	 0.8947 	 1.0159 	 	 0.6014 	 	 0.6015 	 0.8270 	 1.2996 	 	 0.5216
[2022/05/28 09:45:54] - 118 	 206.6 	 	 38.6 	 	 0.0100 	 0.4648 	 0.8968 	 1.0156 	 	 0.6009 	 	 0.6054 	 0.8260 	 1.2853 	 	 0.5223
[2022/05/28 09:49:59] - 119 	 206.6 	 	 38.7 	 	 0.0100 	 0.4607 	 0.8975 	 1.0103 	 	 0.6039 	 	 0.5828 	 0.8323 	 1.3285 	 	 0.5112
[2022/05/28 09:54:05] - 120 	 206.7 	 	 38.7 	 	 0.0100 	 0.4522 	 0.9010 	 1.0017 	 	 0.6054 	 	 0.5875 	 0.8293 	 1.3201 	 	 0.5146
[2022/05/28 09:58:10] - 121 	 206.6 	 	 38.6 	 	 0.0100 	 0.4468 	 0.9033 	 0.9981 	 	 0.6074 	 	 0.5720 	 0.8292 	 1.3335 	 	 0.5104
[2022/05/28 10:02:15] - 122 	 206.6 	 	 38.6 	 	 0.0100 	 0.4420 	 0.9061 	 0.9949 	 	 0.6059 	 	 0.5761 	 0.8256 	 1.3652 	 	 0.5047
[2022/05/28 10:06:21] - 123 	 206.7 	 	 38.7 	 	 0.0100 	 0.4413 	 0.9054 	 0.9933 	 	 0.6085 	 	 0.6286 	 0.8149 	 1.3210 	 	 0.5205
[2022/05/28 10:10:26] - 124 	 206.6 	 	 38.7 	 	 0.0100 	 0.4375 	 0.9082 	 0.9916 	 	 0.6064 	 	 0.5801 	 0.8260 	 1.3491 	 	 0.5052
[2022/05/28 10:14:31] - 125 	 206.5 	 	 38.6 	 	 0.0100 	 0.4343 	 0.9084 	 0.9867 	 	 0.6070 	 	 0.5652 	 0.8278 	 1.3653 	 	 0.4996
[2022/05/28 10:18:36] - 126 	 206.5 	 	 38.7 	 	 0.0100 	 0.4293 	 0.9095 	 0.9835 	 	 0.6117 	 	 0.5850 	 0.8240 	 1.3456 	 	 0.5059
[2022/05/28 10:22:41] - 127 	 206.6 	 	 38.6 	 	 0.0100 	 0.4252 	 0.9102 	 0.9751 	 	 0.6130 	 	 0.5983 	 0.8229 	 1.3481 	 	 0.5040
[2022/05/28 10:26:47] - 128 	 206.7 	 	 38.7 	 	 0.0100 	 0.4219 	 0.9101 	 0.9748 	 	 0.6151 	 	 0.5994 	 0.8268 	 1.3533 	 	 0.5028
[2022/05/28 10:30:52] - 129 	 206.5 	 	 38.6 	 	 0.0100 	 0.4168 	 0.9141 	 0.9721 	 	 0.6137 	 	 0.6220 	 0.8255 	 1.3208 	 	 0.5139
[2022/05/28 10:34:57] - 130 	 206.6 	 	 38.6 	 	 0.0100 	 0.4130 	 0.9153 	 0.9677 	 	 0.6156 	 	 0.5760 	 0.8265 	 1.3804 	 	 0.4954
[2022/05/28 10:39:03] - 131 	 206.5 	 	 38.6 	 	 0.0100 	 0.4121 	 0.9138 	 0.9664 	 	 0.6167 	 	 0.5814 	 0.8138 	 1.3578 	 	 0.5045
[2022/05/28 10:43:08] - 132 	 206.5 	 	 38.7 	 	 0.0100 	 0.4085 	 0.9166 	 0.9640 	 	 0.6195 	 	 0.5700 	 0.8291 	 1.3654 	 	 0.5050
[2022/05/28 10:47:13] - 133 	 206.5 	 	 38.6 	 	 0.0100 	 0.4052 	 0.9169 	 0.9584 	 	 0.6189 	 	 0.5750 	 0.8175 	 1.4148 	 	 0.4966
[2022/05/28 10:51:18] - 134 	 206.7 	 	 38.6 	 	 0.0100 	 0.4009 	 0.9193 	 0.9563 	 	 0.6192 	 	 0.5922 	 0.8216 	 1.3907 	 	 0.4968
[2022/05/28 10:55:23] - 135 	 206.5 	 	 38.6 	 	 0.0100 	 0.3967 	 0.9192 	 0.9535 	 	 0.6215 	 	 0.5729 	 0.8191 	 1.3891 	 	 0.4980
[2022/05/28 10:59:29] - 136 	 206.6 	 	 38.6 	 	 0.0100 	 0.3923 	 0.9218 	 0.9480 	 	 0.6217 	 	 0.5719 	 0.8319 	 1.3688 	 	 0.5065
[2022/05/28 11:03:34] - 137 	 207.0 	 	 38.6 	 	 0.0100 	 0.3911 	 0.9230 	 0.9441 	 	 0.6240 	 	 0.5590 	 0.8316 	 1.3900 	 	 0.5075
[2022/05/28 11:07:40] - 138 	 206.6 	 	 38.6 	 	 0.0100 	 0.3896 	 0.9241 	 0.9438 	 	 0.6222 	 	 0.5787 	 0.8238 	 1.3656 	 	 0.5055
[2022/05/28 11:11:45] - 139 	 206.6 	 	 38.6 	 	 0.0100 	 0.3857 	 0.9233 	 0.9382 	 	 0.6230 	 	 0.5696 	 0.8320 	 1.4016 	 	 0.4987
[2022/05/28 11:15:50] - 140 	 206.6 	 	 38.6 	 	 0.0100 	 0.3798 	 0.9239 	 0.9325 	 	 0.6277 	 	 0.5491 	 0.8325 	 1.4494 	 	 0.4908
[2022/05/28 11:19:55] - 141 	 206.5 	 	 38.6 	 	 0.0100 	 0.3794 	 0.9248 	 0.9333 	 	 0.6270 	 	 0.5643 	 0.8282 	 1.4063 	 	 0.4995
[2022/05/28 11:24:01] - 142 	 206.5 	 	 38.6 	 	 0.0100 	 0.3763 	 0.9265 	 0.9316 	 	 0.6273 	 	 0.5556 	 0.8307 	 1.4821 	 	 0.4815
[2022/05/28 11:28:06] - 143 	 206.5 	 	 38.6 	 	 0.0100 	 0.3717 	 0.9271 	 0.9243 	 	 0.6303 	 	 0.5633 	 0.8236 	 1.4994 	 	 0.4814
[2022/05/28 11:32:11] - 144 	 206.6 	 	 38.7 	 	 0.0100 	 0.3704 	 0.9292 	 0.9262 	 	 0.6316 	 	 0.5771 	 0.8256 	 1.4347 	 	 0.4924
[2022/05/28 11:36:16] - 145 	 206.6 	 	 38.6 	 	 0.0100 	 0.3662 	 0.9298 	 0.9212 	 	 0.6311 	 	 0.5617 	 0.8280 	 1.4097 	 	 0.5008
[2022/05/28 11:40:21] - 146 	 206.6 	 	 38.6 	 	 0.0100 	 0.3660 	 0.9296 	 0.9167 	 	 0.6317 	 	 0.5647 	 0.8290 	 1.4640 	 	 0.4961
[2022/05/28 11:44:27] - 147 	 206.5 	 	 38.6 	 	 0.0100 	 0.3620 	 0.9314 	 0.9146 	 	 0.6321 	 	 0.5763 	 0.8288 	 1.4142 	 	 0.5012
[2022/05/28 11:48:32] - 148 	 206.5 	 	 38.6 	 	 0.0100 	 0.3549 	 0.9317 	 0.9066 	 	 0.6361 	 	 0.5787 	 0.8215 	 1.4342 	 	 0.4895
[2022/05/28 11:52:37] - 149 	 206.5 	 	 38.6 	 	 0.0010 	 0.3532 	 0.9333 	 0.9045 	 	 0.6333 	 	 0.5665 	 0.8189 	 1.4340 	 	 0.4956
[2022/05/28 11:56:43] - 150 	 206.5 	 	 38.7 	 	 0.0010 	 0.3220 	 0.9395 	 0.7799 	 	 0.6884 	 	 0.5137 	 0.8438 	 1.4334 	 	 0.5052
[2022/05/28 12:00:48] - 151 	 206.5 	 	 38.6 	 	 0.0010 	 0.2859 	 0.9489 	 0.7287 	 	 0.7067 	 	 0.4978 	 0.8487 	 1.4770 	 	 0.4991
[2022/05/28 12:04:53] - 152 	 206.9 	 	 38.6 	 	 0.0010 	 0.2703 	 0.9511 	 0.7075 	 	 0.7144 	 	 0.4893 	 0.8503 	 1.4853 	 	 0.4970
[2022/05/28 12:08:58] - 153 	 206.6 	 	 38.6 	 	 0.0010 	 0.2594 	 0.9537 	 0.6904 	 	 0.7214 	 	 0.4940 	 0.8470 	 1.4760 	 	 0.5052
[2022/05/28 12:13:04] - 154 	 206.5 	 	 38.6 	 	 0.0010 	 0.2512 	 0.9557 	 0.6809 	 	 0.7222 	 	 0.4883 	 0.8506 	 1.4932 	 	 0.4972
[2022/05/28 12:17:09] - 155 	 206.6 	 	 38.6 	 	 0.0010 	 0.2458 	 0.9570 	 0.6705 	 	 0.7261 	 	 0.5185 	 0.8390 	 1.4723 	 	 0.5007
[2022/05/28 12:21:14] - 156 	 206.5 	 	 38.6 	 	 0.0010 	 0.2390 	 0.9595 	 0.6614 	 	 0.7293 	 	 0.5003 	 0.8444 	 1.5010 	 	 0.5003
[2022/05/28 12:25:19] - 157 	 206.5 	 	 38.7 	 	 0.0010 	 0.2347 	 0.9584 	 0.6556 	 	 0.7318 	 	 0.5008 	 0.8443 	 1.5244 	 	 0.4973
[2022/05/28 12:29:24] - 158 	 206.7 	 	 38.6 	 	 0.0010 	 0.2300 	 0.9612 	 0.6462 	 	 0.7353 	 	 0.4908 	 0.8495 	 1.5533 	 	 0.4950
[2022/05/28 12:33:30] - 159 	 206.5 	 	 38.6 	 	 0.0010 	 0.2250 	 0.9619 	 0.6400 	 	 0.7362 	 	 0.5103 	 0.8449 	 1.5775 	 	 0.4900
[2022/05/28 12:37:35] - 160 	 206.5 	 	 38.8 	 	 0.0010 	 0.2211 	 0.9627 	 0.6334 	 	 0.7393 	 	 0.4926 	 0.8466 	 1.6063 	 	 0.4882
[2022/05/28 12:41:40] - 161 	 206.5 	 	 38.6 	 	 0.0010 	 0.2168 	 0.9640 	 0.6286 	 	 0.7431 	 	 0.4986 	 0.8441 	 1.6910 	 	 0.4769
[2022/05/28 12:45:46] - 162 	 206.6 	 	 38.7 	 	 0.0010 	 0.2134 	 0.9648 	 0.6209 	 	 0.7443 	 	 0.4730 	 0.8523 	 1.6731 	 	 0.4853
[2022/05/28 12:49:51] - 163 	 206.5 	 	 38.6 	 	 0.0010 	 0.2107 	 0.9652 	 0.6187 	 	 0.7455 	 	 0.4799 	 0.8490 	 1.7431 	 	 0.4735
[2022/05/28 12:53:56] - 164 	 206.5 	 	 38.6 	 	 0.0010 	 0.2079 	 0.9661 	 0.6132 	 	 0.7465 	 	 0.4778 	 0.8474 	 1.6043 	 	 0.4866
[2022/05/28 12:58:01] - 165 	 206.6 	 	 38.7 	 	 0.0010 	 0.2030 	 0.9672 	 0.6083 	 	 0.7501 	 	 0.4821 	 0.8510 	 1.6710 	 	 0.4831
[2022/05/28 13:02:06] - 166 	 206.5 	 	 38.6 	 	 0.0010 	 0.2006 	 0.9674 	 0.6019 	 	 0.7519 	 	 0.4841 	 0.8472 	 1.6061 	 	 0.4957
[2022/05/28 13:06:11] - 167 	 206.5 	 	 38.6 	 	 0.0010 	 0.1991 	 0.9676 	 0.5998 	 	 0.7525 	 	 0.4921 	 0.8455 	 1.6051 	 	 0.4934
[2022/05/28 13:10:17] - 168 	 206.6 	 	 38.6 	 	 0.0010 	 0.1953 	 0.9683 	 0.5946 	 	 0.7553 	 	 0.5006 	 0.8456 	 1.5970 	 	 0.4868
[2022/05/28 13:14:22] - 169 	 206.5 	 	 38.6 	 	 0.0010 	 0.1923 	 0.9690 	 0.5903 	 	 0.7558 	 	 0.4834 	 0.8480 	 1.6718 	 	 0.4858
[2022/05/28 13:18:27] - 170 	 206.7 	 	 38.6 	 	 0.0010 	 0.1906 	 0.9698 	 0.5854 	 	 0.7578 	 	 0.5044 	 0.8403 	 1.6537 	 	 0.4894
[2022/05/28 13:22:33] - 171 	 206.6 	 	 38.6 	 	 0.0010 	 0.1879 	 0.9706 	 0.5811 	 	 0.7592 	 	 0.4787 	 0.8523 	 1.7089 	 	 0.4774
[2022/05/28 13:26:38] - 172 	 206.6 	 	 38.6 	 	 0.0010 	 0.1855 	 0.9716 	 0.5785 	 	 0.7605 	 	 0.4989 	 0.8469 	 1.6428 	 	 0.4828
[2022/05/28 13:30:43] - 173 	 206.6 	 	 38.6 	 	 0.0010 	 0.1829 	 0.9717 	 0.5748 	 	 0.7615 	 	 0.4795 	 0.8522 	 1.7469 	 	 0.4700
[2022/05/28 13:34:48] - 174 	 206.7 	 	 38.6 	 	 0.0010 	 0.1797 	 0.9724 	 0.5707 	 	 0.7633 	 	 0.4944 	 0.8471 	 1.7166 	 	 0.4774
[2022/05/28 13:38:54] - 175 	 206.5 	 	 38.6 	 	 0.0010 	 0.1790 	 0.9719 	 0.5680 	 	 0.7670 	 	 0.4963 	 0.8479 	 1.6734 	 	 0.4828
[2022/05/28 13:42:59] - 176 	 206.6 	 	 38.7 	 	 0.0010 	 0.1754 	 0.9729 	 0.5646 	 	 0.7664 	 	 0.4873 	 0.8483 	 1.7721 	 	 0.4747
[2022/05/28 13:47:04] - 177 	 206.6 	 	 38.6 	 	 0.0010 	 0.1750 	 0.9737 	 0.5622 	 	 0.7685 	 	 0.4771 	 0.8515 	 1.7140 	 	 0.4796
[2022/05/28 13:51:09] - 178 	 206.6 	 	 38.6 	 	 0.0010 	 0.1719 	 0.9744 	 0.5579 	 	 0.7691 	 	 0.4987 	 0.8393 	 1.7386 	 	 0.4753
[2022/05/28 13:55:14] - 179 	 206.7 	 	 38.6 	 	 0.0010 	 0.1702 	 0.9743 	 0.5556 	 	 0.7696 	 	 0.4983 	 0.8427 	 1.6993 	 	 0.4814
[2022/05/28 13:59:20] - 180 	 206.6 	 	 38.7 	 	 0.0010 	 0.1680 	 0.9751 	 0.5526 	 	 0.7708 	 	 0.4903 	 0.8410 	 1.7946 	 	 0.4738
[2022/05/28 14:03:25] - 181 	 206.7 	 	 38.6 	 	 0.0010 	 0.1667 	 0.9753 	 0.5481 	 	 0.7713 	 	 0.5025 	 0.8491 	 1.6467 	 	 0.4852
[2022/05/28 14:07:31] - 182 	 206.6 	 	 38.6 	 	 0.0010 	 0.1656 	 0.9764 	 0.5485 	 	 0.7729 	 	 0.4926 	 0.8499 	 1.7131 	 	 0.4770
[2022/05/28 14:11:36] - 183 	 206.8 	 	 38.6 	 	 0.0010 	 0.1637 	 0.9759 	 0.5425 	 	 0.7770 	 	 0.4820 	 0.8500 	 1.7777 	 	 0.4705
[2022/05/28 14:15:41] - 184 	 206.6 	 	 38.6 	 	 0.0010 	 0.1603 	 0.9763 	 0.5374 	 	 0.7769 	 	 0.5099 	 0.8370 	 1.8094 	 	 0.4698
[2022/05/28 14:19:46] - 185 	 206.5 	 	 38.6 	 	 0.0010 	 0.1588 	 0.9759 	 0.5364 	 	 0.7776 	 	 0.4765 	 0.8470 	 1.8813 	 	 0.4612
[2022/05/28 14:23:52] - 186 	 206.6 	 	 38.6 	 	 0.0010 	 0.1570 	 0.9772 	 0.5334 	 	 0.7782 	 	 0.4968 	 0.8436 	 1.7514 	 	 0.4774
[2022/05/28 14:27:57] - 187 	 206.6 	 	 38.6 	 	 0.0010 	 0.1546 	 0.9770 	 0.5302 	 	 0.7803 	 	 0.4941 	 0.8446 	 1.8147 	 	 0.4737
[2022/05/28 14:32:02] - 188 	 206.5 	 	 38.6 	 	 0.0010 	 0.1542 	 0.9784 	 0.5312 	 	 0.7795 	 	 0.4861 	 0.8456 	 1.7421 	 	 0.4782
[2022/05/28 14:36:07] - 189 	 206.6 	 	 38.6 	 	 0.0010 	 0.1517 	 0.9786 	 0.5239 	 	 0.7829 	 	 0.4847 	 0.8453 	 1.8005 	 	 0.4719
[2022/05/28 14:40:13] - 190 	 206.5 	 	 38.7 	 	 0.0010 	 0.1502 	 0.9787 	 0.5232 	 	 0.7830 	 	 0.4865 	 0.8466 	 1.8269 	 	 0.4715
[2022/05/28 14:44:18] - 191 	 206.6 	 	 38.6 	 	 0.0010 	 0.1492 	 0.9789 	 0.5216 	 	 0.7819 	 	 0.4853 	 0.8485 	 1.7946 	 	 0.4746
[2022/05/28 14:48:23] - 192 	 206.5 	 	 38.6 	 	 0.0010 	 0.1473 	 0.9793 	 0.5194 	 	 0.7839 	 	 0.4951 	 0.8453 	 1.9579 	 	 0.4592
[2022/05/28 14:52:28] - 193 	 206.6 	 	 38.6 	 	 0.0010 	 0.1439 	 0.9807 	 0.5146 	 	 0.7859 	 	 0.4854 	 0.8450 	 1.9217 	 	 0.4642
[2022/05/28 14:56:34] - 194 	 206.6 	 	 38.6 	 	 0.0010 	 0.1437 	 0.9796 	 0.5109 	 	 0.7881 	 	 0.4948 	 0.8426 	 1.8036 	 	 0.4728
[2022/05/28 15:00:39] - 195 	 206.6 	 	 38.6 	 	 0.0010 	 0.1415 	 0.9808 	 0.5080 	 	 0.7889 	 	 0.4880 	 0.8476 	 1.8161 	 	 0.4730
[2022/05/28 15:04:44] - 196 	 206.6 	 	 38.6 	 	 0.0010 	 0.1407 	 0.9811 	 0.5083 	 	 0.7883 	 	 0.4924 	 0.8435 	 1.8383 	 	 0.4672
[2022/05/28 15:08:49] - 197 	 206.5 	 	 38.6 	 	 0.0010 	 0.1384 	 0.9816 	 0.5038 	 	 0.7899 	 	 0.4897 	 0.8434 	 1.9147 	 	 0.4646
[2022/05/28 15:12:55] - 198 	 206.6 	 	 38.6 	 	 0.0010 	 0.1368 	 0.9821 	 0.5003 	 	 0.7923 	 	 0.4806 	 0.8479 	 1.9301 	 	 0.4623
[2022/05/28 15:17:00] - 199 	 206.5 	 	 38.6 	 	 0.0010 	 0.1370 	 0.9819 	 0.5023 	 	 0.7926 	 	 0.4901 	 0.8452 	 1.9066 	 	 0.4612
