[2022/05/28 01:43:14] - Namespace(attack='pgd', attack_iters=10, batch_size=128, chkpt_iters=10, cutout=False, cutout_len=None, data_dir='../cifar-data', epochs=200, epsilon=8, eval=False, fgsm_alpha=1.0, fgsm_init='random', fname='experiments/cifar10_l2/preactresnet18_50', half=False, l1=0, l2=50.0, lr_drop_epoch=100, lr_max=0.1, lr_one_drop=0.01, lr_schedule='piecewise', mixup=False, mixup_alpha=None, model='PreActResNet18', norm='l_inf', pgd_alpha=2, restarts=1, resume=0, seed=0, val=False, width_factor=10)
[2022/05/28 01:43:18] - Epoch 	 Train Time 	 Test Time 	 LR 	 	 Train Loss 	 Train Acc 	 Train Robust Loss 	 Train Robust Acc 	 Test Loss 	 Test Acc 	 Test Robust Loss 	 Test Robust Acc
[2022/05/28 01:47:24] - 0 	 207.8 	 	 38.5 	 	 0.1000 	 nan 	 0.1001 	 nan 	 	 0.0982 	 	 nan 	 0.1000 	 nan 	 	 0.1000
[2022/05/28 01:51:29] - 1 	 205.8 	 	 38.5 	 	 0.1000 	 nan 	 0.1000 	 nan 	 	 0.1000 	 	 nan 	 0.1000 	 nan 	 	 0.1000
[2022/05/28 01:55:33] - 2 	 205.8 	 	 38.5 	 	 0.1000 	 nan 	 0.1000 	 nan 	 	 0.1000 	 	 nan 	 0.1000 	 nan 	 	 0.1000
[2022/05/28 01:59:38] - 3 	 206.1 	 	 38.6 	 	 0.1000 	 nan 	 0.1000 	 nan 	 	 0.1000 	 	 nan 	 0.1000 	 nan 	 	 0.1000
[2022/05/28 02:03:42] - 4 	 205.7 	 	 38.5 	 	 0.1000 	 nan 	 0.1000 	 nan 	 	 0.1000 	 	 nan 	 0.1000 	 nan 	 	 0.1000
[2022/05/28 02:07:46] - 5 	 205.8 	 	 38.5 	 	 0.1000 	 nan 	 0.1000 	 nan 	 	 0.1000 	 	 nan 	 0.1000 	 nan 	 	 0.1000
[2022/05/28 02:11:51] - 6 	 205.8 	 	 38.5 	 	 0.1000 	 nan 	 0.1000 	 nan 	 	 0.1000 	 	 nan 	 0.1000 	 nan 	 	 0.1000
[2022/05/28 02:15:55] - 7 	 205.7 	 	 38.5 	 	 0.1000 	 nan 	 0.1000 	 nan 	 	 0.1000 	 	 nan 	 0.1000 	 nan 	 	 0.1000
[2022/05/28 02:19:59] - 8 	 205.9 	 	 38.5 	 	 0.1000 	 nan 	 0.1000 	 nan 	 	 0.1000 	 	 nan 	 0.1000 	 nan 	 	 0.1000
[2022/05/28 02:24:03] - 9 	 205.8 	 	 38.5 	 	 0.1000 	 nan 	 0.1000 	 nan 	 	 0.1000 	 	 nan 	 0.1000 	 nan 	 	 0.1000
[2022/05/28 02:28:08] - 10 	 205.8 	 	 38.5 	 	 0.1000 	 nan 	 0.1000 	 nan 	 	 0.1000 	 	 nan 	 0.1000 	 nan 	 	 0.1000
[2022/05/28 02:32:13] - 11 	 205.9 	 	 38.5 	 	 0.1000 	 nan 	 0.1000 	 nan 	 	 0.1000 	 	 nan 	 0.1000 	 nan 	 	 0.1000
[2022/05/28 02:36:17] - 12 	 206.0 	 	 38.6 	 	 0.1000 	 nan 	 0.1000 	 nan 	 	 0.1000 	 	 nan 	 0.1000 	 nan 	 	 0.1000
[2022/05/28 02:40:21] - 13 	 205.8 	 	 38.5 	 	 0.1000 	 nan 	 0.1000 	 nan 	 	 0.1000 	 	 nan 	 0.1000 	 nan 	 	 0.1000
[2022/05/28 02:44:26] - 14 	 205.9 	 	 38.5 	 	 0.1000 	 nan 	 0.1000 	 nan 	 	 0.1000 	 	 nan 	 0.1000 	 nan 	 	 0.1000
[2022/05/28 02:48:30] - 15 	 205.8 	 	 38.5 	 	 0.1000 	 nan 	 0.1000 	 nan 	 	 0.1000 	 	 nan 	 0.1000 	 nan 	 	 0.1000
[2022/05/28 02:52:35] - 16 	 205.8 	 	 38.6 	 	 0.1000 	 nan 	 0.1000 	 nan 	 	 0.1000 	 	 nan 	 0.1000 	 nan 	 	 0.1000
[2022/05/28 02:56:39] - 17 	 206.0 	 	 38.5 	 	 0.1000 	 nan 	 0.1000 	 nan 	 	 0.1000 	 	 nan 	 0.1000 	 nan 	 	 0.1000
[2022/05/28 03:00:44] - 18 	 205.9 	 	 38.6 	 	 0.1000 	 nan 	 0.1000 	 nan 	 	 0.1000 	 	 nan 	 0.1000 	 nan 	 	 0.1000
[2022/05/28 03:04:48] - 19 	 205.8 	 	 38.5 	 	 0.1000 	 nan 	 0.1000 	 nan 	 	 0.1000 	 	 nan 	 0.1000 	 nan 	 	 0.1000
[2022/05/28 03:08:53] - 20 	 206.2 	 	 38.5 	 	 0.1000 	 nan 	 0.1000 	 nan 	 	 0.1000 	 	 nan 	 0.1000 	 nan 	 	 0.1000
[2022/05/28 03:12:58] - 21 	 206.0 	 	 38.5 	 	 0.1000 	 nan 	 0.1000 	 nan 	 	 0.1000 	 	 nan 	 0.1000 	 nan 	 	 0.1000
[2022/05/28 03:17:02] - 22 	 205.9 	 	 38.5 	 	 0.1000 	 nan 	 0.1000 	 nan 	 	 0.1000 	 	 nan 	 0.1000 	 nan 	 	 0.1000
[2022/05/28 03:21:06] - 23 	 205.9 	 	 38.5 	 	 0.1000 	 nan 	 0.1000 	 nan 	 	 0.1000 	 	 nan 	 0.1000 	 nan 	 	 0.1000
[2022/05/28 03:25:11] - 24 	 205.8 	 	 38.5 	 	 0.1000 	 nan 	 0.1000 	 nan 	 	 0.1000 	 	 nan 	 0.1000 	 nan 	 	 0.1000
[2022/05/28 03:29:15] - 25 	 205.9 	 	 38.5 	 	 0.1000 	 nan 	 0.1000 	 nan 	 	 0.1000 	 	 nan 	 0.1000 	 nan 	 	 0.1000
[2022/05/28 03:33:20] - 26 	 205.9 	 	 38.5 	 	 0.1000 	 nan 	 0.1000 	 nan 	 	 0.1000 	 	 nan 	 0.1000 	 nan 	 	 0.1000
[2022/05/28 03:37:24] - 27 	 205.9 	 	 38.5 	 	 0.1000 	 nan 	 0.1000 	 nan 	 	 0.1000 	 	 nan 	 0.1000 	 nan 	 	 0.1000
[2022/05/28 03:41:28] - 28 	 205.8 	 	 38.5 	 	 0.1000 	 nan 	 0.1000 	 nan 	 	 0.1000 	 	 nan 	 0.1000 	 nan 	 	 0.1000
[2022/05/28 03:45:33] - 29 	 205.9 	 	 38.5 	 	 0.1000 	 nan 	 0.1000 	 nan 	 	 0.1000 	 	 nan 	 0.1000 	 nan 	 	 0.1000
[2022/05/28 03:49:38] - 30 	 205.8 	 	 38.5 	 	 0.1000 	 nan 	 0.1000 	 nan 	 	 0.1000 	 	 nan 	 0.1000 	 nan 	 	 0.1000
[2022/05/28 03:53:42] - 31 	 205.8 	 	 38.5 	 	 0.1000 	 nan 	 0.1000 	 nan 	 	 0.1000 	 	 nan 	 0.1000 	 nan 	 	 0.1000
[2022/05/28 03:57:46] - 32 	 205.9 	 	 38.5 	 	 0.1000 	 nan 	 0.1000 	 nan 	 	 0.1000 	 	 nan 	 0.1000 	 nan 	 	 0.1000
[2022/05/28 04:01:51] - 33 	 206.0 	 	 38.5 	 	 0.1000 	 nan 	 0.1000 	 nan 	 	 0.1000 	 	 nan 	 0.1000 	 nan 	 	 0.1000
[2022/05/28 04:05:55] - 34 	 205.8 	 	 38.5 	 	 0.1000 	 nan 	 0.1000 	 nan 	 	 0.1000 	 	 nan 	 0.1000 	 nan 	 	 0.1000
[2022/05/28 04:09:59] - 35 	 205.8 	 	 38.5 	 	 0.1000 	 nan 	 0.1000 	 nan 	 	 0.1000 	 	 nan 	 0.1000 	 nan 	 	 0.1000
[2022/05/28 04:14:04] - 36 	 205.8 	 	 38.5 	 	 0.1000 	 nan 	 0.1000 	 nan 	 	 0.1000 	 	 nan 	 0.1000 	 nan 	 	 0.1000
[2022/05/28 04:18:08] - 37 	 205.8 	 	 38.5 	 	 0.1000 	 nan 	 0.1000 	 nan 	 	 0.1000 	 	 nan 	 0.1000 	 nan 	 	 0.1000
[2022/05/28 04:22:12] - 38 	 205.7 	 	 38.5 	 	 0.1000 	 nan 	 0.1000 	 nan 	 	 0.1000 	 	 nan 	 0.1000 	 nan 	 	 0.1000
[2022/05/28 04:26:17] - 39 	 205.9 	 	 38.5 	 	 0.1000 	 nan 	 0.1000 	 nan 	 	 0.1000 	 	 nan 	 0.1000 	 nan 	 	 0.1000
[2022/05/28 04:30:22] - 40 	 206.0 	 	 38.5 	 	 0.1000 	 nan 	 0.1000 	 nan 	 	 0.1000 	 	 nan 	 0.1000 	 nan 	 	 0.1000
[2022/05/28 04:34:26] - 41 	 205.9 	 	 38.5 	 	 0.1000 	 nan 	 0.1000 	 nan 	 	 0.1000 	 	 nan 	 0.1000 	 nan 	 	 0.1000
[2022/05/28 04:38:31] - 42 	 205.9 	 	 38.5 	 	 0.1000 	 nan 	 0.1000 	 nan 	 	 0.1000 	 	 nan 	 0.1000 	 nan 	 	 0.1000
[2022/05/28 04:42:35] - 43 	 205.8 	 	 38.5 	 	 0.1000 	 nan 	 0.1000 	 nan 	 	 0.1000 	 	 nan 	 0.1000 	 nan 	 	 0.1000
[2022/05/28 04:46:39] - 44 	 206.0 	 	 38.5 	 	 0.1000 	 nan 	 0.1000 	 nan 	 	 0.1000 	 	 nan 	 0.1000 	 nan 	 	 0.1000
[2022/05/28 04:50:44] - 45 	 205.9 	 	 38.5 	 	 0.1000 	 nan 	 0.1000 	 nan 	 	 0.1000 	 	 nan 	 0.1000 	 nan 	 	 0.1000
[2022/05/28 04:54:48] - 46 	 205.8 	 	 38.5 	 	 0.1000 	 nan 	 0.1000 	 nan 	 	 0.1000 	 	 nan 	 0.1000 	 nan 	 	 0.1000
[2022/05/28 04:58:53] - 47 	 205.9 	 	 38.5 	 	 0.1000 	 nan 	 0.1000 	 nan 	 	 0.1000 	 	 nan 	 0.1000 	 nan 	 	 0.1000
[2022/05/28 05:02:57] - 48 	 205.9 	 	 38.5 	 	 0.1000 	 nan 	 0.1000 	 nan 	 	 0.1000 	 	 nan 	 0.1000 	 nan 	 	 0.1000
[2022/05/28 05:07:01] - 49 	 205.9 	 	 38.5 	 	 0.1000 	 nan 	 0.1000 	 nan 	 	 0.1000 	 	 nan 	 0.1000 	 nan 	 	 0.1000
[2022/05/28 05:11:06] - 50 	 205.9 	 	 38.5 	 	 0.1000 	 nan 	 0.1000 	 nan 	 	 0.1000 	 	 nan 	 0.1000 	 nan 	 	 0.1000
[2022/05/28 05:15:10] - 51 	 205.8 	 	 38.5 	 	 0.1000 	 nan 	 0.1000 	 nan 	 	 0.1000 	 	 nan 	 0.1000 	 nan 	 	 0.1000
[2022/05/28 05:19:15] - 52 	 205.9 	 	 38.5 	 	 0.1000 	 nan 	 0.1000 	 nan 	 	 0.1000 	 	 nan 	 0.1000 	 nan 	 	 0.1000
[2022/05/28 05:23:19] - 53 	 205.8 	 	 38.5 	 	 0.1000 	 nan 	 0.1000 	 nan 	 	 0.1000 	 	 nan 	 0.1000 	 nan 	 	 0.1000
[2022/05/28 05:27:24] - 54 	 206.1 	 	 38.5 	 	 0.1000 	 nan 	 0.1000 	 nan 	 	 0.1000 	 	 nan 	 0.1000 	 nan 	 	 0.1000
[2022/05/28 05:31:28] - 55 	 206.0 	 	 38.5 	 	 0.1000 	 nan 	 0.1000 	 nan 	 	 0.1000 	 	 nan 	 0.1000 	 nan 	 	 0.1000
[2022/05/28 05:35:33] - 56 	 205.8 	 	 38.5 	 	 0.1000 	 nan 	 0.1000 	 nan 	 	 0.1000 	 	 nan 	 0.1000 	 nan 	 	 0.1000
[2022/05/28 05:39:37] - 57 	 206.1 	 	 38.5 	 	 0.1000 	 nan 	 0.1000 	 nan 	 	 0.1000 	 	 nan 	 0.1000 	 nan 	 	 0.1000
[2022/05/28 05:43:42] - 58 	 205.8 	 	 38.5 	 	 0.1000 	 nan 	 0.1000 	 nan 	 	 0.1000 	 	 nan 	 0.1000 	 nan 	 	 0.1000
[2022/05/28 05:47:46] - 59 	 205.8 	 	 38.5 	 	 0.1000 	 nan 	 0.1000 	 nan 	 	 0.1000 	 	 nan 	 0.1000 	 nan 	 	 0.1000
[2022/05/28 05:51:51] - 60 	 205.8 	 	 38.5 	 	 0.1000 	 nan 	 0.1000 	 nan 	 	 0.1000 	 	 nan 	 0.1000 	 nan 	 	 0.1000
[2022/05/28 05:55:55] - 61 	 205.9 	 	 38.6 	 	 0.1000 	 nan 	 0.1000 	 nan 	 	 0.1000 	 	 nan 	 0.1000 	 nan 	 	 0.1000
[2022/05/28 06:00:00] - 62 	 205.9 	 	 38.5 	 	 0.1000 	 nan 	 0.1000 	 nan 	 	 0.1000 	 	 nan 	 0.1000 	 nan 	 	 0.1000
[2022/05/28 06:04:04] - 63 	 206.4 	 	 38.5 	 	 0.1000 	 nan 	 0.1000 	 nan 	 	 0.1000 	 	 nan 	 0.1000 	 nan 	 	 0.1000
[2022/05/28 06:08:09] - 64 	 206.0 	 	 38.6 	 	 0.1000 	 nan 	 0.1000 	 nan 	 	 0.1000 	 	 nan 	 0.1000 	 nan 	 	 0.1000
[2022/05/28 06:12:13] - 65 	 205.9 	 	 38.5 	 	 0.1000 	 nan 	 0.1000 	 nan 	 	 0.1000 	 	 nan 	 0.1000 	 nan 	 	 0.1000
[2022/05/28 06:16:18] - 66 	 206.0 	 	 38.5 	 	 0.1000 	 nan 	 0.1000 	 nan 	 	 0.1000 	 	 nan 	 0.1000 	 nan 	 	 0.1000
[2022/05/28 06:20:22] - 67 	 206.0 	 	 38.5 	 	 0.1000 	 nan 	 0.1000 	 nan 	 	 0.1000 	 	 nan 	 0.1000 	 nan 	 	 0.1000
[2022/05/28 06:24:27] - 68 	 205.8 	 	 38.5 	 	 0.1000 	 nan 	 0.1000 	 nan 	 	 0.1000 	 	 nan 	 0.1000 	 nan 	 	 0.1000
[2022/05/28 06:28:31] - 69 	 205.7 	 	 38.5 	 	 0.1000 	 nan 	 0.1000 	 nan 	 	 0.1000 	 	 nan 	 0.1000 	 nan 	 	 0.1000
[2022/05/28 06:32:36] - 70 	 205.8 	 	 38.5 	 	 0.1000 	 nan 	 0.1000 	 nan 	 	 0.1000 	 	 nan 	 0.1000 	 nan 	 	 0.1000
[2022/05/28 06:36:40] - 71 	 205.7 	 	 38.5 	 	 0.1000 	 nan 	 0.1000 	 nan 	 	 0.1000 	 	 nan 	 0.1000 	 nan 	 	 0.1000
[2022/05/28 06:40:44] - 72 	 205.8 	 	 38.5 	 	 0.1000 	 nan 	 0.1000 	 nan 	 	 0.1000 	 	 nan 	 0.1000 	 nan 	 	 0.1000
[2022/05/28 06:44:49] - 73 	 205.8 	 	 38.5 	 	 0.1000 	 nan 	 0.1000 	 nan 	 	 0.1000 	 	 nan 	 0.1000 	 nan 	 	 0.1000
[2022/05/28 06:48:53] - 74 	 205.7 	 	 38.5 	 	 0.1000 	 nan 	 0.1000 	 nan 	 	 0.1000 	 	 nan 	 0.1000 	 nan 	 	 0.1000
[2022/05/28 06:52:57] - 75 	 205.8 	 	 38.5 	 	 0.1000 	 nan 	 0.1000 	 nan 	 	 0.1000 	 	 nan 	 0.1000 	 nan 	 	 0.1000
[2022/05/28 06:57:02] - 76 	 205.8 	 	 38.6 	 	 0.1000 	 nan 	 0.1000 	 nan 	 	 0.1000 	 	 nan 	 0.1000 	 nan 	 	 0.1000
[2022/05/28 07:01:06] - 77 	 205.8 	 	 38.5 	 	 0.1000 	 nan 	 0.1000 	 nan 	 	 0.1000 	 	 nan 	 0.1000 	 nan 	 	 0.1000
[2022/05/28 07:05:10] - 78 	 205.8 	 	 38.5 	 	 0.1000 	 nan 	 0.1000 	 nan 	 	 0.1000 	 	 nan 	 0.1000 	 nan 	 	 0.1000
[2022/05/28 07:09:15] - 79 	 205.8 	 	 38.5 	 	 0.1000 	 nan 	 0.1000 	 nan 	 	 0.1000 	 	 nan 	 0.1000 	 nan 	 	 0.1000
[2022/05/28 07:13:19] - 80 	 205.8 	 	 38.5 	 	 0.1000 	 nan 	 0.1000 	 nan 	 	 0.1000 	 	 nan 	 0.1000 	 nan 	 	 0.1000
[2022/05/28 07:17:24] - 81 	 205.8 	 	 38.5 	 	 0.1000 	 nan 	 0.1000 	 nan 	 	 0.1000 	 	 nan 	 0.1000 	 nan 	 	 0.1000
[2022/05/28 07:21:28] - 82 	 205.7 	 	 38.5 	 	 0.1000 	 nan 	 0.1000 	 nan 	 	 0.1000 	 	 nan 	 0.1000 	 nan 	 	 0.1000
[2022/05/28 07:25:32] - 83 	 205.8 	 	 38.5 	 	 0.1000 	 nan 	 0.1000 	 nan 	 	 0.1000 	 	 nan 	 0.1000 	 nan 	 	 0.1000
[2022/05/28 07:29:36] - 84 	 205.7 	 	 38.5 	 	 0.1000 	 nan 	 0.1000 	 nan 	 	 0.1000 	 	 nan 	 0.1000 	 nan 	 	 0.1000
[2022/05/28 07:33:41] - 85 	 205.8 	 	 38.5 	 	 0.1000 	 nan 	 0.1000 	 nan 	 	 0.1000 	 	 nan 	 0.1000 	 nan 	 	 0.1000
[2022/05/28 07:37:45] - 86 	 205.8 	 	 38.5 	 	 0.1000 	 nan 	 0.1000 	 nan 	 	 0.1000 	 	 nan 	 0.1000 	 nan 	 	 0.1000
[2022/05/28 07:41:49] - 87 	 205.8 	 	 38.5 	 	 0.1000 	 nan 	 0.1000 	 nan 	 	 0.1000 	 	 nan 	 0.1000 	 nan 	 	 0.1000
[2022/05/28 07:45:54] - 88 	 205.8 	 	 38.6 	 	 0.1000 	 nan 	 0.1000 	 nan 	 	 0.1000 	 	 nan 	 0.1000 	 nan 	 	 0.1000
[2022/05/28 07:49:58] - 89 	 205.8 	 	 38.5 	 	 0.1000 	 nan 	 0.1000 	 nan 	 	 0.1000 	 	 nan 	 0.1000 	 nan 	 	 0.1000
[2022/05/28 07:54:03] - 90 	 205.8 	 	 38.5 	 	 0.1000 	 nan 	 0.1000 	 nan 	 	 0.1000 	 	 nan 	 0.1000 	 nan 	 	 0.1000
[2022/05/28 07:58:07] - 91 	 205.8 	 	 38.5 	 	 0.1000 	 nan 	 0.1000 	 nan 	 	 0.1000 	 	 nan 	 0.1000 	 nan 	 	 0.1000
[2022/05/28 08:02:11] - 92 	 205.8 	 	 38.5 	 	 0.1000 	 nan 	 0.1000 	 nan 	 	 0.1000 	 	 nan 	 0.1000 	 nan 	 	 0.1000
[2022/05/28 08:06:16] - 93 	 205.8 	 	 38.5 	 	 0.1000 	 nan 	 0.1000 	 nan 	 	 0.1000 	 	 nan 	 0.1000 	 nan 	 	 0.1000
[2022/05/28 08:10:20] - 94 	 205.8 	 	 38.5 	 	 0.1000 	 nan 	 0.1000 	 nan 	 	 0.1000 	 	 nan 	 0.1000 	 nan 	 	 0.1000
[2022/05/28 08:14:24] - 95 	 205.8 	 	 38.5 	 	 0.1000 	 nan 	 0.1000 	 nan 	 	 0.1000 	 	 nan 	 0.1000 	 nan 	 	 0.1000
[2022/05/28 08:18:29] - 96 	 205.8 	 	 38.5 	 	 0.1000 	 nan 	 0.1000 	 nan 	 	 0.1000 	 	 nan 	 0.1000 	 nan 	 	 0.1000
[2022/05/28 08:22:33] - 97 	 205.9 	 	 38.5 	 	 0.1000 	 nan 	 0.1000 	 nan 	 	 0.1000 	 	 nan 	 0.1000 	 nan 	 	 0.1000
[2022/05/28 08:26:37] - 98 	 205.7 	 	 38.5 	 	 0.1000 	 nan 	 0.1000 	 nan 	 	 0.1000 	 	 nan 	 0.1000 	 nan 	 	 0.1000
[2022/05/28 08:30:42] - 99 	 205.8 	 	 38.5 	 	 0.0100 	 nan 	 0.1000 	 nan 	 	 0.1000 	 	 nan 	 0.1000 	 nan 	 	 0.1000
[2022/05/28 08:34:46] - 100 	 205.8 	 	 38.5 	 	 0.0100 	 nan 	 0.1000 	 nan 	 	 0.1000 	 	 nan 	 0.1000 	 nan 	 	 0.1000
[2022/05/28 08:38:51] - 101 	 205.7 	 	 38.5 	 	 0.0100 	 nan 	 0.1000 	 nan 	 	 0.1000 	 	 nan 	 0.1000 	 nan 	 	 0.1000
[2022/05/28 08:42:55] - 102 	 205.6 	 	 38.5 	 	 0.0100 	 nan 	 0.1000 	 nan 	 	 0.1000 	 	 nan 	 0.1000 	 nan 	 	 0.1000
[2022/05/28 08:46:59] - 103 	 205.6 	 	 38.5 	 	 0.0100 	 nan 	 0.1000 	 nan 	 	 0.1000 	 	 nan 	 0.1000 	 nan 	 	 0.1000
[2022/05/28 08:51:03] - 104 	 205.7 	 	 38.5 	 	 0.0100 	 nan 	 0.1000 	 nan 	 	 0.1000 	 	 nan 	 0.1000 	 nan 	 	 0.1000
[2022/05/28 08:55:07] - 105 	 205.7 	 	 38.5 	 	 0.0100 	 nan 	 0.1000 	 nan 	 	 0.1000 	 	 nan 	 0.1000 	 nan 	 	 0.1000
[2022/05/28 08:59:12] - 106 	 205.7 	 	 38.5 	 	 0.0100 	 nan 	 0.1000 	 nan 	 	 0.1000 	 	 nan 	 0.1000 	 nan 	 	 0.1000
[2022/05/28 09:03:16] - 107 	 205.7 	 	 38.5 	 	 0.0100 	 nan 	 0.1000 	 nan 	 	 0.1000 	 	 nan 	 0.1000 	 nan 	 	 0.1000
[2022/05/28 09:07:20] - 108 	 205.7 	 	 38.5 	 	 0.0100 	 nan 	 0.1000 	 nan 	 	 0.1000 	 	 nan 	 0.1000 	 nan 	 	 0.1000
[2022/05/28 09:11:24] - 109 	 205.7 	 	 38.5 	 	 0.0100 	 nan 	 0.1000 	 nan 	 	 0.1000 	 	 nan 	 0.1000 	 nan 	 	 0.1000
[2022/05/28 09:15:29] - 110 	 205.6 	 	 38.5 	 	 0.0100 	 nan 	 0.1000 	 nan 	 	 0.1000 	 	 nan 	 0.1000 	 nan 	 	 0.1000
[2022/05/28 09:19:33] - 111 	 205.7 	 	 38.5 	 	 0.0100 	 nan 	 0.1000 	 nan 	 	 0.1000 	 	 nan 	 0.1000 	 nan 	 	 0.1000
[2022/05/28 09:23:37] - 112 	 205.7 	 	 38.5 	 	 0.0100 	 nan 	 0.1000 	 nan 	 	 0.1000 	 	 nan 	 0.1000 	 nan 	 	 0.1000
[2022/05/28 09:27:41] - 113 	 205.7 	 	 38.5 	 	 0.0100 	 nan 	 0.1000 	 nan 	 	 0.1000 	 	 nan 	 0.1000 	 nan 	 	 0.1000
[2022/05/28 09:31:46] - 114 	 205.7 	 	 38.5 	 	 0.0100 	 nan 	 0.1000 	 nan 	 	 0.1000 	 	 nan 	 0.1000 	 nan 	 	 0.1000
[2022/05/28 09:35:50] - 115 	 205.7 	 	 38.5 	 	 0.0100 	 nan 	 0.1000 	 nan 	 	 0.1000 	 	 nan 	 0.1000 	 nan 	 	 0.1000
[2022/05/28 09:39:54] - 116 	 205.7 	 	 38.5 	 	 0.0100 	 nan 	 0.1000 	 nan 	 	 0.1000 	 	 nan 	 0.1000 	 nan 	 	 0.1000
[2022/05/28 09:43:58] - 117 	 205.7 	 	 38.5 	 	 0.0100 	 nan 	 0.1000 	 nan 	 	 0.1000 	 	 nan 	 0.1000 	 nan 	 	 0.1000
[2022/05/28 09:48:02] - 118 	 205.7 	 	 38.5 	 	 0.0100 	 nan 	 0.1000 	 nan 	 	 0.1000 	 	 nan 	 0.1000 	 nan 	 	 0.1000
[2022/05/28 09:52:07] - 119 	 205.7 	 	 38.5 	 	 0.0100 	 nan 	 0.1000 	 nan 	 	 0.1000 	 	 nan 	 0.1000 	 nan 	 	 0.1000
[2022/05/28 09:56:11] - 120 	 205.6 	 	 38.5 	 	 0.0100 	 nan 	 0.1000 	 nan 	 	 0.1000 	 	 nan 	 0.1000 	 nan 	 	 0.1000
[2022/05/28 10:00:15] - 121 	 205.8 	 	 38.5 	 	 0.0100 	 nan 	 0.1000 	 nan 	 	 0.1000 	 	 nan 	 0.1000 	 nan 	 	 0.1000
[2022/05/28 10:04:20] - 122 	 205.7 	 	 38.5 	 	 0.0100 	 nan 	 0.1000 	 nan 	 	 0.1000 	 	 nan 	 0.1000 	 nan 	 	 0.1000
[2022/05/28 10:08:24] - 123 	 205.7 	 	 38.5 	 	 0.0100 	 nan 	 0.1000 	 nan 	 	 0.1000 	 	 nan 	 0.1000 	 nan 	 	 0.1000
[2022/05/28 10:12:28] - 124 	 205.7 	 	 38.5 	 	 0.0100 	 nan 	 0.1000 	 nan 	 	 0.1000 	 	 nan 	 0.1000 	 nan 	 	 0.1000
[2022/05/28 10:16:32] - 125 	 205.7 	 	 38.5 	 	 0.0100 	 nan 	 0.1000 	 nan 	 	 0.1000 	 	 nan 	 0.1000 	 nan 	 	 0.1000
[2022/05/28 10:20:36] - 126 	 205.7 	 	 38.5 	 	 0.0100 	 nan 	 0.1000 	 nan 	 	 0.1000 	 	 nan 	 0.1000 	 nan 	 	 0.1000
[2022/05/28 10:24:40] - 127 	 205.6 	 	 38.5 	 	 0.0100 	 nan 	 0.1000 	 nan 	 	 0.1000 	 	 nan 	 0.1000 	 nan 	 	 0.1000
[2022/05/28 10:28:45] - 128 	 205.7 	 	 38.5 	 	 0.0100 	 nan 	 0.1000 	 nan 	 	 0.1000 	 	 nan 	 0.1000 	 nan 	 	 0.1000
[2022/05/28 10:32:49] - 129 	 205.7 	 	 38.5 	 	 0.0100 	 nan 	 0.1000 	 nan 	 	 0.1000 	 	 nan 	 0.1000 	 nan 	 	 0.1000
[2022/05/28 10:36:53] - 130 	 205.7 	 	 38.5 	 	 0.0100 	 nan 	 0.1000 	 nan 	 	 0.1000 	 	 nan 	 0.1000 	 nan 	 	 0.1000
[2022/05/28 10:40:58] - 131 	 205.6 	 	 38.5 	 	 0.0100 	 nan 	 0.1000 	 nan 	 	 0.1000 	 	 nan 	 0.1000 	 nan 	 	 0.1000
[2022/05/28 10:45:02] - 132 	 205.6 	 	 38.5 	 	 0.0100 	 nan 	 0.1000 	 nan 	 	 0.1000 	 	 nan 	 0.1000 	 nan 	 	 0.1000
[2022/05/28 10:49:06] - 133 	 205.7 	 	 38.5 	 	 0.0100 	 nan 	 0.1000 	 nan 	 	 0.1000 	 	 nan 	 0.1000 	 nan 	 	 0.1000
[2022/05/28 10:53:10] - 134 	 205.7 	 	 38.5 	 	 0.0100 	 nan 	 0.1000 	 nan 	 	 0.1000 	 	 nan 	 0.1000 	 nan 	 	 0.1000
[2022/05/28 10:57:14] - 135 	 205.7 	 	 38.5 	 	 0.0100 	 nan 	 0.1000 	 nan 	 	 0.1000 	 	 nan 	 0.1000 	 nan 	 	 0.1000
[2022/05/28 11:01:18] - 136 	 205.7 	 	 38.5 	 	 0.0100 	 nan 	 0.1000 	 nan 	 	 0.1000 	 	 nan 	 0.1000 	 nan 	 	 0.1000
[2022/05/28 11:05:23] - 137 	 205.6 	 	 38.5 	 	 0.0100 	 nan 	 0.1000 	 nan 	 	 0.1000 	 	 nan 	 0.1000 	 nan 	 	 0.1000
[2022/05/28 11:09:27] - 138 	 205.7 	 	 38.5 	 	 0.0100 	 nan 	 0.1000 	 nan 	 	 0.1000 	 	 nan 	 0.1000 	 nan 	 	 0.1000
[2022/05/28 11:13:31] - 139 	 205.7 	 	 38.5 	 	 0.0100 	 nan 	 0.1000 	 nan 	 	 0.1000 	 	 nan 	 0.1000 	 nan 	 	 0.1000
[2022/05/28 11:17:36] - 140 	 205.7 	 	 38.5 	 	 0.0100 	 nan 	 0.1000 	 nan 	 	 0.1000 	 	 nan 	 0.1000 	 nan 	 	 0.1000
[2022/05/28 11:21:40] - 141 	 205.7 	 	 38.5 	 	 0.0100 	 nan 	 0.1000 	 nan 	 	 0.1000 	 	 nan 	 0.1000 	 nan 	 	 0.1000
[2022/05/28 11:25:44] - 142 	 205.6 	 	 38.5 	 	 0.0100 	 nan 	 0.1000 	 nan 	 	 0.1000 	 	 nan 	 0.1000 	 nan 	 	 0.1000
[2022/05/28 11:29:48] - 143 	 205.7 	 	 38.5 	 	 0.0100 	 nan 	 0.1000 	 nan 	 	 0.1000 	 	 nan 	 0.1000 	 nan 	 	 0.1000
[2022/05/28 11:33:52] - 144 	 205.7 	 	 38.5 	 	 0.0100 	 nan 	 0.1000 	 nan 	 	 0.1000 	 	 nan 	 0.1000 	 nan 	 	 0.1000
[2022/05/28 11:37:56] - 145 	 205.6 	 	 38.5 	 	 0.0100 	 nan 	 0.1000 	 nan 	 	 0.1000 	 	 nan 	 0.1000 	 nan 	 	 0.1000
[2022/05/28 11:42:01] - 146 	 205.6 	 	 38.5 	 	 0.0100 	 nan 	 0.1000 	 nan 	 	 0.1000 	 	 nan 	 0.1000 	 nan 	 	 0.1000
[2022/05/28 11:46:05] - 147 	 205.7 	 	 38.5 	 	 0.0100 	 nan 	 0.1000 	 nan 	 	 0.1000 	 	 nan 	 0.1000 	 nan 	 	 0.1000
[2022/05/28 11:50:09] - 148 	 205.7 	 	 38.5 	 	 0.0100 	 nan 	 0.1000 	 nan 	 	 0.1000 	 	 nan 	 0.1000 	 nan 	 	 0.1000
[2022/05/28 11:54:13] - 149 	 205.7 	 	 38.5 	 	 0.0010 	 nan 	 0.1000 	 nan 	 	 0.1000 	 	 nan 	 0.1000 	 nan 	 	 0.1000
[2022/05/28 11:58:18] - 150 	 205.7 	 	 38.5 	 	 0.0010 	 nan 	 0.1000 	 nan 	 	 0.1000 	 	 nan 	 0.1000 	 nan 	 	 0.1000
[2022/05/28 12:02:22] - 151 	 205.6 	 	 38.5 	 	 0.0010 	 nan 	 0.1000 	 nan 	 	 0.1000 	 	 nan 	 0.1000 	 nan 	 	 0.1000
[2022/05/28 12:06:26] - 152 	 205.6 	 	 38.5 	 	 0.0010 	 nan 	 0.1000 	 nan 	 	 0.1000 	 	 nan 	 0.1000 	 nan 	 	 0.1000
[2022/05/28 12:10:30] - 153 	 205.7 	 	 38.5 	 	 0.0010 	 nan 	 0.1000 	 nan 	 	 0.1000 	 	 nan 	 0.1000 	 nan 	 	 0.1000
[2022/05/28 12:14:34] - 154 	 205.6 	 	 38.5 	 	 0.0010 	 nan 	 0.1000 	 nan 	 	 0.1000 	 	 nan 	 0.1000 	 nan 	 	 0.1000
[2022/05/28 12:18:39] - 155 	 205.7 	 	 38.5 	 	 0.0010 	 nan 	 0.1000 	 nan 	 	 0.1000 	 	 nan 	 0.1000 	 nan 	 	 0.1000
[2022/05/28 12:22:43] - 156 	 205.7 	 	 38.5 	 	 0.0010 	 nan 	 0.1000 	 nan 	 	 0.1000 	 	 nan 	 0.1000 	 nan 	 	 0.1000
[2022/05/28 12:26:47] - 157 	 205.6 	 	 38.5 	 	 0.0010 	 nan 	 0.1000 	 nan 	 	 0.1000 	 	 nan 	 0.1000 	 nan 	 	 0.1000
[2022/05/28 12:30:51] - 158 	 205.8 	 	 38.5 	 	 0.0010 	 nan 	 0.1000 	 nan 	 	 0.1000 	 	 nan 	 0.1000 	 nan 	 	 0.1000
[2022/05/28 12:34:55] - 159 	 205.7 	 	 38.5 	 	 0.0010 	 nan 	 0.1000 	 nan 	 	 0.1000 	 	 nan 	 0.1000 	 nan 	 	 0.1000
[2022/05/28 12:39:00] - 160 	 205.7 	 	 38.5 	 	 0.0010 	 nan 	 0.1000 	 nan 	 	 0.1000 	 	 nan 	 0.1000 	 nan 	 	 0.1000
[2022/05/28 12:43:04] - 161 	 205.6 	 	 38.5 	 	 0.0010 	 nan 	 0.1000 	 nan 	 	 0.1000 	 	 nan 	 0.1000 	 nan 	 	 0.1000
[2022/05/28 12:47:08] - 162 	 205.7 	 	 38.5 	 	 0.0010 	 nan 	 0.1000 	 nan 	 	 0.1000 	 	 nan 	 0.1000 	 nan 	 	 0.1000
[2022/05/28 12:51:12] - 163 	 205.6 	 	 38.5 	 	 0.0010 	 nan 	 0.1000 	 nan 	 	 0.1000 	 	 nan 	 0.1000 	 nan 	 	 0.1000
[2022/05/28 12:55:16] - 164 	 205.7 	 	 38.5 	 	 0.0010 	 nan 	 0.1000 	 nan 	 	 0.1000 	 	 nan 	 0.1000 	 nan 	 	 0.1000
[2022/05/28 12:59:21] - 165 	 205.7 	 	 38.5 	 	 0.0010 	 nan 	 0.1000 	 nan 	 	 0.1000 	 	 nan 	 0.1000 	 nan 	 	 0.1000
[2022/05/28 13:03:25] - 166 	 205.7 	 	 38.5 	 	 0.0010 	 nan 	 0.1000 	 nan 	 	 0.1000 	 	 nan 	 0.1000 	 nan 	 	 0.1000
[2022/05/28 13:07:29] - 167 	 205.7 	 	 38.5 	 	 0.0010 	 nan 	 0.1000 	 nan 	 	 0.1000 	 	 nan 	 0.1000 	 nan 	 	 0.1000
[2022/05/28 13:11:33] - 168 	 205.6 	 	 38.5 	 	 0.0010 	 nan 	 0.1000 	 nan 	 	 0.1000 	 	 nan 	 0.1000 	 nan 	 	 0.1000
[2022/05/28 13:15:37] - 169 	 205.6 	 	 38.5 	 	 0.0010 	 nan 	 0.1000 	 nan 	 	 0.1000 	 	 nan 	 0.1000 	 nan 	 	 0.1000
[2022/05/28 13:19:42] - 170 	 205.7 	 	 38.5 	 	 0.0010 	 nan 	 0.1000 	 nan 	 	 0.1000 	 	 nan 	 0.1000 	 nan 	 	 0.1000
[2022/05/28 13:23:46] - 171 	 205.7 	 	 38.5 	 	 0.0010 	 nan 	 0.1000 	 nan 	 	 0.1000 	 	 nan 	 0.1000 	 nan 	 	 0.1000
[2022/05/28 13:27:50] - 172 	 205.7 	 	 38.5 	 	 0.0010 	 nan 	 0.1000 	 nan 	 	 0.1000 	 	 nan 	 0.1000 	 nan 	 	 0.1000
[2022/05/28 13:31:54] - 173 	 205.6 	 	 38.5 	 	 0.0010 	 nan 	 0.1000 	 nan 	 	 0.1000 	 	 nan 	 0.1000 	 nan 	 	 0.1000
[2022/05/28 13:35:59] - 174 	 205.6 	 	 38.5 	 	 0.0010 	 nan 	 0.1000 	 nan 	 	 0.1000 	 	 nan 	 0.1000 	 nan 	 	 0.1000
[2022/05/28 13:40:03] - 175 	 205.7 	 	 38.5 	 	 0.0010 	 nan 	 0.1000 	 nan 	 	 0.1000 	 	 nan 	 0.1000 	 nan 	 	 0.1000
[2022/05/28 13:44:07] - 176 	 205.6 	 	 38.5 	 	 0.0010 	 nan 	 0.1000 	 nan 	 	 0.1000 	 	 nan 	 0.1000 	 nan 	 	 0.1000
[2022/05/28 13:48:11] - 177 	 205.6 	 	 38.5 	 	 0.0010 	 nan 	 0.1000 	 nan 	 	 0.1000 	 	 nan 	 0.1000 	 nan 	 	 0.1000
[2022/05/28 13:52:15] - 178 	 205.6 	 	 38.5 	 	 0.0010 	 nan 	 0.1000 	 nan 	 	 0.1000 	 	 nan 	 0.1000 	 nan 	 	 0.1000
[2022/05/28 13:56:19] - 179 	 205.7 	 	 38.5 	 	 0.0010 	 nan 	 0.1000 	 nan 	 	 0.1000 	 	 nan 	 0.1000 	 nan 	 	 0.1000
[2022/05/28 14:00:24] - 180 	 205.7 	 	 38.5 	 	 0.0010 	 nan 	 0.1000 	 nan 	 	 0.1000 	 	 nan 	 0.1000 	 nan 	 	 0.1000
[2022/05/28 14:04:28] - 181 	 205.8 	 	 38.5 	 	 0.0010 	 nan 	 0.1000 	 nan 	 	 0.1000 	 	 nan 	 0.1000 	 nan 	 	 0.1000
[2022/05/28 14:08:32] - 182 	 205.6 	 	 38.5 	 	 0.0010 	 nan 	 0.1000 	 nan 	 	 0.1000 	 	 nan 	 0.1000 	 nan 	 	 0.1000
[2022/05/28 14:12:36] - 183 	 205.7 	 	 38.5 	 	 0.0010 	 nan 	 0.1000 	 nan 	 	 0.1000 	 	 nan 	 0.1000 	 nan 	 	 0.1000
[2022/05/28 14:16:41] - 184 	 205.7 	 	 38.5 	 	 0.0010 	 nan 	 0.1000 	 nan 	 	 0.1000 	 	 nan 	 0.1000 	 nan 	 	 0.1000
[2022/05/28 14:20:45] - 185 	 205.6 	 	 38.5 	 	 0.0010 	 nan 	 0.1000 	 nan 	 	 0.1000 	 	 nan 	 0.1000 	 nan 	 	 0.1000
[2022/05/28 14:24:49] - 186 	 205.7 	 	 38.5 	 	 0.0010 	 nan 	 0.1000 	 nan 	 	 0.1000 	 	 nan 	 0.1000 	 nan 	 	 0.1000
[2022/05/28 14:28:53] - 187 	 205.7 	 	 38.5 	 	 0.0010 	 nan 	 0.1000 	 nan 	 	 0.1000 	 	 nan 	 0.1000 	 nan 	 	 0.1000
[2022/05/28 14:32:57] - 188 	 205.6 	 	 38.5 	 	 0.0010 	 nan 	 0.1000 	 nan 	 	 0.1000 	 	 nan 	 0.1000 	 nan 	 	 0.1000
[2022/05/28 14:37:02] - 189 	 205.7 	 	 38.5 	 	 0.0010 	 nan 	 0.1000 	 nan 	 	 0.1000 	 	 nan 	 0.1000 	 nan 	 	 0.1000
[2022/05/28 14:41:06] - 190 	 205.7 	 	 38.5 	 	 0.0010 	 nan 	 0.1000 	 nan 	 	 0.1000 	 	 nan 	 0.1000 	 nan 	 	 0.1000
[2022/05/28 14:45:10] - 191 	 205.7 	 	 38.5 	 	 0.0010 	 nan 	 0.1000 	 nan 	 	 0.1000 	 	 nan 	 0.1000 	 nan 	 	 0.1000
[2022/05/28 14:49:15] - 192 	 205.6 	 	 38.5 	 	 0.0010 	 nan 	 0.1000 	 nan 	 	 0.1000 	 	 nan 	 0.1000 	 nan 	 	 0.1000
[2022/05/28 14:53:19] - 193 	 205.7 	 	 38.5 	 	 0.0010 	 nan 	 0.1000 	 nan 	 	 0.1000 	 	 nan 	 0.1000 	 nan 	 	 0.1000
[2022/05/28 14:57:23] - 194 	 205.7 	 	 38.5 	 	 0.0010 	 nan 	 0.1000 	 nan 	 	 0.1000 	 	 nan 	 0.1000 	 nan 	 	 0.1000
[2022/05/28 15:01:27] - 195 	 205.6 	 	 38.5 	 	 0.0010 	 nan 	 0.1000 	 nan 	 	 0.1000 	 	 nan 	 0.1000 	 nan 	 	 0.1000
[2022/05/28 15:05:31] - 196 	 205.6 	 	 38.5 	 	 0.0010 	 nan 	 0.1000 	 nan 	 	 0.1000 	 	 nan 	 0.1000 	 nan 	 	 0.1000
[2022/05/28 15:09:35] - 197 	 205.7 	 	 38.5 	 	 0.0010 	 nan 	 0.1000 	 nan 	 	 0.1000 	 	 nan 	 0.1000 	 nan 	 	 0.1000
[2022/05/28 15:13:40] - 198 	 205.7 	 	 38.5 	 	 0.0010 	 nan 	 0.1000 	 nan 	 	 0.1000 	 	 nan 	 0.1000 	 nan 	 	 0.1000
[2022/05/28 15:17:44] - 199 	 205.7 	 	 38.5 	 	 0.0010 	 nan 	 0.1000 	 nan 	 	 0.1000 	 	 nan 	 0.1000 	 nan 	 	 0.1000
