[2022/05/27 01:17:30] - Namespace(attack='pgd', attack_iters=10, batch_size=128, chkpt_iters=10, cutout=True, cutout_len=10, data_dir='../cifar-data', epochs=200, epsilon=8, eval=False, fgsm_alpha=1.0, fgsm_init='random', fname='experiments/cifar10_cutout/preactresnet18_10', half=False, l1=0, l2=0, lr_drop_epoch=100, lr_max=0.1, lr_one_drop=0.01, lr_schedule='piecewise', mixup=False, mixup_alpha=None, model='PreActResNet18', norm='l_inf', pgd_alpha=2, restarts=1, resume=0, seed=0, val=False, width_factor=10)
[2022/05/27 01:20:53] - Epoch 	 Train Time 	 Test Time 	 LR 	 	 Train Loss 	 Train Acc 	 Train Robust Loss 	 Train Robust Acc 	 Test Loss 	 Test Acc 	 Test Robust Loss 	 Test Robust Acc
[2022/05/27 01:25:00] - 0 	 208.2 	 	 38.6 	 	 0.1000 	 2.0428 	 0.2491 	 2.1895 	 	 0.1862 	 	 1.8651 	 0.3153 	 2.0838 	 	 0.2273
[2022/05/27 01:29:06] - 1 	 206.7 	 	 38.7 	 	 0.1000 	 1.7984 	 0.3521 	 2.0365 	 	 0.2402 	 	 1.6651 	 0.4024 	 1.9150 	 	 0.2714
[2022/05/27 01:33:11] - 2 	 206.7 	 	 38.7 	 	 0.1000 	 1.6949 	 0.3967 	 1.9721 	 	 0.2601 	 	 1.6274 	 0.4156 	 1.8801 	 	 0.2907
[2022/05/27 01:37:17] - 3 	 206.7 	 	 38.7 	 	 0.1000 	 1.6002 	 0.4382 	 1.9130 	 	 0.2820 	 	 1.4851 	 0.4772 	 1.8127 	 	 0.3126
[2022/05/27 01:41:22] - 4 	 206.6 	 	 38.7 	 	 0.1000 	 1.5319 	 0.4682 	 1.8726 	 	 0.2967 	 	 1.3888 	 0.5138 	 1.7589 	 	 0.3387
[2022/05/27 01:45:28] - 5 	 206.4 	 	 38.6 	 	 0.1000 	 1.4604 	 0.5007 	 1.8281 	 	 0.3131 	 	 1.3306 	 0.5585 	 1.7100 	 	 0.3447
[2022/05/27 01:49:32] - 6 	 205.8 	 	 38.6 	 	 0.1000 	 1.4049 	 0.5287 	 1.7938 	 	 0.3264 	 	 1.3206 	 0.5619 	 1.7148 	 	 0.3653
[2022/05/27 01:53:37] - 7 	 205.9 	 	 38.5 	 	 0.1000 	 1.3581 	 0.5488 	 1.7654 	 	 0.3342 	 	 1.2839 	 0.5703 	 1.6618 	 	 0.3766
[2022/05/27 01:57:41] - 8 	 205.8 	 	 38.6 	 	 0.1000 	 1.3171 	 0.5666 	 1.7377 	 	 0.3417 	 	 1.2631 	 0.5828 	 1.6660 	 	 0.3668
[2022/05/27 02:01:46] - 9 	 205.8 	 	 38.5 	 	 0.1000 	 1.2900 	 0.5803 	 1.7236 	 	 0.3509 	 	 1.1974 	 0.6106 	 1.6025 	 	 0.3992
[2022/05/27 02:05:51] - 10 	 205.9 	 	 38.5 	 	 0.1000 	 1.2622 	 0.5931 	 1.7073 	 	 0.3557 	 	 1.2000 	 0.6160 	 1.6038 	 	 0.4128
[2022/05/27 02:09:55] - 11 	 205.8 	 	 38.6 	 	 0.1000 	 1.2436 	 0.6003 	 1.6973 	 	 0.3602 	 	 1.1296 	 0.6211 	 1.5892 	 	 0.4052
[2022/05/27 02:14:00] - 12 	 206.1 	 	 38.5 	 	 0.1000 	 1.2246 	 0.6100 	 1.6843 	 	 0.3635 	 	 1.1428 	 0.6445 	 1.5787 	 	 0.4068
[2022/05/27 02:18:04] - 13 	 205.8 	 	 38.5 	 	 0.1000 	 1.2035 	 0.6231 	 1.6702 	 	 0.3707 	 	 1.0738 	 0.6449 	 1.5480 	 	 0.4100
[2022/05/27 02:22:09] - 14 	 205.8 	 	 38.5 	 	 0.1000 	 1.1831 	 0.6288 	 1.6570 	 	 0.3752 	 	 1.1222 	 0.6366 	 1.5680 	 	 0.4071
[2022/05/27 02:26:13] - 15 	 205.8 	 	 38.6 	 	 0.1000 	 1.1711 	 0.6359 	 1.6486 	 	 0.3780 	 	 1.0907 	 0.6436 	 1.5570 	 	 0.4156
[2022/05/27 02:30:18] - 16 	 205.8 	 	 38.5 	 	 0.1000 	 1.1563 	 0.6423 	 1.6384 	 	 0.3817 	 	 1.0791 	 0.6545 	 1.5402 	 	 0.4197
[2022/05/27 02:34:22] - 17 	 205.8 	 	 38.6 	 	 0.1000 	 1.1475 	 0.6439 	 1.6347 	 	 0.3815 	 	 1.0893 	 0.6295 	 1.5490 	 	 0.4091
[2022/05/27 02:38:27] - 18 	 205.8 	 	 38.5 	 	 0.1000 	 1.1312 	 0.6506 	 1.6225 	 	 0.3869 	 	 1.0688 	 0.6248 	 1.5583 	 	 0.4120
[2022/05/27 02:42:31] - 19 	 205.8 	 	 38.5 	 	 0.1000 	 1.1205 	 0.6568 	 1.6155 	 	 0.3879 	 	 1.0663 	 0.6424 	 1.5442 	 	 0.4176
[2022/05/27 02:46:36] - 20 	 206.0 	 	 38.5 	 	 0.1000 	 1.1138 	 0.6590 	 1.6095 	 	 0.3905 	 	 0.9987 	 0.6584 	 1.5051 	 	 0.4318
[2022/05/27 02:50:40] - 21 	 205.9 	 	 38.5 	 	 0.1000 	 1.1040 	 0.6632 	 1.6051 	 	 0.3923 	 	 1.0506 	 0.6692 	 1.5137 	 	 0.4373
[2022/05/27 02:54:45] - 22 	 205.9 	 	 38.6 	 	 0.1000 	 1.0958 	 0.6683 	 1.5987 	 	 0.3962 	 	 1.0277 	 0.6746 	 1.4989 	 	 0.4395
[2022/05/27 02:58:50] - 23 	 205.9 	 	 38.6 	 	 0.1000 	 1.0877 	 0.6691 	 1.5931 	 	 0.3983 	 	 0.9931 	 0.6837 	 1.5108 	 	 0.4363
[2022/05/27 03:02:54] - 24 	 205.8 	 	 38.6 	 	 0.1000 	 1.0846 	 0.6728 	 1.5920 	 	 0.3985 	 	 0.9911 	 0.6716 	 1.5094 	 	 0.4328
[2022/05/27 03:06:59] - 25 	 205.9 	 	 38.6 	 	 0.1000 	 1.0763 	 0.6771 	 1.5866 	 	 0.4004 	 	 1.0021 	 0.6902 	 1.5140 	 	 0.4277
[2022/05/27 03:11:03] - 26 	 205.9 	 	 38.6 	 	 0.1000 	 1.0693 	 0.6778 	 1.5819 	 	 0.3992 	 	 1.0093 	 0.6633 	 1.5159 	 	 0.4283
[2022/05/27 03:15:08] - 27 	 206.1 	 	 38.6 	 	 0.1000 	 1.0679 	 0.6787 	 1.5812 	 	 0.4011 	 	 0.9831 	 0.6918 	 1.5026 	 	 0.4398
[2022/05/27 03:19:13] - 28 	 206.2 	 	 38.6 	 	 0.1000 	 1.0627 	 0.6820 	 1.5752 	 	 0.4045 	 	 0.9670 	 0.7014 	 1.4910 	 	 0.4308
[2022/05/27 03:23:17] - 29 	 205.9 	 	 38.6 	 	 0.1000 	 1.0586 	 0.6839 	 1.5729 	 	 0.4047 	 	 0.9630 	 0.6844 	 1.4785 	 	 0.4463
[2022/05/27 03:27:22] - 30 	 205.8 	 	 38.6 	 	 0.1000 	 1.0546 	 0.6843 	 1.5708 	 	 0.4077 	 	 0.9584 	 0.6958 	 1.5181 	 	 0.4385
[2022/05/27 03:31:27] - 31 	 205.8 	 	 38.6 	 	 0.1000 	 1.0444 	 0.6907 	 1.5643 	 	 0.4070 	 	 1.0352 	 0.6968 	 1.4894 	 	 0.4589
[2022/05/27 03:35:31] - 32 	 205.8 	 	 38.5 	 	 0.1000 	 1.0412 	 0.6909 	 1.5620 	 	 0.4097 	 	 0.9789 	 0.7019 	 1.4718 	 	 0.4458
[2022/05/27 03:39:36] - 33 	 205.8 	 	 38.5 	 	 0.1000 	 1.0367 	 0.6936 	 1.5563 	 	 0.4106 	 	 1.0075 	 0.6792 	 1.5157 	 	 0.4313
[2022/05/27 03:43:40] - 34 	 205.9 	 	 38.5 	 	 0.1000 	 1.0357 	 0.6930 	 1.5580 	 	 0.4091 	 	 1.0177 	 0.6712 	 1.5074 	 	 0.4299
[2022/05/27 03:47:45] - 35 	 205.8 	 	 38.5 	 	 0.1000 	 1.0366 	 0.6909 	 1.5581 	 	 0.4096 	 	 0.9283 	 0.7042 	 1.4666 	 	 0.4454
[2022/05/27 03:51:49] - 36 	 205.9 	 	 38.6 	 	 0.1000 	 1.0312 	 0.6952 	 1.5552 	 	 0.4134 	 	 1.0236 	 0.6733 	 1.5064 	 	 0.4368
[2022/05/27 03:55:53] - 37 	 205.9 	 	 38.6 	 	 0.1000 	 1.0346 	 0.6933 	 1.5581 	 	 0.4099 	 	 0.9989 	 0.7016 	 1.4810 	 	 0.4535
[2022/05/27 03:59:58] - 38 	 205.8 	 	 38.6 	 	 0.1000 	 1.0212 	 0.7021 	 1.5479 	 	 0.4130 	 	 0.9849 	 0.6760 	 1.4823 	 	 0.4447
[2022/05/27 04:04:02] - 39 	 205.8 	 	 38.5 	 	 0.1000 	 1.0257 	 0.6969 	 1.5526 	 	 0.4128 	 	 0.9789 	 0.7190 	 1.4820 	 	 0.4473
[2022/05/27 04:08:07] - 40 	 205.8 	 	 38.5 	 	 0.1000 	 1.0203 	 0.6998 	 1.5476 	 	 0.4145 	 	 0.9590 	 0.6998 	 1.4844 	 	 0.4418
[2022/05/27 04:12:12] - 41 	 206.0 	 	 38.6 	 	 0.1000 	 1.0169 	 0.7039 	 1.5461 	 	 0.4163 	 	 0.9698 	 0.7133 	 1.4807 	 	 0.4437
[2022/05/27 04:16:16] - 42 	 205.9 	 	 38.6 	 	 0.1000 	 1.0124 	 0.7044 	 1.5418 	 	 0.4171 	 	 0.9612 	 0.6921 	 1.4881 	 	 0.4435
[2022/05/27 04:20:20] - 43 	 205.9 	 	 38.6 	 	 0.1000 	 1.0117 	 0.7037 	 1.5421 	 	 0.4148 	 	 0.9236 	 0.7201 	 1.4668 	 	 0.4462
[2022/05/27 04:24:25] - 44 	 205.9 	 	 38.6 	 	 0.1000 	 1.0118 	 0.7023 	 1.5441 	 	 0.4160 	 	 0.9201 	 0.7147 	 1.4482 	 	 0.4548
[2022/05/27 04:28:29] - 45 	 205.9 	 	 38.6 	 	 0.1000 	 1.0093 	 0.7029 	 1.5388 	 	 0.4199 	 	 0.9689 	 0.6892 	 1.4672 	 	 0.4534
[2022/05/27 04:32:34] - 46 	 205.8 	 	 38.5 	 	 0.1000 	 1.0062 	 0.7052 	 1.5383 	 	 0.4149 	 	 0.9448 	 0.7182 	 1.4771 	 	 0.4430
[2022/05/27 04:36:38] - 47 	 205.9 	 	 38.5 	 	 0.1000 	 1.0092 	 0.7053 	 1.5407 	 	 0.4168 	 	 0.9871 	 0.6849 	 1.4958 	 	 0.4410
[2022/05/27 04:40:42] - 48 	 205.9 	 	 38.5 	 	 0.1000 	 1.0091 	 0.7052 	 1.5404 	 	 0.4188 	 	 0.9486 	 0.6947 	 1.4577 	 	 0.4440
[2022/05/27 04:44:47] - 49 	 205.8 	 	 38.6 	 	 0.1000 	 1.0064 	 0.7070 	 1.5380 	 	 0.4183 	 	 0.9235 	 0.6737 	 1.4626 	 	 0.4466
[2022/05/27 04:48:52] - 50 	 205.8 	 	 38.5 	 	 0.1000 	 1.0019 	 0.7091 	 1.5353 	 	 0.4167 	 	 0.9070 	 0.7205 	 1.4570 	 	 0.4551
[2022/05/27 04:52:56] - 51 	 205.8 	 	 38.6 	 	 0.1000 	 0.9964 	 0.7104 	 1.5328 	 	 0.4190 	 	 0.9718 	 0.6935 	 1.4780 	 	 0.4485
[2022/05/27 04:57:00] - 52 	 205.9 	 	 38.6 	 	 0.1000 	 0.9981 	 0.7099 	 1.5339 	 	 0.4193 	 	 0.9169 	 0.7235 	 1.4439 	 	 0.4582
[2022/05/27 05:01:05] - 53 	 205.9 	 	 38.6 	 	 0.1000 	 0.9953 	 0.7104 	 1.5307 	 	 0.4202 	 	 0.9157 	 0.7188 	 1.4736 	 	 0.4497
[2022/05/27 05:05:09] - 54 	 205.8 	 	 38.5 	 	 0.1000 	 0.9970 	 0.7115 	 1.5316 	 	 0.4184 	 	 0.9179 	 0.7006 	 1.4630 	 	 0.4531
[2022/05/27 05:09:14] - 55 	 205.9 	 	 38.6 	 	 0.1000 	 0.9953 	 0.7121 	 1.5288 	 	 0.4218 	 	 0.9222 	 0.7180 	 1.4552 	 	 0.4545
[2022/05/27 05:13:18] - 56 	 205.9 	 	 38.6 	 	 0.1000 	 0.9865 	 0.7134 	 1.5236 	 	 0.4222 	 	 0.9328 	 0.7130 	 1.4435 	 	 0.4549
[2022/05/27 05:17:23] - 57 	 205.9 	 	 38.6 	 	 0.1000 	 0.9918 	 0.7130 	 1.5294 	 	 0.4211 	 	 0.9251 	 0.7201 	 1.4451 	 	 0.4573
[2022/05/27 05:21:27] - 58 	 205.9 	 	 38.6 	 	 0.1000 	 0.9904 	 0.7124 	 1.5268 	 	 0.4222 	 	 0.9361 	 0.6904 	 1.4679 	 	 0.4508
[2022/05/27 05:25:31] - 59 	 205.8 	 	 38.6 	 	 0.1000 	 0.9875 	 0.7114 	 1.5247 	 	 0.4232 	 	 0.9251 	 0.7116 	 1.4762 	 	 0.4469
[2022/05/27 05:29:36] - 60 	 205.9 	 	 38.6 	 	 0.1000 	 0.9896 	 0.7125 	 1.5257 	 	 0.4229 	 	 0.9339 	 0.7026 	 1.4590 	 	 0.4507
[2022/05/27 05:33:41] - 61 	 205.8 	 	 38.5 	 	 0.1000 	 0.9879 	 0.7135 	 1.5249 	 	 0.4219 	 	 0.9285 	 0.7147 	 1.4450 	 	 0.4582
[2022/05/27 05:37:45] - 62 	 205.7 	 	 38.6 	 	 0.1000 	 0.9892 	 0.7122 	 1.5259 	 	 0.4232 	 	 0.9275 	 0.7104 	 1.4495 	 	 0.4556
[2022/05/27 05:41:49] - 63 	 205.8 	 	 38.6 	 	 0.1000 	 0.9831 	 0.7161 	 1.5238 	 	 0.4254 	 	 0.9660 	 0.7106 	 1.4702 	 	 0.4438
[2022/05/27 05:45:54] - 64 	 205.8 	 	 38.6 	 	 0.1000 	 0.9824 	 0.7182 	 1.5222 	 	 0.4232 	 	 0.9157 	 0.7166 	 1.4739 	 	 0.4457
[2022/05/27 05:49:58] - 65 	 205.9 	 	 38.6 	 	 0.1000 	 0.9750 	 0.7233 	 1.5163 	 	 0.4259 	 	 0.9286 	 0.7190 	 1.4916 	 	 0.4423
[2022/05/27 05:54:03] - 66 	 205.9 	 	 38.6 	 	 0.1000 	 0.9802 	 0.7177 	 1.5205 	 	 0.4251 	 	 0.8997 	 0.7280 	 1.4535 	 	 0.4553
[2022/05/27 05:58:07] - 67 	 205.9 	 	 38.6 	 	 0.1000 	 0.9826 	 0.7164 	 1.5237 	 	 0.4239 	 	 0.9330 	 0.7095 	 1.4511 	 	 0.4568
[2022/05/27 06:02:11] - 68 	 205.9 	 	 38.6 	 	 0.1000 	 0.9831 	 0.7177 	 1.5224 	 	 0.4221 	 	 0.9255 	 0.7139 	 1.4392 	 	 0.4634
[2022/05/27 06:06:16] - 69 	 205.8 	 	 38.6 	 	 0.1000 	 0.9784 	 0.7177 	 1.5178 	 	 0.4231 	 	 0.9166 	 0.7211 	 1.4284 	 	 0.4646
[2022/05/27 06:10:21] - 70 	 205.9 	 	 38.5 	 	 0.1000 	 0.9789 	 0.7187 	 1.5194 	 	 0.4240 	 	 0.9172 	 0.7333 	 1.4748 	 	 0.4518
[2022/05/27 06:14:26] - 71 	 206.2 	 	 38.5 	 	 0.1000 	 0.9723 	 0.7191 	 1.5146 	 	 0.4251 	 	 0.9298 	 0.7094 	 1.4648 	 	 0.4492
[2022/05/27 06:18:30] - 72 	 205.8 	 	 38.6 	 	 0.1000 	 0.9749 	 0.7199 	 1.5172 	 	 0.4239 	 	 0.9449 	 0.7016 	 1.4585 	 	 0.4522
[2022/05/27 06:22:35] - 73 	 205.9 	 	 38.6 	 	 0.1000 	 0.9786 	 0.7212 	 1.5205 	 	 0.4255 	 	 0.9727 	 0.6627 	 1.4673 	 	 0.4499
[2022/05/27 06:26:39] - 74 	 205.9 	 	 38.5 	 	 0.1000 	 0.9756 	 0.7209 	 1.5189 	 	 0.4226 	 	 0.9580 	 0.7189 	 1.4627 	 	 0.4604
[2022/05/27 06:30:44] - 75 	 205.9 	 	 38.6 	 	 0.1000 	 0.9718 	 0.7214 	 1.5140 	 	 0.4281 	 	 0.9140 	 0.7320 	 1.4433 	 	 0.4508
[2022/05/27 06:34:48] - 76 	 205.8 	 	 38.6 	 	 0.1000 	 0.9735 	 0.7213 	 1.5150 	 	 0.4255 	 	 0.9252 	 0.7089 	 1.4483 	 	 0.4538
[2022/05/27 06:38:52] - 77 	 205.8 	 	 38.6 	 	 0.1000 	 0.9763 	 0.7199 	 1.5176 	 	 0.4263 	 	 0.9140 	 0.7233 	 1.4435 	 	 0.4581
[2022/05/27 06:42:57] - 78 	 205.8 	 	 38.5 	 	 0.1000 	 0.9665 	 0.7223 	 1.5117 	 	 0.4274 	 	 0.9207 	 0.7224 	 1.4360 	 	 0.4625
[2022/05/27 06:47:01] - 79 	 205.9 	 	 38.6 	 	 0.1000 	 0.9693 	 0.7234 	 1.5141 	 	 0.4263 	 	 0.9380 	 0.7113 	 1.4340 	 	 0.4580
[2022/05/27 06:51:06] - 80 	 205.8 	 	 38.5 	 	 0.1000 	 0.9744 	 0.7199 	 1.5160 	 	 0.4266 	 	 0.9059 	 0.7314 	 1.4380 	 	 0.4641
[2022/05/27 06:55:10] - 81 	 205.8 	 	 38.6 	 	 0.1000 	 0.9734 	 0.7225 	 1.5174 	 	 0.4253 	 	 0.9442 	 0.7055 	 1.4598 	 	 0.4539
[2022/05/27 06:59:15] - 82 	 205.9 	 	 38.5 	 	 0.1000 	 0.9700 	 0.7235 	 1.5139 	 	 0.4255 	 	 0.8994 	 0.7155 	 1.4505 	 	 0.4469
[2022/05/27 07:03:19] - 83 	 205.8 	 	 38.6 	 	 0.1000 	 0.9685 	 0.7228 	 1.5139 	 	 0.4264 	 	 0.9287 	 0.7061 	 1.4413 	 	 0.4634
[2022/05/27 07:07:23] - 84 	 205.9 	 	 38.6 	 	 0.1000 	 0.9685 	 0.7229 	 1.5114 	 	 0.4269 	 	 0.9049 	 0.7389 	 1.4546 	 	 0.4490
[2022/05/27 07:11:28] - 85 	 205.8 	 	 38.6 	 	 0.1000 	 0.9683 	 0.7243 	 1.5123 	 	 0.4250 	 	 0.9162 	 0.7181 	 1.4659 	 	 0.4501
[2022/05/27 07:15:32] - 86 	 205.7 	 	 38.6 	 	 0.1000 	 0.9659 	 0.7246 	 1.5125 	 	 0.4261 	 	 0.8792 	 0.7351 	 1.4626 	 	 0.4495
[2022/05/27 07:19:36] - 87 	 205.8 	 	 38.6 	 	 0.1000 	 0.9679 	 0.7226 	 1.5131 	 	 0.4263 	 	 0.8964 	 0.7335 	 1.4441 	 	 0.4576
[2022/05/27 07:23:41] - 88 	 205.8 	 	 38.6 	 	 0.1000 	 0.9675 	 0.7254 	 1.5117 	 	 0.4266 	 	 0.9085 	 0.7125 	 1.4787 	 	 0.4460
[2022/05/27 07:27:45] - 89 	 205.8 	 	 38.6 	 	 0.1000 	 0.9695 	 0.7238 	 1.5135 	 	 0.4266 	 	 0.9315 	 0.7252 	 1.4474 	 	 0.4588
[2022/05/27 07:31:50] - 90 	 205.9 	 	 38.6 	 	 0.1000 	 0.9660 	 0.7219 	 1.5119 	 	 0.4292 	 	 0.9341 	 0.7271 	 1.4360 	 	 0.4717
[2022/05/27 07:35:55] - 91 	 205.9 	 	 38.6 	 	 0.1000 	 0.9647 	 0.7247 	 1.5083 	 	 0.4280 	 	 0.9063 	 0.7158 	 1.4201 	 	 0.4690
[2022/05/27 07:39:59] - 92 	 206.0 	 	 38.6 	 	 0.1000 	 0.9604 	 0.7258 	 1.5062 	 	 0.4275 	 	 0.9030 	 0.7312 	 1.4506 	 	 0.4573
[2022/05/27 07:44:04] - 93 	 205.8 	 	 38.6 	 	 0.1000 	 0.9640 	 0.7256 	 1.5086 	 	 0.4279 	 	 0.9458 	 0.6955 	 1.4686 	 	 0.4548
[2022/05/27 07:48:08] - 94 	 205.9 	 	 38.5 	 	 0.1000 	 0.9613 	 0.7247 	 1.5080 	 	 0.4283 	 	 0.8844 	 0.7398 	 1.4181 	 	 0.4703
[2022/05/27 07:52:13] - 95 	 205.9 	 	 38.6 	 	 0.1000 	 0.9702 	 0.7221 	 1.5132 	 	 0.4243 	 	 0.9560 	 0.6878 	 1.4635 	 	 0.4479
[2022/05/27 07:56:17] - 96 	 205.8 	 	 38.5 	 	 0.1000 	 0.9614 	 0.7261 	 1.5079 	 	 0.4249 	 	 0.8742 	 0.7399 	 1.4242 	 	 0.4629
[2022/05/27 08:00:21] - 97 	 205.8 	 	 38.5 	 	 0.1000 	 0.9617 	 0.7258 	 1.5078 	 	 0.4272 	 	 0.9122 	 0.7178 	 1.4412 	 	 0.4549
[2022/05/27 08:04:26] - 98 	 205.8 	 	 38.6 	 	 0.1000 	 0.9619 	 0.7266 	 1.5098 	 	 0.4253 	 	 0.9083 	 0.7154 	 1.4499 	 	 0.4504
[2022/05/27 08:08:30] - 99 	 205.9 	 	 38.5 	 	 0.0100 	 0.9586 	 0.7298 	 1.5053 	 	 0.4280 	 	 0.8673 	 0.7211 	 1.4504 	 	 0.4535
[2022/05/27 08:12:35] - 100 	 206.0 	 	 38.6 	 	 0.0100 	 0.8491 	 0.7606 	 1.3396 	 	 0.4864 	 	 0.7479 	 0.7726 	 1.3007 	 	 0.5120
[2022/05/27 08:16:40] - 101 	 205.8 	 	 38.5 	 	 0.0100 	 0.7782 	 0.7868 	 1.2854 	 	 0.5031 	 	 0.7038 	 0.7869 	 1.2687 	 	 0.5196
[2022/05/27 08:20:44] - 102 	 205.8 	 	 38.6 	 	 0.0100 	 0.7497 	 0.7956 	 1.2618 	 	 0.5108 	 	 0.6846 	 0.7996 	 1.2628 	 	 0.5224
[2022/05/27 08:24:49] - 103 	 205.8 	 	 38.5 	 	 0.0100 	 0.7308 	 0.8021 	 1.2454 	 	 0.5161 	 	 0.6751 	 0.8009 	 1.2464 	 	 0.5263
[2022/05/27 08:28:53] - 104 	 205.8 	 	 38.5 	 	 0.0100 	 0.7169 	 0.8069 	 1.2331 	 	 0.5212 	 	 0.6806 	 0.8026 	 1.2756 	 	 0.5199
[2022/05/27 08:32:58] - 105 	 205.8 	 	 38.6 	 	 0.0100 	 0.7063 	 0.8103 	 1.2254 	 	 0.5239 	 	 0.6614 	 0.8039 	 1.2444 	 	 0.5248
[2022/05/27 08:37:02] - 106 	 205.9 	 	 38.6 	 	 0.0100 	 0.6958 	 0.8150 	 1.2181 	 	 0.5280 	 	 0.6373 	 0.8158 	 1.2568 	 	 0.5201
[2022/05/27 08:41:07] - 107 	 205.8 	 	 38.5 	 	 0.0100 	 0.6845 	 0.8205 	 1.2074 	 	 0.5282 	 	 0.6452 	 0.8038 	 1.2544 	 	 0.5214
[2022/05/27 08:45:11] - 108 	 205.8 	 	 38.6 	 	 0.0100 	 0.6752 	 0.8224 	 1.2008 	 	 0.5309 	 	 0.6426 	 0.8114 	 1.2642 	 	 0.5172
[2022/05/27 08:49:15] - 109 	 205.7 	 	 38.6 	 	 0.0100 	 0.6678 	 0.8256 	 1.1916 	 	 0.5345 	 	 0.6647 	 0.7952 	 1.2488 	 	 0.5270
[2022/05/27 08:53:20] - 110 	 205.9 	 	 38.6 	 	 0.0100 	 0.6590 	 0.8295 	 1.1881 	 	 0.5338 	 	 0.6728 	 0.7976 	 1.2451 	 	 0.5306
[2022/05/27 08:57:25] - 111 	 205.8 	 	 38.6 	 	 0.0100 	 0.6500 	 0.8327 	 1.1792 	 	 0.5403 	 	 0.6187 	 0.8215 	 1.2532 	 	 0.5271
[2022/05/27 09:01:29] - 112 	 205.8 	 	 38.6 	 	 0.0100 	 0.6441 	 0.8354 	 1.1760 	 	 0.5401 	 	 0.6417 	 0.8128 	 1.2601 	 	 0.5246
[2022/05/27 09:05:34] - 113 	 205.8 	 	 38.5 	 	 0.0100 	 0.6380 	 0.8371 	 1.1714 	 	 0.5392 	 	 0.6595 	 0.7966 	 1.2577 	 	 0.5222
[2022/05/27 09:09:38] - 114 	 205.8 	 	 38.6 	 	 0.0100 	 0.6320 	 0.8394 	 1.1675 	 	 0.5422 	 	 0.6210 	 0.8113 	 1.2674 	 	 0.5245
[2022/05/27 09:13:42] - 115 	 205.9 	 	 38.5 	 	 0.0100 	 0.6272 	 0.8407 	 1.1614 	 	 0.5429 	 	 0.6466 	 0.8137 	 1.2803 	 	 0.5203
[2022/05/27 09:17:47] - 116 	 205.8 	 	 38.6 	 	 0.0100 	 0.6233 	 0.8449 	 1.1607 	 	 0.5423 	 	 0.6534 	 0.8054 	 1.2518 	 	 0.5284
[2022/05/27 09:21:51] - 117 	 206.0 	 	 38.6 	 	 0.0100 	 0.6138 	 0.8465 	 1.1531 	 	 0.5468 	 	 0.6346 	 0.8164 	 1.2678 	 	 0.5198
[2022/05/27 09:25:56] - 118 	 205.9 	 	 38.6 	 	 0.0100 	 0.6133 	 0.8475 	 1.1535 	 	 0.5459 	 	 0.6534 	 0.8153 	 1.2618 	 	 0.5267
[2022/05/27 09:30:00] - 119 	 205.9 	 	 38.5 	 	 0.0100 	 0.6072 	 0.8490 	 1.1470 	 	 0.5498 	 	 0.6233 	 0.8163 	 1.2797 	 	 0.5217
[2022/05/27 09:34:05] - 120 	 205.8 	 	 38.6 	 	 0.0100 	 0.5993 	 0.8527 	 1.1410 	 	 0.5483 	 	 0.6321 	 0.8175 	 1.2624 	 	 0.5242
[2022/05/27 09:38:09] - 121 	 205.8 	 	 38.6 	 	 0.0100 	 0.5978 	 0.8553 	 1.1424 	 	 0.5474 	 	 0.6253 	 0.8156 	 1.2677 	 	 0.5287
[2022/05/27 09:42:14] - 122 	 205.9 	 	 38.6 	 	 0.0100 	 0.5936 	 0.8545 	 1.1382 	 	 0.5493 	 	 0.6115 	 0.8142 	 1.3006 	 	 0.5154
[2022/05/27 09:46:18] - 123 	 205.8 	 	 38.5 	 	 0.0100 	 0.5897 	 0.8579 	 1.1343 	 	 0.5506 	 	 0.6735 	 0.7959 	 1.2781 	 	 0.5228
[2022/05/27 09:50:22] - 124 	 205.9 	 	 38.6 	 	 0.0100 	 0.5904 	 0.8576 	 1.1366 	 	 0.5494 	 	 0.6234 	 0.8117 	 1.3050 	 	 0.5160
[2022/05/27 09:54:27] - 125 	 205.9 	 	 38.6 	 	 0.0100 	 0.5861 	 0.8594 	 1.1310 	 	 0.5511 	 	 0.6114 	 0.8152 	 1.3087 	 	 0.5153
[2022/05/27 09:58:31] - 126 	 206.0 	 	 38.5 	 	 0.0100 	 0.5797 	 0.8600 	 1.1293 	 	 0.5541 	 	 0.6241 	 0.8144 	 1.3060 	 	 0.5163
[2022/05/27 10:02:36] - 127 	 206.0 	 	 38.6 	 	 0.0100 	 0.5752 	 0.8612 	 1.1206 	 	 0.5558 	 	 0.6412 	 0.8030 	 1.2948 	 	 0.5188
[2022/05/27 10:06:40] - 128 	 205.9 	 	 38.6 	 	 0.0100 	 0.5727 	 0.8632 	 1.1206 	 	 0.5548 	 	 0.6383 	 0.8074 	 1.3055 	 	 0.5125
[2022/05/27 10:10:45] - 129 	 205.7 	 	 38.6 	 	 0.0100 	 0.5680 	 0.8674 	 1.1183 	 	 0.5549 	 	 0.6563 	 0.8175 	 1.2698 	 	 0.5269
[2022/05/27 10:14:50] - 130 	 205.9 	 	 38.5 	 	 0.0100 	 0.5672 	 0.8676 	 1.1172 	 	 0.5527 	 	 0.6081 	 0.8174 	 1.3301 	 	 0.5092
[2022/05/27 10:18:54] - 131 	 205.8 	 	 38.6 	 	 0.0100 	 0.5609 	 0.8679 	 1.1117 	 	 0.5575 	 	 0.6286 	 0.7959 	 1.3168 	 	 0.5068
[2022/05/27 10:22:58] - 132 	 205.8 	 	 38.5 	 	 0.0100 	 0.5594 	 0.8678 	 1.1108 	 	 0.5578 	 	 0.6118 	 0.8211 	 1.3164 	 	 0.5109
[2022/05/27 10:27:03] - 133 	 205.9 	 	 38.5 	 	 0.0100 	 0.5573 	 0.8705 	 1.1099 	 	 0.5567 	 	 0.6170 	 0.8140 	 1.3392 	 	 0.5048
[2022/05/27 10:31:07] - 134 	 205.8 	 	 38.5 	 	 0.0100 	 0.5527 	 0.8715 	 1.1054 	 	 0.5587 	 	 0.6323 	 0.8090 	 1.3258 	 	 0.5106
[2022/05/27 10:35:11] - 135 	 205.7 	 	 38.6 	 	 0.0100 	 0.5490 	 0.8727 	 1.1049 	 	 0.5597 	 	 0.6282 	 0.8059 	 1.3370 	 	 0.5058
[2022/05/27 10:39:16] - 136 	 205.8 	 	 38.6 	 	 0.0100 	 0.5437 	 0.8751 	 1.0980 	 	 0.5637 	 	 0.6175 	 0.8188 	 1.3078 	 	 0.5106
[2022/05/27 10:43:20] - 137 	 205.9 	 	 38.5 	 	 0.0100 	 0.5437 	 0.8741 	 1.0970 	 	 0.5620 	 	 0.6062 	 0.8202 	 1.3312 	 	 0.5129
[2022/05/27 10:47:25] - 138 	 206.0 	 	 38.6 	 	 0.0100 	 0.5388 	 0.8779 	 1.0929 	 	 0.5618 	 	 0.6204 	 0.8132 	 1.2988 	 	 0.5163
[2022/05/27 10:51:29] - 139 	 205.9 	 	 38.5 	 	 0.0100 	 0.5350 	 0.8769 	 1.0879 	 	 0.5616 	 	 0.5971 	 0.8196 	 1.3349 	 	 0.5105
[2022/05/27 10:55:34] - 140 	 206.0 	 	 38.6 	 	 0.0100 	 0.5340 	 0.8783 	 1.0900 	 	 0.5653 	 	 0.5872 	 0.8221 	 1.3741 	 	 0.4974
[2022/05/27 10:59:39] - 141 	 205.8 	 	 38.6 	 	 0.0100 	 0.5327 	 0.8786 	 1.0901 	 	 0.5637 	 	 0.6073 	 0.8167 	 1.3254 	 	 0.5128
[2022/05/27 11:03:43] - 142 	 205.9 	 	 38.6 	 	 0.0100 	 0.5270 	 0.8819 	 1.0818 	 	 0.5653 	 	 0.5887 	 0.8215 	 1.3771 	 	 0.4982
[2022/05/27 11:07:48] - 143 	 206.2 	 	 38.6 	 	 0.0100 	 0.5209 	 0.8817 	 1.0775 	 	 0.5683 	 	 0.6003 	 0.8124 	 1.3671 	 	 0.4991
[2022/05/27 11:11:52] - 144 	 205.8 	 	 38.6 	 	 0.0100 	 0.5234 	 0.8820 	 1.0783 	 	 0.5657 	 	 0.6076 	 0.8146 	 1.3319 	 	 0.5054
[2022/05/27 11:15:57] - 145 	 205.9 	 	 38.5 	 	 0.0100 	 0.5185 	 0.8839 	 1.0766 	 	 0.5659 	 	 0.6026 	 0.8188 	 1.3310 	 	 0.5094
[2022/05/27 11:20:01] - 146 	 205.8 	 	 38.5 	 	 0.0100 	 0.5154 	 0.8850 	 1.0724 	 	 0.5705 	 	 0.5999 	 0.8239 	 1.3563 	 	 0.5027
[2022/05/27 11:24:05] - 147 	 206.0 	 	 38.5 	 	 0.0100 	 0.5151 	 0.8847 	 1.0724 	 	 0.5673 	 	 0.6275 	 0.8179 	 1.3280 	 	 0.5109
[2022/05/27 11:28:10] - 148 	 206.1 	 	 38.6 	 	 0.0100 	 0.5108 	 0.8861 	 1.0683 	 	 0.5719 	 	 0.6126 	 0.8156 	 1.3420 	 	 0.5089
[2022/05/27 11:32:14] - 149 	 205.8 	 	 38.5 	 	 0.0010 	 0.5062 	 0.8904 	 1.0633 	 	 0.5721 	 	 0.5976 	 0.8159 	 1.3362 	 	 0.5093
[2022/05/27 11:36:19] - 150 	 205.8 	 	 38.5 	 	 0.0010 	 0.4752 	 0.8963 	 0.9528 	 	 0.6162 	 	 0.5501 	 0.8409 	 1.2958 	 	 0.5204
[2022/05/27 11:40:24] - 151 	 205.8 	 	 38.6 	 	 0.0010 	 0.4343 	 0.9083 	 0.9082 	 	 0.6297 	 	 0.5353 	 0.8378 	 1.3331 	 	 0.5174
[2022/05/27 11:44:28] - 152 	 205.8 	 	 38.6 	 	 0.0010 	 0.4177 	 0.9121 	 0.8923 	 	 0.6340 	 	 0.5292 	 0.8418 	 1.3288 	 	 0.5164
[2022/05/27 11:48:33] - 153 	 206.0 	 	 38.5 	 	 0.0010 	 0.4064 	 0.9148 	 0.8779 	 	 0.6383 	 	 0.5330 	 0.8366 	 1.3352 	 	 0.5225
[2022/05/27 11:52:37] - 154 	 205.8 	 	 38.6 	 	 0.0010 	 0.3942 	 0.9182 	 0.8667 	 	 0.6453 	 	 0.5188 	 0.8456 	 1.3519 	 	 0.5131
[2022/05/27 11:56:41] - 155 	 205.9 	 	 38.6 	 	 0.0010 	 0.3897 	 0.9195 	 0.8617 	 	 0.6426 	 	 0.5569 	 0.8298 	 1.3218 	 	 0.5241
[2022/05/27 12:00:46] - 156 	 205.9 	 	 38.6 	 	 0.0010 	 0.3813 	 0.9218 	 0.8537 	 	 0.6447 	 	 0.5315 	 0.8381 	 1.3386 	 	 0.5192
[2022/05/27 12:04:50] - 157 	 205.8 	 	 38.5 	 	 0.0010 	 0.3744 	 0.9224 	 0.8460 	 	 0.6500 	 	 0.5335 	 0.8375 	 1.3409 	 	 0.5198
[2022/05/27 12:08:55] - 158 	 206.1 	 	 38.6 	 	 0.0010 	 0.3706 	 0.9255 	 0.8418 	 	 0.6493 	 	 0.5214 	 0.8378 	 1.3792 	 	 0.5153
[2022/05/27 12:12:59] - 159 	 205.9 	 	 38.6 	 	 0.0010 	 0.3655 	 0.9265 	 0.8333 	 	 0.6512 	 	 0.5420 	 0.8363 	 1.3943 	 	 0.5114
[2022/05/27 12:17:04] - 160 	 205.9 	 	 38.5 	 	 0.0010 	 0.3615 	 0.9268 	 0.8294 	 	 0.6539 	 	 0.5243 	 0.8385 	 1.4206 	 	 0.5101
[2022/05/27 12:21:09] - 161 	 206.0 	 	 38.6 	 	 0.0010 	 0.3553 	 0.9299 	 0.8238 	 	 0.6578 	 	 0.5227 	 0.8346 	 1.4643 	 	 0.4994
[2022/05/27 12:25:13] - 162 	 205.8 	 	 38.6 	 	 0.0010 	 0.3531 	 0.9298 	 0.8224 	 	 0.6570 	 	 0.5005 	 0.8439 	 1.4333 	 	 0.5070
[2022/05/27 12:29:17] - 163 	 205.7 	 	 38.5 	 	 0.0010 	 0.3502 	 0.9305 	 0.8195 	 	 0.6582 	 	 0.5041 	 0.8396 	 1.4966 	 	 0.4976
[2022/05/27 12:33:22] - 164 	 205.8 	 	 38.6 	 	 0.0010 	 0.3460 	 0.9310 	 0.8152 	 	 0.6591 	 	 0.5123 	 0.8395 	 1.3812 	 	 0.5134
[2022/05/27 12:37:26] - 165 	 205.8 	 	 38.5 	 	 0.0010 	 0.3408 	 0.9339 	 0.8078 	 	 0.6621 	 	 0.5107 	 0.8402 	 1.4416 	 	 0.5047
[2022/05/27 12:41:30] - 166 	 205.9 	 	 38.5 	 	 0.0010 	 0.3396 	 0.9329 	 0.8081 	 	 0.6629 	 	 0.5171 	 0.8363 	 1.3936 	 	 0.5181
[2022/05/27 12:45:35] - 167 	 205.8 	 	 38.5 	 	 0.0010 	 0.3366 	 0.9337 	 0.8045 	 	 0.6624 	 	 0.5153 	 0.8392 	 1.4071 	 	 0.5141
[2022/05/27 12:49:39] - 168 	 205.7 	 	 38.6 	 	 0.0010 	 0.3309 	 0.9360 	 0.7966 	 	 0.6653 	 	 0.5335 	 0.8382 	 1.3795 	 	 0.5141
[2022/05/27 12:53:43] - 169 	 205.8 	 	 38.5 	 	 0.0010 	 0.3279 	 0.9369 	 0.7944 	 	 0.6662 	 	 0.5130 	 0.8397 	 1.4220 	 	 0.5137
[2022/05/27 12:57:48] - 170 	 205.9 	 	 38.6 	 	 0.0010 	 0.3254 	 0.9363 	 0.7886 	 	 0.6710 	 	 0.5308 	 0.8360 	 1.4042 	 	 0.5140
[2022/05/27 13:01:53] - 171 	 205.9 	 	 38.6 	 	 0.0010 	 0.3221 	 0.9385 	 0.7861 	 	 0.6689 	 	 0.5078 	 0.8394 	 1.4612 	 	 0.5045
[2022/05/27 13:05:57] - 172 	 205.8 	 	 38.6 	 	 0.0010 	 0.3180 	 0.9384 	 0.7798 	 	 0.6725 	 	 0.5310 	 0.8377 	 1.4356 	 	 0.5039
[2022/05/27 13:10:02] - 173 	 205.9 	 	 38.5 	 	 0.0010 	 0.3163 	 0.9403 	 0.7818 	 	 0.6708 	 	 0.5091 	 0.8456 	 1.4556 	 	 0.5054
[2022/05/27 13:14:06] - 174 	 205.9 	 	 38.6 	 	 0.0010 	 0.3137 	 0.9417 	 0.7759 	 	 0.6721 	 	 0.5286 	 0.8322 	 1.4578 	 	 0.5043
[2022/05/27 13:18:10] - 175 	 205.9 	 	 38.6 	 	 0.0010 	 0.3122 	 0.9410 	 0.7755 	 	 0.6734 	 	 0.5296 	 0.8401 	 1.4213 	 	 0.5100
[2022/05/27 13:22:15] - 176 	 206.2 	 	 38.6 	 	 0.0010 	 0.3066 	 0.9419 	 0.7682 	 	 0.6760 	 	 0.5057 	 0.8399 	 1.5265 	 	 0.4985
[2022/05/27 13:26:20] - 177 	 205.8 	 	 38.6 	 	 0.0010 	 0.3068 	 0.9424 	 0.7697 	 	 0.6771 	 	 0.5124 	 0.8384 	 1.4445 	 	 0.5093
[2022/05/27 13:30:24] - 178 	 205.9 	 	 38.6 	 	 0.0010 	 0.3030 	 0.9442 	 0.7645 	 	 0.6777 	 	 0.5298 	 0.8312 	 1.4676 	 	 0.5062
[2022/05/27 13:34:29] - 179 	 205.9 	 	 38.6 	 	 0.0010 	 0.3014 	 0.9417 	 0.7631 	 	 0.6806 	 	 0.5304 	 0.8342 	 1.4364 	 	 0.5120
[2022/05/27 13:38:33] - 180 	 205.9 	 	 38.5 	 	 0.0010 	 0.3002 	 0.9451 	 0.7620 	 	 0.6792 	 	 0.5074 	 0.8375 	 1.5149 	 	 0.5009
[2022/05/27 13:42:38] - 181 	 205.8 	 	 38.6 	 	 0.0010 	 0.2987 	 0.9448 	 0.7608 	 	 0.6782 	 	 0.5238 	 0.8415 	 1.4357 	 	 0.5077
[2022/05/27 13:46:42] - 182 	 205.8 	 	 38.6 	 	 0.0010 	 0.2948 	 0.9468 	 0.7565 	 	 0.6795 	 	 0.5234 	 0.8354 	 1.4730 	 	 0.4970
[2022/05/27 13:50:47] - 183 	 205.9 	 	 38.6 	 	 0.0010 	 0.2914 	 0.9464 	 0.7512 	 	 0.6816 	 	 0.5065 	 0.8391 	 1.5109 	 	 0.5024
[2022/05/27 13:54:51] - 184 	 205.9 	 	 38.6 	 	 0.0010 	 0.2916 	 0.9467 	 0.7506 	 	 0.6826 	 	 0.5311 	 0.8315 	 1.5126 	 	 0.4994
[2022/05/27 13:58:55] - 185 	 205.9 	 	 38.5 	 	 0.0010 	 0.2886 	 0.9474 	 0.7502 	 	 0.6829 	 	 0.5021 	 0.8453 	 1.5656 	 	 0.4939
[2022/05/27 14:03:00] - 186 	 205.8 	 	 38.6 	 	 0.0010 	 0.2869 	 0.9477 	 0.7485 	 	 0.6812 	 	 0.5168 	 0.8357 	 1.4989 	 	 0.5045
[2022/05/27 14:07:04] - 187 	 205.9 	 	 38.6 	 	 0.0010 	 0.2844 	 0.9492 	 0.7431 	 	 0.6847 	 	 0.5110 	 0.8355 	 1.5071 	 	 0.5038
[2022/05/27 14:11:09] - 188 	 205.8 	 	 38.6 	 	 0.0010 	 0.2830 	 0.9502 	 0.7421 	 	 0.6846 	 	 0.5098 	 0.8364 	 1.4967 	 	 0.5064
[2022/05/27 14:15:13] - 189 	 206.1 	 	 38.5 	 	 0.0010 	 0.2813 	 0.9491 	 0.7422 	 	 0.6860 	 	 0.5074 	 0.8410 	 1.5275 	 	 0.4946
[2022/05/27 14:19:18] - 190 	 205.9 	 	 38.6 	 	 0.0010 	 0.2784 	 0.9506 	 0.7370 	 	 0.6878 	 	 0.5048 	 0.8367 	 1.5454 	 	 0.4976
[2022/05/27 14:23:23] - 191 	 205.9 	 	 38.5 	 	 0.0010 	 0.2774 	 0.9510 	 0.7333 	 	 0.6889 	 	 0.5034 	 0.8398 	 1.5302 	 	 0.4980
[2022/05/27 14:27:27] - 192 	 205.9 	 	 38.6 	 	 0.0010 	 0.2740 	 0.9517 	 0.7322 	 	 0.6886 	 	 0.5056 	 0.8429 	 1.6106 	 	 0.4833
[2022/05/27 14:31:31] - 193 	 205.9 	 	 38.5 	 	 0.0010 	 0.2718 	 0.9523 	 0.7268 	 	 0.6925 	 	 0.5092 	 0.8358 	 1.6511 	 	 0.4818
[2022/05/27 14:35:36] - 194 	 205.8 	 	 38.6 	 	 0.0010 	 0.2706 	 0.9518 	 0.7249 	 	 0.6926 	 	 0.5265 	 0.8351 	 1.4845 	 	 0.5045
[2022/05/27 14:39:40] - 195 	 205.9 	 	 38.6 	 	 0.0010 	 0.2693 	 0.9523 	 0.7255 	 	 0.6918 	 	 0.5029 	 0.8425 	 1.5321 	 	 0.4990
[2022/05/27 14:43:45] - 196 	 205.8 	 	 38.5 	 	 0.0010 	 0.2687 	 0.9524 	 0.7235 	 	 0.6929 	 	 0.5202 	 0.8370 	 1.5244 	 	 0.4988
[2022/05/27 14:47:49] - 197 	 205.8 	 	 38.6 	 	 0.0010 	 0.2675 	 0.9532 	 0.7226 	 	 0.6933 	 	 0.4972 	 0.8380 	 1.5655 	 	 0.4978
[2022/05/27 14:51:54] - 198 	 206.1 	 	 38.5 	 	 0.0010 	 0.2648 	 0.9544 	 0.7201 	 	 0.6939 	 	 0.4995 	 0.8416 	 1.6083 	 	 0.4870
[2022/05/27 14:55:58] - 199 	 205.8 	 	 38.5 	 	 0.0010 	 0.2631 	 0.9553 	 0.7196 	 	 0.6933 	 	 0.5193 	 0.8347 	 1.5583 	 	 0.4955
