[2022/05/26 11:53:06] - Namespace(attack='pgd', attack_iters=10, batch_size=128, chkpt_iters=10, cutout=False, cutout_len=None, data_dir='../cifar-data', epochs=200, epsilon=8, eval=False, fgsm_alpha=1.25, fgsm_init='random', fname='experiments/cifar10_mixup/preactresnet18_2.0', half=False, l1=0, l2=0, lr_drop_epoch=100, lr_max=0.1, lr_one_drop=0.01, lr_schedule='piecewise', mixup=True, mixup_alpha=2.0, model='PreActResNet18', norm='l_inf', pgd_alpha=2, restarts=1, resume=0, seed=0, val=False, width_factor=10)
[2022/05/26 11:53:10] - Epoch 	 Train Time 	 Test Time 	 LR 	 	 Train Loss 	 Train Acc 	 Train Robust Loss 	 Train Robust Acc 	 Test Loss 	 Test Acc 	 Test Robust Loss 	 Test Robust Acc
[2022/05/26 11:57:53] - 0 	 244.4 	 	 38.6 	 	 0.1000 	 2.2212 	 0.1577 	 2.2908 	 	 0.1283 	 	 2.0948 	 0.2669 	 2.1561 	 	 0.2215
[2022/05/26 12:02:34] - 1 	 242.2 	 	 38.5 	 	 0.1000 	 2.1471 	 0.1912 	 2.2329 	 	 0.1459 	 	 1.9551 	 0.3326 	 2.0568 	 	 0.2697
[2022/05/26 12:07:15] - 2 	 242.2 	 	 38.5 	 	 0.1000 	 2.1075 	 0.2142 	 2.2166 	 	 0.1562 	 	 1.9468 	 0.3567 	 2.0554 	 	 0.2758
[2022/05/26 12:11:56] - 3 	 242.2 	 	 38.5 	 	 0.1000 	 2.0741 	 0.2295 	 2.1998 	 	 0.1668 	 	 1.8234 	 0.3765 	 1.9833 	 	 0.2782
[2022/05/26 12:16:37] - 4 	 242.4 	 	 38.5 	 	 0.1000 	 2.0515 	 0.2362 	 2.1885 	 	 0.1661 	 	 1.8584 	 0.3716 	 1.9849 	 	 0.2932
[2022/05/26 12:21:18] - 5 	 242.5 	 	 38.5 	 	 0.1000 	 2.0361 	 0.2392 	 2.1806 	 	 0.1685 	 	 1.8048 	 0.4027 	 1.9513 	 	 0.2984
[2022/05/26 12:25:59] - 6 	 242.3 	 	 38.5 	 	 0.1000 	 2.0300 	 0.2408 	 2.1796 	 	 0.1641 	 	 1.7856 	 0.4107 	 1.9484 	 	 0.3104
[2022/05/26 12:30:40] - 7 	 242.3 	 	 38.5 	 	 0.1000 	 2.0144 	 0.2567 	 2.1715 	 	 0.1756 	 	 1.7262 	 0.4069 	 1.9043 	 	 0.3078
[2022/05/26 12:35:21] - 8 	 242.2 	 	 38.5 	 	 0.1000 	 2.0104 	 0.2624 	 2.1711 	 	 0.1749 	 	 1.7659 	 0.4097 	 1.9342 	 	 0.3019
[2022/05/26 12:40:02] - 9 	 242.3 	 	 38.5 	 	 0.1000 	 1.9997 	 0.2615 	 2.1647 	 	 0.1750 	 	 1.7410 	 0.4135 	 1.9180 	 	 0.3062
[2022/05/26 12:44:43] - 10 	 242.3 	 	 38.5 	 	 0.1000 	 1.9786 	 0.2734 	 2.1536 	 	 0.1806 	 	 1.7293 	 0.4716 	 1.8843 	 	 0.3574
[2022/05/26 12:49:24] - 11 	 242.3 	 	 38.5 	 	 0.1000 	 1.9823 	 0.2609 	 2.1589 	 	 0.1716 	 	 1.6823 	 0.4737 	 1.8615 	 	 0.3444
[2022/05/26 12:54:05] - 12 	 242.3 	 	 38.5 	 	 0.1000 	 1.9718 	 0.2783 	 2.1532 	 	 0.1811 	 	 1.6620 	 0.4647 	 1.8523 	 	 0.3454
[2022/05/26 12:58:45] - 13 	 242.3 	 	 38.5 	 	 0.1000 	 1.9698 	 0.2884 	 2.1519 	 	 0.1858 	 	 1.5536 	 0.4802 	 1.8173 	 	 0.3312
[2022/05/26 13:03:26] - 14 	 242.3 	 	 38.6 	 	 0.1000 	 1.9591 	 0.2754 	 2.1499 	 	 0.1755 	 	 1.6420 	 0.4542 	 1.8452 	 	 0.3429
[2022/05/26 13:08:07] - 15 	 242.3 	 	 38.7 	 	 0.1000 	 1.9599 	 0.2795 	 2.1490 	 	 0.1774 	 	 1.6863 	 0.4621 	 1.8539 	 	 0.3600
[2022/05/26 13:12:48] - 16 	 242.3 	 	 38.5 	 	 0.1000 	 1.9361 	 0.2885 	 2.1367 	 	 0.1822 	 	 1.6742 	 0.4959 	 1.8546 	 	 0.3701
[2022/05/26 13:17:29] - 17 	 242.2 	 	 38.5 	 	 0.1000 	 1.9535 	 0.2914 	 2.1482 	 	 0.1801 	 	 1.6211 	 0.5124 	 1.8393 	 	 0.3498
[2022/05/26 13:22:10] - 18 	 242.2 	 	 38.5 	 	 0.1000 	 1.9402 	 0.2880 	 2.1409 	 	 0.1819 	 	 1.7345 	 0.4954 	 1.8955 	 	 0.3730
[2022/05/26 13:26:51] - 19 	 242.3 	 	 38.5 	 	 0.1000 	 1.9299 	 0.2924 	 2.1371 	 	 0.1841 	 	 1.6065 	 0.5158 	 1.8141 	 	 0.3664
[2022/05/26 13:31:32] - 20 	 242.2 	 	 38.5 	 	 0.1000 	 1.9339 	 0.2973 	 2.1393 	 	 0.1854 	 	 1.6431 	 0.4679 	 1.8684 	 	 0.3274
[2022/05/26 13:36:13] - 21 	 242.3 	 	 38.5 	 	 0.1000 	 1.9492 	 0.2861 	 2.1478 	 	 0.1786 	 	 1.6008 	 0.5106 	 1.8098 	 	 0.3787
[2022/05/26 13:40:54] - 22 	 242.3 	 	 38.5 	 	 0.1000 	 1.9232 	 0.3049 	 2.1325 	 	 0.1899 	 	 1.5360 	 0.5390 	 1.7746 	 	 0.3862
[2022/05/26 13:45:35] - 23 	 242.3 	 	 38.5 	 	 0.1000 	 1.9242 	 0.3045 	 2.1359 	 	 0.1885 	 	 1.5318 	 0.5319 	 1.7836 	 	 0.3758
[2022/05/26 13:50:16] - 24 	 242.4 	 	 38.5 	 	 0.1000 	 1.9137 	 0.2993 	 2.1278 	 	 0.1849 	 	 1.4834 	 0.5257 	 1.7605 	 	 0.3711
[2022/05/26 13:54:57] - 25 	 242.5 	 	 38.5 	 	 0.1000 	 1.9281 	 0.3057 	 2.1388 	 	 0.1866 	 	 1.5694 	 0.5356 	 1.7920 	 	 0.3887
[2022/05/26 13:59:39] - 26 	 242.7 	 	 38.5 	 	 0.1000 	 1.9193 	 0.3104 	 2.1336 	 	 0.1884 	 	 1.6397 	 0.5037 	 1.8211 	 	 0.3937
[2022/05/26 14:04:20] - 27 	 242.3 	 	 38.5 	 	 0.1000 	 1.9241 	 0.2959 	 2.1362 	 	 0.1814 	 	 1.4964 	 0.5533 	 1.7510 	 	 0.3854
[2022/05/26 14:09:00] - 28 	 242.2 	 	 38.5 	 	 0.1000 	 1.9054 	 0.2981 	 2.1248 	 	 0.1855 	 	 1.4757 	 0.5390 	 1.7429 	 	 0.3792
[2022/05/26 14:13:41] - 29 	 242.2 	 	 38.5 	 	 0.1000 	 1.9115 	 0.3035 	 2.1306 	 	 0.1851 	 	 1.5478 	 0.5389 	 1.7771 	 	 0.3880
[2022/05/26 14:18:22] - 30 	 242.3 	 	 38.5 	 	 0.1000 	 1.9184 	 0.2989 	 2.1338 	 	 0.1854 	 	 1.5543 	 0.5375 	 1.7765 	 	 0.3855
[2022/05/26 14:23:03] - 31 	 242.3 	 	 38.6 	 	 0.1000 	 1.8894 	 0.2904 	 2.1176 	 	 0.1791 	 	 1.6074 	 0.5276 	 1.8189 	 	 0.3842
[2022/05/26 14:27:44] - 32 	 242.3 	 	 38.5 	 	 0.1000 	 1.9016 	 0.2998 	 2.1252 	 	 0.1835 	 	 1.5051 	 0.5556 	 1.7611 	 	 0.3942
[2022/05/26 14:32:25] - 33 	 242.2 	 	 38.5 	 	 0.1000 	 1.9064 	 0.3100 	 2.1277 	 	 0.1882 	 	 1.5967 	 0.5382 	 1.8153 	 	 0.3843
[2022/05/26 14:37:06] - 34 	 242.2 	 	 38.5 	 	 0.1000 	 1.9014 	 0.3137 	 2.1255 	 	 0.1904 	 	 1.6172 	 0.5239 	 1.8062 	 	 0.3931
[2022/05/26 14:41:46] - 35 	 242.2 	 	 38.5 	 	 0.1000 	 1.9013 	 0.3007 	 2.1258 	 	 0.1843 	 	 1.5226 	 0.5660 	 1.7641 	 	 0.3969
[2022/05/26 14:46:28] - 36 	 242.3 	 	 38.5 	 	 0.1000 	 1.8924 	 0.3148 	 2.1208 	 	 0.1937 	 	 1.5586 	 0.5360 	 1.7775 	 	 0.3935
[2022/05/26 14:51:08] - 37 	 242.2 	 	 38.5 	 	 0.1000 	 1.8959 	 0.3271 	 2.1230 	 	 0.1965 	 	 1.4776 	 0.5527 	 1.7454 	 	 0.3840
[2022/05/26 14:55:49] - 38 	 242.4 	 	 38.5 	 	 0.1000 	 1.8811 	 0.3218 	 2.1140 	 	 0.1959 	 	 1.4828 	 0.5601 	 1.7637 	 	 0.3798
[2022/05/26 15:00:30] - 39 	 242.3 	 	 38.5 	 	 0.1000 	 1.9073 	 0.3124 	 2.1313 	 	 0.1898 	 	 1.5349 	 0.5711 	 1.7612 	 	 0.4106
[2022/05/26 15:05:11] - 40 	 242.3 	 	 38.5 	 	 0.1000 	 1.9014 	 0.3076 	 2.1271 	 	 0.1874 	 	 1.5462 	 0.5370 	 1.7686 	 	 0.3893
[2022/05/26 15:09:52] - 41 	 242.4 	 	 38.5 	 	 0.1000 	 1.9019 	 0.3153 	 2.1268 	 	 0.1903 	 	 1.6042 	 0.4932 	 1.8286 	 	 0.3653
[2022/05/26 15:14:33] - 42 	 242.4 	 	 38.5 	 	 0.1000 	 1.8890 	 0.3163 	 2.1204 	 	 0.1897 	 	 1.4988 	 0.5592 	 1.7558 	 	 0.3895
[2022/05/26 15:19:14] - 43 	 242.3 	 	 38.5 	 	 0.1000 	 1.8860 	 0.3148 	 2.1180 	 	 0.1899 	 	 1.5602 	 0.5465 	 1.7701 	 	 0.4106
[2022/05/26 15:23:55] - 44 	 242.2 	 	 38.5 	 	 0.1000 	 1.8876 	 0.3082 	 2.1196 	 	 0.1855 	 	 1.5711 	 0.5412 	 1.7795 	 	 0.3949
[2022/05/26 15:28:36] - 45 	 242.3 	 	 38.5 	 	 0.1000 	 1.9036 	 0.3067 	 2.1287 	 	 0.1847 	 	 1.4983 	 0.5772 	 1.7558 	 	 0.4047
[2022/05/26 15:33:16] - 46 	 242.2 	 	 38.5 	 	 0.1000 	 1.8770 	 0.3241 	 2.1140 	 	 0.1976 	 	 1.4690 	 0.5686 	 1.7129 	 	 0.4124
[2022/05/26 15:37:57] - 47 	 242.3 	 	 38.5 	 	 0.1000 	 1.8814 	 0.3189 	 2.1172 	 	 0.1936 	 	 1.6307 	 0.5363 	 1.8201 	 	 0.3946
[2022/05/26 15:42:38] - 48 	 242.3 	 	 38.5 	 	 0.1000 	 1.8832 	 0.3213 	 2.1169 	 	 0.1951 	 	 1.4391 	 0.5763 	 1.7121 	 	 0.3984
[2022/05/26 15:47:19] - 49 	 242.3 	 	 38.5 	 	 0.1000 	 1.8830 	 0.3228 	 2.1179 	 	 0.1942 	 	 1.5303 	 0.5466 	 1.7710 	 	 0.3864
[2022/05/26 15:52:00] - 50 	 242.3 	 	 38.5 	 	 0.1000 	 1.9005 	 0.3145 	 2.1278 	 	 0.1894 	 	 1.4857 	 0.5665 	 1.7367 	 	 0.3954
[2022/05/26 15:56:41] - 51 	 242.2 	 	 38.5 	 	 0.1000 	 1.8880 	 0.3190 	 2.1209 	 	 0.1892 	 	 1.4147 	 0.5749 	 1.7138 	 	 0.3881
[2022/05/26 16:01:22] - 52 	 242.3 	 	 38.5 	 	 0.1000 	 1.8665 	 0.3248 	 2.1079 	 	 0.1937 	 	 1.4740 	 0.5920 	 1.7327 	 	 0.4181
[2022/05/26 16:06:03] - 53 	 242.3 	 	 38.5 	 	 0.1000 	 1.8923 	 0.3210 	 2.1231 	 	 0.1948 	 	 1.4481 	 0.5722 	 1.7141 	 	 0.4062
[2022/05/26 16:10:43] - 54 	 242.2 	 	 38.5 	 	 0.1000 	 1.8804 	 0.3147 	 2.1169 	 	 0.1897 	 	 1.4384 	 0.5535 	 1.7358 	 	 0.3912
[2022/05/26 16:15:24] - 55 	 242.3 	 	 38.5 	 	 0.1000 	 1.8956 	 0.3169 	 2.1255 	 	 0.1896 	 	 1.5270 	 0.5320 	 1.7679 	 	 0.3776
[2022/05/26 16:20:05] - 56 	 242.3 	 	 38.5 	 	 0.1000 	 1.8815 	 0.3095 	 2.1179 	 	 0.1891 	 	 1.5547 	 0.5416 	 1.7953 	 	 0.3665
[2022/05/26 16:24:46] - 57 	 242.2 	 	 38.5 	 	 0.1000 	 1.8778 	 0.3147 	 2.1149 	 	 0.1874 	 	 1.5041 	 0.5735 	 1.7438 	 	 0.4084
[2022/05/26 16:29:27] - 58 	 242.3 	 	 38.5 	 	 0.1000 	 1.8756 	 0.3146 	 2.1129 	 	 0.1889 	 	 1.4528 	 0.5852 	 1.7040 	 	 0.4112
[2022/05/26 16:34:07] - 59 	 242.3 	 	 38.5 	 	 0.1000 	 1.8796 	 0.3098 	 2.1176 	 	 0.1862 	 	 1.5485 	 0.5235 	 1.7717 	 	 0.3857
[2022/05/26 16:38:49] - 60 	 242.4 	 	 38.6 	 	 0.1000 	 1.8735 	 0.3102 	 2.1124 	 	 0.1862 	 	 1.4388 	 0.5808 	 1.7169 	 	 0.4139
[2022/05/26 16:43:30] - 61 	 242.3 	 	 38.6 	 	 0.1000 	 1.8810 	 0.3174 	 2.1184 	 	 0.1892 	 	 1.4725 	 0.5446 	 1.7637 	 	 0.3746
[2022/05/26 16:48:11] - 62 	 242.4 	 	 38.5 	 	 0.1000 	 1.8936 	 0.3116 	 2.1249 	 	 0.1885 	 	 1.6016 	 0.5319 	 1.8169 	 	 0.3729
[2022/05/26 16:52:51] - 63 	 242.3 	 	 38.5 	 	 0.1000 	 1.8801 	 0.3217 	 2.1166 	 	 0.1916 	 	 1.4689 	 0.5888 	 1.7192 	 	 0.4203
[2022/05/26 16:57:32] - 64 	 242.3 	 	 38.5 	 	 0.1000 	 1.8693 	 0.3061 	 2.1106 	 	 0.1815 	 	 1.4949 	 0.5543 	 1.7375 	 	 0.4006
[2022/05/26 17:02:13] - 65 	 242.4 	 	 38.6 	 	 0.1000 	 1.8810 	 0.3213 	 2.1181 	 	 0.1916 	 	 1.4217 	 0.5753 	 1.7234 	 	 0.3951
[2022/05/26 17:06:54] - 66 	 242.3 	 	 38.5 	 	 0.1000 	 1.8726 	 0.3234 	 2.1139 	 	 0.1920 	 	 1.4609 	 0.5604 	 1.7544 	 	 0.3900
[2022/05/26 17:11:35] - 67 	 242.4 	 	 38.5 	 	 0.1000 	 1.8710 	 0.3343 	 2.1119 	 	 0.1991 	 	 1.3943 	 0.5880 	 1.6924 	 	 0.4009
[2022/05/26 17:16:16] - 68 	 242.6 	 	 38.6 	 	 0.1000 	 1.8744 	 0.3388 	 2.1158 	 	 0.1999 	 	 1.5477 	 0.5525 	 1.7690 	 	 0.4099
[2022/05/26 17:20:57] - 69 	 242.2 	 	 38.5 	 	 0.1000 	 1.8727 	 0.3197 	 2.1135 	 	 0.1918 	 	 1.3874 	 0.5839 	 1.7048 	 	 0.3991
[2022/05/26 17:25:38] - 70 	 242.3 	 	 38.5 	 	 0.1000 	 1.8716 	 0.3192 	 2.1117 	 	 0.1900 	 	 1.4486 	 0.5960 	 1.7031 	 	 0.4261
[2022/05/26 17:30:19] - 71 	 242.3 	 	 38.6 	 	 0.1000 	 1.8877 	 0.3325 	 2.1220 	 	 0.1974 	 	 1.3714 	 0.5975 	 1.6979 	 	 0.4069
[2022/05/26 17:35:00] - 72 	 242.4 	 	 38.5 	 	 0.1000 	 1.8735 	 0.3185 	 2.1147 	 	 0.1912 	 	 1.6126 	 0.5378 	 1.8095 	 	 0.4005
[2022/05/26 17:39:41] - 73 	 242.4 	 	 38.5 	 	 0.1000 	 1.8792 	 0.3380 	 2.1163 	 	 0.1997 	 	 1.3886 	 0.6149 	 1.6790 	 	 0.4293
[2022/05/26 17:44:22] - 74 	 242.2 	 	 38.5 	 	 0.1000 	 1.8672 	 0.3081 	 2.1102 	 	 0.1851 	 	 1.4762 	 0.5865 	 1.7251 	 	 0.4110
[2022/05/26 17:49:03] - 75 	 242.2 	 	 38.5 	 	 0.1000 	 1.8683 	 0.3270 	 2.1117 	 	 0.1942 	 	 1.4671 	 0.5620 	 1.7334 	 	 0.3943
[2022/05/26 17:53:44] - 76 	 242.3 	 	 38.5 	 	 0.1000 	 1.8763 	 0.3228 	 2.1140 	 	 0.1935 	 	 1.6394 	 0.5449 	 1.8222 	 	 0.4052
[2022/05/26 17:58:25] - 77 	 242.3 	 	 38.5 	 	 0.1000 	 1.8727 	 0.3316 	 2.1145 	 	 0.1963 	 	 1.4791 	 0.5598 	 1.7396 	 	 0.4052
[2022/05/26 18:03:05] - 78 	 242.2 	 	 38.5 	 	 0.1000 	 1.8855 	 0.3336 	 2.1208 	 	 0.1955 	 	 1.5164 	 0.5439 	 1.7646 	 	 0.3828
[2022/05/26 18:07:46] - 79 	 242.2 	 	 38.6 	 	 0.1000 	 1.8656 	 0.3224 	 2.1104 	 	 0.1926 	 	 1.5987 	 0.5404 	 1.8000 	 	 0.3983
[2022/05/26 18:12:27] - 80 	 242.3 	 	 38.5 	 	 0.1000 	 1.8758 	 0.3249 	 2.1158 	 	 0.1939 	 	 1.5596 	 0.5601 	 1.7698 	 	 0.4082
[2022/05/26 18:17:08] - 81 	 242.2 	 	 38.5 	 	 0.1000 	 1.8762 	 0.3185 	 2.1156 	 	 0.1908 	 	 1.4613 	 0.5861 	 1.7209 	 	 0.4119
[2022/05/26 18:21:49] - 82 	 242.4 	 	 38.5 	 	 0.1000 	 1.8700 	 0.3235 	 2.1121 	 	 0.1945 	 	 1.4437 	 0.5877 	 1.7100 	 	 0.4112
[2022/05/26 18:26:30] - 83 	 242.2 	 	 38.5 	 	 0.1000 	 1.8667 	 0.3344 	 2.1107 	 	 0.1982 	 	 1.4869 	 0.5614 	 1.7318 	 	 0.4125
[2022/05/26 18:31:11] - 84 	 242.3 	 	 38.5 	 	 0.1000 	 1.8628 	 0.3186 	 2.1080 	 	 0.1915 	 	 1.3819 	 0.5922 	 1.7232 	 	 0.3897
[2022/05/26 18:35:51] - 85 	 242.4 	 	 38.5 	 	 0.1000 	 1.8691 	 0.3452 	 2.1117 	 	 0.2038 	 	 1.4203 	 0.5807 	 1.6957 	 	 0.4109
[2022/05/26 18:40:32] - 86 	 242.3 	 	 38.5 	 	 0.1000 	 1.8686 	 0.3359 	 2.1131 	 	 0.1972 	 	 1.6611 	 0.5155 	 1.8528 	 	 0.3906
[2022/05/26 18:45:13] - 87 	 242.3 	 	 38.5 	 	 0.1000 	 1.8691 	 0.3239 	 2.1125 	 	 0.1935 	 	 1.4493 	 0.5762 	 1.7171 	 	 0.4113
[2022/05/26 18:49:54] - 88 	 242.2 	 	 38.5 	 	 0.1000 	 1.8646 	 0.3337 	 2.1094 	 	 0.1960 	 	 1.4290 	 0.5848 	 1.6979 	 	 0.4108
[2022/05/26 18:54:35] - 89 	 242.4 	 	 38.5 	 	 0.1000 	 1.8704 	 0.3054 	 2.1130 	 	 0.1832 	 	 1.5470 	 0.5749 	 1.7706 	 	 0.4257
[2022/05/26 18:59:16] - 90 	 242.7 	 	 38.5 	 	 0.1000 	 1.8676 	 0.3281 	 2.1104 	 	 0.1965 	 	 1.3948 	 0.5867 	 1.6846 	 	 0.4042
[2022/05/26 19:03:57] - 91 	 242.2 	 	 38.5 	 	 0.1000 	 1.8830 	 0.3371 	 2.1214 	 	 0.1980 	 	 1.5333 	 0.5597 	 1.7558 	 	 0.4156
[2022/05/26 19:08:38] - 92 	 242.4 	 	 38.5 	 	 0.1000 	 1.8622 	 0.3277 	 2.1088 	 	 0.1962 	 	 1.5023 	 0.5577 	 1.7663 	 	 0.3939
[2022/05/26 19:13:19] - 93 	 242.3 	 	 38.5 	 	 0.1000 	 1.8732 	 0.3136 	 2.1148 	 	 0.1918 	 	 1.4782 	 0.5694 	 1.7469 	 	 0.3942
[2022/05/26 19:18:00] - 94 	 242.2 	 	 38.5 	 	 0.1000 	 1.8641 	 0.3182 	 2.1092 	 	 0.1908 	 	 1.5646 	 0.5275 	 1.7923 	 	 0.3826
[2022/05/26 19:22:41] - 95 	 242.5 	 	 38.5 	 	 0.1000 	 1.8536 	 0.3216 	 2.1026 	 	 0.1913 	 	 1.4920 	 0.5687 	 1.7446 	 	 0.3988
[2022/05/26 19:27:22] - 96 	 242.4 	 	 38.5 	 	 0.1000 	 1.8747 	 0.3267 	 2.1167 	 	 0.1938 	 	 1.5092 	 0.5728 	 1.7409 	 	 0.4173
[2022/05/26 19:32:03] - 97 	 242.4 	 	 38.5 	 	 0.1000 	 1.8498 	 0.3057 	 2.1005 	 	 0.1852 	 	 1.4362 	 0.5499 	 1.7538 	 	 0.3581
[2022/05/26 19:36:43] - 98 	 242.3 	 	 38.6 	 	 0.1000 	 1.8743 	 0.3084 	 2.1156 	 	 0.1837 	 	 1.4536 	 0.6067 	 1.7159 	 	 0.4209
[2022/05/26 19:41:24] - 99 	 242.3 	 	 38.5 	 	 0.0100 	 1.8739 	 0.3289 	 2.1144 	 	 0.1951 	 	 1.4288 	 0.5901 	 1.7193 	 	 0.4071
[2022/05/26 19:46:05] - 100 	 242.3 	 	 38.5 	 	 0.0100 	 1.8019 	 0.3446 	 2.0551 	 	 0.2076 	 	 1.3072 	 0.6409 	 1.6221 	 	 0.4492
[2022/05/26 19:50:46] - 101 	 242.3 	 	 38.6 	 	 0.0100 	 1.7701 	 0.3409 	 2.0408 	 	 0.2057 	 	 1.2192 	 0.6801 	 1.5333 	 	 0.4877
[2022/05/26 19:55:28] - 102 	 242.3 	 	 38.5 	 	 0.0100 	 1.7487 	 0.3541 	 2.0307 	 	 0.2140 	 	 1.2604 	 0.6725 	 1.5678 	 	 0.4757
[2022/05/26 20:00:08] - 103 	 242.4 	 	 38.5 	 	 0.0100 	 1.7576 	 0.3613 	 2.0408 	 	 0.2158 	 	 1.1302 	 0.6886 	 1.4900 	 	 0.4847
[2022/05/26 20:04:49] - 104 	 242.4 	 	 38.5 	 	 0.0100 	 1.7415 	 0.3662 	 2.0294 	 	 0.2201 	 	 1.2124 	 0.6685 	 1.5417 	 	 0.4742
[2022/05/26 20:09:30] - 105 	 242.2 	 	 38.5 	 	 0.0100 	 1.7445 	 0.3673 	 2.0341 	 	 0.2179 	 	 1.4157 	 0.6568 	 1.6676 	 	 0.4701
[2022/05/26 20:14:11] - 106 	 242.3 	 	 38.5 	 	 0.0100 	 1.7117 	 0.3534 	 2.0094 	 	 0.2120 	 	 1.4155 	 0.6437 	 1.6679 	 	 0.4634
[2022/05/26 20:18:52] - 107 	 242.5 	 	 38.5 	 	 0.0100 	 1.7197 	 0.3638 	 2.0177 	 	 0.2165 	 	 1.2492 	 0.6890 	 1.5555 	 	 0.4882
[2022/05/26 20:23:33] - 108 	 242.3 	 	 38.5 	 	 0.0100 	 1.7080 	 0.3884 	 2.0101 	 	 0.2315 	 	 1.1507 	 0.6982 	 1.5046 	 	 0.4781
[2022/05/26 20:28:14] - 109 	 242.3 	 	 38.5 	 	 0.0100 	 1.6989 	 0.3584 	 2.0059 	 	 0.2147 	 	 1.0691 	 0.6942 	 1.4854 	 	 0.4681
[2022/05/26 20:32:55] - 110 	 242.3 	 	 38.5 	 	 0.0100 	 1.7297 	 0.3667 	 2.0267 	 	 0.2193 	 	 1.3211 	 0.6724 	 1.6052 	 	 0.4756
[2022/05/26 20:37:36] - 111 	 242.2 	 	 38.5 	 	 0.0100 	 1.7051 	 0.3622 	 2.0101 	 	 0.2162 	 	 1.1742 	 0.6921 	 1.5152 	 	 0.4884
[2022/05/26 20:42:17] - 112 	 242.3 	 	 38.5 	 	 0.0100 	 1.7124 	 0.3801 	 2.0179 	 	 0.2244 	 	 1.3597 	 0.6605 	 1.6273 	 	 0.4788
[2022/05/26 20:46:58] - 113 	 242.3 	 	 38.6 	 	 0.0100 	 1.7242 	 0.3547 	 2.0267 	 	 0.2128 	 	 1.3426 	 0.6718 	 1.6155 	 	 0.4802
[2022/05/26 20:51:39] - 114 	 242.4 	 	 38.6 	 	 0.0100 	 1.7055 	 0.3635 	 2.0132 	 	 0.2171 	 	 1.2419 	 0.6757 	 1.5614 	 	 0.4807
[2022/05/26 20:56:19] - 115 	 242.3 	 	 38.5 	 	 0.0100 	 1.7074 	 0.3901 	 2.0150 	 	 0.2305 	 	 1.2669 	 0.6709 	 1.5695 	 	 0.4787
[2022/05/26 21:01:00] - 116 	 242.3 	 	 38.5 	 	 0.0100 	 1.7450 	 0.3592 	 2.0425 	 	 0.2104 	 	 1.2681 	 0.6913 	 1.5977 	 	 0.4677
[2022/05/26 21:05:41] - 117 	 242.3 	 	 38.5 	 	 0.0100 	 1.7218 	 0.3668 	 2.0261 	 	 0.2157 	 	 1.1538 	 0.6940 	 1.5176 	 	 0.4760
[2022/05/26 21:10:22] - 118 	 242.4 	 	 38.5 	 	 0.0100 	 1.6922 	 0.3787 	 2.0042 	 	 0.2245 	 	 1.3504 	 0.6754 	 1.6224 	 	 0.4774
[2022/05/26 21:15:03] - 119 	 242.3 	 	 38.5 	 	 0.0100 	 1.7216 	 0.3713 	 2.0243 	 	 0.2162 	 	 1.2047 	 0.7020 	 1.5657 	 	 0.4626
[2022/05/26 21:19:44] - 120 	 242.3 	 	 38.5 	 	 0.0100 	 1.7043 	 0.3707 	 2.0152 	 	 0.2183 	 	 1.3300 	 0.6826 	 1.6312 	 	 0.4675
[2022/05/26 21:24:25] - 121 	 242.3 	 	 38.5 	 	 0.0100 	 1.7297 	 0.3808 	 2.0331 	 	 0.2220 	 	 1.2152 	 0.7030 	 1.5432 	 	 0.4911
[2022/05/26 21:29:06] - 122 	 242.2 	 	 38.5 	 	 0.0100 	 1.7215 	 0.3638 	 2.0292 	 	 0.2131 	 	 1.2741 	 0.6875 	 1.5869 	 	 0.4831
[2022/05/26 21:33:46] - 123 	 242.3 	 	 38.5 	 	 0.0100 	 1.7181 	 0.3618 	 2.0238 	 	 0.2141 	 	 1.2813 	 0.6689 	 1.6022 	 	 0.4595
[2022/05/26 21:38:27] - 124 	 242.3 	 	 38.5 	 	 0.0100 	 1.7255 	 0.4047 	 2.0302 	 	 0.2348 	 	 1.2089 	 0.6897 	 1.5189 	 	 0.4976
[2022/05/26 21:43:09] - 125 	 242.5 	 	 38.5 	 	 0.0100 	 1.7011 	 0.3730 	 2.0139 	 	 0.2212 	 	 1.2835 	 0.6722 	 1.5995 	 	 0.4603
[2022/05/26 21:47:49] - 126 	 242.5 	 	 38.5 	 	 0.0100 	 1.6981 	 0.3504 	 2.0117 	 	 0.2091 	 	 1.1816 	 0.7097 	 1.5121 	 	 0.4982
[2022/05/26 21:52:30] - 127 	 242.3 	 	 38.5 	 	 0.0100 	 1.7107 	 0.3736 	 2.0226 	 	 0.2206 	 	 1.1906 	 0.7034 	 1.5246 	 	 0.4976
[2022/05/26 21:57:11] - 128 	 242.3 	 	 38.5 	 	 0.0100 	 1.6948 	 0.3764 	 2.0101 	 	 0.2200 	 	 1.1952 	 0.6931 	 1.5339 	 	 0.4826
[2022/05/26 22:01:52] - 129 	 242.4 	 	 38.5 	 	 0.0100 	 1.7002 	 0.3969 	 2.0147 	 	 0.2311 	 	 1.1721 	 0.7063 	 1.5082 	 	 0.4938
[2022/05/26 22:06:33] - 130 	 242.3 	 	 38.5 	 	 0.0100 	 1.7005 	 0.3894 	 2.0125 	 	 0.2259 	 	 1.2440 	 0.6671 	 1.5752 	 	 0.4630
[2022/05/26 22:11:14] - 131 	 242.3 	 	 38.6 	 	 0.0100 	 1.6862 	 0.3701 	 2.0043 	 	 0.2178 	 	 1.4237 	 0.6362 	 1.6739 	 	 0.4662
[2022/05/26 22:15:55] - 132 	 242.3 	 	 38.5 	 	 0.0100 	 1.6772 	 0.3739 	 1.9990 	 	 0.2183 	 	 1.0062 	 0.7314 	 1.4378 	 	 0.4925
[2022/05/26 22:20:36] - 133 	 242.4 	 	 38.5 	 	 0.0100 	 1.6984 	 0.3776 	 2.0129 	 	 0.2208 	 	 1.3267 	 0.6588 	 1.6192 	 	 0.4711
[2022/05/26 22:25:17] - 134 	 242.2 	 	 38.5 	 	 0.0100 	 1.7064 	 0.3874 	 2.0194 	 	 0.2233 	 	 1.1805 	 0.6950 	 1.5313 	 	 0.4755
[2022/05/26 22:29:58] - 135 	 242.3 	 	 38.6 	 	 0.0100 	 1.6858 	 0.3879 	 2.0082 	 	 0.2282 	 	 1.2126 	 0.7066 	 1.5632 	 	 0.4717
[2022/05/26 22:34:40] - 136 	 243.2 	 	 38.5 	 	 0.0100 	 1.6921 	 0.3650 	 2.0103 	 	 0.2129 	 	 1.3312 	 0.6654 	 1.6195 	 	 0.4792
[2022/05/26 22:39:20] - 137 	 242.3 	 	 38.5 	 	 0.0100 	 1.6967 	 0.3719 	 2.0169 	 	 0.2152 	 	 1.2787 	 0.6792 	 1.5929 	 	 0.4721
[2022/05/26 22:44:01] - 138 	 242.5 	 	 38.5 	 	 0.0100 	 1.6939 	 0.3782 	 2.0113 	 	 0.2201 	 	 1.2726 	 0.6856 	 1.6004 	 	 0.4633
[2022/05/26 22:48:42] - 139 	 242.3 	 	 38.5 	 	 0.0100 	 1.7054 	 0.3968 	 2.0193 	 	 0.2311 	 	 1.3520 	 0.6538 	 1.6262 	 	 0.4717
[2022/05/26 22:53:23] - 140 	 242.3 	 	 38.5 	 	 0.0100 	 1.6820 	 0.3669 	 1.9998 	 	 0.2166 	 	 1.2849 	 0.6977 	 1.5926 	 	 0.4830
[2022/05/26 22:58:04] - 141 	 242.4 	 	 38.5 	 	 0.0100 	 1.6914 	 0.3886 	 2.0117 	 	 0.2254 	 	 1.3278 	 0.6708 	 1.6363 	 	 0.4692
[2022/05/26 23:02:45] - 142 	 242.2 	 	 38.5 	 	 0.0100 	 1.6862 	 0.3996 	 2.0060 	 	 0.2339 	 	 1.1040 	 0.7212 	 1.5274 	 	 0.4668
[2022/05/26 23:07:26] - 143 	 242.4 	 	 38.5 	 	 0.0100 	 1.6711 	 0.3852 	 1.9960 	 	 0.2264 	 	 1.0594 	 0.7074 	 1.4800 	 	 0.4819
[2022/05/26 23:12:07] - 144 	 242.3 	 	 38.5 	 	 0.0100 	 1.6831 	 0.3814 	 2.0063 	 	 0.2235 	 	 1.1452 	 0.7168 	 1.5275 	 	 0.4708
[2022/05/26 23:16:48] - 145 	 242.2 	 	 38.5 	 	 0.0100 	 1.6934 	 0.3829 	 2.0148 	 	 0.2248 	 	 1.2493 	 0.6977 	 1.5980 	 	 0.4700
[2022/05/26 23:21:29] - 146 	 242.4 	 	 38.5 	 	 0.0100 	 1.6978 	 0.3747 	 2.0158 	 	 0.2186 	 	 0.9656 	 0.7397 	 1.4186 	 	 0.4883
[2022/05/26 23:26:09] - 147 	 242.2 	 	 38.5 	 	 0.0100 	 1.6889 	 0.3830 	 2.0092 	 	 0.2238 	 	 1.0540 	 0.7300 	 1.4693 	 	 0.4888
[2022/05/26 23:30:50] - 148 	 242.4 	 	 38.5 	 	 0.0100 	 1.6641 	 0.3936 	 1.9923 	 	 0.2295 	 	 1.2753 	 0.6856 	 1.5854 	 	 0.4803
[2022/05/26 23:35:31] - 149 	 242.3 	 	 38.5 	 	 0.0010 	 1.6797 	 0.3957 	 2.0009 	 	 0.2309 	 	 1.2882 	 0.6941 	 1.5848 	 	 0.4964
[2022/05/26 23:40:12] - 150 	 242.3 	 	 38.5 	 	 0.0010 	 1.6539 	 0.3830 	 1.9731 	 	 0.2295 	 	 1.2436 	 0.7001 	 1.5700 	 	 0.4867
[2022/05/26 23:44:53] - 151 	 242.3 	 	 38.5 	 	 0.0010 	 1.6373 	 0.3982 	 1.9648 	 	 0.2339 	 	 0.9794 	 0.7649 	 1.4017 	 	 0.5128
[2022/05/26 23:49:34] - 152 	 242.3 	 	 38.5 	 	 0.0010 	 1.6320 	 0.4157 	 1.9577 	 	 0.2480 	 	 0.9604 	 0.7616 	 1.3815 	 	 0.5210
[2022/05/26 23:54:15] - 153 	 242.2 	 	 38.5 	 	 0.0010 	 1.6392 	 0.3909 	 1.9643 	 	 0.2312 	 	 1.1974 	 0.7252 	 1.5336 	 	 0.5044
[2022/05/26 23:58:56] - 154 	 242.2 	 	 38.5 	 	 0.0010 	 1.6363 	 0.3955 	 1.9617 	 	 0.2351 	 	 0.9894 	 0.7656 	 1.4038 	 	 0.5159
[2022/05/27 00:03:36] - 155 	 242.3 	 	 38.5 	 	 0.0010 	 1.6382 	 0.3990 	 1.9656 	 	 0.2370 	 	 1.1976 	 0.7182 	 1.5275 	 	 0.5036
[2022/05/27 00:08:17] - 156 	 242.4 	 	 38.5 	 	 0.0010 	 1.6137 	 0.3969 	 1.9439 	 	 0.2367 	 	 1.2290 	 0.7168 	 1.5706 	 	 0.4895
[2022/05/27 00:12:58] - 157 	 242.4 	 	 38.5 	 	 0.0010 	 1.6042 	 0.3987 	 1.9387 	 	 0.2384 	 	 1.2058 	 0.7272 	 1.5366 	 	 0.5080
[2022/05/27 00:17:39] - 158 	 242.2 	 	 38.5 	 	 0.0010 	 1.6193 	 0.3876 	 1.9518 	 	 0.2343 	 	 1.2497 	 0.7175 	 1.5656 	 	 0.5017
[2022/05/27 00:22:20] - 159 	 242.3 	 	 38.6 	 	 0.0010 	 1.6227 	 0.4155 	 1.9565 	 	 0.2437 	 	 0.9403 	 0.7791 	 1.3536 	 	 0.5296
[2022/05/27 00:27:01] - 160 	 242.3 	 	 38.5 	 	 0.0010 	 1.6186 	 0.3796 	 1.9537 	 	 0.2256 	 	 1.2314 	 0.7156 	 1.5630 	 	 0.4958
[2022/05/27 00:31:42] - 161 	 242.3 	 	 38.5 	 	 0.0010 	 1.6282 	 0.4177 	 1.9597 	 	 0.2502 	 	 1.2347 	 0.7158 	 1.5659 	 	 0.4901
[2022/05/27 00:36:23] - 162 	 242.2 	 	 38.5 	 	 0.0010 	 1.6112 	 0.4474 	 1.9488 	 	 0.2645 	 	 0.9443 	 0.7541 	 1.3633 	 	 0.5229
[2022/05/27 00:41:04] - 163 	 242.3 	 	 38.5 	 	 0.0010 	 1.6273 	 0.3956 	 1.9597 	 	 0.2348 	 	 1.1243 	 0.7298 	 1.4890 	 	 0.5023
[2022/05/27 00:45:45] - 164 	 242.3 	 	 38.5 	 	 0.0010 	 1.6123 	 0.4183 	 1.9482 	 	 0.2476 	 	 0.9240 	 0.7739 	 1.3843 	 	 0.5104
[2022/05/27 00:50:25] - 165 	 242.3 	 	 38.5 	 	 0.0010 	 1.5994 	 0.4142 	 1.9354 	 	 0.2484 	 	 1.0708 	 0.7464 	 1.4569 	 	 0.5116
[2022/05/27 00:55:06] - 166 	 242.2 	 	 38.5 	 	 0.0010 	 1.6211 	 0.4141 	 1.9561 	 	 0.2434 	 	 1.2381 	 0.7157 	 1.5626 	 	 0.4968
[2022/05/27 00:59:47] - 167 	 242.3 	 	 38.5 	 	 0.0010 	 1.6045 	 0.4135 	 1.9403 	 	 0.2466 	 	 1.2211 	 0.7196 	 1.5508 	 	 0.5026
[2022/05/27 01:04:28] - 168 	 242.3 	 	 38.5 	 	 0.0010 	 1.6051 	 0.4172 	 1.9439 	 	 0.2469 	 	 1.1740 	 0.7314 	 1.5382 	 	 0.4964
[2022/05/27 01:09:09] - 169 	 242.2 	 	 38.5 	 	 0.0010 	 1.6105 	 0.3920 	 1.9492 	 	 0.2316 	 	 1.2622 	 0.7086 	 1.5704 	 	 0.4988
[2022/05/27 01:13:50] - 170 	 242.4 	 	 38.5 	 	 0.0010 	 1.5960 	 0.3820 	 1.9361 	 	 0.2335 	 	 1.2215 	 0.7281 	 1.5550 	 	 0.5007
[2022/05/27 01:18:31] - 171 	 242.2 	 	 38.5 	 	 0.0010 	 1.6098 	 0.4224 	 1.9486 	 	 0.2522 	 	 1.1784 	 0.7357 	 1.5243 	 	 0.5082
[2022/05/27 01:23:12] - 172 	 242.4 	 	 38.5 	 	 0.0010 	 1.6080 	 0.4126 	 1.9474 	 	 0.2456 	 	 0.8777 	 0.7753 	 1.3483 	 	 0.5201
[2022/05/27 01:27:52] - 173 	 242.2 	 	 38.5 	 	 0.0010 	 1.6139 	 0.4000 	 1.9492 	 	 0.2367 	 	 1.2200 	 0.7170 	 1.5587 	 	 0.4937
[2022/05/27 01:32:33] - 174 	 242.5 	 	 38.5 	 	 0.0010 	 1.6148 	 0.4011 	 1.9556 	 	 0.2385 	 	 1.2095 	 0.7098 	 1.5462 	 	 0.4933
[2022/05/27 01:37:14] - 175 	 242.3 	 	 38.6 	 	 0.0010 	 1.5979 	 0.4118 	 1.9409 	 	 0.2456 	 	 1.1014 	 0.7565 	 1.4704 	 	 0.5148
[2022/05/27 01:41:55] - 176 	 242.3 	 	 38.5 	 	 0.0010 	 1.5694 	 0.4073 	 1.9132 	 	 0.2449 	 	 0.8266 	 0.7874 	 1.3270 	 	 0.5163
[2022/05/27 01:46:36] - 177 	 242.2 	 	 38.5 	 	 0.0010 	 1.6074 	 0.4184 	 1.9504 	 	 0.2486 	 	 1.1803 	 0.7302 	 1.5392 	 	 0.4970
[2022/05/27 01:51:17] - 178 	 242.3 	 	 38.5 	 	 0.0010 	 1.6045 	 0.4304 	 1.9441 	 	 0.2562 	 	 1.0922 	 0.7446 	 1.4944 	 	 0.4962
[2022/05/27 01:55:57] - 179 	 242.3 	 	 38.6 	 	 0.0010 	 1.5771 	 0.3935 	 1.9242 	 	 0.2354 	 	 0.8828 	 0.7738 	 1.3635 	 	 0.5131
[2022/05/27 02:00:39] - 180 	 242.3 	 	 38.5 	 	 0.0010 	 1.6102 	 0.4066 	 1.9509 	 	 0.2404 	 	 1.1783 	 0.7355 	 1.5403 	 	 0.4910
[2022/05/27 02:05:19] - 181 	 242.3 	 	 38.5 	 	 0.0010 	 1.6007 	 0.4210 	 1.9414 	 	 0.2520 	 	 1.0905 	 0.7439 	 1.4838 	 	 0.5053
[2022/05/27 02:10:00] - 182 	 242.3 	 	 38.5 	 	 0.0010 	 1.5777 	 0.4105 	 1.9201 	 	 0.2472 	 	 1.0583 	 0.7532 	 1.4561 	 	 0.5082
[2022/05/27 02:14:41] - 183 	 242.3 	 	 38.5 	 	 0.0010 	 1.6056 	 0.4225 	 1.9478 	 	 0.2504 	 	 0.9040 	 0.7739 	 1.3638 	 	 0.5200
[2022/05/27 02:19:22] - 184 	 242.3 	 	 38.5 	 	 0.0010 	 1.6067 	 0.4234 	 1.9484 	 	 0.2483 	 	 1.1219 	 0.7345 	 1.5047 	 	 0.4989
[2022/05/27 02:24:03] - 185 	 242.2 	 	 38.5 	 	 0.0010 	 1.6038 	 0.4079 	 1.9473 	 	 0.2428 	 	 0.8550 	 0.7752 	 1.3573 	 	 0.5104
[2022/05/27 02:28:43] - 186 	 242.2 	 	 38.5 	 	 0.0010 	 1.6067 	 0.4058 	 1.9496 	 	 0.2382 	 	 0.8954 	 0.7796 	 1.3701 	 	 0.5120
[2022/05/27 02:33:24] - 187 	 242.3 	 	 38.5 	 	 0.0010 	 1.6046 	 0.3769 	 1.9472 	 	 0.2275 	 	 1.2480 	 0.7139 	 1.5716 	 	 0.4915
[2022/05/27 02:38:05] - 188 	 242.2 	 	 38.5 	 	 0.0010 	 1.6022 	 0.3938 	 1.9430 	 	 0.2348 	 	 0.8808 	 0.7782 	 1.3356 	 	 0.5214
[2022/05/27 02:42:46] - 189 	 242.2 	 	 38.5 	 	 0.0010 	 1.5891 	 0.4134 	 1.9329 	 	 0.2482 	 	 1.2428 	 0.7056 	 1.5889 	 	 0.4802
[2022/05/27 02:47:27] - 190 	 242.2 	 	 38.5 	 	 0.0010 	 1.5902 	 0.4194 	 1.9372 	 	 0.2498 	 	 0.9069 	 0.7828 	 1.3621 	 	 0.5244
[2022/05/27 02:52:08] - 191 	 242.2 	 	 38.5 	 	 0.0010 	 1.5778 	 0.4210 	 1.9262 	 	 0.2495 	 	 0.9546 	 0.7653 	 1.4167 	 	 0.5015
[2022/05/27 02:56:48] - 192 	 242.2 	 	 38.5 	 	 0.0010 	 1.5547 	 0.4507 	 1.9055 	 	 0.2691 	 	 1.0073 	 0.7629 	 1.4610 	 	 0.4929
[2022/05/27 03:01:29] - 193 	 242.2 	 	 38.5 	 	 0.0010 	 1.5937 	 0.4077 	 1.9368 	 	 0.2427 	 	 1.0382 	 0.7603 	 1.4628 	 	 0.5019
[2022/05/27 03:06:10] - 194 	 242.2 	 	 38.5 	 	 0.0010 	 1.6205 	 0.4071 	 1.9620 	 	 0.2412 	 	 1.1023 	 0.7404 	 1.4833 	 	 0.5102
[2022/05/27 03:10:50] - 195 	 242.2 	 	 38.5 	 	 0.0010 	 1.5960 	 0.4254 	 1.9423 	 	 0.2526 	 	 0.9133 	 0.7747 	 1.3855 	 	 0.5130
[2022/05/27 03:15:31] - 196 	 242.3 	 	 38.5 	 	 0.0010 	 1.6042 	 0.4185 	 1.9505 	 	 0.2468 	 	 0.9544 	 0.7723 	 1.4029 	 	 0.5143
[2022/05/27 03:20:12] - 197 	 242.2 	 	 38.5 	 	 0.0010 	 1.5971 	 0.4321 	 1.9426 	 	 0.2538 	 	 1.1208 	 0.7387 	 1.4981 	 	 0.5050
[2022/05/27 03:24:53] - 198 	 242.2 	 	 38.5 	 	 0.0010 	 1.5911 	 0.4108 	 1.9371 	 	 0.2460 	 	 0.9042 	 0.7731 	 1.4154 	 	 0.4976
[2022/05/27 03:29:33] - 199 	 242.2 	 	 38.5 	 	 0.0010 	 1.5963 	 0.4113 	 1.9460 	 	 0.2418 	 	 1.1010 	 0.7463 	 1.4958 	 	 0.5009
